2024-10-02 10:40:50.571 UTC [14451] LOG:  statement: ALTER ROLE vault WITH PASSWORD 'your_actual_password' SUPERUSER CREATEROLE;
2024-10-02 10:40:51.289 UTC [14470] LOG:  statement: SELECT pg_reload_conf();
2024-10-02 10:40:51.291 UTC [44] LOG:  received SIGHUP, reloading configuration files
2024-10-02 10:40:51.497 UTC [14477] LOG:  statement: GRANT ALL PRIVILEGES ON ALL TABLES IN SCHEMA public TO "vault";
2024-10-02 10:40:51.675 UTC [14484] LOG:  statement: GRANT ALL PRIVILEGES ON ALL SEQUENCES IN SCHEMA public TO "vault";
2024-10-02 10:40:51.862 UTC [14491] LOG:  statement: GRANT ALL PRIVILEGES ON ALL FUNCTIONS IN SCHEMA public TO "vault";
2024-10-02 10:40:52.079 UTC [14498] LOG:  statement: GRANT USAGE ON SCHEMA public TO "vault";
2024-10-02 10:40:52.634 UTC [14499] LOG:  statement: ;
2024-10-02 10:40:53.523 UTC [14499] LOG:  statement: ;
2024-10-02 10:40:53.524 UTC [14499] LOG:  statement: begin
2024-10-02 10:40:53.526 UTC [14499] LOG:  statement: CREATE ROLE "v-root-vault-jlAkzgttPR4ezK2Bp10I-1727865653" WITH LOGIN PASSWORD 'OVl8PPi8Yp4udB3XY-X9' VALID UNTIL '2024-10-02 11:40:58+0000'
2024-10-02 10:40:53.535 UTC [14499] LOG:  statement: GRANT SELECT, INSERT, UPDATE, DELETE ON ALL TABLES IN SCHEMA public TO "v-root-vault-jlAkzgttPR4ezK2Bp10I-1727865653"
2024-10-02 10:40:53.538 UTC [14499] LOG:  statement: commit
2024-10-02 10:42:05.315 UTC [50] LOG:  checkpoint starting: time
2024-10-02 10:42:07.662 UTC [50] LOG:  checkpoint complete: wrote 23 buffers (0.1%); 0 WAL file(s) added, 0 removed, 0 recycled; write=2.275 s, sync=0.012 s, total=2.347 s; sync files=12, longest=0.002 s, average=0.001 s; distance=152 kB, estimate=152 kB; lsn=0/2AE4E00, redo lsn=0/2AE4DC8
2024-10-02 10:42:47.595 UTC [14591] LOG:  invalid length of startup packet
2024-10-02 10:43:02.594 UTC [14610] LOG:  invalid length of startup packet
2024-10-02 10:43:17.622 UTC [14618] LOG:  invalid length of startup packet
2024-10-02 10:43:32.734 UTC [14628] LOG:  invalid length of startup packet
2024-10-02 10:43:47.616 UTC [14646] LOG:  invalid length of startup packet
2024-10-02 10:43:48.310 UTC [14499] LOG:  statement: ;
2024-10-02 10:43:48.318 UTC [14499] LOG:  statement: begin
2024-10-02 10:43:48.332 UTC [14499] LOG:  statement: CREATE ROLE "v-root-vault-5gzEdD0i8Heo5UAttTTV-1727865828" WITH LOGIN PASSWORD 'FUAEvDcHukwxQRNEOI6-' VALID UNTIL '2024-10-02 11:43:53+0000'
2024-10-02 10:43:48.376 UTC [14499] LOG:  statement: GRANT SELECT, INSERT, UPDATE, DELETE ON ALL TABLES IN SCHEMA public TO "v-root-vault-5gzEdD0i8Heo5UAttTTV-1727865828"
2024-10-02 10:43:48.403 UTC [14499] LOG:  statement: commit
2024-10-02 10:43:48.453 UTC [14499] LOG:  statement: ;
2024-10-02 10:43:48.461 UTC [14499] LOG:  statement: begin
2024-10-02 10:43:48.485 UTC [14499] LOG:  statement: CREATE ROLE "v-root-vault-uzX6nroZqXwLFKQftBSL-1727865828" WITH LOGIN PASSWORD '-XRockcfMFpj6P7w9xGQ' VALID UNTIL '2024-10-02 11:43:53+0000'
2024-10-02 10:43:48.568 UTC [14499] LOG:  statement: GRANT SELECT, INSERT, UPDATE, DELETE ON ALL TABLES IN SCHEMA public TO "v-root-vault-uzX6nroZqXwLFKQftBSL-1727865828"
2024-10-02 10:43:48.571 UTC [14499] LOG:  statement: commit
2024-10-02 10:43:48.762 UTC [14499] LOG:  statement: ;
2024-10-02 10:43:48.763 UTC [14499] LOG:  statement: begin
2024-10-02 10:43:48.764 UTC [14499] LOG:  statement: CREATE ROLE "v-root-vault-Oi08mlIgcMbbFPjl0JYN-1727865828" WITH LOGIN PASSWORD 'z9DlYmAhI1f1EL3MreR-' VALID UNTIL '2024-10-02 11:43:53+0000'
2024-10-02 10:43:49.029 UTC [14499] LOG:  statement: GRANT SELECT, INSERT, UPDATE, DELETE ON ALL TABLES IN SCHEMA public TO "v-root-vault-Oi08mlIgcMbbFPjl0JYN-1727865828"
2024-10-02 10:43:49.071 UTC [14499] LOG:  statement: commit
2024-10-02 10:44:02.650 UTC [14658] LOG:  invalid length of startup packet
2024-10-02 10:44:17.819 UTC [14667] LOG:  invalid length of startup packet
2024-10-02 10:44:32.627 UTC [14677] LOG:  invalid length of startup packet
2024-10-02 10:44:47.623 UTC [14696] LOG:  invalid length of startup packet
2024-10-02 10:45:02.602 UTC [14706] LOG:  invalid length of startup packet
2024-10-02 10:45:16.861 UTC [14499] LOG:  statement: ;
2024-10-02 10:45:16.865 UTC [14499] LOG:  statement: begin
2024-10-02 10:45:16.873 UTC [14499] LOG:  statement: CREATE ROLE "v-root-vault-r8EEH1Mum6cCA4xIE70u-1727865916" WITH LOGIN PASSWORD '1kgG2v-wcbicv8bhiMVF' VALID UNTIL '2024-10-02 11:45:21+0000'
2024-10-02 10:45:16.904 UTC [14499] LOG:  statement: GRANT SELECT, INSERT, UPDATE, DELETE ON ALL TABLES IN SCHEMA public TO "v-root-vault-r8EEH1Mum6cCA4xIE70u-1727865916"
2024-10-02 10:45:16.909 UTC [14499] LOG:  statement: commit
2024-10-02 10:45:17.593 UTC [14723] LOG:  invalid length of startup packet
2024-10-02 10:45:20.903 UTC [14724] LOG:  statement: SELECT version();
	
	SELECT ns.nspname, t.oid, t.typname, t.typtype, t.typnotnull, t.elemtypoid
	FROM (
	    -- Arrays have typtype=b - this subquery identifies them by their typreceive and converts their typtype to a
	    -- We first do this for the type (innerest-most subquery), and then for its element type
	    -- This also returns the array element, range subtype and domain base type as elemtypoid
	    SELECT
	        typ.oid, typ.typnamespace, typ.typname, typ.typtype, typ.typrelid, typ.typnotnull, typ.relkind,
	        elemtyp.oid AS elemtypoid, elemtyp.typname AS elemtypname, elemcls.relkind AS elemrelkind,
	        CASE WHEN elemproc.proname='array_recv' THEN 'a' ELSE elemtyp.typtype END AS elemtyptype
	    FROM (
	        SELECT typ.oid, typnamespace, typname, typrelid, typnotnull, relkind, typelem AS elemoid,
	            CASE WHEN proc.proname='array_recv' THEN 'a' ELSE typ.typtype END AS typtype,
	            CASE
	                WHEN proc.proname='array_recv' THEN typ.typelem
	                WHEN typ.typtype='r' THEN rngsubtype
	                WHEN typ.typtype='m' THEN (SELECT rngtypid FROM pg_range WHERE rngmultitypid = typ.oid)
	                WHEN typ.typtype='d' THEN typ.typbasetype
	            END AS elemtypoid
	        FROM pg_type AS typ
	        LEFT JOIN pg_class AS cls ON (cls.oid = typ.typrelid)
	        LEFT JOIN pg_proc AS proc ON proc.oid = typ.typreceive
	        LEFT JOIN pg_range ON (pg_range.rngtypid = typ.oid)
	    ) AS typ
	    LEFT JOIN pg_type AS elemtyp ON elemtyp.oid = elemtypoid
	    LEFT JOIN pg_class AS elemcls ON (elemcls.oid = elemtyp.typrelid)
	    LEFT JOIN pg_proc AS elemproc ON elemproc.oid = elemtyp.typreceive
	) AS t
	JOIN pg_namespace AS ns ON (ns.oid = typnamespace)
	WHERE
	    typtype IN ('b', 'r', 'm', 'e', 'd') OR -- Base, range, multirange, enum, domain
	    (typtype = 'c' AND relkind='c') OR -- User-defined free-standing composites (not table composites) by default
	    (typtype = 'p' AND typname IN ('record', 'void', 'unknown')) OR -- Some special supported pseudo-types
	    (typtype = 'a' AND (  -- Array of...
	        elemtyptype IN ('b', 'r', 'm', 'e', 'd') OR -- Array of base, range, multirange, enum, domain
	        (elemtyptype = 'p' AND elemtypname IN ('record', 'void')) OR -- Arrays of special supported pseudo-types
	        (elemtyptype = 'c' AND elemrelkind='c') -- Array of user-defined free-standing composites (not table composites) by default
	    ))
	ORDER BY CASE
	       WHEN typtype IN ('b', 'e', 'p') THEN 0           -- First base types, enums, pseudo-types
	       WHEN typtype = 'c' THEN 1                        -- Composites after (fields loaded later in 2nd pass)
	       WHEN typtype = 'r' THEN 2                        -- Ranges after
	       WHEN typtype = 'm' THEN 3                        -- Multiranges after
	       WHEN typtype = 'd' AND elemtyptype <> 'a' THEN 4 -- Domains over non-arrays after
	       WHEN typtype = 'a' THEN 5                        -- Arrays after
	       WHEN typtype = 'd' AND elemtyptype = 'a' THEN 6  -- Domains over arrays last
	END;
	
	-- Load field definitions for (free-standing) composite types
	SELECT typ.oid, att.attname, att.atttypid
	FROM pg_type AS typ
	JOIN pg_namespace AS ns ON (ns.oid = typ.typnamespace)
	JOIN pg_class AS cls ON (cls.oid = typ.typrelid)
	JOIN pg_attribute AS att ON (att.attrelid = typ.typrelid)
	WHERE
	  (typ.typtype = 'c' AND cls.relkind='c') AND
	  attnum > 0 AND     -- Don't load system attributes
	  NOT attisdropped
	ORDER BY typ.oid, att.attnum;
	
	-- Load enum fields
	SELECT pg_type.oid, enumlabel
	FROM pg_enum
	JOIN pg_type ON pg_type.oid=enumtypid
	ORDER BY oid, enumsortorder;
	
2024-10-02 10:45:21.156 UTC [14725] LOG:  statement: SELECT version();
	
	SELECT ns.nspname, t.oid, t.typname, t.typtype, t.typnotnull, t.elemtypoid
	FROM (
	    -- Arrays have typtype=b - this subquery identifies them by their typreceive and converts their typtype to a
	    -- We first do this for the type (innerest-most subquery), and then for its element type
	    -- This also returns the array element, range subtype and domain base type as elemtypoid
	    SELECT
	        typ.oid, typ.typnamespace, typ.typname, typ.typtype, typ.typrelid, typ.typnotnull, typ.relkind,
	        elemtyp.oid AS elemtypoid, elemtyp.typname AS elemtypname, elemcls.relkind AS elemrelkind,
	        CASE WHEN elemproc.proname='array_recv' THEN 'a' ELSE elemtyp.typtype END AS elemtyptype
	    FROM (
	        SELECT typ.oid, typnamespace, typname, typrelid, typnotnull, relkind, typelem AS elemoid,
	            CASE WHEN proc.proname='array_recv' THEN 'a' ELSE typ.typtype END AS typtype,
	            CASE
	                WHEN proc.proname='array_recv' THEN typ.typelem
	                WHEN typ.typtype='r' THEN rngsubtype
	                WHEN typ.typtype='m' THEN (SELECT rngtypid FROM pg_range WHERE rngmultitypid = typ.oid)
	                WHEN typ.typtype='d' THEN typ.typbasetype
	            END AS elemtypoid
	        FROM pg_type AS typ
	        LEFT JOIN pg_class AS cls ON (cls.oid = typ.typrelid)
	        LEFT JOIN pg_proc AS proc ON proc.oid = typ.typreceive
	        LEFT JOIN pg_range ON (pg_range.rngtypid = typ.oid)
	    ) AS typ
	    LEFT JOIN pg_type AS elemtyp ON elemtyp.oid = elemtypoid
	    LEFT JOIN pg_class AS elemcls ON (elemcls.oid = elemtyp.typrelid)
	    LEFT JOIN pg_proc AS elemproc ON elemproc.oid = elemtyp.typreceive
	) AS t
	JOIN pg_namespace AS ns ON (ns.oid = typnamespace)
	WHERE
	    typtype IN ('b', 'r', 'm', 'e', 'd') OR -- Base, range, multirange, enum, domain
	    (typtype = 'c' AND relkind='c') OR -- User-defined free-standing composites (not table composites) by default
	    (typtype = 'p' AND typname IN ('record', 'void', 'unknown')) OR -- Some special supported pseudo-types
	    (typtype = 'a' AND (  -- Array of...
	        elemtyptype IN ('b', 'r', 'm', 'e', 'd') OR -- Array of base, range, multirange, enum, domain
	        (elemtyptype = 'p' AND elemtypname IN ('record', 'void')) OR -- Arrays of special supported pseudo-types
	        (elemtyptype = 'c' AND elemrelkind='c') -- Array of user-defined free-standing composites (not table composites) by default
	    ))
	ORDER BY CASE
	       WHEN typtype IN ('b', 'e', 'p') THEN 0           -- First base types, enums, pseudo-types
	       WHEN typtype = 'c' THEN 1                        -- Composites after (fields loaded later in 2nd pass)
	       WHEN typtype = 'r' THEN 2                        -- Ranges after
	       WHEN typtype = 'm' THEN 3                        -- Multiranges after
	       WHEN typtype = 'd' AND elemtyptype <> 'a' THEN 4 -- Domains over non-arrays after
	       WHEN typtype = 'a' THEN 5                        -- Arrays after
	       WHEN typtype = 'd' AND elemtyptype = 'a' THEN 6  -- Domains over arrays last
	END;
	
	-- Load field definitions for (free-standing) composite types
	SELECT typ.oid, att.attname, att.atttypid
	FROM pg_type AS typ
	JOIN pg_namespace AS ns ON (ns.oid = typ.typnamespace)
	JOIN pg_class AS cls ON (cls.oid = typ.typrelid)
	JOIN pg_attribute AS att ON (att.attrelid = typ.typrelid)
	WHERE
	  (typ.typtype = 'c' AND cls.relkind='c') AND
	  attnum > 0 AND     -- Don't load system attributes
	  NOT attisdropped
	ORDER BY typ.oid, att.attnum;
	
	-- Load enum fields
	SELECT pg_type.oid, enumlabel
	FROM pg_enum
	JOIN pg_type ON pg_type.oid=enumtypid
	ORDER BY oid, enumsortorder;
	
2024-10-02 10:45:21.247 UTC [14725] LOG:  execute <unnamed>: SELECT EXISTS (
	    SELECT 1 FROM pg_catalog.pg_class c
	    JOIN pg_catalog.pg_namespace n ON n.oid=c.relnamespace
	    WHERE n.nspname='public' AND
	          c.relname='__EFMigrationsHistory'
	)
2024-10-02 10:45:21.352 UTC [14725] LOG:  statement: DISCARD ALL
2024-10-02 10:45:21.361 UTC [14725] LOG:  execute <unnamed>: SELECT "MigrationId", "ProductVersion"
	FROM "__EFMigrationsHistory"
	ORDER BY "MigrationId"
2024-10-02 10:45:21.416 UTC [14725] LOG:  statement: DISCARD ALL
2024-10-02 10:45:21.416 UTC [14725] LOG:  execute <unnamed>: SELECT EXISTS (
	    SELECT 1 FROM pg_catalog.pg_class c
	    JOIN pg_catalog.pg_namespace n ON n.oid=c.relnamespace
	    WHERE n.nspname='public' AND
	          c.relname='__EFMigrationsHistory'
	)
2024-10-02 10:45:21.459 UTC [14725] LOG:  statement: DISCARD ALL
2024-10-02 10:45:21.460 UTC [14725] LOG:  execute <unnamed>: SELECT EXISTS (
	    SELECT 1 FROM pg_catalog.pg_class c
	    JOIN pg_catalog.pg_namespace n ON n.oid=c.relnamespace
	    WHERE n.nspname='public' AND
	          c.relname='__EFMigrationsHistory'
	)
2024-10-02 10:45:21.461 UTC [14725] LOG:  statement: DISCARD ALL
2024-10-02 10:45:21.462 UTC [14725] LOG:  execute <unnamed>: SELECT "MigrationId", "ProductVersion"
	FROM "__EFMigrationsHistory"
	ORDER BY "MigrationId"
2024-10-02 10:45:32.592 UTC [14737] LOG:  invalid length of startup packet
2024-10-02 10:45:47.591 UTC [14746] LOG:  invalid length of startup packet
2024-10-02 10:46:02.591 UTC [14765] LOG:  invalid length of startup packet
2024-10-02 10:46:17.592 UTC [14774] LOG:  invalid length of startup packet
2024-10-02 10:46:32.595 UTC [14792] LOG:  invalid length of startup packet
2024-10-02 10:46:47.592 UTC [14800] LOG:  invalid length of startup packet
2024-10-02 10:47:02.650 UTC [14818] LOG:  invalid length of startup packet
2024-10-02 10:47:05.754 UTC [50] LOG:  checkpoint starting: time
2024-10-02 10:47:08.527 UTC [50] LOG:  checkpoint complete: wrote 27 buffers (0.2%); 0 WAL file(s) added, 0 removed, 0 recycled; write=2.726 s, sync=0.012 s, total=2.772 s; sync files=13, longest=0.002 s, average=0.001 s; distance=180 kB, estimate=180 kB; lsn=0/2B12108, redo lsn=0/2B120D0
2024-10-02 10:47:17.594 UTC [14827] LOG:  invalid length of startup packet
2024-10-02 10:47:32.615 UTC [14845] LOG:  invalid length of startup packet
2024-10-02 10:47:47.602 UTC [14854] LOG:  invalid length of startup packet
2024-10-02 10:48:02.593 UTC [14872] LOG:  invalid length of startup packet
2024-10-02 10:48:17.600 UTC [14881] LOG:  invalid length of startup packet
2024-10-02 10:48:32.593 UTC [14899] LOG:  invalid length of startup packet
2024-10-02 10:48:47.594 UTC [14908] LOG:  invalid length of startup packet
2024-10-02 10:49:02.595 UTC [14926] LOG:  invalid length of startup packet
2024-10-02 10:49:17.594 UTC [14935] LOG:  invalid length of startup packet
2024-10-02 10:49:32.501 UTC [14953] LOG:  invalid length of startup packet
2024-10-02 10:49:47.501 UTC [14963] LOG:  invalid length of startup packet
2024-10-02 10:50:02.502 UTC [14981] LOG:  invalid length of startup packet
2024-10-02 10:50:17.501 UTC [14990] LOG:  invalid length of startup packet
2024-10-02 10:50:32.501 UTC [15008] LOG:  invalid length of startup packet
2024-10-02 10:50:47.501 UTC [15018] LOG:  invalid length of startup packet
2024-10-02 10:51:02.503 UTC [15036] LOG:  invalid length of startup packet
2024-10-02 10:51:17.501 UTC [15045] LOG:  invalid length of startup packet
2024-10-02 10:51:32.501 UTC [15063] LOG:  invalid length of startup packet
2024-10-02 10:51:47.502 UTC [15071] LOG:  invalid length of startup packet
2024-10-02 10:52:02.502 UTC [15089] LOG:  invalid length of startup packet
2024-10-02 10:52:17.501 UTC [15098] LOG:  invalid length of startup packet
2024-10-02 10:52:32.501 UTC [15117] LOG:  invalid length of startup packet
2024-10-02 10:52:47.501 UTC [15127] LOG:  invalid length of startup packet
2024-10-02 10:53:02.500 UTC [15138] LOG:  invalid length of startup packet
2024-10-02 10:53:17.501 UTC [15155] LOG:  invalid length of startup packet
2024-10-02 10:53:32.500 UTC [15165] LOG:  invalid length of startup packet
2024-10-02 10:53:47.501 UTC [15182] LOG:  invalid length of startup packet
2024-10-02 10:54:02.501 UTC [15192] LOG:  invalid length of startup packet
2024-10-02 10:54:17.501 UTC [15209] LOG:  invalid length of startup packet
2024-10-02 10:54:32.500 UTC [15219] LOG:  invalid length of startup packet
2024-10-02 10:54:47.503 UTC [15236] LOG:  invalid length of startup packet
2024-10-02 10:55:02.501 UTC [15246] LOG:  invalid length of startup packet
2024-10-02 10:55:17.501 UTC [15263] LOG:  invalid length of startup packet
2024-10-02 10:55:32.501 UTC [15273] LOG:  invalid length of startup packet
2024-10-02 10:55:47.501 UTC [15290] LOG:  invalid length of startup packet
2024-10-02 10:56:02.500 UTC [15300] LOG:  invalid length of startup packet
2024-10-02 10:56:17.500 UTC [15317] LOG:  invalid length of startup packet
2024-10-02 10:56:32.500 UTC [15327] LOG:  invalid length of startup packet
2024-10-02 10:56:47.501 UTC [15345] LOG:  invalid length of startup packet
2024-10-02 10:57:02.501 UTC [15356] LOG:  invalid length of startup packet
2024-10-02 10:57:17.504 UTC [15373] LOG:  invalid length of startup packet
2024-10-02 10:57:32.500 UTC [15383] LOG:  invalid length of startup packet
2024-10-02 10:57:47.501 UTC [15400] LOG:  invalid length of startup packet
2024-10-02 10:58:02.502 UTC [15410] LOG:  invalid length of startup packet
2024-10-02 10:58:17.502 UTC [15427] LOG:  invalid length of startup packet
2024-10-02 10:58:32.500 UTC [15437] LOG:  invalid length of startup packet
2024-10-02 10:58:47.501 UTC [15446] LOG:  invalid length of startup packet
2024-10-02 10:59:02.500 UTC [15464] LOG:  invalid length of startup packet
2024-10-02 10:59:17.502 UTC [15473] LOG:  invalid length of startup packet
2024-10-02 10:59:32.500 UTC [15491] LOG:  invalid length of startup packet
2024-10-02 10:59:47.502 UTC [15500] LOG:  invalid length of startup packet
2024-10-02 11:00:02.499 UTC [15518] LOG:  invalid length of startup packet
2024-10-02 11:00:17.503 UTC [15527] LOG:  invalid length of startup packet
2024-10-02 11:00:32.503 UTC [15545] LOG:  invalid length of startup packet
2024-10-02 11:00:47.501 UTC [15554] LOG:  invalid length of startup packet
2024-10-02 11:01:02.500 UTC [15572] LOG:  invalid length of startup packet
2024-10-02 11:01:17.501 UTC [15581] LOG:  invalid length of startup packet
2024-10-02 11:01:32.501 UTC [15599] LOG:  invalid length of startup packet
2024-10-02 11:01:47.500 UTC [15609] LOG:  invalid length of startup packet
2024-10-02 11:02:02.501 UTC [15627] LOG:  invalid length of startup packet
2024-10-02 11:02:17.498 UTC [15636] LOG:  invalid length of startup packet
2024-10-02 11:02:32.499 UTC [15654] LOG:  invalid length of startup packet
2024-10-02 11:02:47.501 UTC [15663] LOG:  invalid length of startup packet
2024-10-02 11:03:02.499 UTC [15681] LOG:  invalid length of startup packet
2024-10-02 11:03:17.505 UTC [15690] LOG:  invalid length of startup packet
2024-10-02 11:03:32.499 UTC [15707] LOG:  invalid length of startup packet
2024-10-02 11:03:47.502 UTC [15716] LOG:  invalid length of startup packet
2024-10-02 11:04:02.498 UTC [15734] LOG:  invalid length of startup packet
2024-10-02 11:04:17.498 UTC [15744] LOG:  invalid length of startup packet
2024-10-02 11:04:32.500 UTC [15762] LOG:  invalid length of startup packet
2024-10-02 11:04:47.501 UTC [15771] LOG:  invalid length of startup packet
2024-10-02 11:05:02.483 UTC [15789] LOG:  invalid length of startup packet
2024-10-02 11:05:17.482 UTC [15798] LOG:  invalid length of startup packet
2024-10-02 11:05:32.458 UTC [15816] LOG:  invalid length of startup packet
2024-10-02 11:05:47.459 UTC [15825] LOG:  invalid length of startup packet
2024-10-02 11:06:02.455 UTC [15843] LOG:  invalid length of startup packet
2024-10-02 11:06:17.455 UTC [15851] LOG:  invalid length of startup packet
2024-10-02 11:06:32.454 UTC [15869] LOG:  invalid length of startup packet
2024-10-02 11:06:47.457 UTC [15878] LOG:  invalid length of startup packet
2024-10-02 11:07:02.456 UTC [15896] LOG:  invalid length of startup packet
2024-10-02 11:07:17.455 UTC [15905] LOG:  invalid length of startup packet
2024-10-02 11:07:32.453 UTC [15915] LOG:  invalid length of startup packet
2024-10-02 11:07:47.453 UTC [15933] LOG:  invalid length of startup packet
2024-10-02 11:08:02.453 UTC [15943] LOG:  invalid length of startup packet
2024-10-02 11:08:17.455 UTC [15960] LOG:  invalid length of startup packet
2024-10-02 11:08:32.454 UTC [15970] LOG:  invalid length of startup packet
2024-10-02 11:08:47.454 UTC [15986] LOG:  invalid length of startup packet
2024-10-02 11:09:02.454 UTC [15996] LOG:  invalid length of startup packet
2024-10-02 11:09:17.453 UTC [16013] LOG:  invalid length of startup packet
2024-10-02 11:09:32.453 UTC [16023] LOG:  invalid length of startup packet
2024-10-02 11:09:47.452 UTC [16039] LOG:  invalid length of startup packet
2024-10-02 11:10:02.454 UTC [16049] LOG:  invalid length of startup packet
2024-10-02 11:10:17.453 UTC [16066] LOG:  invalid length of startup packet
2024-10-02 11:10:32.452 UTC [16076] LOG:  invalid length of startup packet
2024-10-02 11:10:47.451 UTC [16093] LOG:  invalid length of startup packet
2024-10-02 11:11:02.455 UTC [16103] LOG:  invalid length of startup packet
2024-10-02 11:11:17.451 UTC [16120] LOG:  invalid length of startup packet
2024-10-02 11:11:32.451 UTC [16130] LOG:  invalid length of startup packet
2024-10-02 11:11:47.458 UTC [16147] LOG:  invalid length of startup packet
2024-10-02 11:12:02.452 UTC [16156] LOG:  invalid length of startup packet
2024-10-02 11:12:17.454 UTC [16174] LOG:  invalid length of startup packet
2024-10-02 11:12:32.451 UTC [16184] LOG:  invalid length of startup packet
2024-10-02 11:12:47.452 UTC [16201] LOG:  invalid length of startup packet
2024-10-02 11:13:02.451 UTC [16211] LOG:  invalid length of startup packet
2024-10-02 11:13:17.450 UTC [16229] LOG:  invalid length of startup packet
2024-10-02 11:13:32.452 UTC [16239] LOG:  invalid length of startup packet
2024-10-02 11:13:47.459 UTC [16256] LOG:  invalid length of startup packet
2024-10-02 11:14:02.453 UTC [16266] LOG:  invalid length of startup packet
2024-10-02 11:14:17.452 UTC [16282] LOG:  invalid length of startup packet
2024-10-02 11:14:32.451 UTC [16292] LOG:  invalid length of startup packet
2024-10-02 11:14:47.450 UTC [16309] LOG:  invalid length of startup packet
2024-10-02 11:15:02.450 UTC [16319] LOG:  invalid length of startup packet
2024-10-02 11:15:17.455 UTC [16335] LOG:  invalid length of startup packet
2024-10-02 11:15:32.451 UTC [16345] LOG:  invalid length of startup packet
2024-10-02 11:15:47.450 UTC [16362] LOG:  invalid length of startup packet
2024-10-02 11:16:02.451 UTC [16372] LOG:  invalid length of startup packet
2024-10-02 11:16:17.451 UTC [16389] LOG:  invalid length of startup packet
2024-10-02 11:16:32.450 UTC [16399] LOG:  invalid length of startup packet
2024-10-02 11:16:47.449 UTC [16417] LOG:  invalid length of startup packet
2024-10-02 11:17:02.449 UTC [16427] LOG:  invalid length of startup packet
2024-10-02 11:17:17.451 UTC [16436] LOG:  invalid length of startup packet
2024-10-02 11:17:32.451 UTC [16455] LOG:  invalid length of startup packet
2024-10-02 11:17:47.449 UTC [16465] LOG:  invalid length of startup packet
2024-10-02 11:18:02.450 UTC [16482] LOG:  invalid length of startup packet
2024-10-02 11:18:17.449 UTC [16491] LOG:  invalid length of startup packet
2024-10-02 11:18:32.449 UTC [16509] LOG:  invalid length of startup packet
2024-10-02 11:18:47.449 UTC [16518] LOG:  invalid length of startup packet
2024-10-02 11:19:02.448 UTC [16536] LOG:  invalid length of startup packet
2024-10-02 11:19:17.449 UTC [16545] LOG:  invalid length of startup packet
2024-10-02 11:19:32.450 UTC [16564] LOG:  invalid length of startup packet
2024-10-02 11:19:47.448 UTC [16573] LOG:  invalid length of startup packet
2024-10-02 11:20:02.449 UTC [16591] LOG:  invalid length of startup packet
2024-10-02 11:20:17.448 UTC [16599] LOG:  invalid length of startup packet
2024-10-02 11:20:32.448 UTC [16617] LOG:  invalid length of startup packet
2024-10-02 11:20:47.449 UTC [16626] LOG:  invalid length of startup packet
2024-10-02 11:21:02.463 UTC [16644] LOG:  invalid length of startup packet
2024-10-02 11:21:17.462 UTC [16653] LOG:  invalid length of startup packet
2024-10-02 11:21:32.479 UTC [16671] LOG:  invalid length of startup packet
2024-10-02 11:21:47.477 UTC [16680] LOG:  invalid length of startup packet
2024-10-02 11:22:02.481 UTC [16698] LOG:  invalid length of startup packet
2024-10-02 11:22:17.481 UTC [16707] LOG:  invalid length of startup packet
2024-10-02 11:22:32.480 UTC [16725] LOG:  invalid length of startup packet
2024-10-02 11:22:47.481 UTC [16734] LOG:  invalid length of startup packet
2024-10-02 11:23:02.481 UTC [16752] LOG:  invalid length of startup packet
2024-10-02 11:23:17.480 UTC [16760] LOG:  invalid length of startup packet
2024-10-02 11:23:32.481 UTC [16778] LOG:  invalid length of startup packet
2024-10-02 11:23:47.481 UTC [16787] LOG:  invalid length of startup packet
2024-10-02 11:24:02.482 UTC [16805] LOG:  invalid length of startup packet
2024-10-02 11:24:17.482 UTC [16814] LOG:  invalid length of startup packet
2024-10-02 11:24:32.494 UTC [16828] LOG:  invalid length of startup packet
2024-10-02 11:24:47.482 UTC [16839] LOG:  invalid length of startup packet
2024-10-02 11:25:02.482 UTC [16849] LOG:  invalid length of startup packet
2024-10-02 11:25:17.481 UTC [16866] LOG:  invalid length of startup packet
2024-10-02 11:25:32.483 UTC [16876] LOG:  invalid length of startup packet
2024-10-02 11:25:47.482 UTC [16893] LOG:  invalid length of startup packet
2024-10-02 11:26:02.481 UTC [16903] LOG:  invalid length of startup packet
2024-10-02 11:26:17.481 UTC [16920] LOG:  invalid length of startup packet
2024-10-02 11:26:32.482 UTC [16930] LOG:  invalid length of startup packet
2024-10-02 11:26:47.480 UTC [16948] LOG:  invalid length of startup packet
2024-10-02 11:27:02.482 UTC [16958] LOG:  invalid length of startup packet
2024-10-02 11:27:17.480 UTC [16975] LOG:  invalid length of startup packet
2024-10-02 11:27:32.481 UTC [16985] LOG:  invalid length of startup packet
2024-10-02 11:27:47.482 UTC [17002] LOG:  invalid length of startup packet
2024-10-02 11:28:02.482 UTC [17012] LOG:  invalid length of startup packet
2024-10-02 11:28:17.481 UTC [17029] LOG:  invalid length of startup packet
2024-10-02 11:28:32.481 UTC [17039] LOG:  invalid length of startup packet
2024-10-02 11:28:47.482 UTC [17056] LOG:  invalid length of startup packet
2024-10-02 11:29:02.481 UTC [17066] LOG:  invalid length of startup packet
2024-10-02 11:29:17.482 UTC [17083] LOG:  invalid length of startup packet
2024-10-02 11:29:32.482 UTC [17092] LOG:  invalid length of startup packet
2024-10-02 11:29:47.486 UTC [17109] LOG:  invalid length of startup packet
2024-10-02 11:30:02.482 UTC [17119] LOG:  invalid length of startup packet
2024-10-02 11:30:17.482 UTC [17136] LOG:  invalid length of startup packet
2024-10-02 11:30:32.481 UTC [17146] LOG:  invalid length of startup packet
2024-10-02 11:30:47.482 UTC [17163] LOG:  invalid length of startup packet
2024-10-02 11:31:02.481 UTC [17173] LOG:  invalid length of startup packet
2024-10-02 11:31:17.482 UTC [17190] LOG:  invalid length of startup packet
2024-10-02 11:31:32.482 UTC [17200] LOG:  invalid length of startup packet
2024-10-02 11:31:47.482 UTC [17216] LOG:  invalid length of startup packet
2024-10-02 11:32:02.483 UTC [17226] LOG:  invalid length of startup packet
2024-10-02 11:32:17.482 UTC [17241] LOG:  invalid length of startup packet
2024-10-02 11:32:32.481 UTC [17253] LOG:  invalid length of startup packet
2024-10-02 11:32:47.482 UTC [17262] LOG:  invalid length of startup packet
2024-10-02 11:33:02.483 UTC [17280] LOG:  invalid length of startup packet
2024-10-02 11:33:17.482 UTC [17289] LOG:  invalid length of startup packet
2024-10-02 11:33:32.482 UTC [17308] LOG:  invalid length of startup packet
2024-10-02 11:33:47.482 UTC [17317] LOG:  invalid length of startup packet
2024-10-02 11:34:02.482 UTC [17335] LOG:  invalid length of startup packet
2024-10-02 11:34:17.481 UTC [17344] LOG:  invalid length of startup packet
2024-10-02 11:34:32.483 UTC [17363] LOG:  invalid length of startup packet
2024-10-02 11:34:47.482 UTC [17373] LOG:  invalid length of startup packet
2024-10-02 11:35:02.483 UTC [17390] LOG:  invalid length of startup packet
2024-10-02 11:35:17.481 UTC [17399] LOG:  invalid length of startup packet
2024-10-02 11:35:32.483 UTC [17417] LOG:  invalid length of startup packet
2024-10-02 11:35:47.482 UTC [17426] LOG:  invalid length of startup packet
2024-10-02 11:36:02.482 UTC [17445] LOG:  invalid length of startup packet
2024-10-02 11:36:17.482 UTC [17454] LOG:  invalid length of startup packet
2024-10-02 11:36:32.408 UTC [17471] LOG:  invalid length of startup packet
2024-10-02 11:36:47.408 UTC [17479] LOG:  invalid length of startup packet
2024-10-02 11:37:02.408 UTC [17499] LOG:  invalid length of startup packet
2024-10-02 11:37:17.407 UTC [17508] LOG:  invalid length of startup packet
2024-10-02 11:37:32.409 UTC [17526] LOG:  invalid length of startup packet
2024-10-02 11:37:47.408 UTC [17535] LOG:  invalid length of startup packet
2024-10-02 11:38:02.407 UTC [17553] LOG:  invalid length of startup packet
2024-10-02 11:38:17.407 UTC [17562] LOG:  invalid length of startup packet
2024-10-02 11:38:32.405 UTC [17580] LOG:  invalid length of startup packet
2024-10-02 11:38:47.406 UTC [17589] LOG:  invalid length of startup packet
2024-10-02 11:39:02.406 UTC [17607] LOG:  invalid length of startup packet
2024-10-02 11:39:17.405 UTC [17616] LOG:  invalid length of startup packet
2024-10-02 11:39:32.405 UTC [17634] LOG:  invalid length of startup packet
2024-10-02 11:39:47.406 UTC [17643] LOG:  invalid length of startup packet
2024-10-02 11:40:02.406 UTC [17653] LOG:  invalid length of startup packet
2024-10-02 11:40:17.405 UTC [17670] LOG:  invalid length of startup packet
2024-10-02 11:40:32.405 UTC [17680] LOG:  invalid length of startup packet
2024-10-02 11:40:47.406 UTC [17697] LOG:  invalid length of startup packet
2024-10-02 11:40:53.387 UTC [14499] LOG:  statement: ;
2024-10-02 11:40:53.470 UTC [14499] LOG:  execute lrupsc_2_0: SELECT exists (SELECT rolname FROM pg_roles WHERE rolname=$1);
2024-10-02 11:40:53.470 UTC [14499] DETAIL:  parameters: $1 = 'v-root-vault-jlAkzgttPR4ezK2Bp10I-1727865653'
2024-10-02 11:40:53.514 UTC [14499] LOG:  execute pgx_0: SELECT DISTINCT table_schema FROM information_schema.role_column_grants WHERE grantee=$1;
2024-10-02 11:40:53.514 UTC [14499] DETAIL:  parameters: $1 = 'v-root-vault-jlAkzgttPR4ezK2Bp10I-1727865653'
2024-10-02 11:40:53.590 UTC [14499] LOG:  execute lrupsc_2_1: SELECT current_database();
2024-10-02 11:40:53.595 UTC [14499] LOG:  statement: REVOKE ALL PRIVILEGES ON ALL TABLES IN SCHEMA public FROM "v-root-vault-jlAkzgttPR4ezK2Bp10I-1727865653";
2024-10-02 11:40:53.607 UTC [14499] LOG:  statement: REVOKE USAGE ON SCHEMA "public" FROM "v-root-vault-jlAkzgttPR4ezK2Bp10I-1727865653";
2024-10-02 11:40:53.611 UTC [14499] LOG:  statement: REVOKE ALL PRIVILEGES ON ALL TABLES IN SCHEMA public FROM "v-root-vault-jlAkzgttPR4ezK2Bp10I-1727865653";
2024-10-02 11:40:53.614 UTC [14499] LOG:  statement: REVOKE ALL PRIVILEGES ON ALL SEQUENCES IN SCHEMA public FROM "v-root-vault-jlAkzgttPR4ezK2Bp10I-1727865653";
2024-10-02 11:40:53.615 UTC [14499] LOG:  statement: REVOKE USAGE ON SCHEMA public FROM "v-root-vault-jlAkzgttPR4ezK2Bp10I-1727865653";
2024-10-02 11:40:53.616 UTC [14499] LOG:  statement: REVOKE CONNECT ON DATABASE "your_postgres_db" FROM "v-root-vault-jlAkzgttPR4ezK2Bp10I-1727865653";
2024-10-02 11:40:53.621 UTC [14499] LOG:  execute pgx_1: DROP ROLE IF EXISTS "v-root-vault-jlAkzgttPR4ezK2Bp10I-1727865653";
2024-10-02 11:40:53.630 UTC [14499] LOG:  statement: deallocate "pgx_1"
2024-10-02 11:40:53.631 UTC [14499] LOG:  statement: deallocate "pgx_0"
2024-10-02 11:41:02.407 UTC [17706] LOG:  invalid length of startup packet
2024-10-02 11:41:17.405 UTC [17723] LOG:  invalid length of startup packet
2024-10-02 11:41:32.405 UTC [17734] LOG:  invalid length of startup packet
2024-10-02 11:41:47.404 UTC [17751] LOG:  invalid length of startup packet
2024-10-02 11:42:02.403 UTC [17761] LOG:  invalid length of startup packet
2024-10-02 11:42:06.165 UTC [50] LOG:  checkpoint starting: time
2024-10-02 11:42:09.247 UTC [50] LOG:  checkpoint complete: wrote 31 buffers (0.2%); 0 WAL file(s) added, 0 removed, 0 recycled; write=3.058 s, sync=0.009 s, total=3.083 s; sync files=13, longest=0.002 s, average=0.001 s; distance=169 kB, estimate=179 kB; lsn=0/2B3C620, redo lsn=0/2B3C5E8
2024-10-02 11:42:17.404 UTC [17778] LOG:  invalid length of startup packet
2024-10-02 11:42:32.405 UTC [17788] LOG:  invalid length of startup packet
2024-10-02 11:42:47.404 UTC [17805] LOG:  invalid length of startup packet
2024-10-02 11:43:02.404 UTC [17816] LOG:  invalid length of startup packet
2024-10-02 11:43:17.403 UTC [17833] LOG:  invalid length of startup packet
2024-10-02 11:43:32.404 UTC [17844] LOG:  invalid length of startup packet
2024-10-02 11:43:47.403 UTC [17861] LOG:  invalid length of startup packet
2024-10-02 11:43:48.251 UTC [14499] LOG:  statement: ;
2024-10-02 11:43:48.252 UTC [14499] LOG:  execute lrupsc_2_0: SELECT exists (SELECT rolname FROM pg_roles WHERE rolname=$1);
2024-10-02 11:43:48.252 UTC [14499] DETAIL:  parameters: $1 = 'v-root-vault-5gzEdD0i8Heo5UAttTTV-1727865828'
2024-10-02 11:43:48.256 UTC [14499] LOG:  execute pgx_2: SELECT DISTINCT table_schema FROM information_schema.role_column_grants WHERE grantee=$1;
2024-10-02 11:43:48.256 UTC [14499] DETAIL:  parameters: $1 = 'v-root-vault-5gzEdD0i8Heo5UAttTTV-1727865828'
2024-10-02 11:43:48.291 UTC [14499] LOG:  execute lrupsc_2_1: SELECT current_database();
2024-10-02 11:43:48.292 UTC [14499] LOG:  statement: REVOKE ALL PRIVILEGES ON ALL TABLES IN SCHEMA public FROM "v-root-vault-5gzEdD0i8Heo5UAttTTV-1727865828";
2024-10-02 11:43:48.296 UTC [14499] LOG:  statement: REVOKE USAGE ON SCHEMA "public" FROM "v-root-vault-5gzEdD0i8Heo5UAttTTV-1727865828";
2024-10-02 11:43:48.298 UTC [14499] LOG:  statement: REVOKE ALL PRIVILEGES ON ALL TABLES IN SCHEMA public FROM "v-root-vault-5gzEdD0i8Heo5UAttTTV-1727865828";
2024-10-02 11:43:48.300 UTC [14499] LOG:  statement: REVOKE ALL PRIVILEGES ON ALL SEQUENCES IN SCHEMA public FROM "v-root-vault-5gzEdD0i8Heo5UAttTTV-1727865828";
2024-10-02 11:43:48.301 UTC [14499] LOG:  statement: REVOKE USAGE ON SCHEMA public FROM "v-root-vault-5gzEdD0i8Heo5UAttTTV-1727865828";
2024-10-02 11:43:48.304 UTC [14499] LOG:  statement: REVOKE CONNECT ON DATABASE "your_postgres_db" FROM "v-root-vault-5gzEdD0i8Heo5UAttTTV-1727865828";
2024-10-02 11:43:48.307 UTC [14499] LOG:  execute pgx_3: DROP ROLE IF EXISTS "v-root-vault-5gzEdD0i8Heo5UAttTTV-1727865828";
2024-10-02 11:43:48.311 UTC [14499] LOG:  statement: deallocate "pgx_3"
2024-10-02 11:43:48.311 UTC [14499] LOG:  statement: deallocate "pgx_2"
2024-10-02 11:43:48.382 UTC [14499] LOG:  statement: ;
2024-10-02 11:43:48.383 UTC [14499] LOG:  execute lrupsc_2_0: SELECT exists (SELECT rolname FROM pg_roles WHERE rolname=$1);
2024-10-02 11:43:48.383 UTC [14499] DETAIL:  parameters: $1 = 'v-root-vault-uzX6nroZqXwLFKQftBSL-1727865828'
2024-10-02 11:43:48.386 UTC [14499] LOG:  execute pgx_4: SELECT DISTINCT table_schema FROM information_schema.role_column_grants WHERE grantee=$1;
2024-10-02 11:43:48.386 UTC [14499] DETAIL:  parameters: $1 = 'v-root-vault-uzX6nroZqXwLFKQftBSL-1727865828'
2024-10-02 11:43:48.423 UTC [14499] LOG:  execute lrupsc_2_1: SELECT current_database();
2024-10-02 11:43:48.423 UTC [14499] LOG:  statement: REVOKE ALL PRIVILEGES ON ALL TABLES IN SCHEMA public FROM "v-root-vault-uzX6nroZqXwLFKQftBSL-1727865828";
2024-10-02 11:43:48.427 UTC [14499] LOG:  statement: REVOKE USAGE ON SCHEMA "public" FROM "v-root-vault-uzX6nroZqXwLFKQftBSL-1727865828";
2024-10-02 11:43:48.428 UTC [14499] LOG:  statement: REVOKE ALL PRIVILEGES ON ALL TABLES IN SCHEMA public FROM "v-root-vault-uzX6nroZqXwLFKQftBSL-1727865828";
2024-10-02 11:43:48.430 UTC [14499] LOG:  statement: REVOKE ALL PRIVILEGES ON ALL SEQUENCES IN SCHEMA public FROM "v-root-vault-uzX6nroZqXwLFKQftBSL-1727865828";
2024-10-02 11:43:48.431 UTC [14499] LOG:  statement: REVOKE USAGE ON SCHEMA public FROM "v-root-vault-uzX6nroZqXwLFKQftBSL-1727865828";
2024-10-02 11:43:48.432 UTC [14499] LOG:  statement: REVOKE CONNECT ON DATABASE "your_postgres_db" FROM "v-root-vault-uzX6nroZqXwLFKQftBSL-1727865828";
2024-10-02 11:43:48.433 UTC [14499] LOG:  execute pgx_5: DROP ROLE IF EXISTS "v-root-vault-uzX6nroZqXwLFKQftBSL-1727865828";
2024-10-02 11:43:48.434 UTC [14499] LOG:  statement: deallocate "pgx_5"
2024-10-02 11:43:48.435 UTC [14499] LOG:  statement: deallocate "pgx_4"
2024-10-02 11:43:48.898 UTC [14499] LOG:  statement: ;
2024-10-02 11:43:48.899 UTC [14499] LOG:  execute lrupsc_2_0: SELECT exists (SELECT rolname FROM pg_roles WHERE rolname=$1);
2024-10-02 11:43:48.899 UTC [14499] DETAIL:  parameters: $1 = 'v-root-vault-Oi08mlIgcMbbFPjl0JYN-1727865828'
2024-10-02 11:43:48.902 UTC [14499] LOG:  execute pgx_6: SELECT DISTINCT table_schema FROM information_schema.role_column_grants WHERE grantee=$1;
2024-10-02 11:43:48.902 UTC [14499] DETAIL:  parameters: $1 = 'v-root-vault-Oi08mlIgcMbbFPjl0JYN-1727865828'
2024-10-02 11:43:48.931 UTC [14499] LOG:  execute lrupsc_2_1: SELECT current_database();
2024-10-02 11:43:48.932 UTC [14499] LOG:  statement: REVOKE ALL PRIVILEGES ON ALL TABLES IN SCHEMA public FROM "v-root-vault-Oi08mlIgcMbbFPjl0JYN-1727865828";
2024-10-02 11:43:48.933 UTC [14499] LOG:  statement: REVOKE USAGE ON SCHEMA "public" FROM "v-root-vault-Oi08mlIgcMbbFPjl0JYN-1727865828";
2024-10-02 11:43:48.936 UTC [14499] LOG:  statement: REVOKE ALL PRIVILEGES ON ALL TABLES IN SCHEMA public FROM "v-root-vault-Oi08mlIgcMbbFPjl0JYN-1727865828";
2024-10-02 11:43:48.937 UTC [14499] LOG:  statement: REVOKE ALL PRIVILEGES ON ALL SEQUENCES IN SCHEMA public FROM "v-root-vault-Oi08mlIgcMbbFPjl0JYN-1727865828";
2024-10-02 11:43:48.938 UTC [14499] LOG:  statement: REVOKE USAGE ON SCHEMA public FROM "v-root-vault-Oi08mlIgcMbbFPjl0JYN-1727865828";
2024-10-02 11:43:48.939 UTC [14499] LOG:  statement: REVOKE CONNECT ON DATABASE "your_postgres_db" FROM "v-root-vault-Oi08mlIgcMbbFPjl0JYN-1727865828";
2024-10-02 11:43:48.940 UTC [14499] LOG:  execute pgx_7: DROP ROLE IF EXISTS "v-root-vault-Oi08mlIgcMbbFPjl0JYN-1727865828";
2024-10-02 11:43:48.942 UTC [14499] LOG:  statement: deallocate "pgx_7"
2024-10-02 11:43:48.942 UTC [14499] LOG:  statement: deallocate "pgx_6"
2024-10-02 11:44:02.403 UTC [17871] LOG:  invalid length of startup packet
2024-10-02 11:44:17.402 UTC [17888] LOG:  invalid length of startup packet
2024-10-02 11:44:32.404 UTC [17898] LOG:  invalid length of startup packet
2024-10-02 11:44:47.403 UTC [17915] LOG:  invalid length of startup packet
2024-10-02 11:45:02.403 UTC [17926] LOG:  invalid length of startup packet
2024-10-02 11:45:16.731 UTC [14499] LOG:  statement: ;
2024-10-02 11:45:16.731 UTC [14499] LOG:  execute lrupsc_2_0: SELECT exists (SELECT rolname FROM pg_roles WHERE rolname=$1);
2024-10-02 11:45:16.731 UTC [14499] DETAIL:  parameters: $1 = 'v-root-vault-r8EEH1Mum6cCA4xIE70u-1727865916'
2024-10-02 11:45:16.734 UTC [14499] LOG:  execute pgx_8: SELECT DISTINCT table_schema FROM information_schema.role_column_grants WHERE grantee=$1;
2024-10-02 11:45:16.734 UTC [14499] DETAIL:  parameters: $1 = 'v-root-vault-r8EEH1Mum6cCA4xIE70u-1727865916'
2024-10-02 11:45:16.769 UTC [14499] LOG:  execute lrupsc_2_1: SELECT current_database();
2024-10-02 11:45:16.770 UTC [14499] LOG:  statement: REVOKE ALL PRIVILEGES ON ALL TABLES IN SCHEMA public FROM "v-root-vault-r8EEH1Mum6cCA4xIE70u-1727865916";
2024-10-02 11:45:16.796 UTC [14499] LOG:  statement: REVOKE USAGE ON SCHEMA "public" FROM "v-root-vault-r8EEH1Mum6cCA4xIE70u-1727865916";
2024-10-02 11:45:16.798 UTC [14499] LOG:  statement: REVOKE ALL PRIVILEGES ON ALL TABLES IN SCHEMA public FROM "v-root-vault-r8EEH1Mum6cCA4xIE70u-1727865916";
2024-10-02 11:45:16.799 UTC [14499] LOG:  statement: REVOKE ALL PRIVILEGES ON ALL SEQUENCES IN SCHEMA public FROM "v-root-vault-r8EEH1Mum6cCA4xIE70u-1727865916";
2024-10-02 11:45:16.801 UTC [14499] LOG:  statement: REVOKE USAGE ON SCHEMA public FROM "v-root-vault-r8EEH1Mum6cCA4xIE70u-1727865916";
2024-10-02 11:45:16.802 UTC [14499] LOG:  statement: REVOKE CONNECT ON DATABASE "your_postgres_db" FROM "v-root-vault-r8EEH1Mum6cCA4xIE70u-1727865916";
2024-10-02 11:45:16.804 UTC [14499] LOG:  execute pgx_9: DROP ROLE IF EXISTS "v-root-vault-r8EEH1Mum6cCA4xIE70u-1727865916";
2024-10-02 11:45:16.805 UTC [14499] LOG:  statement: deallocate "pgx_9"
2024-10-02 11:45:16.805 UTC [14499] LOG:  statement: deallocate "pgx_8"
2024-10-02 11:45:17.401 UTC [17944] LOG:  invalid length of startup packet
2024-10-02 11:45:32.404 UTC [17954] LOG:  invalid length of startup packet
2024-10-02 11:45:47.402 UTC [17971] LOG:  invalid length of startup packet
2024-10-02 11:46:02.402 UTC [17981] LOG:  invalid length of startup packet
2024-10-02 11:46:17.400 UTC [17999] LOG:  invalid length of startup packet
2024-10-02 11:46:32.402 UTC [18009] LOG:  invalid length of startup packet
2024-10-02 11:46:47.403 UTC [18027] LOG:  invalid length of startup packet
2024-10-02 11:47:02.401 UTC [18037] LOG:  invalid length of startup packet
2024-10-02 11:47:06.313 UTC [50] LOG:  checkpoint starting: time
2024-10-02 11:47:08.684 UTC [50] LOG:  checkpoint complete: wrote 24 buffers (0.1%); 0 WAL file(s) added, 0 removed, 0 recycled; write=2.348 s, sync=0.011 s, total=2.372 s; sync files=11, longest=0.003 s, average=0.001 s; distance=180 kB, estimate=180 kB; lsn=0/2B696B0, redo lsn=0/2B69678
2024-10-02 11:47:17.401 UTC [18054] LOG:  invalid length of startup packet
2024-10-02 11:47:32.400 UTC [18064] LOG:  invalid length of startup packet
2024-10-02 11:47:47.402 UTC [18073] LOG:  invalid length of startup packet
2024-10-02 11:48:02.401 UTC [18091] LOG:  invalid length of startup packet
2024-10-02 11:48:17.401 UTC [18101] LOG:  invalid length of startup packet
2024-10-02 11:48:32.402 UTC [18119] LOG:  invalid length of startup packet
2024-10-02 11:48:47.407 UTC [18129] LOG:  invalid length of startup packet
2024-10-02 11:49:02.400 UTC [18147] LOG:  invalid length of startup packet
2024-10-02 11:49:17.400 UTC [18156] LOG:  invalid length of startup packet
2024-10-02 11:49:32.400 UTC [18174] LOG:  invalid length of startup packet
2024-10-02 11:49:47.399 UTC [18183] LOG:  invalid length of startup packet
2024-10-02 11:50:02.402 UTC [18201] LOG:  invalid length of startup packet
2024-10-02 11:50:17.398 UTC [18210] LOG:  invalid length of startup packet
2024-10-02 11:50:32.400 UTC [18228] LOG:  invalid length of startup packet
2024-10-02 11:50:47.399 UTC [18237] LOG:  invalid length of startup packet
2024-10-02 11:51:02.400 UTC [18255] LOG:  invalid length of startup packet
2024-10-02 11:51:17.401 UTC [18264] LOG:  invalid length of startup packet
2024-10-02 11:51:32.399 UTC [18282] LOG:  invalid length of startup packet
2024-10-02 11:51:47.398 UTC [18291] LOG:  invalid length of startup packet
2024-10-02 11:52:02.399 UTC [18309] LOG:  invalid length of startup packet
2024-10-02 11:52:17.399 UTC [18318] LOG:  invalid length of startup packet
2024-10-02 11:52:32.397 UTC [18336] LOG:  invalid length of startup packet
2024-10-02 11:52:47.397 UTC [18345] LOG:  invalid length of startup packet
2024-10-02 11:53:02.388 UTC [18363] LOG:  invalid length of startup packet
2024-10-02 11:53:17.389 UTC [18372] LOG:  invalid length of startup packet
2024-10-02 11:53:32.380 UTC [18390] LOG:  invalid length of startup packet
2024-10-02 11:53:47.380 UTC [18399] LOG:  invalid length of startup packet
2024-10-02 11:54:02.378 UTC [18417] LOG:  invalid length of startup packet
2024-10-02 11:54:17.379 UTC [18426] LOG:  invalid length of startup packet
2024-10-02 11:54:32.377 UTC [18444] LOG:  invalid length of startup packet
2024-10-02 11:54:47.377 UTC [18453] LOG:  invalid length of startup packet
2024-10-02 11:55:02.376 UTC [18471] LOG:  invalid length of startup packet
2024-10-02 11:55:17.377 UTC [18480] LOG:  invalid length of startup packet
2024-10-02 11:55:32.376 UTC [18498] LOG:  invalid length of startup packet
2024-10-02 11:55:47.376 UTC [18507] LOG:  invalid length of startup packet
2024-10-02 11:56:02.378 UTC [18517] LOG:  invalid length of startup packet
2024-10-02 11:56:17.378 UTC [18533] LOG:  invalid length of startup packet
2024-10-02 11:56:32.375 UTC [18543] LOG:  invalid length of startup packet
2024-10-02 11:56:47.376 UTC [18559] LOG:  invalid length of startup packet
2024-10-02 11:57:02.376 UTC [18569] LOG:  invalid length of startup packet
2024-10-02 11:57:17.374 UTC [18586] LOG:  invalid length of startup packet
2024-10-02 11:57:32.375 UTC [18596] LOG:  invalid length of startup packet
2024-10-02 11:57:47.375 UTC [18613] LOG:  invalid length of startup packet
2024-10-02 11:58:02.375 UTC [18623] LOG:  invalid length of startup packet
2024-10-02 11:58:17.375 UTC [18640] LOG:  invalid length of startup packet
2024-10-02 11:58:32.376 UTC [18651] LOG:  invalid length of startup packet
2024-10-02 11:58:47.374 UTC [18668] LOG:  invalid length of startup packet
2024-10-02 11:59:02.375 UTC [18678] LOG:  invalid length of startup packet
2024-10-02 11:59:17.375 UTC [18695] LOG:  invalid length of startup packet
2024-10-02 11:59:32.374 UTC [18705] LOG:  invalid length of startup packet
2024-10-02 11:59:47.374 UTC [18722] LOG:  invalid length of startup packet
2024-10-02 12:00:02.376 UTC [18731] LOG:  invalid length of startup packet
2024-10-02 12:00:17.375 UTC [18749] LOG:  invalid length of startup packet
2024-10-02 12:00:32.431 UTC [18760] LOG:  invalid length of startup packet
2024-10-02 12:00:47.430 UTC [18777] LOG:  invalid length of startup packet
2024-10-02 13:38:39.794 UTC [18786] LOG:  invalid length of startup packet
2024-10-02 15:08:11.247 UTC [18797] LOG:  invalid length of startup packet
2024-10-02 15:08:11.252 UTC [18796] LOG:  could not receive data from client: Connection reset by peer
2024-10-02 15:08:13.294 UTC [18805] LOG:  invalid length of startup packet
2024-10-02 15:08:28.293 UTC [18814] LOG:  invalid length of startup packet
2024-10-02 16:09:18.415 UTC [18824] LOG:  invalid length of startup packet
2024-10-02 16:09:34.643 UTC [18834] LOG:  invalid length of startup packet
2024-10-02 16:09:46.683 UTC [18851] LOG:  invalid length of startup packet
2024-10-02 17:10:51.587 UTC [18861] LOG:  invalid length of startup packet
2024-10-02 17:11:06.585 UTC [18879] LOG:  invalid length of startup packet
2024-10-02 17:11:21.587 UTC [18890] LOG:  invalid length of startup packet
2024-10-02 17:11:36.588 UTC [18899] LOG:  invalid length of startup packet
2024-10-02 19:13:08.132 UTC [18909] LOG:  invalid length of startup packet
2024-10-02 19:13:16.306 UTC [18918] LOG:  invalid length of startup packet
2024-10-02 20:14:12.806 UTC [18935] LOG:  invalid length of startup packet
2024-10-03 06:27:05.781 UTC [18944] LOG:  invalid length of startup packet
