2024-10-04 09:33:36.737 UTC [43] LOG:  starting PostgreSQL 16.4 on x86_64-pc-linux-gnu, compiled by gcc (Debian 12.2.0-14) 12.2.0, 64-bit
2024-10-04 09:33:36.744 UTC [43] LOG:  listening on IPv4 address "0.0.0.0", port 5432
2024-10-04 09:33:36.744 UTC [43] LOG:  listening on IPv6 address "::", port 5432
2024-10-04 09:33:36.765 UTC [43] LOG:  listening on Unix socket "/tmp/.s.PGSQL.5432"
2024-10-04 09:33:36.914 UTC [51] LOG:  database system was interrupted; last known up at 2024-10-04 09:15:08 UTC
2024-10-04 09:33:38.037 UTC [53] FATAL:  the database system is starting up
2024-10-04 09:33:39.276 UTC [51] LOG:  database system was not properly shut down; automatic recovery in progress
2024-10-04 09:33:39.301 UTC [51] LOG:  redo starts at 0/356F0A0
2024-10-04 09:33:39.302 UTC [51] LOG:  invalid record length at 0/356F188: expected at least 24, got 0
2024-10-04 09:33:39.302 UTC [51] LOG:  redo done at 0/356F150 system usage: CPU: user: 0.00 s, system: 0.00 s, elapsed: 0.00 s
2024-10-04 09:33:39.325 UTC [49] LOG:  checkpoint starting: end-of-recovery immediate wait
2024-10-04 09:33:39.615 UTC [49] LOG:  checkpoint complete: wrote 3 buffers (0.0%); 0 WAL file(s) added, 0 removed, 0 recycled; write=0.013 s, sync=0.011 s, total=0.291 s; sync files=2, longest=0.010 s, average=0.006 s; distance=0 kB, estimate=0 kB; lsn=0/356F188, redo lsn=0/356F188
2024-10-04 09:33:39.627 UTC [43] LOG:  database system is ready to accept connections
2024-10-04 09:33:40.378 UTC [67] LOG:  statement: DO $$
	BEGIN
	   IF NOT EXISTS (SELECT FROM pg_catalog.pg_roles WHERE rolname = 'myuser') THEN
	      CREATE ROLE myuser LOGIN PASSWORD 'your_actual_password';
	      ALTER ROLE myuser CREATEDB;  -- Grant CREATEDB privilege
	   ELSE
	      ALTER ROLE myuser CREATEDB;  -- Ensure CREATEDB privilege is granted if the role exists
	   END IF;
	END
	$$;
2024-10-04 09:33:40.458 UTC [70] LOG:  statement: SELECT 1 FROM pg_database WHERE datname='your_postgres_db'
2024-10-04 09:33:40.486 UTC [74] LOG:  statement: SELECT 1 FROM pg_roles WHERE rolname='myuser'
2024-10-04 09:33:40.503 UTC [43] LOG:  received SIGHUP, reloading configuration files
2024-10-04 09:34:18.749 UTC [112] LOG:  statement: ;
2024-10-04 09:34:18.749 UTC [112] LOG:  statement: ;
2024-10-04 09:34:18.964 UTC [112] LOG:  execute lrupsc_1_0: SELECT exists (SELECT rolname FROM pg_roles WHERE rolname=$1);
2024-10-04 09:34:18.964 UTC [112] DETAIL:  parameters: $1 = 'v-approle-vault-cwY4RiN8SUD0UdWKxaan-1728030375'
2024-10-04 09:34:19.066 UTC [112] LOG:  execute pgx_0: SELECT DISTINCT table_schema FROM information_schema.role_column_grants WHERE grantee=$1;
2024-10-04 09:34:19.066 UTC [112] DETAIL:  parameters: $1 = 'v-approle-vault-cwY4RiN8SUD0UdWKxaan-1728030375'
2024-10-04 09:34:19.243 UTC [112] LOG:  execute lrupsc_1_1: SELECT current_database();
2024-10-04 09:34:19.249 UTC [112] LOG:  statement: REVOKE ALL PRIVILEGES ON ALL TABLES IN SCHEMA public FROM "v-approle-vault-cwY4RiN8SUD0UdWKxaan-1728030375";
2024-10-04 09:34:19.275 UTC [112] LOG:  statement: REVOKE USAGE ON SCHEMA "public" FROM "v-approle-vault-cwY4RiN8SUD0UdWKxaan-1728030375";
2024-10-04 09:34:19.277 UTC [112] LOG:  statement: REVOKE ALL PRIVILEGES ON ALL TABLES IN SCHEMA public FROM "v-approle-vault-cwY4RiN8SUD0UdWKxaan-1728030375";
2024-10-04 09:34:19.279 UTC [112] LOG:  statement: REVOKE ALL PRIVILEGES ON ALL SEQUENCES IN SCHEMA public FROM "v-approle-vault-cwY4RiN8SUD0UdWKxaan-1728030375";
2024-10-04 09:34:19.280 UTC [112] LOG:  statement: REVOKE USAGE ON SCHEMA public FROM "v-approle-vault-cwY4RiN8SUD0UdWKxaan-1728030375";
2024-10-04 09:34:19.282 UTC [112] LOG:  statement: REVOKE CONNECT ON DATABASE "your_postgres_db" FROM "v-approle-vault-cwY4RiN8SUD0UdWKxaan-1728030375";
2024-10-04 09:34:19.285 UTC [112] LOG:  execute pgx_1: DROP ROLE IF EXISTS "v-approle-vault-cwY4RiN8SUD0UdWKxaan-1728030375";
2024-10-04 09:34:19.291 UTC [112] LOG:  statement: deallocate "pgx_1"
2024-10-04 09:34:19.292 UTC [112] LOG:  statement: deallocate "pgx_0"
2024-10-04 09:34:24.136 UTC [127] LOG:  statement: SELECT 1 FROM pg_roles WHERE rolname='vault'
2024-10-04 09:34:24.324 UTC [135] LOG:  statement: ALTER ROLE vault WITH PASSWORD 'your_actual_password' SUPERUSER CREATEROLE;
2024-10-04 09:34:24.854 UTC [154] LOG:  statement: SELECT pg_reload_conf();
2024-10-04 09:34:24.859 UTC [43] LOG:  received SIGHUP, reloading configuration files
2024-10-04 09:34:25.205 UTC [161] LOG:  statement: GRANT ALL PRIVILEGES ON ALL TABLES IN SCHEMA public TO "vault";
2024-10-04 09:34:25.386 UTC [167] LOG:  statement: GRANT ALL PRIVILEGES ON ALL SEQUENCES IN SCHEMA public TO "vault";
2024-10-04 09:34:25.573 UTC [174] LOG:  statement: GRANT ALL PRIVILEGES ON ALL FUNCTIONS IN SCHEMA public TO "vault";
2024-10-04 09:34:25.741 UTC [181] LOG:  statement: GRANT USAGE ON SCHEMA public TO "vault";
2024-10-04 09:34:26.111 UTC [182] LOG:  statement: ;
2024-10-04 09:34:28.074 UTC [182] LOG:  statement: ;
2024-10-04 09:34:28.074 UTC [182] LOG:  statement: begin
2024-10-04 09:34:28.075 UTC [182] LOG:  statement: CREATE ROLE "v-root-vault-gApcgmBhUY5xT064e98v-1728034468" WITH LOGIN PASSWORD 'Ew6ElqHrzY-WfTSyHJvw' VALID UNTIL '2024-10-04 10:34:33+0000'
2024-10-04 09:34:28.087 UTC [182] LOG:  statement: GRANT SELECT, INSERT, UPDATE, DELETE ON ALL TABLES IN SCHEMA public TO "v-root-vault-gApcgmBhUY5xT064e98v-1728034468"
2024-10-04 09:34:28.091 UTC [182] LOG:  statement: commit
2024-10-04 09:34:45.717 UTC [182] LOG:  statement: ;
2024-10-04 09:34:45.726 UTC [182] LOG:  statement: begin
2024-10-04 09:34:45.739 UTC [182] LOG:  statement: CREATE ROLE "v-approle-vault-9Aj3q07IK9rh8RMjbaE2-1728034485" WITH LOGIN PASSWORD '0CpfsoaOTJ4-cKTL9mkY' VALID UNTIL '2024-10-04 10:34:50+0000'
2024-10-04 09:34:45.780 UTC [182] LOG:  statement: GRANT SELECT, INSERT, UPDATE, DELETE ON ALL TABLES IN SCHEMA public TO "v-approle-vault-9Aj3q07IK9rh8RMjbaE2-1728034485"
2024-10-04 09:34:45.784 UTC [182] LOG:  statement: commit
2024-10-04 09:34:45.883 UTC [182] LOG:  statement: ;
2024-10-04 09:34:45.886 UTC [182] LOG:  statement: begin
2024-10-04 09:34:45.889 UTC [182] LOG:  statement: ALTER ROLE "v-approle-vault-9Aj3q07IK9rh8RMjbaE2-1728034485" VALID UNTIL '2024-10-04 10:34:50+0000'
2024-10-04 09:34:45.894 UTC [182] LOG:  statement: commit
2024-10-04 09:34:46.092 UTC [182] LOG:  statement: ;
2024-10-04 09:34:46.092 UTC [182] LOG:  statement: begin
2024-10-04 09:34:46.093 UTC [182] LOG:  statement: ALTER ROLE "v-approle-vault-9Aj3q07IK9rh8RMjbaE2-1728034485" VALID UNTIL '2024-10-04 10:34:51+0000'
2024-10-04 09:34:46.093 UTC [182] LOG:  statement: commit
2024-10-04 09:34:46.162 UTC [182] LOG:  statement: ;
2024-10-04 09:34:46.163 UTC [182] LOG:  statement: begin
2024-10-04 09:34:46.163 UTC [182] LOG:  statement: ALTER ROLE "v-approle-vault-9Aj3q07IK9rh8RMjbaE2-1728034485" VALID UNTIL '2024-10-04 10:34:51+0000'
2024-10-04 09:34:46.163 UTC [182] LOG:  statement: commit
2024-10-04 09:34:57.970 UTC [210] LOG:  invalid length of startup packet
2024-10-04 09:35:06.697 UTC [182] LOG:  statement: ;
2024-10-04 09:35:06.698 UTC [182] LOG:  statement: begin
2024-10-04 09:35:06.698 UTC [182] LOG:  statement: CREATE ROLE "v-root-vault-wJ4AeOyzj4ltiKnoykD8-1728034506" WITH LOGIN PASSWORD 'KCBBuY4IwcBm4XVDCb-X' VALID UNTIL '2024-10-04 10:35:11+0000'
2024-10-04 09:35:06.712 UTC [182] LOG:  statement: GRANT SELECT, INSERT, UPDATE, DELETE ON ALL TABLES IN SCHEMA public TO "v-root-vault-wJ4AeOyzj4ltiKnoykD8-1728034506"
2024-10-04 09:35:06.730 UTC [182] LOG:  statement: commit
2024-10-04 09:35:06.734 UTC [182] LOG:  statement: ;
2024-10-04 09:35:06.735 UTC [182] LOG:  statement: begin
2024-10-04 09:35:06.735 UTC [182] LOG:  statement: CREATE ROLE "v-root-vault-ISNqoamDoLkqBct8Lj6V-1728034506" WITH LOGIN PASSWORD 'Zmsh9LX-gsuWOfNNbqn8' VALID UNTIL '2024-10-04 10:35:11+0000'
2024-10-04 09:35:06.753 UTC [182] LOG:  statement: GRANT SELECT, INSERT, UPDATE, DELETE ON ALL TABLES IN SCHEMA public TO "v-root-vault-ISNqoamDoLkqBct8Lj6V-1728034506"
2024-10-04 09:35:06.754 UTC [182] LOG:  statement: commit
2024-10-04 09:35:06.757 UTC [182] LOG:  statement: ;
2024-10-04 09:35:06.757 UTC [182] LOG:  statement: begin
2024-10-04 09:35:06.758 UTC [182] LOG:  statement: CREATE ROLE "v-root-vault-nn4WxN3JfvDVIOTGjf3L-1728034506" WITH LOGIN PASSWORD 'MKV-6KXG-KtVL70TXUy3' VALID UNTIL '2024-10-04 10:35:11+0000'
2024-10-04 09:35:06.788 UTC [182] LOG:  statement: GRANT SELECT, INSERT, UPDATE, DELETE ON ALL TABLES IN SCHEMA public TO "v-root-vault-nn4WxN3JfvDVIOTGjf3L-1728034506"
2024-10-04 09:35:06.792 UTC [182] LOG:  statement: commit
2024-10-04 09:35:12.968 UTC [220] LOG:  invalid length of startup packet
2024-10-04 09:35:27.996 UTC [236] LOG:  invalid length of startup packet
2024-10-04 09:35:43.049 UTC [244] LOG:  invalid length of startup packet
2024-10-04 09:35:50.111 UTC [245] LOG:  statement: SELECT version();
	
	SELECT ns.nspname, t.oid, t.typname, t.typtype, t.typnotnull, t.elemtypoid
	FROM (
	    -- Arrays have typtype=b - this subquery identifies them by their typreceive and converts their typtype to a
	    -- We first do this for the type (innerest-most subquery), and then for its element type
	    -- This also returns the array element, range subtype and domain base type as elemtypoid
	    SELECT
	        typ.oid, typ.typnamespace, typ.typname, typ.typtype, typ.typrelid, typ.typnotnull, typ.relkind,
	        elemtyp.oid AS elemtypoid, elemtyp.typname AS elemtypname, elemcls.relkind AS elemrelkind,
	        CASE WHEN elemproc.proname='array_recv' THEN 'a' ELSE elemtyp.typtype END AS elemtyptype
	    FROM (
	        SELECT typ.oid, typnamespace, typname, typrelid, typnotnull, relkind, typelem AS elemoid,
	            CASE WHEN proc.proname='array_recv' THEN 'a' ELSE typ.typtype END AS typtype,
	            CASE
	                WHEN proc.proname='array_recv' THEN typ.typelem
	                WHEN typ.typtype='r' THEN rngsubtype
	                WHEN typ.typtype='m' THEN (SELECT rngtypid FROM pg_range WHERE rngmultitypid = typ.oid)
	                WHEN typ.typtype='d' THEN typ.typbasetype
	            END AS elemtypoid
	        FROM pg_type AS typ
	        LEFT JOIN pg_class AS cls ON (cls.oid = typ.typrelid)
	        LEFT JOIN pg_proc AS proc ON proc.oid = typ.typreceive
	        LEFT JOIN pg_range ON (pg_range.rngtypid = typ.oid)
	    ) AS typ
	    LEFT JOIN pg_type AS elemtyp ON elemtyp.oid = elemtypoid
	    LEFT JOIN pg_class AS elemcls ON (elemcls.oid = elemtyp.typrelid)
	    LEFT JOIN pg_proc AS elemproc ON elemproc.oid = elemtyp.typreceive
	) AS t
	JOIN pg_namespace AS ns ON (ns.oid = typnamespace)
	WHERE
	    typtype IN ('b', 'r', 'm', 'e', 'd') OR -- Base, range, multirange, enum, domain
	    (typtype = 'c' AND relkind='c') OR -- User-defined free-standing composites (not table composites) by default
	    (typtype = 'p' AND typname IN ('record', 'void', 'unknown')) OR -- Some special supported pseudo-types
	    (typtype = 'a' AND (  -- Array of...
	        elemtyptype IN ('b', 'r', 'm', 'e', 'd') OR -- Array of base, range, multirange, enum, domain
	        (elemtyptype = 'p' AND elemtypname IN ('record', 'void')) OR -- Arrays of special supported pseudo-types
	        (elemtyptype = 'c' AND elemrelkind='c') -- Array of user-defined free-standing composites (not table composites) by default
	    ))
	ORDER BY CASE
	       WHEN typtype IN ('b', 'e', 'p') THEN 0           -- First base types, enums, pseudo-types
	       WHEN typtype = 'c' THEN 1                        -- Composites after (fields loaded later in 2nd pass)
	       WHEN typtype = 'r' THEN 2                        -- Ranges after
	       WHEN typtype = 'm' THEN 3                        -- Multiranges after
	       WHEN typtype = 'd' AND elemtyptype <> 'a' THEN 4 -- Domains over non-arrays after
	       WHEN typtype = 'a' THEN 5                        -- Arrays after
	       WHEN typtype = 'd' AND elemtyptype = 'a' THEN 6  -- Domains over arrays last
	END;
	
	-- Load field definitions for (free-standing) composite types
	SELECT typ.oid, att.attname, att.atttypid
	FROM pg_type AS typ
	JOIN pg_namespace AS ns ON (ns.oid = typ.typnamespace)
	JOIN pg_class AS cls ON (cls.oid = typ.typrelid)
	JOIN pg_attribute AS att ON (att.attrelid = typ.typrelid)
	WHERE
	  (typ.typtype = 'c' AND cls.relkind='c') AND
	  attnum > 0 AND     -- Don't load system attributes
	  NOT attisdropped
	ORDER BY typ.oid, att.attnum;
	
	-- Load enum fields
	SELECT pg_type.oid, enumlabel
	FROM pg_enum
	JOIN pg_type ON pg_type.oid=enumtypid
	ORDER BY oid, enumsortorder;
	
2024-10-04 09:35:52.075 UTC [245] LOG:  execute <unnamed>: SELECT p."Id", p."BlobName", p."Brand", p."CategoryId", p."CreatedBy", p."CreatedDate", p."Description", p."InStock", p."IsNew", p."LastModifiedBy", p."LastModifiedDate", p."Name", p."Price", p."Rating", p."Stock", p."Type"
	FROM "Products" AS p
	ORDER BY p."Name"
	LIMIT $1 OFFSET $2
2024-10-04 09:35:52.075 UTC [245] DETAIL:  parameters: $1 = '10', $2 = '0'
2024-10-04 09:35:58.006 UTC [255] LOG:  invalid length of startup packet
2024-10-04 09:36:13.128 UTC [264] LOG:  invalid length of startup packet
2024-10-04 09:36:28.059 UTC [282] LOG:  invalid length of startup packet
2024-10-04 09:36:42.991 UTC [291] LOG:  invalid length of startup packet
2024-10-04 09:36:57.971 UTC [302] LOG:  invalid length of startup packet
2024-10-04 09:37:05.082 UTC [311] LOG:  statement: SELECT version();
	
	SELECT ns.nspname, t.oid, t.typname, t.typtype, t.typnotnull, t.elemtypoid
	FROM (
	    -- Arrays have typtype=b - this subquery identifies them by their typreceive and converts their typtype to a
	    -- We first do this for the type (innerest-most subquery), and then for its element type
	    -- This also returns the array element, range subtype and domain base type as elemtypoid
	    SELECT
	        typ.oid, typ.typnamespace, typ.typname, typ.typtype, typ.typrelid, typ.typnotnull, typ.relkind,
	        elemtyp.oid AS elemtypoid, elemtyp.typname AS elemtypname, elemcls.relkind AS elemrelkind,
	        CASE WHEN elemproc.proname='array_recv' THEN 'a' ELSE elemtyp.typtype END AS elemtyptype
	    FROM (
	        SELECT typ.oid, typnamespace, typname, typrelid, typnotnull, relkind, typelem AS elemoid,
	            CASE WHEN proc.proname='array_recv' THEN 'a' ELSE typ.typtype END AS typtype,
	            CASE
	                WHEN proc.proname='array_recv' THEN typ.typelem
	                WHEN typ.typtype='r' THEN rngsubtype
	                WHEN typ.typtype='m' THEN (SELECT rngtypid FROM pg_range WHERE rngmultitypid = typ.oid)
	                WHEN typ.typtype='d' THEN typ.typbasetype
	            END AS elemtypoid
	        FROM pg_type AS typ
	        LEFT JOIN pg_class AS cls ON (cls.oid = typ.typrelid)
	        LEFT JOIN pg_proc AS proc ON proc.oid = typ.typreceive
	        LEFT JOIN pg_range ON (pg_range.rngtypid = typ.oid)
	    ) AS typ
	    LEFT JOIN pg_type AS elemtyp ON elemtyp.oid = elemtypoid
	    LEFT JOIN pg_class AS elemcls ON (elemcls.oid = elemtyp.typrelid)
	    LEFT JOIN pg_proc AS elemproc ON elemproc.oid = elemtyp.typreceive
	) AS t
	JOIN pg_namespace AS ns ON (ns.oid = typnamespace)
	WHERE
	    typtype IN ('b', 'r', 'm', 'e', 'd') OR -- Base, range, multirange, enum, domain
	    (typtype = 'c' AND relkind='c') OR -- User-defined free-standing composites (not table composites) by default
	    (typtype = 'p' AND typname IN ('record', 'void', 'unknown')) OR -- Some special supported pseudo-types
	    (typtype = 'a' AND (  -- Array of...
	        elemtyptype IN ('b', 'r', 'm', 'e', 'd') OR -- Array of base, range, multirange, enum, domain
	        (elemtyptype = 'p' AND elemtypname IN ('record', 'void')) OR -- Arrays of special supported pseudo-types
	        (elemtyptype = 'c' AND elemrelkind='c') -- Array of user-defined free-standing composites (not table composites) by default
	    ))
	ORDER BY CASE
	       WHEN typtype IN ('b', 'e', 'p') THEN 0           -- First base types, enums, pseudo-types
	       WHEN typtype = 'c' THEN 1                        -- Composites after (fields loaded later in 2nd pass)
	       WHEN typtype = 'r' THEN 2                        -- Ranges after
	       WHEN typtype = 'm' THEN 3                        -- Multiranges after
	       WHEN typtype = 'd' AND elemtyptype <> 'a' THEN 4 -- Domains over non-arrays after
	       WHEN typtype = 'a' THEN 5                        -- Arrays after
	       WHEN typtype = 'd' AND elemtyptype = 'a' THEN 6  -- Domains over arrays last
	END;
	
	-- Load field definitions for (free-standing) composite types
	SELECT typ.oid, att.attname, att.atttypid
	FROM pg_type AS typ
	JOIN pg_namespace AS ns ON (ns.oid = typ.typnamespace)
	JOIN pg_class AS cls ON (cls.oid = typ.typrelid)
	JOIN pg_attribute AS att ON (att.attrelid = typ.typrelid)
	WHERE
	  (typ.typtype = 'c' AND cls.relkind='c') AND
	  attnum > 0 AND     -- Don't load system attributes
	  NOT attisdropped
	ORDER BY typ.oid, att.attnum;
	
	-- Load enum fields
	SELECT pg_type.oid, enumlabel
	FROM pg_enum
	JOIN pg_type ON pg_type.oid=enumtypid
	ORDER BY oid, enumsortorder;
	
2024-10-04 09:37:05.487 UTC [312] LOG:  execute <unnamed>: SELECT p."Id", p."BlobName", p."Brand", p."CategoryId", p."CreatedBy", p."CreatedDate", p."Description", p."InStock", p."IsNew", p."LastModifiedBy", p."LastModifiedDate", p."Name", p."Price", p."Rating", p."Stock", p."Type"
	FROM "Products" AS p
	ORDER BY p."Name"
	LIMIT $1 OFFSET $2
2024-10-04 09:37:05.487 UTC [312] DETAIL:  parameters: $1 = '10', $2 = '0'
2024-10-04 09:37:05.490 UTC [311] LOG:  execute <unnamed>: SELECT p."Id", p."BlobName", p."Brand", p."CategoryId", p."CreatedBy", p."CreatedDate", p."Description", p."InStock", p."IsNew", p."LastModifiedBy", p."LastModifiedDate", p."Name", p."Price", p."Rating", p."Stock", p."Type"
	FROM "Products" AS p
	ORDER BY p."Name"
	LIMIT $1 OFFSET $2
2024-10-04 09:37:05.490 UTC [311] DETAIL:  parameters: $1 = '10', $2 = '0'
2024-10-04 09:37:13.179 UTC [321] LOG:  invalid length of startup packet
2024-10-04 09:37:27.861 UTC [182] LOG:  statement: ;
2024-10-04 09:37:27.862 UTC [182] LOG:  statement: begin
2024-10-04 09:37:27.866 UTC [182] LOG:  statement: CREATE ROLE "v-root-vault-yVcI4gMmpshtkWtokjcI-1728034647" WITH LOGIN PASSWORD 't-WiABdWWKpQaqiVVKt2' VALID UNTIL '2024-10-04 10:37:32+0000'
2024-10-04 09:37:27.917 UTC [182] LOG:  statement: GRANT SELECT, INSERT, UPDATE, DELETE ON ALL TABLES IN SCHEMA public TO "v-root-vault-yVcI4gMmpshtkWtokjcI-1728034647"
2024-10-04 09:37:27.947 UTC [182] LOG:  statement: commit
2024-10-04 09:37:27.980 UTC [331] LOG:  invalid length of startup packet
2024-10-04 09:37:28.011 UTC [182] LOG:  statement: ;
2024-10-04 09:37:28.036 UTC [182] LOG:  execute lrupsc_2_0: SELECT exists (SELECT rolname FROM pg_roles WHERE rolname=$1);
2024-10-04 09:37:28.036 UTC [182] DETAIL:  parameters: $1 = 'v-root-vault-yVcI4gMmpshtkWtokjcI-1728034647'
2024-10-04 09:37:28.073 UTC [182] LOG:  execute pgx_0: SELECT DISTINCT table_schema FROM information_schema.role_column_grants WHERE grantee=$1;
2024-10-04 09:37:28.073 UTC [182] DETAIL:  parameters: $1 = 'v-root-vault-yVcI4gMmpshtkWtokjcI-1728034647'
2024-10-04 09:37:28.346 UTC [182] LOG:  execute lrupsc_2_1: SELECT current_database();
2024-10-04 09:37:28.348 UTC [182] LOG:  statement: REVOKE ALL PRIVILEGES ON ALL TABLES IN SCHEMA public FROM "v-root-vault-yVcI4gMmpshtkWtokjcI-1728034647";
2024-10-04 09:37:28.361 UTC [182] LOG:  statement: REVOKE USAGE ON SCHEMA "public" FROM "v-root-vault-yVcI4gMmpshtkWtokjcI-1728034647";
2024-10-04 09:37:28.363 UTC [182] LOG:  statement: REVOKE ALL PRIVILEGES ON ALL TABLES IN SCHEMA public FROM "v-root-vault-yVcI4gMmpshtkWtokjcI-1728034647";
2024-10-04 09:37:28.366 UTC [182] LOG:  statement: REVOKE ALL PRIVILEGES ON ALL SEQUENCES IN SCHEMA public FROM "v-root-vault-yVcI4gMmpshtkWtokjcI-1728034647";
2024-10-04 09:37:28.371 UTC [182] LOG:  statement: REVOKE USAGE ON SCHEMA public FROM "v-root-vault-yVcI4gMmpshtkWtokjcI-1728034647";
2024-10-04 09:37:28.373 UTC [182] LOG:  statement: REVOKE CONNECT ON DATABASE "your_postgres_db" FROM "v-root-vault-yVcI4gMmpshtkWtokjcI-1728034647";
2024-10-04 09:37:28.378 UTC [182] LOG:  execute pgx_1: DROP ROLE IF EXISTS "v-root-vault-yVcI4gMmpshtkWtokjcI-1728034647";
2024-10-04 09:37:28.382 UTC [182] LOG:  statement: deallocate "pgx_1"
2024-10-04 09:37:28.382 UTC [182] LOG:  statement: deallocate "pgx_0"
2024-10-04 09:37:42.984 UTC [340] LOG:  invalid length of startup packet
2024-10-04 09:37:46.139 UTC [349] LOG:  statement: SELECT version();
	
	SELECT ns.nspname, t.oid, t.typname, t.typtype, t.typnotnull, t.elemtypoid
	FROM (
	    -- Arrays have typtype=b - this subquery identifies them by their typreceive and converts their typtype to a
	    -- We first do this for the type (innerest-most subquery), and then for its element type
	    -- This also returns the array element, range subtype and domain base type as elemtypoid
	    SELECT
	        typ.oid, typ.typnamespace, typ.typname, typ.typtype, typ.typrelid, typ.typnotnull, typ.relkind,
	        elemtyp.oid AS elemtypoid, elemtyp.typname AS elemtypname, elemcls.relkind AS elemrelkind,
	        CASE WHEN elemproc.proname='array_recv' THEN 'a' ELSE elemtyp.typtype END AS elemtyptype
	    FROM (
	        SELECT typ.oid, typnamespace, typname, typrelid, typnotnull, relkind, typelem AS elemoid,
	            CASE WHEN proc.proname='array_recv' THEN 'a' ELSE typ.typtype END AS typtype,
	            CASE
	                WHEN proc.proname='array_recv' THEN typ.typelem
	                WHEN typ.typtype='r' THEN rngsubtype
	                WHEN typ.typtype='m' THEN (SELECT rngtypid FROM pg_range WHERE rngmultitypid = typ.oid)
	                WHEN typ.typtype='d' THEN typ.typbasetype
	            END AS elemtypoid
	        FROM pg_type AS typ
	        LEFT JOIN pg_class AS cls ON (cls.oid = typ.typrelid)
	        LEFT JOIN pg_proc AS proc ON proc.oid = typ.typreceive
	        LEFT JOIN pg_range ON (pg_range.rngtypid = typ.oid)
	    ) AS typ
	    LEFT JOIN pg_type AS elemtyp ON elemtyp.oid = elemtypoid
	    LEFT JOIN pg_class AS elemcls ON (elemcls.oid = elemtyp.typrelid)
	    LEFT JOIN pg_proc AS elemproc ON elemproc.oid = elemtyp.typreceive
	) AS t
	JOIN pg_namespace AS ns ON (ns.oid = typnamespace)
	WHERE
	    typtype IN ('b', 'r', 'm', 'e', 'd') OR -- Base, range, multirange, enum, domain
	    (typtype = 'c' AND relkind='c') OR -- User-defined free-standing composites (not table composites) by default
	    (typtype = 'p' AND typname IN ('record', 'void', 'unknown')) OR -- Some special supported pseudo-types
	    (typtype = 'a' AND (  -- Array of...
	        elemtyptype IN ('b', 'r', 'm', 'e', 'd') OR -- Array of base, range, multirange, enum, domain
	        (elemtyptype = 'p' AND elemtypname IN ('record', 'void')) OR -- Arrays of special supported pseudo-types
	        (elemtyptype = 'c' AND elemrelkind='c') -- Array of user-defined free-standing composites (not table composites) by default
	    ))
	ORDER BY CASE
	       WHEN typtype IN ('b', 'e', 'p') THEN 0           -- First base types, enums, pseudo-types
	       WHEN typtype = 'c' THEN 1                        -- Composites after (fields loaded later in 2nd pass)
	       WHEN typtype = 'r' THEN 2                        -- Ranges after
	       WHEN typtype = 'm' THEN 3                        -- Multiranges after
	       WHEN typtype = 'd' AND elemtyptype <> 'a' THEN 4 -- Domains over non-arrays after
	       WHEN typtype = 'a' THEN 5                        -- Arrays after
	       WHEN typtype = 'd' AND elemtyptype = 'a' THEN 6  -- Domains over arrays last
	END;
	
	-- Load field definitions for (free-standing) composite types
	SELECT typ.oid, att.attname, att.atttypid
	FROM pg_type AS typ
	JOIN pg_namespace AS ns ON (ns.oid = typ.typnamespace)
	JOIN pg_class AS cls ON (cls.oid = typ.typrelid)
	JOIN pg_attribute AS att ON (att.attrelid = typ.typrelid)
	WHERE
	  (typ.typtype = 'c' AND cls.relkind='c') AND
	  attnum > 0 AND     -- Don't load system attributes
	  NOT attisdropped
	ORDER BY typ.oid, att.attnum;
	
	-- Load enum fields
	SELECT pg_type.oid, enumlabel
	FROM pg_enum
	JOIN pg_type ON pg_type.oid=enumtypid
	ORDER BY oid, enumsortorder;
	
2024-10-04 09:37:46.287 UTC [350] LOG:  statement: SELECT version();
	
	SELECT ns.nspname, t.oid, t.typname, t.typtype, t.typnotnull, t.elemtypoid
	FROM (
	    -- Arrays have typtype=b - this subquery identifies them by their typreceive and converts their typtype to a
	    -- We first do this for the type (innerest-most subquery), and then for its element type
	    -- This also returns the array element, range subtype and domain base type as elemtypoid
	    SELECT
	        typ.oid, typ.typnamespace, typ.typname, typ.typtype, typ.typrelid, typ.typnotnull, typ.relkind,
	        elemtyp.oid AS elemtypoid, elemtyp.typname AS elemtypname, elemcls.relkind AS elemrelkind,
	        CASE WHEN elemproc.proname='array_recv' THEN 'a' ELSE elemtyp.typtype END AS elemtyptype
	    FROM (
	        SELECT typ.oid, typnamespace, typname, typrelid, typnotnull, relkind, typelem AS elemoid,
	            CASE WHEN proc.proname='array_recv' THEN 'a' ELSE typ.typtype END AS typtype,
	            CASE
	                WHEN proc.proname='array_recv' THEN typ.typelem
	                WHEN typ.typtype='r' THEN rngsubtype
	                WHEN typ.typtype='m' THEN (SELECT rngtypid FROM pg_range WHERE rngmultitypid = typ.oid)
	                WHEN typ.typtype='d' THEN typ.typbasetype
	            END AS elemtypoid
	        FROM pg_type AS typ
	        LEFT JOIN pg_class AS cls ON (cls.oid = typ.typrelid)
	        LEFT JOIN pg_proc AS proc ON proc.oid = typ.typreceive
	        LEFT JOIN pg_range ON (pg_range.rngtypid = typ.oid)
	    ) AS typ
	    LEFT JOIN pg_type AS elemtyp ON elemtyp.oid = elemtypoid
	    LEFT JOIN pg_class AS elemcls ON (elemcls.oid = elemtyp.typrelid)
	    LEFT JOIN pg_proc AS elemproc ON elemproc.oid = elemtyp.typreceive
	) AS t
	JOIN pg_namespace AS ns ON (ns.oid = typnamespace)
	WHERE
	    typtype IN ('b', 'r', 'm', 'e', 'd') OR -- Base, range, multirange, enum, domain
	    (typtype = 'c' AND relkind='c') OR -- User-defined free-standing composites (not table composites) by default
	    (typtype = 'p' AND typname IN ('record', 'void', 'unknown')) OR -- Some special supported pseudo-types
	    (typtype = 'a' AND (  -- Array of...
	        elemtyptype IN ('b', 'r', 'm', 'e', 'd') OR -- Array of base, range, multirange, enum, domain
	        (elemtyptype = 'p' AND elemtypname IN ('record', 'void')) OR -- Arrays of special supported pseudo-types
	        (elemtyptype = 'c' AND elemrelkind='c') -- Array of user-defined free-standing composites (not table composites) by default
	    ))
	ORDER BY CASE
	       WHEN typtype IN ('b', 'e', 'p') THEN 0           -- First base types, enums, pseudo-types
	       WHEN typtype = 'c' THEN 1                        -- Composites after (fields loaded later in 2nd pass)
	       WHEN typtype = 'r' THEN 2                        -- Ranges after
	       WHEN typtype = 'm' THEN 3                        -- Multiranges after
	       WHEN typtype = 'd' AND elemtyptype <> 'a' THEN 4 -- Domains over non-arrays after
	       WHEN typtype = 'a' THEN 5                        -- Arrays after
	       WHEN typtype = 'd' AND elemtyptype = 'a' THEN 6  -- Domains over arrays last
	END;
	
	-- Load field definitions for (free-standing) composite types
	SELECT typ.oid, att.attname, att.atttypid
	FROM pg_type AS typ
	JOIN pg_namespace AS ns ON (ns.oid = typ.typnamespace)
	JOIN pg_class AS cls ON (cls.oid = typ.typrelid)
	JOIN pg_attribute AS att ON (att.attrelid = typ.typrelid)
	WHERE
	  (typ.typtype = 'c' AND cls.relkind='c') AND
	  attnum > 0 AND     -- Don't load system attributes
	  NOT attisdropped
	ORDER BY typ.oid, att.attnum;
	
	-- Load enum fields
	SELECT pg_type.oid, enumlabel
	FROM pg_enum
	JOIN pg_type ON pg_type.oid=enumtypid
	ORDER BY oid, enumsortorder;
	
2024-10-04 09:37:46.370 UTC [350] LOG:  execute <unnamed>: SELECT EXISTS (
	    SELECT 1 FROM pg_catalog.pg_class c
	    JOIN pg_catalog.pg_namespace n ON n.oid=c.relnamespace
	    WHERE n.nspname='public' AND
	          c.relname='__EFMigrationsHistory'
	)
2024-10-04 09:37:46.497 UTC [350] LOG:  statement: DISCARD ALL
2024-10-04 09:37:46.504 UTC [350] LOG:  execute <unnamed>: SELECT "MigrationId", "ProductVersion"
	FROM "__EFMigrationsHistory"
	ORDER BY "MigrationId"
2024-10-04 09:37:46.554 UTC [350] LOG:  statement: DISCARD ALL
2024-10-04 09:37:46.556 UTC [350] LOG:  execute <unnamed>: SELECT EXISTS (
	    SELECT 1 FROM pg_catalog.pg_class c
	    JOIN pg_catalog.pg_namespace n ON n.oid=c.relnamespace
	    WHERE n.nspname='public' AND
	          c.relname='__EFMigrationsHistory'
	)
2024-10-04 09:37:46.587 UTC [350] LOG:  statement: DISCARD ALL
2024-10-04 09:37:46.588 UTC [350] LOG:  execute <unnamed>: SELECT EXISTS (
	    SELECT 1 FROM pg_catalog.pg_class c
	    JOIN pg_catalog.pg_namespace n ON n.oid=c.relnamespace
	    WHERE n.nspname='public' AND
	          c.relname='__EFMigrationsHistory'
	)
2024-10-04 09:37:46.590 UTC [350] LOG:  statement: DISCARD ALL
2024-10-04 09:37:46.590 UTC [350] LOG:  execute <unnamed>: SELECT "MigrationId", "ProductVersion"
	FROM "__EFMigrationsHistory"
	ORDER BY "MigrationId"
2024-10-04 09:37:58.067 UTC [363] LOG:  invalid length of startup packet
2024-10-04 09:38:12.974 UTC [371] LOG:  invalid length of startup packet
2024-10-04 09:38:27.985 UTC [389] LOG:  invalid length of startup packet
2024-10-04 09:38:39.997 UTC [49] LOG:  checkpoint starting: time
2024-10-04 09:38:43.014 UTC [398] LOG:  invalid length of startup packet
2024-10-04 09:38:46.354 UTC [49] LOG:  checkpoint complete: wrote 50 buffers (0.3%); 0 WAL file(s) added, 0 removed, 0 recycled; write=5.818 s, sync=0.275 s, total=6.359 s; sync files=16, longest=0.122 s, average=0.018 s; distance=397 kB, estimate=397 kB; lsn=0/35D2640, redo lsn=0/35D2608
2024-10-04 09:38:58.162 UTC [408] LOG:  invalid length of startup packet
2024-10-04 09:39:12.971 UTC [426] LOG:  invalid length of startup packet
2024-10-04 09:39:27.969 UTC [436] LOG:  invalid length of startup packet
2024-10-04 09:39:42.970 UTC [453] LOG:  invalid length of startup packet
2024-10-04 09:39:57.973 UTC [463] LOG:  invalid length of startup packet
2024-10-04 09:40:12.971 UTC [480] LOG:  invalid length of startup packet
2024-10-04 09:40:27.971 UTC [490] LOG:  invalid length of startup packet
2024-10-04 09:40:42.972 UTC [507] LOG:  invalid length of startup packet
2024-10-04 09:40:57.973 UTC [516] LOG:  invalid length of startup packet
2024-10-04 09:41:12.974 UTC [525] LOG:  invalid length of startup packet
2024-10-04 09:41:27.974 UTC [543] LOG:  invalid length of startup packet
2024-10-04 09:41:42.968 UTC [552] LOG:  invalid length of startup packet
2024-10-04 09:41:57.965 UTC [570] LOG:  invalid length of startup packet
2024-10-04 09:42:12.980 UTC [579] LOG:  invalid length of startup packet
2024-10-04 09:42:27.977 UTC [596] LOG:  invalid length of startup packet
2024-10-04 09:42:42.974 UTC [606] LOG:  invalid length of startup packet
2024-10-04 09:42:57.975 UTC [624] LOG:  invalid length of startup packet
2024-10-04 09:43:12.976 UTC [633] LOG:  invalid length of startup packet
2024-10-04 09:43:27.975 UTC [651] LOG:  invalid length of startup packet
2024-10-04 09:43:42.977 UTC [660] LOG:  invalid length of startup packet
2024-10-04 09:43:57.977 UTC [678] LOG:  invalid length of startup packet
2024-10-04 09:44:12.976 UTC [687] LOG:  invalid length of startup packet
2024-10-04 09:44:27.976 UTC [705] LOG:  invalid length of startup packet
2024-10-04 09:44:42.977 UTC [714] LOG:  invalid length of startup packet
2024-10-04 09:44:57.979 UTC [732] LOG:  invalid length of startup packet
2024-10-04 09:45:12.979 UTC [741] LOG:  invalid length of startup packet
2024-10-04 09:45:27.978 UTC [759] LOG:  invalid length of startup packet
2024-10-04 09:45:42.979 UTC [768] LOG:  invalid length of startup packet
2024-10-04 09:45:57.988 UTC [786] LOG:  invalid length of startup packet
2024-10-04 09:46:12.994 UTC [794] LOG:  invalid length of startup packet
2024-10-04 09:46:27.985 UTC [812] LOG:  invalid length of startup packet
2024-10-04 09:46:42.981 UTC [821] LOG:  invalid length of startup packet
2024-10-04 09:46:57.980 UTC [838] LOG:  invalid length of startup packet
2024-10-04 09:47:12.983 UTC [847] LOG:  invalid length of startup packet
2024-10-04 09:47:27.991 UTC [862] LOG:  invalid length of startup packet
2024-10-04 09:47:42.982 UTC [873] LOG:  invalid length of startup packet
2024-10-04 09:47:57.982 UTC [883] LOG:  invalid length of startup packet
2024-10-04 09:48:12.982 UTC [900] LOG:  invalid length of startup packet
2024-10-04 09:48:27.983 UTC [910] LOG:  invalid length of startup packet
2024-10-04 09:48:42.982 UTC [928] LOG:  invalid length of startup packet
2024-10-04 09:48:57.984 UTC [938] LOG:  invalid length of startup packet
2024-10-04 09:49:12.984 UTC [955] LOG:  invalid length of startup packet
2024-10-04 09:49:27.984 UTC [966] LOG:  invalid length of startup packet
2024-10-04 09:49:42.985 UTC [983] LOG:  invalid length of startup packet
