2024-10-07 17:49:05.826 UTC [41] LOG:  starting PostgreSQL 16.4 on x86_64-pc-linux-gnu, compiled by gcc (Debian 12.2.0-14) 12.2.0, 64-bit
2024-10-07 17:49:05.827 UTC [41] LOG:  listening on IPv4 address "0.0.0.0", port 5432
2024-10-07 17:49:05.827 UTC [41] LOG:  listening on IPv6 address "::", port 5432
2024-10-07 17:49:05.832 UTC [41] LOG:  listening on Unix socket "/tmp/.s.PGSQL.5432"
2024-10-07 17:49:05.870 UTC [49] LOG:  database system was interrupted; last known up at 2024-10-07 17:46:10 UTC
2024-10-07 17:49:07.695 UTC [51] FATAL:  the database system is starting up
2024-10-07 17:49:07.822 UTC [49] LOG:  database system was not properly shut down; automatic recovery in progress
2024-10-07 17:49:07.857 UTC [49] LOG:  redo starts at 0/87C6140
2024-10-07 17:49:07.858 UTC [49] LOG:  invalid record length at 0/87C6228: expected at least 24, got 0
2024-10-07 17:49:07.858 UTC [49] LOG:  redo done at 0/87C61F0 system usage: CPU: user: 0.00 s, system: 0.00 s, elapsed: 0.00 s
2024-10-07 17:49:07.891 UTC [47] LOG:  checkpoint starting: end-of-recovery immediate wait
2024-10-07 17:49:08.008 UTC [47] LOG:  checkpoint complete: wrote 3 buffers (0.0%); 0 WAL file(s) added, 0 removed, 0 recycled; write=0.015 s, sync=0.003 s, total=0.119 s; sync files=2, longest=0.002 s, average=0.002 s; distance=0 kB, estimate=0 kB; lsn=0/87C6228, redo lsn=0/87C6228
2024-10-07 17:49:08.022 UTC [41] LOG:  database system is ready to accept connections
2024-10-07 17:49:09.799 UTC [65] LOG:  statement: DO $$
	BEGIN
	   IF NOT EXISTS (SELECT FROM pg_catalog.pg_roles WHERE rolname = 'myuser') THEN
	      CREATE ROLE myuser LOGIN PASSWORD 'rNk0-ZIiOuiraLV-Vp7E';
	      ALTER ROLE myuser CREATEDB;  -- Grant CREATEDB privilege
	   ELSE
	      ALTER ROLE myuser CREATEDB;  -- Ensure CREATEDB privilege is granted if the role exists
	   END IF;
	END
	$$;
2024-10-07 17:49:09.859 UTC [68] LOG:  statement: SELECT 1 FROM pg_database WHERE datname='your_postgres_db'
2024-10-07 17:49:09.886 UTC [72] LOG:  statement: SELECT 1 FROM pg_roles WHERE rolname='myuser'
2024-10-07 17:49:09.903 UTC [41] LOG:  received SIGHUP, reloading configuration files
2024-10-07 17:49:26.186 UTC [100] LOG:  statement: SELECT 1 FROM pg_roles WHERE rolname='vault'
2024-10-07 17:49:26.513 UTC [107] LOG:  statement: ALTER ROLE vault WITH PASSWORD 'your_actual_password' SUPERUSER CREATEROLE;
2024-10-07 17:49:27.112 UTC [126] LOG:  statement: SELECT pg_reload_conf();
2024-10-07 17:49:27.114 UTC [41] LOG:  received SIGHUP, reloading configuration files
2024-10-07 17:49:27.314 UTC [133] LOG:  statement: GRANT ALL PRIVILEGES ON ALL TABLES IN SCHEMA public TO "vault";
2024-10-07 17:49:27.531 UTC [140] LOG:  statement: GRANT ALL PRIVILEGES ON ALL SEQUENCES IN SCHEMA public TO "vault";
2024-10-07 17:49:27.707 UTC [147] LOG:  statement: GRANT ALL PRIVILEGES ON ALL FUNCTIONS IN SCHEMA public TO "vault";
2024-10-07 17:49:27.887 UTC [154] LOG:  statement: GRANT USAGE ON SCHEMA public TO "vault";
2024-10-07 17:49:28.711 UTC [155] LOG:  statement: ;
2024-10-07 17:49:30.788 UTC [155] LOG:  statement: ;
2024-10-07 17:49:30.788 UTC [155] LOG:  statement: begin
2024-10-07 17:49:30.789 UTC [155] LOG:  statement: CREATE ROLE "v-root-vault-9ptXEd9A9Os12jj1UAfZ-1728323370" WITH LOGIN PASSWORD 'TUol--oqmS5AZzkPAp5B' VALID UNTIL '2024-10-07 18:49:35+0000'
2024-10-07 17:49:30.810 UTC [155] LOG:  statement: GRANT SELECT, INSERT, UPDATE, DELETE ON ALL TABLES IN SCHEMA public TO "v-root-vault-9ptXEd9A9Os12jj1UAfZ-1728323370"
2024-10-07 17:49:30.824 UTC [155] LOG:  statement: commit
2024-10-07 17:49:48.013 UTC [155] LOG:  statement: ;
2024-10-07 17:49:48.017 UTC [155] LOG:  statement: begin
2024-10-07 17:49:48.018 UTC [155] LOG:  statement: CREATE ROLE "v-approle-vault-9ZWznXAM6oOcDdGFsxCL-1728323388" WITH LOGIN PASSWORD 'D1vFzhxxPFI0-jyoIeSu' VALID UNTIL '2024-10-07 18:49:53+0000'
2024-10-07 17:49:48.086 UTC [155] LOG:  statement: GRANT SELECT, INSERT, UPDATE, DELETE ON ALL TABLES IN SCHEMA public TO "v-approle-vault-9ZWznXAM6oOcDdGFsxCL-1728323388"
2024-10-07 17:49:48.107 UTC [155] LOG:  statement: commit
2024-10-07 17:49:48.304 UTC [155] LOG:  statement: ;
2024-10-07 17:49:48.305 UTC [155] LOG:  statement: begin
2024-10-07 17:49:48.305 UTC [155] LOG:  statement: ALTER ROLE "v-approle-vault-9ZWznXAM6oOcDdGFsxCL-1728323388" VALID UNTIL '2024-10-07 18:49:53+0000'
2024-10-07 17:49:48.306 UTC [155] LOG:  statement: commit
2024-10-07 17:49:48.409 UTC [155] LOG:  statement: ;
2024-10-07 17:49:48.409 UTC [155] LOG:  statement: begin
2024-10-07 17:49:48.410 UTC [155] LOG:  statement: ALTER ROLE "v-approle-vault-9ZWznXAM6oOcDdGFsxCL-1728323388" VALID UNTIL '2024-10-07 18:49:53+0000'
2024-10-07 17:49:48.412 UTC [155] LOG:  statement: commit
2024-10-07 17:49:48.466 UTC [155] LOG:  statement: ;
2024-10-07 17:49:48.466 UTC [155] LOG:  statement: begin
2024-10-07 17:49:48.467 UTC [155] LOG:  statement: ALTER ROLE "v-approle-vault-9ZWznXAM6oOcDdGFsxCL-1728323388" VALID UNTIL '2024-10-07 18:49:53+0000'
2024-10-07 17:49:48.468 UTC [155] LOG:  statement: commit
2024-10-07 17:49:59.344 UTC [182] LOG:  invalid length of startup packet
2024-10-07 17:50:14.346 UTC [199] LOG:  invalid length of startup packet
2024-10-07 17:50:29.366 UTC [209] LOG:  invalid length of startup packet
2024-10-07 17:50:44.384 UTC [217] LOG:  invalid length of startup packet
2024-10-07 17:51:03.297 UTC [225] LOG:  invalid length of startup packet
2024-10-07 17:51:14.389 UTC [228] LOG:  invalid length of startup packet
2024-10-07 17:51:29.362 UTC [238] LOG:  invalid length of startup packet
2024-10-07 17:51:44.341 UTC [255] LOG:  invalid length of startup packet
2024-10-07 17:51:59.341 UTC [264] LOG:  invalid length of startup packet
2024-10-07 17:52:14.344 UTC [280] LOG:  invalid length of startup packet
2024-10-07 17:52:29.410 UTC [290] LOG:  invalid length of startup packet
2024-10-07 17:52:44.451 UTC [302] LOG:  invalid length of startup packet
2024-10-07 17:52:59.780 UTC [313] LOG:  invalid length of startup packet
2024-10-07 17:53:14.374 UTC [322] LOG:  invalid length of startup packet
2024-10-07 17:53:29.352 UTC [332] LOG:  invalid length of startup packet
2024-10-07 17:53:44.377 UTC [348] LOG:  invalid length of startup packet
2024-10-07 17:53:59.391 UTC [360] LOG:  invalid length of startup packet
2024-10-07 17:54:07.268 UTC [47] LOG:  checkpoint starting: time
2024-10-07 17:54:10.535 UTC [47] LOG:  checkpoint complete: wrote 31 buffers (0.2%); 0 WAL file(s) added, 0 removed, 0 recycled; write=3.209 s, sync=0.016 s, total=3.265 s; sync files=11, longest=0.005 s, average=0.002 s; distance=203 kB, estimate=203 kB; lsn=0/87F9138, redo lsn=0/87F9100
2024-10-07 17:54:14.388 UTC [370] LOG:  invalid length of startup packet
2024-10-07 17:54:29.356 UTC [388] LOG:  invalid length of startup packet
2024-10-07 17:54:44.351 UTC [396] LOG:  invalid length of startup packet
2024-10-07 17:54:59.430 UTC [406] LOG:  invalid length of startup packet
2024-10-07 17:55:15.316 UTC [415] LOG:  invalid length of startup packet
2024-10-07 17:55:29.134 UTC [424] LOG:  invalid length of startup packet
2024-10-07 17:55:44.137 UTC [432] LOG:  invalid length of startup packet
2024-10-07 17:55:59.359 UTC [441] LOG:  invalid length of startup packet
2024-10-07 17:56:14.821 UTC [456] LOG:  invalid length of startup packet
2024-10-07 17:56:29.357 UTC [469] LOG:  invalid length of startup packet
2024-10-07 17:56:44.354 UTC [478] LOG:  invalid length of startup packet
2024-10-07 17:56:59.350 UTC [497] LOG:  invalid length of startup packet
2024-10-07 17:57:14.358 UTC [506] LOG:  invalid length of startup packet
2024-10-07 17:57:29.344 UTC [515] LOG:  invalid length of startup packet
2024-10-07 17:57:44.383 UTC [532] LOG:  invalid length of startup packet
2024-10-07 17:57:59.656 UTC [542] LOG:  invalid length of startup packet
2024-10-07 17:58:14.358 UTC [551] LOG:  invalid length of startup packet
2024-10-07 17:58:16.745 UTC [155] LOG:  statement: ;
2024-10-07 17:58:16.769 UTC [155] LOG:  statement: begin
2024-10-07 17:58:16.809 UTC [155] LOG:  statement: CREATE ROLE "v-root-vault-TfWz4rpcvz5RFqktWg5n-1728323896" WITH LOGIN PASSWORD 'GkUxqfaOf0oQM-EwTpBC' VALID UNTIL '2024-10-07 18:58:21+0000'
2024-10-07 17:58:17.107 UTC [155] LOG:  statement: GRANT SELECT, INSERT, UPDATE, DELETE ON ALL TABLES IN SCHEMA public TO "v-root-vault-TfWz4rpcvz5RFqktWg5n-1728323896"
2024-10-07 17:58:17.172 UTC [155] LOG:  statement: commit
2024-10-07 17:58:17.210 UTC [155] LOG:  statement: ;
2024-10-07 17:58:17.211 UTC [155] LOG:  statement: begin
2024-10-07 17:58:17.212 UTC [155] LOG:  statement: CREATE ROLE "v-root-vault-CUfXJHOeXIFdtFxeEwG8-1728323897" WITH LOGIN PASSWORD 'bD1Ra2ATK2vJQr4LbYv-' VALID UNTIL '2024-10-07 18:58:21+0000'
2024-10-07 17:58:17.346 UTC [155] LOG:  statement: GRANT SELECT, INSERT, UPDATE, DELETE ON ALL TABLES IN SCHEMA public TO "v-root-vault-CUfXJHOeXIFdtFxeEwG8-1728323897"
2024-10-07 17:58:17.366 UTC [155] LOG:  statement: commit
2024-10-07 17:58:21.217 UTC [155] LOG:  statement: ;
2024-10-07 17:58:21.218 UTC [155] LOG:  statement: begin
2024-10-07 17:58:21.219 UTC [155] LOG:  statement: CREATE ROLE "v-root-vault-XCWzJpzg0188yj741G97-1728323901" WITH LOGIN PASSWORD 'z-ndHp4pxzUt0xTon4dr' VALID UNTIL '2024-10-07 18:58:26+0000'
2024-10-07 17:58:21.268 UTC [155] LOG:  statement: GRANT SELECT, INSERT, UPDATE, DELETE ON ALL TABLES IN SCHEMA public TO "v-root-vault-XCWzJpzg0188yj741G97-1728323901"
2024-10-07 17:58:21.288 UTC [155] LOG:  statement: commit
2024-10-07 17:58:21.306 UTC [155] LOG:  statement: ;
2024-10-07 17:58:21.307 UTC [155] LOG:  statement: begin
2024-10-07 17:58:21.309 UTC [155] LOG:  statement: CREATE ROLE "v-root-vault-FiF4bHnT6HnotYKslrn6-1728323901" WITH LOGIN PASSWORD 'HbkBQQ-51Y-TuhXb2Qnt' VALID UNTIL '2024-10-07 18:58:26+0000'
2024-10-07 17:58:21.371 UTC [155] LOG:  statement: GRANT SELECT, INSERT, UPDATE, DELETE ON ALL TABLES IN SCHEMA public TO "v-root-vault-FiF4bHnT6HnotYKslrn6-1728323901"
2024-10-07 17:58:21.385 UTC [155] LOG:  statement: commit
2024-10-07 17:58:29.357 UTC [568] LOG:  invalid length of startup packet
2024-10-07 17:58:44.394 UTC [577] LOG:  invalid length of startup packet
2024-10-07 17:58:59.834 UTC [587] LOG:  invalid length of startup packet
2024-10-07 17:59:07.634 UTC [47] LOG:  checkpoint starting: time
2024-10-07 17:59:14.851 UTC [594] LOG:  invalid length of startup packet
2024-10-07 17:59:22.154 UTC [47] LOG:  checkpoint complete: wrote 35 buffers (0.2%); 0 WAL file(s) added, 0 removed, 0 recycled; write=11.712 s, sync=0.069 s, total=14.534 s; sync files=11, longest=0.017 s, average=0.007 s; distance=230 kB, estimate=230 kB; lsn=0/8832D30, redo lsn=0/8832CF8
2024-10-07 17:59:30.913 UTC [597] LOG:  could not send data to client: Broken pipe
2024-10-07 17:59:31.082 UTC [597] FATAL:  connection to client lost
2024-10-07 17:59:31.234 UTC [598] LOG:  invalid length of startup packet
2024-10-07 17:59:45.115 UTC [599] LOG:  invalid length of startup packet
2024-10-07 17:59:59.529 UTC [608] LOG:  invalid length of startup packet
2024-10-07 18:00:14.484 UTC [617] LOG:  invalid length of startup packet
2024-10-07 18:00:29.354 UTC [627] LOG:  invalid length of startup packet
2024-10-07 18:00:39.072 UTC [155] LOG:  statement: ;
2024-10-07 18:00:39.073 UTC [155] LOG:  statement: begin
2024-10-07 18:00:39.087 UTC [155] LOG:  statement: CREATE ROLE "v-root-vault-jd2DCUMPoajTscr8kcYt-1728324039" WITH LOGIN PASSWORD 'BOIO047Q2M-kLPcqMqFX' VALID UNTIL '2024-10-07 19:00:44+0000'
2024-10-07 18:00:39.112 UTC [155] LOG:  statement: GRANT SELECT, INSERT, UPDATE, DELETE ON ALL TABLES IN SCHEMA public TO "v-root-vault-jd2DCUMPoajTscr8kcYt-1728324039"
2024-10-07 18:00:39.126 UTC [155] LOG:  statement: commit
2024-10-07 18:00:43.441 UTC [644] LOG:  statement: SELECT version();
	
	SELECT ns.nspname, t.oid, t.typname, t.typtype, t.typnotnull, t.elemtypoid
	FROM (
	    -- Arrays have typtype=b - this subquery identifies them by their typreceive and converts their typtype to a
	    -- We first do this for the type (innerest-most subquery), and then for its element type
	    -- This also returns the array element, range subtype and domain base type as elemtypoid
	    SELECT
	        typ.oid, typ.typnamespace, typ.typname, typ.typtype, typ.typrelid, typ.typnotnull, typ.relkind,
	        elemtyp.oid AS elemtypoid, elemtyp.typname AS elemtypname, elemcls.relkind AS elemrelkind,
	        CASE WHEN elemproc.proname='array_recv' THEN 'a' ELSE elemtyp.typtype END AS elemtyptype
	    FROM (
	        SELECT typ.oid, typnamespace, typname, typrelid, typnotnull, relkind, typelem AS elemoid,
	            CASE WHEN proc.proname='array_recv' THEN 'a' ELSE typ.typtype END AS typtype,
	            CASE
	                WHEN proc.proname='array_recv' THEN typ.typelem
	                WHEN typ.typtype='r' THEN rngsubtype
	                WHEN typ.typtype='m' THEN (SELECT rngtypid FROM pg_range WHERE rngmultitypid = typ.oid)
	                WHEN typ.typtype='d' THEN typ.typbasetype
	            END AS elemtypoid
	        FROM pg_type AS typ
	        LEFT JOIN pg_class AS cls ON (cls.oid = typ.typrelid)
	        LEFT JOIN pg_proc AS proc ON proc.oid = typ.typreceive
	        LEFT JOIN pg_range ON (pg_range.rngtypid = typ.oid)
	    ) AS typ
	    LEFT JOIN pg_type AS elemtyp ON elemtyp.oid = elemtypoid
	    LEFT JOIN pg_class AS elemcls ON (elemcls.oid = elemtyp.typrelid)
	    LEFT JOIN pg_proc AS elemproc ON elemproc.oid = elemtyp.typreceive
	) AS t
	JOIN pg_namespace AS ns ON (ns.oid = typnamespace)
	WHERE
	    typtype IN ('b', 'r', 'm', 'e', 'd') OR -- Base, range, multirange, enum, domain
	    (typtype = 'c' AND relkind='c') OR -- User-defined free-standing composites (not table composites) by default
	    (typtype = 'p' AND typname IN ('record', 'void', 'unknown')) OR -- Some special supported pseudo-types
	    (typtype = 'a' AND (  -- Array of...
	        elemtyptype IN ('b', 'r', 'm', 'e', 'd') OR -- Array of base, range, multirange, enum, domain
	        (elemtyptype = 'p' AND elemtypname IN ('record', 'void')) OR -- Arrays of special supported pseudo-types
	        (elemtyptype = 'c' AND elemrelkind='c') -- Array of user-defined free-standing composites (not table composites) by default
	    ))
	ORDER BY CASE
	       WHEN typtype IN ('b', 'e', 'p') THEN 0           -- First base types, enums, pseudo-types
	       WHEN typtype = 'c' THEN 1                        -- Composites after (fields loaded later in 2nd pass)
	       WHEN typtype = 'r' THEN 2                        -- Ranges after
	       WHEN typtype = 'm' THEN 3                        -- Multiranges after
	       WHEN typtype = 'd' AND elemtyptype <> 'a' THEN 4 -- Domains over non-arrays after
	       WHEN typtype = 'a' THEN 5                        -- Arrays after
	       WHEN typtype = 'd' AND elemtyptype = 'a' THEN 6  -- Domains over arrays last
	END;
	
	-- Load field definitions for (free-standing) composite types
	SELECT typ.oid, att.attname, att.atttypid
	FROM pg_type AS typ
	JOIN pg_namespace AS ns ON (ns.oid = typ.typnamespace)
	JOIN pg_class AS cls ON (cls.oid = typ.typrelid)
	JOIN pg_attribute AS att ON (att.attrelid = typ.typrelid)
	WHERE
	  (typ.typtype = 'c' AND cls.relkind='c') AND
	  attnum > 0 AND     -- Don't load system attributes
	  NOT attisdropped
	ORDER BY typ.oid, att.attnum;
	
	-- Load enum fields
	SELECT pg_type.oid, enumlabel
	FROM pg_enum
	JOIN pg_type ON pg_type.oid=enumtypid
	ORDER BY oid, enumsortorder;
	
2024-10-07 18:00:43.787 UTC [645] LOG:  statement: SELECT version();
	
	SELECT ns.nspname, t.oid, t.typname, t.typtype, t.typnotnull, t.elemtypoid
	FROM (
	    -- Arrays have typtype=b - this subquery identifies them by their typreceive and converts their typtype to a
	    -- We first do this for the type (innerest-most subquery), and then for its element type
	    -- This also returns the array element, range subtype and domain base type as elemtypoid
	    SELECT
	        typ.oid, typ.typnamespace, typ.typname, typ.typtype, typ.typrelid, typ.typnotnull, typ.relkind,
	        elemtyp.oid AS elemtypoid, elemtyp.typname AS elemtypname, elemcls.relkind AS elemrelkind,
	        CASE WHEN elemproc.proname='array_recv' THEN 'a' ELSE elemtyp.typtype END AS elemtyptype
	    FROM (
	        SELECT typ.oid, typnamespace, typname, typrelid, typnotnull, relkind, typelem AS elemoid,
	            CASE WHEN proc.proname='array_recv' THEN 'a' ELSE typ.typtype END AS typtype,
	            CASE
	                WHEN proc.proname='array_recv' THEN typ.typelem
	                WHEN typ.typtype='r' THEN rngsubtype
	                WHEN typ.typtype='m' THEN (SELECT rngtypid FROM pg_range WHERE rngmultitypid = typ.oid)
	                WHEN typ.typtype='d' THEN typ.typbasetype
	            END AS elemtypoid
	        FROM pg_type AS typ
	        LEFT JOIN pg_class AS cls ON (cls.oid = typ.typrelid)
	        LEFT JOIN pg_proc AS proc ON proc.oid = typ.typreceive
	        LEFT JOIN pg_range ON (pg_range.rngtypid = typ.oid)
	    ) AS typ
	    LEFT JOIN pg_type AS elemtyp ON elemtyp.oid = elemtypoid
	    LEFT JOIN pg_class AS elemcls ON (elemcls.oid = elemtyp.typrelid)
	    LEFT JOIN pg_proc AS elemproc ON elemproc.oid = elemtyp.typreceive
	) AS t
	JOIN pg_namespace AS ns ON (ns.oid = typnamespace)
	WHERE
	    typtype IN ('b', 'r', 'm', 'e', 'd') OR -- Base, range, multirange, enum, domain
	    (typtype = 'c' AND relkind='c') OR -- User-defined free-standing composites (not table composites) by default
	    (typtype = 'p' AND typname IN ('record', 'void', 'unknown')) OR -- Some special supported pseudo-types
	    (typtype = 'a' AND (  -- Array of...
	        elemtyptype IN ('b', 'r', 'm', 'e', 'd') OR -- Array of base, range, multirange, enum, domain
	        (elemtyptype = 'p' AND elemtypname IN ('record', 'void')) OR -- Arrays of special supported pseudo-types
	        (elemtyptype = 'c' AND elemrelkind='c') -- Array of user-defined free-standing composites (not table composites) by default
	    ))
	ORDER BY CASE
	       WHEN typtype IN ('b', 'e', 'p') THEN 0           -- First base types, enums, pseudo-types
	       WHEN typtype = 'c' THEN 1                        -- Composites after (fields loaded later in 2nd pass)
	       WHEN typtype = 'r' THEN 2                        -- Ranges after
	       WHEN typtype = 'm' THEN 3                        -- Multiranges after
	       WHEN typtype = 'd' AND elemtyptype <> 'a' THEN 4 -- Domains over non-arrays after
	       WHEN typtype = 'a' THEN 5                        -- Arrays after
	       WHEN typtype = 'd' AND elemtyptype = 'a' THEN 6  -- Domains over arrays last
	END;
	
	-- Load field definitions for (free-standing) composite types
	SELECT typ.oid, att.attname, att.atttypid
	FROM pg_type AS typ
	JOIN pg_namespace AS ns ON (ns.oid = typ.typnamespace)
	JOIN pg_class AS cls ON (cls.oid = typ.typrelid)
	JOIN pg_attribute AS att ON (att.attrelid = typ.typrelid)
	WHERE
	  (typ.typtype = 'c' AND cls.relkind='c') AND
	  attnum > 0 AND     -- Don't load system attributes
	  NOT attisdropped
	ORDER BY typ.oid, att.attnum;
	
	-- Load enum fields
	SELECT pg_type.oid, enumlabel
	FROM pg_enum
	JOIN pg_type ON pg_type.oid=enumtypid
	ORDER BY oid, enumsortorder;
	
2024-10-07 18:00:43.895 UTC [645] LOG:  execute <unnamed>: SELECT EXISTS (
	    SELECT 1 FROM pg_catalog.pg_class c
	    JOIN pg_catalog.pg_namespace n ON n.oid=c.relnamespace
	    WHERE n.nspname='public' AND
	          c.relname='__EFMigrationsHistory'
	)
2024-10-07 18:00:44.094 UTC [645] LOG:  statement: DISCARD ALL
2024-10-07 18:00:44.108 UTC [645] LOG:  execute <unnamed>: SELECT "MigrationId", "ProductVersion"
	FROM "__EFMigrationsHistory"
	ORDER BY "MigrationId"
2024-10-07 18:00:44.197 UTC [645] LOG:  statement: DISCARD ALL
2024-10-07 18:00:44.198 UTC [645] LOG:  execute <unnamed>: SELECT EXISTS (
	    SELECT 1 FROM pg_catalog.pg_class c
	    JOIN pg_catalog.pg_namespace n ON n.oid=c.relnamespace
	    WHERE n.nspname='public' AND
	          c.relname='__EFMigrationsHistory'
	)
2024-10-07 18:00:44.236 UTC [645] LOG:  statement: DISCARD ALL
2024-10-07 18:00:44.240 UTC [645] LOG:  execute <unnamed>: SELECT EXISTS (
	    SELECT 1 FROM pg_catalog.pg_class c
	    JOIN pg_catalog.pg_namespace n ON n.oid=c.relnamespace
	    WHERE n.nspname='public' AND
	          c.relname='__EFMigrationsHistory'
	)
2024-10-07 18:00:44.242 UTC [645] LOG:  statement: DISCARD ALL
2024-10-07 18:00:44.242 UTC [645] LOG:  execute <unnamed>: SELECT "MigrationId", "ProductVersion"
	FROM "__EFMigrationsHistory"
	ORDER BY "MigrationId"
2024-10-07 18:00:44.353 UTC [648] LOG:  invalid length of startup packet
2024-10-07 18:00:59.356 UTC [658] LOG:  invalid length of startup packet
2024-10-07 18:01:14.352 UTC [675] LOG:  invalid length of startup packet
2024-10-07 18:01:29.287 UTC [685] LOG:  invalid length of startup packet
2024-10-07 18:01:44.293 UTC [702] LOG:  invalid length of startup packet
2024-10-07 18:01:59.359 UTC [712] LOG:  invalid length of startup packet
2024-10-07 18:02:14.359 UTC [722] LOG:  invalid length of startup packet
2024-10-07 18:02:51.939 UTC [732] LOG:  could not receive data from client: Connection reset by peer
2024-10-07 18:03:02.942 UTC [735] LOG:  invalid length of startup packet
2024-10-07 18:03:03.941 UTC [736] LOG:  invalid length of startup packet
2024-10-07 18:03:14.423 UTC [752] LOG:  invalid length of startup packet
2024-10-07 18:03:22.499 UTC [761] LOG:  statement: ;
2024-10-07 18:03:22.508 UTC [761] LOG:  statement: ;
2024-10-07 18:03:22.510 UTC [761] LOG:  statement: begin
2024-10-07 18:03:22.515 UTC [761] LOG:  statement: CREATE ROLE "v-root-vault-vhPY30YDiZlaKIOKs4XE-1728324202" WITH LOGIN PASSWORD 'ujVSgrVodI9Focm-2xWX' VALID UNTIL '2024-10-07 19:03:27+0000'
2024-10-07 18:03:22.563 UTC [761] LOG:  statement: GRANT SELECT, INSERT, UPDATE, DELETE ON ALL TABLES IN SCHEMA public TO "v-root-vault-vhPY30YDiZlaKIOKs4XE-1728324202"
2024-10-07 18:03:22.601 UTC [761] LOG:  statement: commit
2024-10-07 18:03:22.883 UTC [761] LOG:  statement: ;
2024-10-07 18:03:22.884 UTC [761] LOG:  statement: begin
2024-10-07 18:03:22.885 UTC [761] LOG:  statement: CREATE ROLE "v-root-vault-eELOjZCz6kgPybd1MZ6x-1728324202" WITH LOGIN PASSWORD 'mbGvoO-NuvRaV6wNTMhj' VALID UNTIL '2024-10-07 19:03:27+0000'
2024-10-07 18:03:22.951 UTC [761] LOG:  statement: GRANT SELECT, INSERT, UPDATE, DELETE ON ALL TABLES IN SCHEMA public TO "v-root-vault-eELOjZCz6kgPybd1MZ6x-1728324202"
2024-10-07 18:03:22.969 UTC [761] LOG:  statement: commit
2024-10-07 18:03:29.422 UTC [762] LOG:  invalid length of startup packet
2024-10-07 18:03:44.350 UTC [781] LOG:  invalid length of startup packet
2024-10-07 18:03:59.351 UTC [790] LOG:  invalid length of startup packet
2024-10-07 18:04:10.445 UTC [47] LOG:  checkpoint starting: time
2024-10-07 18:04:12.668 UTC [791] LOG:  could not receive data from client: Connection reset by peer
2024-10-07 18:04:14.340 UTC [799] LOG:  invalid length of startup packet
2024-10-07 18:04:17.250 UTC [47] LOG:  checkpoint complete: wrote 35 buffers (0.2%); 0 WAL file(s) added, 0 removed, 0 recycled; write=4.887 s, sync=0.014 s, total=8.544 s; sync files=11, longest=0.003 s, average=0.002 s; distance=208 kB, estimate=228 kB; lsn=0/88670B0, redo lsn=0/8867078
2024-10-07 18:04:29.332 UTC [810] LOG:  invalid length of startup packet
2024-10-07 18:04:44.353 UTC [820] LOG:  invalid length of startup packet
2024-10-07 18:04:59.360 UTC [838] LOG:  invalid length of startup packet
2024-10-07 18:05:14.353 UTC [848] LOG:  invalid length of startup packet
2024-10-07 18:05:29.353 UTC [865] LOG:  invalid length of startup packet
2024-10-07 18:05:44.354 UTC [875] LOG:  invalid length of startup packet
2024-10-07 18:05:59.354 UTC [892] LOG:  invalid length of startup packet
2024-10-07 18:06:14.357 UTC [902] LOG:  invalid length of startup packet
2024-10-07 18:06:29.357 UTC [919] LOG:  invalid length of startup packet
2024-10-07 18:06:44.353 UTC [929] LOG:  invalid length of startup packet
2024-10-07 18:06:59.354 UTC [946] LOG:  invalid length of startup packet
2024-10-07 18:07:14.355 UTC [956] LOG:  invalid length of startup packet
2024-10-07 18:07:29.355 UTC [972] LOG:  invalid length of startup packet
2024-10-07 18:07:44.355 UTC [982] LOG:  invalid length of startup packet
2024-10-07 18:07:59.355 UTC [999] LOG:  invalid length of startup packet
2024-10-07 18:08:14.357 UTC [1009] LOG:  invalid length of startup packet
2024-10-07 18:08:22.927 UTC [761] LOG:  statement: ;
2024-10-07 18:08:22.930 UTC [761] LOG:  statement: begin
2024-10-07 18:08:22.934 UTC [761] LOG:  statement: CREATE ROLE "v-root-vault-RfoihxsuIXo5BgqWP0Ai-1728324502" WITH LOGIN PASSWORD 'Ll7y-crRKJipnK5Hrlhg' VALID UNTIL '2024-10-07 19:08:27+0000'
2024-10-07 18:08:22.951 UTC [761] LOG:  statement: GRANT SELECT, INSERT, UPDATE, DELETE ON ALL TABLES IN SCHEMA public TO "v-root-vault-RfoihxsuIXo5BgqWP0Ai-1728324502"
2024-10-07 18:08:22.958 UTC [761] LOG:  statement: commit
2024-10-07 18:08:22.966 UTC [761] LOG:  statement: ;
2024-10-07 18:08:22.967 UTC [761] LOG:  statement: begin
2024-10-07 18:08:22.967 UTC [761] LOG:  statement: CREATE ROLE "v-root-vault-2b4u6ee1e0G5b9m97kge-1728324502" WITH LOGIN PASSWORD 'su87dx778p-tHkxTf3jN' VALID UNTIL '2024-10-07 19:08:27+0000'
2024-10-07 18:08:22.977 UTC [761] LOG:  statement: GRANT SELECT, INSERT, UPDATE, DELETE ON ALL TABLES IN SCHEMA public TO "v-root-vault-2b4u6ee1e0G5b9m97kge-1728324502"
2024-10-07 18:08:22.981 UTC [761] LOG:  statement: commit
2024-10-07 18:08:29.356 UTC [1026] LOG:  invalid length of startup packet
2024-10-07 18:08:44.358 UTC [1036] LOG:  invalid length of startup packet
2024-10-07 18:08:59.358 UTC [1053] LOG:  invalid length of startup packet
2024-10-07 18:09:08.382 UTC [47] LOG:  checkpoint starting: time
2024-10-07 18:09:11.063 UTC [47] LOG:  checkpoint complete: wrote 26 buffers (0.2%); 0 WAL file(s) added, 0 removed, 0 recycled; write=2.640 s, sync=0.007 s, total=2.682 s; sync files=9, longest=0.002 s, average=0.001 s; distance=181 kB, estimate=224 kB; lsn=0/8894598, redo lsn=0/8894560
2024-10-07 18:09:14.363 UTC [1064] LOG:  invalid length of startup packet
2024-10-07 18:09:29.358 UTC [1081] LOG:  invalid length of startup packet
2024-10-07 18:09:44.360 UTC [1091] LOG:  invalid length of startup packet
2024-10-07 18:09:59.361 UTC [1100] LOG:  invalid length of startup packet
2024-10-07 18:10:14.362 UTC [1119] LOG:  invalid length of startup packet
2024-10-07 18:10:29.359 UTC [1128] LOG:  invalid length of startup packet
2024-10-07 18:10:44.361 UTC [1147] LOG:  invalid length of startup packet
2024-10-07 18:10:59.360 UTC [1156] LOG:  invalid length of startup packet
2024-10-07 18:11:08.581 UTC [1166] LOG:  statement: SELECT version();
	
	SELECT ns.nspname, t.oid, t.typname, t.typtype, t.typnotnull, t.elemtypoid
	FROM (
	    -- Arrays have typtype=b - this subquery identifies them by their typreceive and converts their typtype to a
	    -- We first do this for the type (innerest-most subquery), and then for its element type
	    -- This also returns the array element, range subtype and domain base type as elemtypoid
	    SELECT
	        typ.oid, typ.typnamespace, typ.typname, typ.typtype, typ.typrelid, typ.typnotnull, typ.relkind,
	        elemtyp.oid AS elemtypoid, elemtyp.typname AS elemtypname, elemcls.relkind AS elemrelkind,
	        CASE WHEN elemproc.proname='array_recv' THEN 'a' ELSE elemtyp.typtype END AS elemtyptype
	    FROM (
	        SELECT typ.oid, typnamespace, typname, typrelid, typnotnull, relkind, typelem AS elemoid,
	            CASE WHEN proc.proname='array_recv' THEN 'a' ELSE typ.typtype END AS typtype,
	            CASE
	                WHEN proc.proname='array_recv' THEN typ.typelem
	                WHEN typ.typtype='r' THEN rngsubtype
	                WHEN typ.typtype='m' THEN (SELECT rngtypid FROM pg_range WHERE rngmultitypid = typ.oid)
	                WHEN typ.typtype='d' THEN typ.typbasetype
	            END AS elemtypoid
	        FROM pg_type AS typ
	        LEFT JOIN pg_class AS cls ON (cls.oid = typ.typrelid)
	        LEFT JOIN pg_proc AS proc ON proc.oid = typ.typreceive
	        LEFT JOIN pg_range ON (pg_range.rngtypid = typ.oid)
	    ) AS typ
	    LEFT JOIN pg_type AS elemtyp ON elemtyp.oid = elemtypoid
	    LEFT JOIN pg_class AS elemcls ON (elemcls.oid = elemtyp.typrelid)
	    LEFT JOIN pg_proc AS elemproc ON elemproc.oid = elemtyp.typreceive
	) AS t
	JOIN pg_namespace AS ns ON (ns.oid = typnamespace)
	WHERE
	    typtype IN ('b', 'r', 'm', 'e', 'd') OR -- Base, range, multirange, enum, domain
	    (typtype = 'c' AND relkind='c') OR -- User-defined free-standing composites (not table composites) by default
	    (typtype = 'p' AND typname IN ('record', 'void', 'unknown')) OR -- Some special supported pseudo-types
	    (typtype = 'a' AND (  -- Array of...
	        elemtyptype IN ('b', 'r', 'm', 'e', 'd') OR -- Array of base, range, multirange, enum, domain
	        (elemtyptype = 'p' AND elemtypname IN ('record', 'void')) OR -- Arrays of special supported pseudo-types
	        (elemtyptype = 'c' AND elemrelkind='c') -- Array of user-defined free-standing composites (not table composites) by default
	    ))
	ORDER BY CASE
	       WHEN typtype IN ('b', 'e', 'p') THEN 0           -- First base types, enums, pseudo-types
	       WHEN typtype = 'c' THEN 1                        -- Composites after (fields loaded later in 2nd pass)
	       WHEN typtype = 'r' THEN 2                        -- Ranges after
	       WHEN typtype = 'm' THEN 3                        -- Multiranges after
	       WHEN typtype = 'd' AND elemtyptype <> 'a' THEN 4 -- Domains over non-arrays after
	       WHEN typtype = 'a' THEN 5                        -- Arrays after
	       WHEN typtype = 'd' AND elemtyptype = 'a' THEN 6  -- Domains over arrays last
	END;
	
	-- Load field definitions for (free-standing) composite types
	SELECT typ.oid, att.attname, att.atttypid
	FROM pg_type AS typ
	JOIN pg_namespace AS ns ON (ns.oid = typ.typnamespace)
	JOIN pg_class AS cls ON (cls.oid = typ.typrelid)
	JOIN pg_attribute AS att ON (att.attrelid = typ.typrelid)
	WHERE
	  (typ.typtype = 'c' AND cls.relkind='c') AND
	  attnum > 0 AND     -- Don't load system attributes
	  NOT attisdropped
	ORDER BY typ.oid, att.attnum;
	
	-- Load enum fields
	SELECT pg_type.oid, enumlabel
	FROM pg_enum
	JOIN pg_type ON pg_type.oid=enumtypid
	ORDER BY oid, enumsortorder;
	
2024-10-07 18:11:08.731 UTC [1166] LOG:  execute <unnamed>: SELECT p."Id", p."BlobName", p."Brand", p."CategoryId", p."CreatedBy", p."CreatedDate", p."Description", p."InStock", p."IsNew", p."LastModifiedBy", p."LastModifiedDate", p."Name", p."Price", p."Rating", p."Stock", p."Type"
	FROM "Products" AS p
	ORDER BY p."Name"
	LIMIT $1 OFFSET $2
2024-10-07 18:11:08.731 UTC [1166] DETAIL:  parameters: $1 = '10', $2 = '0'
2024-10-07 18:11:14.359 UTC [1175] LOG:  invalid length of startup packet
2024-10-07 18:11:19.944 UTC [1176] LOG:  statement: SELECT version();
	
	SELECT ns.nspname, t.oid, t.typname, t.typtype, t.typnotnull, t.elemtypoid
	FROM (
	    -- Arrays have typtype=b - this subquery identifies them by their typreceive and converts their typtype to a
	    -- We first do this for the type (innerest-most subquery), and then for its element type
	    -- This also returns the array element, range subtype and domain base type as elemtypoid
	    SELECT
	        typ.oid, typ.typnamespace, typ.typname, typ.typtype, typ.typrelid, typ.typnotnull, typ.relkind,
	        elemtyp.oid AS elemtypoid, elemtyp.typname AS elemtypname, elemcls.relkind AS elemrelkind,
	        CASE WHEN elemproc.proname='array_recv' THEN 'a' ELSE elemtyp.typtype END AS elemtyptype
	    FROM (
	        SELECT typ.oid, typnamespace, typname, typrelid, typnotnull, relkind, typelem AS elemoid,
	            CASE WHEN proc.proname='array_recv' THEN 'a' ELSE typ.typtype END AS typtype,
	            CASE
	                WHEN proc.proname='array_recv' THEN typ.typelem
	                WHEN typ.typtype='r' THEN rngsubtype
	                WHEN typ.typtype='m' THEN (SELECT rngtypid FROM pg_range WHERE rngmultitypid = typ.oid)
	                WHEN typ.typtype='d' THEN typ.typbasetype
	            END AS elemtypoid
	        FROM pg_type AS typ
	        LEFT JOIN pg_class AS cls ON (cls.oid = typ.typrelid)
	        LEFT JOIN pg_proc AS proc ON proc.oid = typ.typreceive
	        LEFT JOIN pg_range ON (pg_range.rngtypid = typ.oid)
	    ) AS typ
	    LEFT JOIN pg_type AS elemtyp ON elemtyp.oid = elemtypoid
	    LEFT JOIN pg_class AS elemcls ON (elemcls.oid = elemtyp.typrelid)
	    LEFT JOIN pg_proc AS elemproc ON elemproc.oid = elemtyp.typreceive
	) AS t
	JOIN pg_namespace AS ns ON (ns.oid = typnamespace)
	WHERE
	    typtype IN ('b', 'r', 'm', 'e', 'd') OR -- Base, range, multirange, enum, domain
	    (typtype = 'c' AND relkind='c') OR -- User-defined free-standing composites (not table composites) by default
	    (typtype = 'p' AND typname IN ('record', 'void', 'unknown')) OR -- Some special supported pseudo-types
	    (typtype = 'a' AND (  -- Array of...
	        elemtyptype IN ('b', 'r', 'm', 'e', 'd') OR -- Array of base, range, multirange, enum, domain
	        (elemtyptype = 'p' AND elemtypname IN ('record', 'void')) OR -- Arrays of special supported pseudo-types
	        (elemtyptype = 'c' AND elemrelkind='c') -- Array of user-defined free-standing composites (not table composites) by default
	    ))
	ORDER BY CASE
	       WHEN typtype IN ('b', 'e', 'p') THEN 0           -- First base types, enums, pseudo-types
	       WHEN typtype = 'c' THEN 1                        -- Composites after (fields loaded later in 2nd pass)
	       WHEN typtype = 'r' THEN 2                        -- Ranges after
	       WHEN typtype = 'm' THEN 3                        -- Multiranges after
	       WHEN typtype = 'd' AND elemtyptype <> 'a' THEN 4 -- Domains over non-arrays after
	       WHEN typtype = 'a' THEN 5                        -- Arrays after
	       WHEN typtype = 'd' AND elemtyptype = 'a' THEN 6  -- Domains over arrays last
	END;
	
	-- Load field definitions for (free-standing) composite types
	SELECT typ.oid, att.attname, att.atttypid
	FROM pg_type AS typ
	JOIN pg_namespace AS ns ON (ns.oid = typ.typnamespace)
	JOIN pg_class AS cls ON (cls.oid = typ.typrelid)
	JOIN pg_attribute AS att ON (att.attrelid = typ.typrelid)
	WHERE
	  (typ.typtype = 'c' AND cls.relkind='c') AND
	  attnum > 0 AND     -- Don't load system attributes
	  NOT attisdropped
	ORDER BY typ.oid, att.attnum;
	
	-- Load enum fields
	SELECT pg_type.oid, enumlabel
	FROM pg_enum
	JOIN pg_type ON pg_type.oid=enumtypid
	ORDER BY oid, enumsortorder;
	
2024-10-07 18:11:20.042 UTC [1176] LOG:  execute <unnamed>: SELECT p."Id", p."BlobName", p."Brand", p."CategoryId", p."CreatedBy", p."CreatedDate", p."Description", p."InStock", p."IsNew", p."LastModifiedBy", p."LastModifiedDate", p."Name", p."Price", p."Rating", p."Stock", p."Type"
	FROM "Products" AS p
	ORDER BY p."Name"
	LIMIT $1 OFFSET $2
2024-10-07 18:11:20.042 UTC [1176] DETAIL:  parameters: $1 = '10', $2 = '0'
2024-10-07 18:11:29.359 UTC [1185] LOG:  invalid length of startup packet
2024-10-07 18:11:44.360 UTC [1204] LOG:  invalid length of startup packet
2024-10-07 18:11:59.361 UTC [1213] LOG:  invalid length of startup packet
2024-10-07 18:12:14.363 UTC [1231] LOG:  invalid length of startup packet
2024-10-07 18:12:29.363 UTC [1240] LOG:  invalid length of startup packet
2024-10-07 18:12:44.363 UTC [1258] LOG:  invalid length of startup packet
