2024-10-07 17:30:46.955 UTC [43] LOG:  starting PostgreSQL 16.4 on x86_64-pc-linux-gnu, compiled by gcc (Debian 12.2.0-14) 12.2.0, 64-bit
2024-10-07 17:30:46.959 UTC [43] LOG:  listening on IPv4 address "0.0.0.0", port 5432
2024-10-07 17:30:46.959 UTC [43] LOG:  listening on IPv6 address "::", port 5432
2024-10-07 17:30:46.975 UTC [43] LOG:  listening on Unix socket "/tmp/.s.PGSQL.5432"
2024-10-07 17:30:47.069 UTC [51] LOG:  database system was interrupted; last known up at 2024-10-07 17:21:34 UTC
2024-10-07 17:30:48.692 UTC [53] FATAL:  the database system is starting up
2024-10-07 17:30:50.714 UTC [57] FATAL:  the database system is starting up
2024-10-07 17:30:52.829 UTC [61] FATAL:  the database system is starting up
2024-10-07 17:30:53.179 UTC [70] FATAL:  the database system is starting up
2024-10-07 17:30:54.976 UTC [72] FATAL:  the database system is starting up
2024-10-07 17:30:57.082 UTC [51] LOG:  syncing data directory (pre-fsync), elapsed time: 10.01 s, current path: ./base/4/4169
2024-10-07 17:30:57.183 UTC [76] FATAL:  the database system is starting up
2024-10-07 17:30:59.204 UTC [80] FATAL:  the database system is starting up
2024-10-07 17:31:01.224 UTC [84] FATAL:  the database system is starting up
2024-10-07 17:31:03.303 UTC [88] FATAL:  the database system is starting up
2024-10-07 17:31:04.479 UTC [98] FATAL:  the database system is starting up
2024-10-07 17:31:05.349 UTC [100] FATAL:  the database system is starting up
2024-10-07 17:31:07.301 UTC [51] LOG:  database system was not properly shut down; automatic recovery in progress
2024-10-07 17:31:07.399 UTC [51] LOG:  redo starts at 0/86C0AE0
2024-10-07 17:31:07.412 UTC [104] FATAL:  the database system is not yet accepting connections
2024-10-07 17:31:07.412 UTC [104] DETAIL:  Consistent recovery state has not been yet reached.
2024-10-07 17:31:07.536 UTC [51] LOG:  invalid record length at 0/8720E08: expected at least 24, got 0
2024-10-07 17:31:07.536 UTC [51] LOG:  redo done at 0/8720DD0 system usage: CPU: user: 0.00 s, system: 0.09 s, elapsed: 0.13 s
2024-10-07 17:31:07.598 UTC [49] LOG:  checkpoint starting: end-of-recovery immediate wait
2024-10-07 17:31:07.973 UTC [49] LOG:  checkpoint complete: wrote 55 buffers (0.3%); 0 WAL file(s) added, 0 removed, 0 recycled; write=0.187 s, sync=0.024 s, total=0.380 s; sync files=18, longest=0.003 s, average=0.002 s; distance=384 kB, estimate=384 kB; lsn=0/8720E08, redo lsn=0/8720E08
2024-10-07 17:31:07.996 UTC [43] LOG:  database system is ready to accept connections
2024-10-07 17:31:09.632 UTC [118] LOG:  statement: DO $$
	BEGIN
	   IF NOT EXISTS (SELECT FROM pg_catalog.pg_roles WHERE rolname = 'myuser') THEN
	      CREATE ROLE myuser LOGIN PASSWORD 'your_actual_password';
	      ALTER ROLE myuser CREATEDB;  -- Grant CREATEDB privilege
	   ELSE
	      ALTER ROLE myuser CREATEDB;  -- Ensure CREATEDB privilege is granted if the role exists
	   END IF;
	END
	$$;
2024-10-07 17:31:09.951 UTC [121] LOG:  statement: SELECT 1 FROM pg_database WHERE datname='your_postgres_db'
2024-10-07 17:31:10.056 UTC [125] LOG:  statement: SELECT 1 FROM pg_roles WHERE rolname='myuser'
2024-10-07 17:31:10.093 UTC [43] LOG:  received SIGHUP, reloading configuration files
2024-10-07 17:32:50.067 UTC [218] LOG:  statement: SELECT 1 FROM pg_roles WHERE rolname='vault'
2024-10-07 17:32:50.260 UTC [225] LOG:  statement: ALTER ROLE vault WITH PASSWORD 'your_actual_password' SUPERUSER CREATEROLE;
2024-10-07 17:32:50.984 UTC [244] LOG:  statement: SELECT pg_reload_conf();
2024-10-07 17:32:51.034 UTC [43] LOG:  received SIGHUP, reloading configuration files
2024-10-07 17:32:51.675 UTC [251] LOG:  statement: GRANT ALL PRIVILEGES ON ALL TABLES IN SCHEMA public TO "vault";
2024-10-07 17:32:51.843 UTC [258] LOG:  statement: GRANT ALL PRIVILEGES ON ALL SEQUENCES IN SCHEMA public TO "vault";
2024-10-07 17:32:52.027 UTC [265] LOG:  statement: GRANT ALL PRIVILEGES ON ALL FUNCTIONS IN SCHEMA public TO "vault";
2024-10-07 17:32:52.182 UTC [272] LOG:  statement: GRANT USAGE ON SCHEMA public TO "vault";
2024-10-07 17:32:52.684 UTC [273] LOG:  statement: ;
2024-10-07 17:32:55.061 UTC [273] LOG:  statement: ;
2024-10-07 17:32:55.062 UTC [273] LOG:  statement: begin
2024-10-07 17:32:55.062 UTC [273] LOG:  statement: CREATE ROLE "v-root-vault-ByQs09grzEqqwKwGAYnF-1728322375" WITH LOGIN PASSWORD 'rNk0-ZIiOuiraLV-Vp7E' VALID UNTIL '2024-10-07 18:33:00+0000'
2024-10-07 17:32:55.077 UTC [273] LOG:  statement: GRANT SELECT, INSERT, UPDATE, DELETE ON ALL TABLES IN SCHEMA public TO "v-root-vault-ByQs09grzEqqwKwGAYnF-1728322375"
2024-10-07 17:32:55.087 UTC [273] LOG:  statement: commit
2024-10-07 17:33:17.454 UTC [273] LOG:  statement: ;
2024-10-07 17:33:17.457 UTC [273] LOG:  statement: begin
2024-10-07 17:33:17.458 UTC [273] LOG:  statement: CREATE ROLE "v-approle-vault-XFCDpwaM3Zs2poHN9Cg4-1728322397" WITH LOGIN PASSWORD '-Kg7O5SQFYuLn7xFLQlg' VALID UNTIL '2024-10-07 18:33:22+0000'
2024-10-07 17:33:17.496 UTC [273] LOG:  statement: GRANT SELECT, INSERT, UPDATE, DELETE ON ALL TABLES IN SCHEMA public TO "v-approle-vault-XFCDpwaM3Zs2poHN9Cg4-1728322397"
2024-10-07 17:33:17.543 UTC [273] LOG:  statement: commit
2024-10-07 17:33:17.752 UTC [273] LOG:  statement: ;
2024-10-07 17:33:17.753 UTC [273] LOG:  statement: begin
2024-10-07 17:33:17.753 UTC [273] LOG:  statement: ALTER ROLE "v-approle-vault-XFCDpwaM3Zs2poHN9Cg4-1728322397" VALID UNTIL '2024-10-07 18:33:22+0000'
2024-10-07 17:33:17.770 UTC [273] LOG:  statement: commit
2024-10-07 17:33:17.869 UTC [273] LOG:  statement: ;
2024-10-07 17:33:17.869 UTC [273] LOG:  statement: begin
2024-10-07 17:33:17.873 UTC [273] LOG:  statement: ALTER ROLE "v-approle-vault-XFCDpwaM3Zs2poHN9Cg4-1728322397" VALID UNTIL '2024-10-07 18:33:22+0000'
2024-10-07 17:33:17.875 UTC [273] LOG:  statement: commit
2024-10-07 17:33:18.198 UTC [273] LOG:  statement: ;
2024-10-07 17:33:18.199 UTC [273] LOG:  statement: begin
2024-10-07 17:33:18.199 UTC [273] LOG:  statement: ALTER ROLE "v-approle-vault-XFCDpwaM3Zs2poHN9Cg4-1728322397" VALID UNTIL '2024-10-07 18:33:23+0000'
2024-10-07 17:33:18.201 UTC [273] LOG:  statement: commit
2024-10-07 17:33:33.021 UTC [308] LOG:  invalid length of startup packet
2024-10-07 17:33:48.037 UTC [317] LOG:  invalid length of startup packet
2024-10-07 17:34:03.064 UTC [327] LOG:  invalid length of startup packet
2024-10-07 17:34:18.002 UTC [343] LOG:  invalid length of startup packet
2024-10-07 17:34:33.011 UTC [354] LOG:  invalid length of startup packet
2024-10-07 17:34:48.231 UTC [363] LOG:  invalid length of startup packet
2024-10-07 17:35:02.993 UTC [381] LOG:  invalid length of startup packet
2024-10-07 17:35:17.987 UTC [390] LOG:  invalid length of startup packet
2024-10-07 17:35:32.989 UTC [408] LOG:  invalid length of startup packet
2024-10-07 17:35:48.160 UTC [417] LOG:  invalid length of startup packet
2024-10-07 17:36:02.992 UTC [427] LOG:  invalid length of startup packet
2024-10-07 17:36:07.147 UTC [49] LOG:  checkpoint starting: time
2024-10-07 17:36:10.342 UTC [49] LOG:  checkpoint complete: wrote 31 buffers (0.2%); 0 WAL file(s) added, 0 removed, 0 recycled; write=3.147 s, sync=0.014 s, total=3.195 s; sync files=12, longest=0.005 s, average=0.002 s; distance=165 kB, estimate=362 kB; lsn=0/874A560, redo lsn=0/874A528
2024-10-07 17:36:17.991 UTC [445] LOG:  invalid length of startup packet
2024-10-07 17:36:32.998 UTC [455] LOG:  invalid length of startup packet
2024-10-07 17:36:47.989 UTC [471] LOG:  invalid length of startup packet
2024-10-07 17:37:02.993 UTC [481] LOG:  invalid length of startup packet
2024-10-07 17:37:18.064 UTC [495] LOG:  invalid length of startup packet
2024-10-07 17:37:33.009 UTC [506] LOG:  invalid length of startup packet
2024-10-07 17:37:48.123 UTC [515] LOG:  invalid length of startup packet
2024-10-07 17:38:03.009 UTC [524] LOG:  invalid length of startup packet
2024-10-07 17:38:17.997 UTC [540] LOG:  invalid length of startup packet
2024-10-07 17:38:37.029 UTC [551] LOG:  invalid length of startup packet
2024-10-07 17:38:47.095 UTC [273] LOG:  statement: ;
2024-10-07 17:38:47.140 UTC [273] LOG:  statement: begin
2024-10-07 17:38:47.175 UTC [273] LOG:  statement: CREATE ROLE "v-root-vault-1jPend9Y6HuxLPMtzI5r-1728322727" WITH LOGIN PASSWORD 'su6jnpkyQUS-97AGRxLs' VALID UNTIL '2024-10-07 18:38:51+0000'
2024-10-07 17:38:47.267 UTC [273] LOG:  statement: GRANT SELECT, INSERT, UPDATE, DELETE ON ALL TABLES IN SCHEMA public TO "v-root-vault-1jPend9Y6HuxLPMtzI5r-1728322727"
2024-10-07 17:38:47.331 UTC [273] LOG:  statement: commit
2024-10-07 17:38:47.360 UTC [273] LOG:  statement: ;
2024-10-07 17:38:47.361 UTC [273] LOG:  statement: begin
2024-10-07 17:38:47.362 UTC [273] LOG:  statement: CREATE ROLE "v-root-vault-EmfdYb3mOLTgaokwUNGv-1728322727" WITH LOGIN PASSWORD '4UB-MxS0CcGljYAxoqlt' VALID UNTIL '2024-10-07 18:38:51+0000'
2024-10-07 17:38:47.395 UTC [273] LOG:  statement: GRANT SELECT, INSERT, UPDATE, DELETE ON ALL TABLES IN SCHEMA public TO "v-root-vault-EmfdYb3mOLTgaokwUNGv-1728322727"
2024-10-07 17:38:47.406 UTC [273] LOG:  statement: commit
2024-10-07 17:38:47.415 UTC [273] LOG:  statement: ;
2024-10-07 17:38:47.415 UTC [273] LOG:  statement: begin
2024-10-07 17:38:47.416 UTC [273] LOG:  statement: CREATE ROLE "v-root-vault-YUtmctwjPYpB5XOqj5vK-1728322727" WITH LOGIN PASSWORD '-546Bw6WjkFuXDn9LdQ-' VALID UNTIL '2024-10-07 18:38:51+0000'
2024-10-07 17:38:47.456 UTC [273] LOG:  statement: GRANT SELECT, INSERT, UPDATE, DELETE ON ALL TABLES IN SCHEMA public TO "v-root-vault-YUtmctwjPYpB5XOqj5vK-1728322727"
2024-10-07 17:38:47.463 UTC [273] LOG:  statement: commit
2024-10-07 17:38:48.002 UTC [560] LOG:  invalid length of startup packet
2024-10-07 17:38:52.930 UTC [273] LOG:  statement: ;
2024-10-07 17:38:52.930 UTC [273] LOG:  statement: begin
2024-10-07 17:38:52.932 UTC [273] LOG:  statement: CREATE ROLE "v-root-vault-vXRRV7Xy1yWIhzcpZ870-1728322732" WITH LOGIN PASSWORD '3Auc-vLXCWoW4UBAxN7b' VALID UNTIL '2024-10-07 18:38:57+0000'
2024-10-07 17:38:53.005 UTC [273] LOG:  statement: GRANT SELECT, INSERT, UPDATE, DELETE ON ALL TABLES IN SCHEMA public TO "v-root-vault-vXRRV7Xy1yWIhzcpZ870-1728322732"
2024-10-07 17:38:53.021 UTC [273] LOG:  statement: commit
2024-10-07 17:38:53.134 UTC [273] LOG:  statement: ;
2024-10-07 17:38:53.136 UTC [273] LOG:  statement: begin
2024-10-07 17:38:53.139 UTC [273] LOG:  statement: CREATE ROLE "v-root-vault-X24WtnRsx5BWisXCJfhP-1728322733" WITH LOGIN PASSWORD '5pxjEsSMDtGNHDGCIz-w' VALID UNTIL '2024-10-07 18:38:58+0000'
2024-10-07 17:38:53.177 UTC [273] LOG:  statement: GRANT SELECT, INSERT, UPDATE, DELETE ON ALL TABLES IN SCHEMA public TO "v-root-vault-X24WtnRsx5BWisXCJfhP-1728322733"
2024-10-07 17:38:53.187 UTC [273] LOG:  statement: commit
2024-10-07 17:38:53.249 UTC [273] LOG:  statement: ;
2024-10-07 17:38:53.250 UTC [273] LOG:  statement: begin
2024-10-07 17:38:53.252 UTC [273] LOG:  statement: CREATE ROLE "v-root-vault-Z5qaguW0zoHcJ8W4TtNb-1728322733" WITH LOGIN PASSWORD '4-KYjcj-5DRihZWRWUqo' VALID UNTIL '2024-10-07 18:38:58+0000'
2024-10-07 17:38:53.278 UTC [273] LOG:  statement: GRANT SELECT, INSERT, UPDATE, DELETE ON ALL TABLES IN SCHEMA public TO "v-root-vault-Z5qaguW0zoHcJ8W4TtNb-1728322733"
2024-10-07 17:38:53.289 UTC [273] LOG:  statement: commit
2024-10-07 17:39:02.991 UTC [578] LOG:  invalid length of startup packet
2024-10-07 17:39:17.995 UTC [586] LOG:  invalid length of startup packet
2024-10-07 17:39:32.996 UTC [604] LOG:  invalid length of startup packet
2024-10-07 17:39:47.992 UTC [614] LOG:  invalid length of startup packet
2024-10-07 17:40:00.501 UTC [624] LOG:  statement: SELECT version();
	
	SELECT ns.nspname, t.oid, t.typname, t.typtype, t.typnotnull, t.elemtypoid
	FROM (
	    -- Arrays have typtype=b - this subquery identifies them by their typreceive and converts their typtype to a
	    -- We first do this for the type (innerest-most subquery), and then for its element type
	    -- This also returns the array element, range subtype and domain base type as elemtypoid
	    SELECT
	        typ.oid, typ.typnamespace, typ.typname, typ.typtype, typ.typrelid, typ.typnotnull, typ.relkind,
	        elemtyp.oid AS elemtypoid, elemtyp.typname AS elemtypname, elemcls.relkind AS elemrelkind,
	        CASE WHEN elemproc.proname='array_recv' THEN 'a' ELSE elemtyp.typtype END AS elemtyptype
	    FROM (
	        SELECT typ.oid, typnamespace, typname, typrelid, typnotnull, relkind, typelem AS elemoid,
	            CASE WHEN proc.proname='array_recv' THEN 'a' ELSE typ.typtype END AS typtype,
	            CASE
	                WHEN proc.proname='array_recv' THEN typ.typelem
	                WHEN typ.typtype='r' THEN rngsubtype
	                WHEN typ.typtype='m' THEN (SELECT rngtypid FROM pg_range WHERE rngmultitypid = typ.oid)
	                WHEN typ.typtype='d' THEN typ.typbasetype
	            END AS elemtypoid
	        FROM pg_type AS typ
	        LEFT JOIN pg_class AS cls ON (cls.oid = typ.typrelid)
	        LEFT JOIN pg_proc AS proc ON proc.oid = typ.typreceive
	        LEFT JOIN pg_range ON (pg_range.rngtypid = typ.oid)
	    ) AS typ
	    LEFT JOIN pg_type AS elemtyp ON elemtyp.oid = elemtypoid
	    LEFT JOIN pg_class AS elemcls ON (elemcls.oid = elemtyp.typrelid)
	    LEFT JOIN pg_proc AS elemproc ON elemproc.oid = elemtyp.typreceive
	) AS t
	JOIN pg_namespace AS ns ON (ns.oid = typnamespace)
	WHERE
	    typtype IN ('b', 'r', 'm', 'e', 'd') OR -- Base, range, multirange, enum, domain
	    (typtype = 'c' AND relkind='c') OR -- User-defined free-standing composites (not table composites) by default
	    (typtype = 'p' AND typname IN ('record', 'void', 'unknown')) OR -- Some special supported pseudo-types
	    (typtype = 'a' AND (  -- Array of...
	        elemtyptype IN ('b', 'r', 'm', 'e', 'd') OR -- Array of base, range, multirange, enum, domain
	        (elemtyptype = 'p' AND elemtypname IN ('record', 'void')) OR -- Arrays of special supported pseudo-types
	        (elemtyptype = 'c' AND elemrelkind='c') -- Array of user-defined free-standing composites (not table composites) by default
	    ))
	ORDER BY CASE
	       WHEN typtype IN ('b', 'e', 'p') THEN 0           -- First base types, enums, pseudo-types
	       WHEN typtype = 'c' THEN 1                        -- Composites after (fields loaded later in 2nd pass)
	       WHEN typtype = 'r' THEN 2                        -- Ranges after
	       WHEN typtype = 'm' THEN 3                        -- Multiranges after
	       WHEN typtype = 'd' AND elemtyptype <> 'a' THEN 4 -- Domains over non-arrays after
	       WHEN typtype = 'a' THEN 5                        -- Arrays after
	       WHEN typtype = 'd' AND elemtyptype = 'a' THEN 6  -- Domains over arrays last
	END;
	
	-- Load field definitions for (free-standing) composite types
	SELECT typ.oid, att.attname, att.atttypid
	FROM pg_type AS typ
	JOIN pg_namespace AS ns ON (ns.oid = typ.typnamespace)
	JOIN pg_class AS cls ON (cls.oid = typ.typrelid)
	JOIN pg_attribute AS att ON (att.attrelid = typ.typrelid)
	WHERE
	  (typ.typtype = 'c' AND cls.relkind='c') AND
	  attnum > 0 AND     -- Don't load system attributes
	  NOT attisdropped
	ORDER BY typ.oid, att.attnum;
	
	-- Load enum fields
	SELECT pg_type.oid, enumlabel
	FROM pg_enum
	JOIN pg_type ON pg_type.oid=enumtypid
	ORDER BY oid, enumsortorder;
	
2024-10-07 17:40:01.751 UTC [624] LOG:  execute <unnamed>: SELECT p."Id", p."BlobName", p."Brand", p."CategoryId", p."CreatedBy", p."CreatedDate", p."Description", p."InStock", p."IsNew", p."LastModifiedBy", p."LastModifiedDate", p."Name", p."Price", p."Rating", p."Stock", p."Type"
	FROM "Products" AS p
	ORDER BY p."Name"
	LIMIT $1 OFFSET $2
2024-10-07 17:40:01.751 UTC [624] DETAIL:  parameters: $1 = '10', $2 = '0'
2024-10-07 17:40:02.996 UTC [633] LOG:  invalid length of startup packet
2024-10-07 17:40:06.771 UTC [273] LOG:  statement: ;
2024-10-07 17:40:06.776 UTC [273] LOG:  statement: begin
2024-10-07 17:40:06.793 UTC [273] LOG:  statement: CREATE ROLE "v-root-vault-BOjS0e79gUPGNlDVczKq-1728322806" WITH LOGIN PASSWORD 'zyqqyBlKOaw-WTMRAJ6k' VALID UNTIL '2024-10-07 18:40:11+0000'
2024-10-07 17:40:06.825 UTC [273] LOG:  statement: GRANT SELECT, INSERT, UPDATE, DELETE ON ALL TABLES IN SCHEMA public TO "v-root-vault-BOjS0e79gUPGNlDVczKq-1728322806"
2024-10-07 17:40:06.838 UTC [273] LOG:  statement: commit
2024-10-07 17:40:12.826 UTC [634] LOG:  statement: SELECT version();
	
	SELECT ns.nspname, t.oid, t.typname, t.typtype, t.typnotnull, t.elemtypoid
	FROM (
	    -- Arrays have typtype=b - this subquery identifies them by their typreceive and converts their typtype to a
	    -- We first do this for the type (innerest-most subquery), and then for its element type
	    -- This also returns the array element, range subtype and domain base type as elemtypoid
	    SELECT
	        typ.oid, typ.typnamespace, typ.typname, typ.typtype, typ.typrelid, typ.typnotnull, typ.relkind,
	        elemtyp.oid AS elemtypoid, elemtyp.typname AS elemtypname, elemcls.relkind AS elemrelkind,
	        CASE WHEN elemproc.proname='array_recv' THEN 'a' ELSE elemtyp.typtype END AS elemtyptype
	    FROM (
	        SELECT typ.oid, typnamespace, typname, typrelid, typnotnull, relkind, typelem AS elemoid,
	            CASE WHEN proc.proname='array_recv' THEN 'a' ELSE typ.typtype END AS typtype,
	            CASE
	                WHEN proc.proname='array_recv' THEN typ.typelem
	                WHEN typ.typtype='r' THEN rngsubtype
	                WHEN typ.typtype='m' THEN (SELECT rngtypid FROM pg_range WHERE rngmultitypid = typ.oid)
	                WHEN typ.typtype='d' THEN typ.typbasetype
	            END AS elemtypoid
	        FROM pg_type AS typ
	        LEFT JOIN pg_class AS cls ON (cls.oid = typ.typrelid)
	        LEFT JOIN pg_proc AS proc ON proc.oid = typ.typreceive
	        LEFT JOIN pg_range ON (pg_range.rngtypid = typ.oid)
	    ) AS typ
	    LEFT JOIN pg_type AS elemtyp ON elemtyp.oid = elemtypoid
	    LEFT JOIN pg_class AS elemcls ON (elemcls.oid = elemtyp.typrelid)
	    LEFT JOIN pg_proc AS elemproc ON elemproc.oid = elemtyp.typreceive
	) AS t
	JOIN pg_namespace AS ns ON (ns.oid = typnamespace)
	WHERE
	    typtype IN ('b', 'r', 'm', 'e', 'd') OR -- Base, range, multirange, enum, domain
	    (typtype = 'c' AND relkind='c') OR -- User-defined free-standing composites (not table composites) by default
	    (typtype = 'p' AND typname IN ('record', 'void', 'unknown')) OR -- Some special supported pseudo-types
	    (typtype = 'a' AND (  -- Array of...
	        elemtyptype IN ('b', 'r', 'm', 'e', 'd') OR -- Array of base, range, multirange, enum, domain
	        (elemtyptype = 'p' AND elemtypname IN ('record', 'void')) OR -- Arrays of special supported pseudo-types
	        (elemtyptype = 'c' AND elemrelkind='c') -- Array of user-defined free-standing composites (not table composites) by default
	    ))
	ORDER BY CASE
	       WHEN typtype IN ('b', 'e', 'p') THEN 0           -- First base types, enums, pseudo-types
	       WHEN typtype = 'c' THEN 1                        -- Composites after (fields loaded later in 2nd pass)
	       WHEN typtype = 'r' THEN 2                        -- Ranges after
	       WHEN typtype = 'm' THEN 3                        -- Multiranges after
	       WHEN typtype = 'd' AND elemtyptype <> 'a' THEN 4 -- Domains over non-arrays after
	       WHEN typtype = 'a' THEN 5                        -- Arrays after
	       WHEN typtype = 'd' AND elemtyptype = 'a' THEN 6  -- Domains over arrays last
	END;
	
	-- Load field definitions for (free-standing) composite types
	SELECT typ.oid, att.attname, att.atttypid
	FROM pg_type AS typ
	JOIN pg_namespace AS ns ON (ns.oid = typ.typnamespace)
	JOIN pg_class AS cls ON (cls.oid = typ.typrelid)
	JOIN pg_attribute AS att ON (att.attrelid = typ.typrelid)
	WHERE
	  (typ.typtype = 'c' AND cls.relkind='c') AND
	  attnum > 0 AND     -- Don't load system attributes
	  NOT attisdropped
	ORDER BY typ.oid, att.attnum;
	
	-- Load enum fields
	SELECT pg_type.oid, enumlabel
	FROM pg_enum
	JOIN pg_type ON pg_type.oid=enumtypid
	ORDER BY oid, enumsortorder;
	
2024-10-07 17:40:13.463 UTC [642] LOG:  statement: SELECT version();
	
	SELECT ns.nspname, t.oid, t.typname, t.typtype, t.typnotnull, t.elemtypoid
	FROM (
	    -- Arrays have typtype=b - this subquery identifies them by their typreceive and converts their typtype to a
	    -- We first do this for the type (innerest-most subquery), and then for its element type
	    -- This also returns the array element, range subtype and domain base type as elemtypoid
	    SELECT
	        typ.oid, typ.typnamespace, typ.typname, typ.typtype, typ.typrelid, typ.typnotnull, typ.relkind,
	        elemtyp.oid AS elemtypoid, elemtyp.typname AS elemtypname, elemcls.relkind AS elemrelkind,
	        CASE WHEN elemproc.proname='array_recv' THEN 'a' ELSE elemtyp.typtype END AS elemtyptype
	    FROM (
	        SELECT typ.oid, typnamespace, typname, typrelid, typnotnull, relkind, typelem AS elemoid,
	            CASE WHEN proc.proname='array_recv' THEN 'a' ELSE typ.typtype END AS typtype,
	            CASE
	                WHEN proc.proname='array_recv' THEN typ.typelem
	                WHEN typ.typtype='r' THEN rngsubtype
	                WHEN typ.typtype='m' THEN (SELECT rngtypid FROM pg_range WHERE rngmultitypid = typ.oid)
	                WHEN typ.typtype='d' THEN typ.typbasetype
	            END AS elemtypoid
	        FROM pg_type AS typ
	        LEFT JOIN pg_class AS cls ON (cls.oid = typ.typrelid)
	        LEFT JOIN pg_proc AS proc ON proc.oid = typ.typreceive
	        LEFT JOIN pg_range ON (pg_range.rngtypid = typ.oid)
	    ) AS typ
	    LEFT JOIN pg_type AS elemtyp ON elemtyp.oid = elemtypoid
	    LEFT JOIN pg_class AS elemcls ON (elemcls.oid = elemtyp.typrelid)
	    LEFT JOIN pg_proc AS elemproc ON elemproc.oid = elemtyp.typreceive
	) AS t
	JOIN pg_namespace AS ns ON (ns.oid = typnamespace)
	WHERE
	    typtype IN ('b', 'r', 'm', 'e', 'd') OR -- Base, range, multirange, enum, domain
	    (typtype = 'c' AND relkind='c') OR -- User-defined free-standing composites (not table composites) by default
	    (typtype = 'p' AND typname IN ('record', 'void', 'unknown')) OR -- Some special supported pseudo-types
	    (typtype = 'a' AND (  -- Array of...
	        elemtyptype IN ('b', 'r', 'm', 'e', 'd') OR -- Array of base, range, multirange, enum, domain
	        (elemtyptype = 'p' AND elemtypname IN ('record', 'void')) OR -- Arrays of special supported pseudo-types
	        (elemtyptype = 'c' AND elemrelkind='c') -- Array of user-defined free-standing composites (not table composites) by default
	    ))
	ORDER BY CASE
	       WHEN typtype IN ('b', 'e', 'p') THEN 0           -- First base types, enums, pseudo-types
	       WHEN typtype = 'c' THEN 1                        -- Composites after (fields loaded later in 2nd pass)
	       WHEN typtype = 'r' THEN 2                        -- Ranges after
	       WHEN typtype = 'm' THEN 3                        -- Multiranges after
	       WHEN typtype = 'd' AND elemtyptype <> 'a' THEN 4 -- Domains over non-arrays after
	       WHEN typtype = 'a' THEN 5                        -- Arrays after
	       WHEN typtype = 'd' AND elemtyptype = 'a' THEN 6  -- Domains over arrays last
	END;
	
	-- Load field definitions for (free-standing) composite types
	SELECT typ.oid, att.attname, att.atttypid
	FROM pg_type AS typ
	JOIN pg_namespace AS ns ON (ns.oid = typ.typnamespace)
	JOIN pg_class AS cls ON (cls.oid = typ.typrelid)
	JOIN pg_attribute AS att ON (att.attrelid = typ.typrelid)
	WHERE
	  (typ.typtype = 'c' AND cls.relkind='c') AND
	  attnum > 0 AND     -- Don't load system attributes
	  NOT attisdropped
	ORDER BY typ.oid, att.attnum;
	
	-- Load enum fields
	SELECT pg_type.oid, enumlabel
	FROM pg_enum
	JOIN pg_type ON pg_type.oid=enumtypid
	ORDER BY oid, enumsortorder;
	
2024-10-07 17:40:13.613 UTC [642] LOG:  execute <unnamed>: SELECT EXISTS (
	    SELECT 1 FROM pg_catalog.pg_class c
	    JOIN pg_catalog.pg_namespace n ON n.oid=c.relnamespace
	    WHERE n.nspname='public' AND
	          c.relname='__EFMigrationsHistory'
	)
2024-10-07 17:40:14.097 UTC [642] LOG:  statement: DISCARD ALL
2024-10-07 17:40:14.180 UTC [642] LOG:  execute <unnamed>: SELECT "MigrationId", "ProductVersion"
	FROM "__EFMigrationsHistory"
	ORDER BY "MigrationId"
2024-10-07 17:40:14.264 UTC [642] LOG:  statement: DISCARD ALL
2024-10-07 17:40:14.266 UTC [642] LOG:  execute <unnamed>: SELECT EXISTS (
	    SELECT 1 FROM pg_catalog.pg_class c
	    JOIN pg_catalog.pg_namespace n ON n.oid=c.relnamespace
	    WHERE n.nspname='public' AND
	          c.relname='__EFMigrationsHistory'
	)
2024-10-07 17:40:14.300 UTC [642] LOG:  statement: DISCARD ALL
2024-10-07 17:40:14.301 UTC [642] LOG:  execute <unnamed>: SELECT EXISTS (
	    SELECT 1 FROM pg_catalog.pg_class c
	    JOIN pg_catalog.pg_namespace n ON n.oid=c.relnamespace
	    WHERE n.nspname='public' AND
	          c.relname='__EFMigrationsHistory'
	)
2024-10-07 17:40:14.308 UTC [642] LOG:  statement: DISCARD ALL
2024-10-07 17:40:14.309 UTC [642] LOG:  execute <unnamed>: SELECT "MigrationId", "ProductVersion"
	FROM "__EFMigrationsHistory"
	ORDER BY "MigrationId"
2024-10-07 17:40:17.990 UTC [645] LOG:  invalid length of startup packet
2024-10-07 17:40:33.005 UTC [655] LOG:  invalid length of startup packet
2024-10-07 17:40:48.080 UTC [672] LOG:  invalid length of startup packet
2024-10-07 17:41:02.998 UTC [682] LOG:  invalid length of startup packet
2024-10-07 17:41:07.453 UTC [49] LOG:  checkpoint starting: time
2024-10-07 17:41:13.148 UTC [49] LOG:  checkpoint complete: wrote 38 buffers (0.2%); 0 WAL file(s) added, 0 removed, 0 recycled; write=5.466 s, sync=0.124 s, total=5.697 s; sync files=12, longest=0.081 s, average=0.011 s; distance=314 kB, estimate=358 kB; lsn=0/8799158, redo lsn=0/8799120
2024-10-07 17:41:18.000 UTC [699] LOG:  invalid length of startup packet
2024-10-07 17:41:33.018 UTC [710] LOG:  invalid length of startup packet
2024-10-07 17:41:48.052 UTC [719] LOG:  invalid length of startup packet
2024-10-07 17:42:03.000 UTC [738] LOG:  invalid length of startup packet
2024-10-07 17:42:17.999 UTC [747] LOG:  invalid length of startup packet
2024-10-07 17:42:32.998 UTC [757] LOG:  invalid length of startup packet
2024-10-07 17:42:48.005 UTC [774] LOG:  invalid length of startup packet
2024-10-07 17:43:02.997 UTC [784] LOG:  invalid length of startup packet
2024-10-07 17:43:18.000 UTC [801] LOG:  invalid length of startup packet
2024-10-07 17:43:32.983 UTC [810] LOG:  invalid length of startup packet
2024-10-07 17:43:47.982 UTC [826] LOG:  invalid length of startup packet
2024-10-07 17:43:53.203 UTC [273] LOG:  statement: ;
2024-10-07 17:43:53.205 UTC [273] LOG:  statement: begin
2024-10-07 17:43:53.214 UTC [273] LOG:  statement: CREATE ROLE "v-root-vault-t9KjNLvMtYZqlvYooANh-1728323033" WITH LOGIN PASSWORD 'sRhzP76fqYelQ2-UMst7' VALID UNTIL '2024-10-07 18:43:58+0000'
2024-10-07 17:43:53.231 UTC [273] LOG:  statement: GRANT SELECT, INSERT, UPDATE, DELETE ON ALL TABLES IN SCHEMA public TO "v-root-vault-t9KjNLvMtYZqlvYooANh-1728323033"
2024-10-07 17:43:53.237 UTC [273] LOG:  statement: commit
2024-10-07 17:43:53.272 UTC [273] LOG:  statement: ;
2024-10-07 17:43:53.272 UTC [273] LOG:  statement: begin
2024-10-07 17:43:53.273 UTC [273] LOG:  statement: CREATE ROLE "v-root-vault-gpggXVmRUtr8Z3GAE4zb-1728323033" WITH LOGIN PASSWORD 'cMl0W4snizxMjaA-MEwO' VALID UNTIL '2024-10-07 18:43:58+0000'
2024-10-07 17:43:53.283 UTC [273] LOG:  statement: GRANT SELECT, INSERT, UPDATE, DELETE ON ALL TABLES IN SCHEMA public TO "v-root-vault-gpggXVmRUtr8Z3GAE4zb-1728323033"
2024-10-07 17:43:53.286 UTC [273] LOG:  statement: commit
2024-10-07 17:43:53.405 UTC [273] LOG:  statement: ;
2024-10-07 17:43:53.405 UTC [273] LOG:  statement: begin
2024-10-07 17:43:53.406 UTC [273] LOG:  statement: CREATE ROLE "v-root-vault-xgzUCplgZ1Qviesk3CVd-1728323033" WITH LOGIN PASSWORD 'H9-Mho-nBfWYuVkAq70p' VALID UNTIL '2024-10-07 18:43:58+0000'
2024-10-07 17:43:53.416 UTC [273] LOG:  statement: GRANT SELECT, INSERT, UPDATE, DELETE ON ALL TABLES IN SCHEMA public TO "v-root-vault-xgzUCplgZ1Qviesk3CVd-1728323033"
2024-10-07 17:43:53.418 UTC [273] LOG:  statement: commit
2024-10-07 17:44:02.996 UTC [836] LOG:  invalid length of startup packet
2024-10-07 17:44:17.998 UTC [853] LOG:  invalid length of startup packet
2024-10-07 17:44:32.996 UTC [863] LOG:  invalid length of startup packet
2024-10-07 17:44:47.997 UTC [880] LOG:  invalid length of startup packet
2024-10-07 17:45:02.997 UTC [890] LOG:  invalid length of startup packet
2024-10-07 17:45:17.997 UTC [907] LOG:  invalid length of startup packet
2024-10-07 17:45:32.999 UTC [917] LOG:  invalid length of startup packet
2024-10-07 17:45:48.002 UTC [934] LOG:  invalid length of startup packet
2024-10-07 17:46:02.997 UTC [944] LOG:  invalid length of startup packet
2024-10-07 17:46:07.308 UTC [49] LOG:  checkpoint starting: time
2024-10-07 17:46:10.029 UTC [49] LOG:  checkpoint complete: wrote 27 buffers (0.2%); 0 WAL file(s) added, 0 removed, 0 recycled; write=2.689 s, sync=0.007 s, total=2.721 s; sync files=10, longest=0.002 s, average=0.001 s; distance=180 kB, estimate=340 kB; lsn=0/87C6178, redo lsn=0/87C6140
2024-10-07 17:46:17.999 UTC [961] LOG:  invalid length of startup packet
2024-10-07 17:46:32.998 UTC [971] LOG:  invalid length of startup packet
2024-10-07 17:46:47.998 UTC [988] LOG:  invalid length of startup packet
2024-10-07 17:47:03.000 UTC [998] LOG:  invalid length of startup packet
2024-10-07 17:47:17.999 UTC [1007] LOG:  invalid length of startup packet
2024-10-07 17:47:33.002 UTC [1025] LOG:  invalid length of startup packet
2024-10-07 17:47:48.010 UTC [1033] LOG:  invalid length of startup packet
2024-10-07 17:48:03.000 UTC [1051] LOG:  invalid length of startup packet
