2024-10-04 09:51:39.756 UTC [43] LOG:  starting PostgreSQL 16.4 on x86_64-pc-linux-gnu, compiled by gcc (Debian 12.2.0-14) 12.2.0, 64-bit
2024-10-04 09:51:39.756 UTC [43] LOG:  listening on IPv4 address "0.0.0.0", port 5432
2024-10-04 09:51:39.756 UTC [43] LOG:  listening on IPv6 address "::", port 5432
2024-10-04 09:51:39.759 UTC [43] LOG:  listening on Unix socket "/tmp/.s.PGSQL.5432"
2024-10-04 09:51:39.795 UTC [51] LOG:  database system was interrupted; last known up at 2024-10-04 09:38:46 UTC
2024-10-04 09:51:41.719 UTC [53] FATAL:  the database system is starting up
2024-10-04 09:51:43.736 UTC [57] FATAL:  the database system is starting up
2024-10-04 09:51:44.075 UTC [51] LOG:  database system was not properly shut down; automatic recovery in progress
2024-10-04 09:51:44.127 UTC [51] LOG:  redo starts at 0/35D2608
2024-10-04 09:51:44.127 UTC [51] LOG:  invalid record length at 0/35D26F0: expected at least 24, got 0
2024-10-04 09:51:44.127 UTC [51] LOG:  redo done at 0/35D26B8 system usage: CPU: user: 0.00 s, system: 0.00 s, elapsed: 0.00 s
2024-10-04 09:51:44.159 UTC [49] LOG:  checkpoint starting: end-of-recovery immediate wait
2024-10-04 09:51:44.362 UTC [49] LOG:  checkpoint complete: wrote 3 buffers (0.0%); 0 WAL file(s) added, 0 removed, 0 recycled; write=0.012 s, sync=0.002 s, total=0.205 s; sync files=2, longest=0.001 s, average=0.001 s; distance=0 kB, estimate=0 kB; lsn=0/35D26F0, redo lsn=0/35D26F0
2024-10-04 09:51:44.371 UTC [43] LOG:  database system is ready to accept connections
2024-10-04 09:51:45.868 UTC [71] LOG:  statement: DO $$
	BEGIN
	   IF NOT EXISTS (SELECT FROM pg_catalog.pg_roles WHERE rolname = 'myuser') THEN
	      CREATE ROLE myuser LOGIN PASSWORD 'your_actual_password';
	      ALTER ROLE myuser CREATEDB;  -- Grant CREATEDB privilege
	   ELSE
	      ALTER ROLE myuser CREATEDB;  -- Ensure CREATEDB privilege is granted if the role exists
	   END IF;
	END
	$$;
2024-10-04 09:51:45.925 UTC [74] LOG:  statement: SELECT 1 FROM pg_database WHERE datname='your_postgres_db'
2024-10-04 09:51:45.948 UTC [78] LOG:  statement: SELECT 1 FROM pg_roles WHERE rolname='myuser'
2024-10-04 09:51:45.961 UTC [43] LOG:  received SIGHUP, reloading configuration files
2024-10-04 09:51:55.872 UTC [98] LOG:  statement: SELECT 1 FROM pg_roles WHERE rolname='vault'
2024-10-04 09:51:56.055 UTC [105] LOG:  statement: ALTER ROLE vault WITH PASSWORD 'your_actual_password' SUPERUSER CREATEROLE;
2024-10-04 09:51:56.640 UTC [132] LOG:  statement: SELECT pg_reload_conf();
2024-10-04 09:51:56.644 UTC [43] LOG:  received SIGHUP, reloading configuration files
2024-10-04 09:51:56.835 UTC [139] LOG:  statement: GRANT ALL PRIVILEGES ON ALL TABLES IN SCHEMA public TO "vault";
2024-10-04 09:51:57.020 UTC [146] LOG:  statement: GRANT ALL PRIVILEGES ON ALL SEQUENCES IN SCHEMA public TO "vault";
2024-10-04 09:51:57.186 UTC [153] LOG:  statement: GRANT ALL PRIVILEGES ON ALL FUNCTIONS IN SCHEMA public TO "vault";
2024-10-04 09:51:57.354 UTC [160] LOG:  statement: GRANT USAGE ON SCHEMA public TO "vault";
2024-10-04 09:51:57.849 UTC [161] LOG:  statement: ;
2024-10-04 09:52:00.073 UTC [161] LOG:  statement: ;
2024-10-04 09:52:00.073 UTC [161] LOG:  statement: begin
2024-10-04 09:52:00.074 UTC [161] LOG:  statement: CREATE ROLE "v-root-vault-CPqEOeQlD3QsiiJrXq56-1728035520" WITH LOGIN PASSWORD '7izEunAJ-ZySNqrO6fKp' VALID UNTIL '2024-10-04 10:52:05+0000'
2024-10-04 09:52:00.086 UTC [161] LOG:  statement: GRANT SELECT, INSERT, UPDATE, DELETE ON ALL TABLES IN SCHEMA public TO "v-root-vault-CPqEOeQlD3QsiiJrXq56-1728035520"
2024-10-04 09:52:00.092 UTC [161] LOG:  statement: commit
2024-10-04 09:54:59.696 UTC [161] LOG:  statement: ;
2024-10-04 09:54:59.696 UTC [161] LOG:  statement: begin
2024-10-04 09:54:59.698 UTC [161] LOG:  statement: CREATE ROLE "v-approle-vault-TrjNQ44rlPfC8NUEqXhq-1728035699" WITH LOGIN PASSWORD 'P-t8z3Pv-Nip8kCMkWhF' VALID UNTIL '2024-10-04 10:55:04+0000'
2024-10-04 09:54:59.774 UTC [161] LOG:  statement: GRANT SELECT, INSERT, UPDATE, DELETE ON ALL TABLES IN SCHEMA public TO "v-approle-vault-TrjNQ44rlPfC8NUEqXhq-1728035699"
2024-10-04 09:54:59.789 UTC [161] LOG:  statement: commit
2024-10-04 09:54:59.849 UTC [161] LOG:  statement: ;
2024-10-04 09:54:59.850 UTC [161] LOG:  statement: begin
2024-10-04 09:54:59.850 UTC [161] LOG:  statement: ALTER ROLE "v-approle-vault-TrjNQ44rlPfC8NUEqXhq-1728035699" VALID UNTIL '2024-10-04 10:55:04+0000'
2024-10-04 09:54:59.851 UTC [161] LOG:  statement: commit
2024-10-04 09:54:59.924 UTC [161] LOG:  statement: ;
2024-10-04 09:54:59.925 UTC [161] LOG:  statement: begin
2024-10-04 09:54:59.925 UTC [161] LOG:  statement: ALTER ROLE "v-approle-vault-TrjNQ44rlPfC8NUEqXhq-1728035699" VALID UNTIL '2024-10-04 10:55:04+0000'
2024-10-04 09:54:59.926 UTC [161] LOG:  statement: commit
2024-10-04 09:54:59.957 UTC [161] LOG:  statement: ;
2024-10-04 09:54:59.957 UTC [161] LOG:  statement: begin
2024-10-04 09:54:59.957 UTC [161] LOG:  statement: ALTER ROLE "v-approle-vault-TrjNQ44rlPfC8NUEqXhq-1728035699" VALID UNTIL '2024-10-04 10:55:04+0000'
2024-10-04 09:54:59.957 UTC [161] LOG:  statement: commit
2024-10-04 09:55:08.416 UTC [320] LOG:  invalid length of startup packet
2024-10-04 09:55:23.433 UTC [331] LOG:  invalid length of startup packet
2024-10-04 09:55:25.114 UTC [161] LOG:  statement: ;
2024-10-04 09:55:25.114 UTC [161] LOG:  statement: begin
2024-10-04 09:55:25.115 UTC [161] LOG:  statement: CREATE ROLE "v-root-vault-wbhOpSXwRHEcj9oq83lP-1728035725" WITH LOGIN PASSWORD 'kTQzmmBi2YC4mUK-v0xu' VALID UNTIL '2024-10-04 10:55:30+0000'
2024-10-04 09:55:25.150 UTC [161] LOG:  statement: GRANT SELECT, INSERT, UPDATE, DELETE ON ALL TABLES IN SCHEMA public TO "v-root-vault-wbhOpSXwRHEcj9oq83lP-1728035725"
2024-10-04 09:55:25.168 UTC [161] LOG:  statement: commit
2024-10-04 09:55:25.180 UTC [161] LOG:  statement: ;
2024-10-04 09:55:25.180 UTC [161] LOG:  statement: begin
2024-10-04 09:55:25.181 UTC [161] LOG:  statement: CREATE ROLE "v-root-vault-b8ocKBY3myCOVJYsmyWP-1728035725" WITH LOGIN PASSWORD 'GwMbs-nnXAwBF8kESsx2' VALID UNTIL '2024-10-04 10:55:30+0000'
2024-10-04 09:55:25.221 UTC [161] LOG:  statement: GRANT SELECT, INSERT, UPDATE, DELETE ON ALL TABLES IN SCHEMA public TO "v-root-vault-b8ocKBY3myCOVJYsmyWP-1728035725"
2024-10-04 09:55:25.225 UTC [161] LOG:  statement: commit
2024-10-04 09:55:25.228 UTC [161] LOG:  statement: ;
2024-10-04 09:55:25.234 UTC [161] LOG:  statement: begin
2024-10-04 09:55:25.235 UTC [161] LOG:  statement: CREATE ROLE "v-root-vault-uUmWTGyzJEQQzy6ZdQDQ-1728035725" WITH LOGIN PASSWORD '-rqz4pmaVg1di2T0L0AW' VALID UNTIL '2024-10-04 10:55:30+0000'
2024-10-04 09:55:25.288 UTC [161] LOG:  statement: GRANT SELECT, INSERT, UPDATE, DELETE ON ALL TABLES IN SCHEMA public TO "v-root-vault-uUmWTGyzJEQQzy6ZdQDQ-1728035725"
2024-10-04 09:55:25.298 UTC [161] LOG:  statement: commit
2024-10-04 09:55:38.476 UTC [341] LOG:  invalid length of startup packet
2024-10-04 09:55:53.418 UTC [357] LOG:  invalid length of startup packet
2024-10-04 09:56:08.439 UTC [367] LOG:  invalid length of startup packet
2024-10-04 09:56:10.869 UTC [161] LOG:  statement: ;
2024-10-04 09:56:10.870 UTC [161] LOG:  statement: begin
2024-10-04 09:56:10.876 UTC [161] LOG:  statement: CREATE ROLE "v-root-vault-zfR4XteQMfYg1PxFJwuS-1728035770" WITH LOGIN PASSWORD '2T9-8TJYewk-4yYYhhiJ' VALID UNTIL '2024-10-04 10:56:15+0000'
2024-10-04 09:56:10.904 UTC [161] LOG:  statement: GRANT SELECT, INSERT, UPDATE, DELETE ON ALL TABLES IN SCHEMA public TO "v-root-vault-zfR4XteQMfYg1PxFJwuS-1728035770"
2024-10-04 09:56:10.916 UTC [161] LOG:  statement: commit
2024-10-04 09:56:15.408 UTC [375] LOG:  statement: SELECT version();
	
	SELECT ns.nspname, t.oid, t.typname, t.typtype, t.typnotnull, t.elemtypoid
	FROM (
	    -- Arrays have typtype=b - this subquery identifies them by their typreceive and converts their typtype to a
	    -- We first do this for the type (innerest-most subquery), and then for its element type
	    -- This also returns the array element, range subtype and domain base type as elemtypoid
	    SELECT
	        typ.oid, typ.typnamespace, typ.typname, typ.typtype, typ.typrelid, typ.typnotnull, typ.relkind,
	        elemtyp.oid AS elemtypoid, elemtyp.typname AS elemtypname, elemcls.relkind AS elemrelkind,
	        CASE WHEN elemproc.proname='array_recv' THEN 'a' ELSE elemtyp.typtype END AS elemtyptype
	    FROM (
	        SELECT typ.oid, typnamespace, typname, typrelid, typnotnull, relkind, typelem AS elemoid,
	            CASE WHEN proc.proname='array_recv' THEN 'a' ELSE typ.typtype END AS typtype,
	            CASE
	                WHEN proc.proname='array_recv' THEN typ.typelem
	                WHEN typ.typtype='r' THEN rngsubtype
	                WHEN typ.typtype='m' THEN (SELECT rngtypid FROM pg_range WHERE rngmultitypid = typ.oid)
	                WHEN typ.typtype='d' THEN typ.typbasetype
	            END AS elemtypoid
	        FROM pg_type AS typ
	        LEFT JOIN pg_class AS cls ON (cls.oid = typ.typrelid)
	        LEFT JOIN pg_proc AS proc ON proc.oid = typ.typreceive
	        LEFT JOIN pg_range ON (pg_range.rngtypid = typ.oid)
	    ) AS typ
	    LEFT JOIN pg_type AS elemtyp ON elemtyp.oid = elemtypoid
	    LEFT JOIN pg_class AS elemcls ON (elemcls.oid = elemtyp.typrelid)
	    LEFT JOIN pg_proc AS elemproc ON elemproc.oid = elemtyp.typreceive
	) AS t
	JOIN pg_namespace AS ns ON (ns.oid = typnamespace)
	WHERE
	    typtype IN ('b', 'r', 'm', 'e', 'd') OR -- Base, range, multirange, enum, domain
	    (typtype = 'c' AND relkind='c') OR -- User-defined free-standing composites (not table composites) by default
	    (typtype = 'p' AND typname IN ('record', 'void', 'unknown')) OR -- Some special supported pseudo-types
	    (typtype = 'a' AND (  -- Array of...
	        elemtyptype IN ('b', 'r', 'm', 'e', 'd') OR -- Array of base, range, multirange, enum, domain
	        (elemtyptype = 'p' AND elemtypname IN ('record', 'void')) OR -- Arrays of special supported pseudo-types
	        (elemtyptype = 'c' AND elemrelkind='c') -- Array of user-defined free-standing composites (not table composites) by default
	    ))
	ORDER BY CASE
	       WHEN typtype IN ('b', 'e', 'p') THEN 0           -- First base types, enums, pseudo-types
	       WHEN typtype = 'c' THEN 1                        -- Composites after (fields loaded later in 2nd pass)
	       WHEN typtype = 'r' THEN 2                        -- Ranges after
	       WHEN typtype = 'm' THEN 3                        -- Multiranges after
	       WHEN typtype = 'd' AND elemtyptype <> 'a' THEN 4 -- Domains over non-arrays after
	       WHEN typtype = 'a' THEN 5                        -- Arrays after
	       WHEN typtype = 'd' AND elemtyptype = 'a' THEN 6  -- Domains over arrays last
	END;
	
	-- Load field definitions for (free-standing) composite types
	SELECT typ.oid, att.attname, att.atttypid
	FROM pg_type AS typ
	JOIN pg_namespace AS ns ON (ns.oid = typ.typnamespace)
	JOIN pg_class AS cls ON (cls.oid = typ.typrelid)
	JOIN pg_attribute AS att ON (att.attrelid = typ.typrelid)
	WHERE
	  (typ.typtype = 'c' AND cls.relkind='c') AND
	  attnum > 0 AND     -- Don't load system attributes
	  NOT attisdropped
	ORDER BY typ.oid, att.attnum;
	
	-- Load enum fields
	SELECT pg_type.oid, enumlabel
	FROM pg_enum
	JOIN pg_type ON pg_type.oid=enumtypid
	ORDER BY oid, enumsortorder;
	
2024-10-04 09:56:15.767 UTC [376] LOG:  statement: SELECT version();
	
	SELECT ns.nspname, t.oid, t.typname, t.typtype, t.typnotnull, t.elemtypoid
	FROM (
	    -- Arrays have typtype=b - this subquery identifies them by their typreceive and converts their typtype to a
	    -- We first do this for the type (innerest-most subquery), and then for its element type
	    -- This also returns the array element, range subtype and domain base type as elemtypoid
	    SELECT
	        typ.oid, typ.typnamespace, typ.typname, typ.typtype, typ.typrelid, typ.typnotnull, typ.relkind,
	        elemtyp.oid AS elemtypoid, elemtyp.typname AS elemtypname, elemcls.relkind AS elemrelkind,
	        CASE WHEN elemproc.proname='array_recv' THEN 'a' ELSE elemtyp.typtype END AS elemtyptype
	    FROM (
	        SELECT typ.oid, typnamespace, typname, typrelid, typnotnull, relkind, typelem AS elemoid,
	            CASE WHEN proc.proname='array_recv' THEN 'a' ELSE typ.typtype END AS typtype,
	            CASE
	                WHEN proc.proname='array_recv' THEN typ.typelem
	                WHEN typ.typtype='r' THEN rngsubtype
	                WHEN typ.typtype='m' THEN (SELECT rngtypid FROM pg_range WHERE rngmultitypid = typ.oid)
	                WHEN typ.typtype='d' THEN typ.typbasetype
	            END AS elemtypoid
	        FROM pg_type AS typ
	        LEFT JOIN pg_class AS cls ON (cls.oid = typ.typrelid)
	        LEFT JOIN pg_proc AS proc ON proc.oid = typ.typreceive
	        LEFT JOIN pg_range ON (pg_range.rngtypid = typ.oid)
	    ) AS typ
	    LEFT JOIN pg_type AS elemtyp ON elemtyp.oid = elemtypoid
	    LEFT JOIN pg_class AS elemcls ON (elemcls.oid = elemtyp.typrelid)
	    LEFT JOIN pg_proc AS elemproc ON elemproc.oid = elemtyp.typreceive
	) AS t
	JOIN pg_namespace AS ns ON (ns.oid = typnamespace)
	WHERE
	    typtype IN ('b', 'r', 'm', 'e', 'd') OR -- Base, range, multirange, enum, domain
	    (typtype = 'c' AND relkind='c') OR -- User-defined free-standing composites (not table composites) by default
	    (typtype = 'p' AND typname IN ('record', 'void', 'unknown')) OR -- Some special supported pseudo-types
	    (typtype = 'a' AND (  -- Array of...
	        elemtyptype IN ('b', 'r', 'm', 'e', 'd') OR -- Array of base, range, multirange, enum, domain
	        (elemtyptype = 'p' AND elemtypname IN ('record', 'void')) OR -- Arrays of special supported pseudo-types
	        (elemtyptype = 'c' AND elemrelkind='c') -- Array of user-defined free-standing composites (not table composites) by default
	    ))
	ORDER BY CASE
	       WHEN typtype IN ('b', 'e', 'p') THEN 0           -- First base types, enums, pseudo-types
	       WHEN typtype = 'c' THEN 1                        -- Composites after (fields loaded later in 2nd pass)
	       WHEN typtype = 'r' THEN 2                        -- Ranges after
	       WHEN typtype = 'm' THEN 3                        -- Multiranges after
	       WHEN typtype = 'd' AND elemtyptype <> 'a' THEN 4 -- Domains over non-arrays after
	       WHEN typtype = 'a' THEN 5                        -- Arrays after
	       WHEN typtype = 'd' AND elemtyptype = 'a' THEN 6  -- Domains over arrays last
	END;
	
	-- Load field definitions for (free-standing) composite types
	SELECT typ.oid, att.attname, att.atttypid
	FROM pg_type AS typ
	JOIN pg_namespace AS ns ON (ns.oid = typ.typnamespace)
	JOIN pg_class AS cls ON (cls.oid = typ.typrelid)
	JOIN pg_attribute AS att ON (att.attrelid = typ.typrelid)
	WHERE
	  (typ.typtype = 'c' AND cls.relkind='c') AND
	  attnum > 0 AND     -- Don't load system attributes
	  NOT attisdropped
	ORDER BY typ.oid, att.attnum;
	
	-- Load enum fields
	SELECT pg_type.oid, enumlabel
	FROM pg_enum
	JOIN pg_type ON pg_type.oid=enumtypid
	ORDER BY oid, enumsortorder;
	
2024-10-04 09:56:15.880 UTC [376] LOG:  execute <unnamed>: SELECT EXISTS (
	    SELECT 1 FROM pg_catalog.pg_class c
	    JOIN pg_catalog.pg_namespace n ON n.oid=c.relnamespace
	    WHERE n.nspname='public' AND
	          c.relname='__EFMigrationsHistory'
	)
2024-10-04 09:56:16.116 UTC [376] LOG:  statement: DISCARD ALL
2024-10-04 09:56:16.129 UTC [376] LOG:  execute <unnamed>: SELECT "MigrationId", "ProductVersion"
	FROM "__EFMigrationsHistory"
	ORDER BY "MigrationId"
2024-10-04 09:56:16.185 UTC [376] LOG:  statement: DISCARD ALL
2024-10-04 09:56:16.186 UTC [376] LOG:  execute <unnamed>: SELECT EXISTS (
	    SELECT 1 FROM pg_catalog.pg_class c
	    JOIN pg_catalog.pg_namespace n ON n.oid=c.relnamespace
	    WHERE n.nspname='public' AND
	          c.relname='__EFMigrationsHistory'
	)
2024-10-04 09:56:16.219 UTC [376] LOG:  statement: DISCARD ALL
2024-10-04 09:56:16.220 UTC [376] LOG:  execute <unnamed>: SELECT EXISTS (
	    SELECT 1 FROM pg_catalog.pg_class c
	    JOIN pg_catalog.pg_namespace n ON n.oid=c.relnamespace
	    WHERE n.nspname='public' AND
	          c.relname='__EFMigrationsHistory'
	)
2024-10-04 09:56:16.227 UTC [376] LOG:  statement: DISCARD ALL
2024-10-04 09:56:16.228 UTC [376] LOG:  execute <unnamed>: SELECT "MigrationId", "ProductVersion"
	FROM "__EFMigrationsHistory"
	ORDER BY "MigrationId"
2024-10-04 09:56:23.417 UTC [379] LOG:  invalid length of startup packet
2024-10-04 09:56:38.426 UTC [396] LOG:  invalid length of startup packet
2024-10-04 09:56:44.744 UTC [49] LOG:  checkpoint starting: time
2024-10-04 09:56:48.652 UTC [49] LOG:  checkpoint complete: wrote 38 buffers (0.2%); 0 WAL file(s) added, 0 removed, 0 recycled; write=3.884 s, sync=0.010 s, total=3.908 s; sync files=13, longest=0.003 s, average=0.001 s; distance=298 kB, estimate=298 kB; lsn=0/361CF60, redo lsn=0/361CEF0
2024-10-04 09:56:53.425 UTC [405] LOG:  invalid length of startup packet
2024-10-04 09:57:08.418 UTC [423] LOG:  invalid length of startup packet
2024-10-04 09:57:23.417 UTC [432] LOG:  invalid length of startup packet
2024-10-04 09:57:38.420 UTC [450] LOG:  invalid length of startup packet
2024-10-04 09:57:53.418 UTC [459] LOG:  invalid length of startup packet
2024-10-04 09:58:08.420 UTC [478] LOG:  invalid length of startup packet
2024-10-04 09:58:23.420 UTC [487] LOG:  invalid length of startup packet
2024-10-04 09:58:38.420 UTC [505] LOG:  invalid length of startup packet
2024-10-04 09:58:53.421 UTC [514] LOG:  invalid length of startup packet
2024-10-04 09:59:08.421 UTC [532] LOG:  invalid length of startup packet
2024-10-04 09:59:23.420 UTC [541] LOG:  invalid length of startup packet
2024-10-04 09:59:38.422 UTC [559] LOG:  invalid length of startup packet
2024-10-04 09:59:53.423 UTC [568] LOG:  invalid length of startup packet
2024-10-04 10:00:08.422 UTC [586] LOG:  invalid length of startup packet
2024-10-04 10:00:23.422 UTC [595] LOG:  invalid length of startup packet
2024-10-04 10:00:38.422 UTC [614] LOG:  invalid length of startup packet
2024-10-04 10:00:53.423 UTC [623] LOG:  invalid length of startup packet
2024-10-04 10:01:08.423 UTC [642] LOG:  invalid length of startup packet
2024-10-04 10:01:23.426 UTC [651] LOG:  invalid length of startup packet
2024-10-04 10:01:38.430 UTC [669] LOG:  invalid length of startup packet
2024-10-04 10:01:53.425 UTC [678] LOG:  invalid length of startup packet
2024-10-04 10:02:08.425 UTC [696] LOG:  invalid length of startup packet
2024-10-04 10:02:23.425 UTC [705] LOG:  invalid length of startup packet
2024-10-04 10:02:38.425 UTC [723] LOG:  invalid length of startup packet
2024-10-04 10:02:53.425 UTC [732] LOG:  invalid length of startup packet
2024-10-04 10:03:08.426 UTC [750] LOG:  invalid length of startup packet
2024-10-04 10:03:23.427 UTC [759] LOG:  invalid length of startup packet
2024-10-04 10:03:38.427 UTC [777] LOG:  invalid length of startup packet
2024-10-04 10:03:53.429 UTC [787] LOG:  invalid length of startup packet
2024-10-04 10:04:08.428 UTC [806] LOG:  invalid length of startup packet
2024-10-04 10:04:23.427 UTC [815] LOG:  invalid length of startup packet
2024-10-04 10:04:38.428 UTC [833] LOG:  invalid length of startup packet
2024-10-04 10:04:53.428 UTC [842] LOG:  invalid length of startup packet
2024-10-04 10:05:08.429 UTC [860] LOG:  invalid length of startup packet
2024-10-04 10:05:23.430 UTC [869] LOG:  invalid length of startup packet
2024-10-04 10:05:38.430 UTC [879] LOG:  invalid length of startup packet
2024-10-04 10:05:53.430 UTC [895] LOG:  invalid length of startup packet
2024-10-04 10:06:08.431 UTC [905] LOG:  invalid length of startup packet
2024-10-04 10:06:23.430 UTC [923] LOG:  invalid length of startup packet
2024-10-04 10:06:38.431 UTC [933] LOG:  invalid length of startup packet
2024-10-04 10:06:53.430 UTC [950] LOG:  invalid length of startup packet
2024-10-04 10:07:08.432 UTC [960] LOG:  invalid length of startup packet
2024-10-04 10:07:23.434 UTC [977] LOG:  invalid length of startup packet
2024-10-04 10:07:38.438 UTC [987] LOG:  invalid length of startup packet
2024-10-04 10:07:53.433 UTC [1003] LOG:  invalid length of startup packet
2024-10-04 10:08:08.434 UTC [1014] LOG:  invalid length of startup packet
2024-10-04 10:08:23.433 UTC [1031] LOG:  invalid length of startup packet
2024-10-04 10:08:38.434 UTC [1041] LOG:  invalid length of startup packet
2024-10-04 10:08:53.435 UTC [1058] LOG:  invalid length of startup packet
2024-10-04 10:09:08.439 UTC [1067] LOG:  invalid length of startup packet
2024-10-04 10:09:23.436 UTC [1085] LOG:  invalid length of startup packet
2024-10-04 10:09:38.351 UTC [1095] LOG:  invalid length of startup packet
2024-10-04 10:09:53.351 UTC [1112] LOG:  invalid length of startup packet
2024-10-04 10:10:08.351 UTC [1122] LOG:  invalid length of startup packet
2024-10-04 10:10:23.351 UTC [1140] LOG:  invalid length of startup packet
2024-10-04 10:10:38.350 UTC [1151] LOG:  invalid length of startup packet
2024-10-04 10:10:53.352 UTC [1168] LOG:  invalid length of startup packet
2024-10-04 10:11:08.352 UTC [1178] LOG:  invalid length of startup packet
2024-10-04 10:11:23.351 UTC [1195] LOG:  invalid length of startup packet
2024-10-04 10:11:38.353 UTC [1206] LOG:  invalid length of startup packet
2024-10-04 10:11:53.353 UTC [1223] LOG:  invalid length of startup packet
2024-10-04 10:12:08.353 UTC [1233] LOG:  invalid length of startup packet
2024-10-04 10:12:23.351 UTC [1250] LOG:  invalid length of startup packet
2024-10-04 10:12:38.352 UTC [1260] LOG:  invalid length of startup packet
2024-10-04 10:12:53.353 UTC [1277] LOG:  invalid length of startup packet
2024-10-04 10:13:08.352 UTC [1287] LOG:  invalid length of startup packet
2024-10-04 10:13:23.351 UTC [1304] LOG:  invalid length of startup packet
2024-10-04 10:13:38.352 UTC [1314] LOG:  invalid length of startup packet
2024-10-04 10:13:53.353 UTC [1331] LOG:  invalid length of startup packet
2024-10-04 10:14:08.353 UTC [1341] LOG:  invalid length of startup packet
2024-10-04 10:14:23.353 UTC [1358] LOG:  invalid length of startup packet
2024-10-04 10:14:38.353 UTC [1368] LOG:  invalid length of startup packet
2024-10-04 10:14:53.361 UTC [1383] LOG:  invalid length of startup packet
2024-10-04 10:15:08.355 UTC [1395] LOG:  invalid length of startup packet
2024-10-04 10:15:23.354 UTC [1404] LOG:  invalid length of startup packet
2024-10-04 10:15:38.354 UTC [1422] LOG:  invalid length of startup packet
2024-10-04 10:15:53.359 UTC [1431] LOG:  invalid length of startup packet
2024-10-04 10:16:08.355 UTC [1449] LOG:  invalid length of startup packet
2024-10-04 10:16:23.355 UTC [1457] LOG:  invalid length of startup packet
2024-10-04 10:16:38.355 UTC [1476] LOG:  invalid length of startup packet
2024-10-04 10:16:53.356 UTC [1486] LOG:  invalid length of startup packet
2024-10-04 10:17:08.355 UTC [1504] LOG:  invalid length of startup packet
2024-10-04 10:17:23.357 UTC [1513] LOG:  invalid length of startup packet
2024-10-04 10:17:38.356 UTC [1532] LOG:  invalid length of startup packet
2024-10-04 10:17:53.355 UTC [1541] LOG:  invalid length of startup packet
2024-10-04 10:18:08.357 UTC [1559] LOG:  invalid length of startup packet
2024-10-04 10:18:23.356 UTC [1568] LOG:  invalid length of startup packet
2024-10-04 10:18:38.356 UTC [1585] LOG:  invalid length of startup packet
2024-10-04 10:18:53.357 UTC [1594] LOG:  invalid length of startup packet
2024-10-04 10:19:08.357 UTC [1612] LOG:  invalid length of startup packet
2024-10-04 10:19:23.356 UTC [1621] LOG:  invalid length of startup packet
2024-10-04 10:19:38.355 UTC [1639] LOG:  invalid length of startup packet
2024-10-04 10:19:53.357 UTC [1648] LOG:  invalid length of startup packet
2024-10-04 10:20:08.357 UTC [1666] LOG:  invalid length of startup packet
2024-10-04 10:20:23.358 UTC [1675] LOG:  invalid length of startup packet
2024-10-04 10:20:38.357 UTC [1694] LOG:  invalid length of startup packet
2024-10-04 10:20:53.357 UTC [1703] LOG:  invalid length of startup packet
2024-10-04 10:21:08.359 UTC [1721] LOG:  invalid length of startup packet
2024-10-04 10:21:23.359 UTC [1729] LOG:  invalid length of startup packet
2024-10-04 10:21:38.357 UTC [1747] LOG:  invalid length of startup packet
2024-10-04 10:21:53.358 UTC [1756] LOG:  invalid length of startup packet
2024-10-04 10:22:08.357 UTC [1773] LOG:  invalid length of startup packet
2024-10-04 10:22:23.358 UTC [1782] LOG:  invalid length of startup packet
2024-10-04 10:22:38.359 UTC [1801] LOG:  invalid length of startup packet
2024-10-04 10:22:53.357 UTC [1810] LOG:  invalid length of startup packet
2024-10-04 10:23:08.358 UTC [1820] LOG:  invalid length of startup packet
2024-10-04 10:23:23.357 UTC [1837] LOG:  invalid length of startup packet
2024-10-04 10:23:38.359 UTC [1847] LOG:  invalid length of startup packet
2024-10-04 10:23:53.358 UTC [1864] LOG:  invalid length of startup packet
2024-10-04 10:24:08.359 UTC [1874] LOG:  invalid length of startup packet
2024-10-04 10:24:23.357 UTC [1891] LOG:  invalid length of startup packet
2024-10-04 10:24:38.354 UTC [1901] LOG:  invalid length of startup packet
2024-10-04 10:24:53.354 UTC [1919] LOG:  invalid length of startup packet
2024-10-04 10:25:08.334 UTC [1929] LOG:  invalid length of startup packet
2024-10-04 10:25:23.334 UTC [1945] LOG:  invalid length of startup packet
2024-10-04 10:25:38.330 UTC [1956] LOG:  invalid length of startup packet
2024-10-04 10:25:53.330 UTC [1973] LOG:  invalid length of startup packet
2024-10-04 10:26:08.332 UTC [1983] LOG:  invalid length of startup packet
2024-10-04 10:26:23.331 UTC [2001] LOG:  invalid length of startup packet
2024-10-04 10:26:38.331 UTC [2011] LOG:  invalid length of startup packet
2024-10-04 10:26:53.331 UTC [2028] LOG:  invalid length of startup packet
2024-10-04 10:27:08.332 UTC [2039] LOG:  invalid length of startup packet
2024-10-04 10:27:23.336 UTC [2056] LOG:  invalid length of startup packet
2024-10-04 10:27:38.331 UTC [2065] LOG:  invalid length of startup packet
2024-10-04 10:27:53.331 UTC [2081] LOG:  invalid length of startup packet
2024-10-04 10:28:08.331 UTC [2091] LOG:  invalid length of startup packet
2024-10-04 10:28:23.334 UTC [2108] LOG:  invalid length of startup packet
2024-10-04 10:28:38.331 UTC [2118] LOG:  invalid length of startup packet
2024-10-04 10:28:53.332 UTC [2135] LOG:  invalid length of startup packet
2024-10-04 10:29:08.333 UTC [2145] LOG:  invalid length of startup packet
2024-10-04 10:29:23.332 UTC [2163] LOG:  invalid length of startup packet
2024-10-04 10:29:38.332 UTC [2173] LOG:  invalid length of startup packet
2024-10-04 10:29:53.331 UTC [2190] LOG:  invalid length of startup packet
2024-10-04 10:30:08.335 UTC [2200] LOG:  invalid length of startup packet
2024-10-04 10:30:23.332 UTC [2217] LOG:  invalid length of startup packet
2024-10-04 10:30:38.331 UTC [2228] LOG:  invalid length of startup packet
2024-10-04 10:30:53.332 UTC [2237] LOG:  invalid length of startup packet
2024-10-04 10:31:08.332 UTC [2256] LOG:  invalid length of startup packet
2024-10-04 10:31:23.335 UTC [2265] LOG:  invalid length of startup packet
2024-10-04 10:31:38.332 UTC [2283] LOG:  invalid length of startup packet
2024-10-04 10:31:53.334 UTC [2292] LOG:  invalid length of startup packet
2024-10-04 10:32:08.332 UTC [2311] LOG:  invalid length of startup packet
2024-10-04 10:32:23.333 UTC [2320] LOG:  invalid length of startup packet
2024-10-04 10:32:38.333 UTC [2338] LOG:  invalid length of startup packet
2024-10-04 10:32:53.333 UTC [2347] LOG:  invalid length of startup packet
2024-10-04 10:33:08.333 UTC [2365] LOG:  invalid length of startup packet
2024-10-04 10:33:23.332 UTC [2374] LOG:  invalid length of startup packet
2024-10-04 10:33:38.332 UTC [2392] LOG:  invalid length of startup packet
2024-10-04 10:33:53.333 UTC [2401] LOG:  invalid length of startup packet
2024-10-04 10:34:08.333 UTC [2419] LOG:  invalid length of startup packet
2024-10-04 10:34:23.334 UTC [2429] LOG:  invalid length of startup packet
2024-10-04 10:34:38.333 UTC [2446] LOG:  invalid length of startup packet
2024-10-04 10:34:53.337 UTC [2455] LOG:  invalid length of startup packet
2024-10-04 10:35:08.333 UTC [2473] LOG:  invalid length of startup packet
2024-10-04 10:35:23.333 UTC [2482] LOG:  invalid length of startup packet
2024-10-04 10:35:38.333 UTC [2500] LOG:  invalid length of startup packet
2024-10-04 10:35:53.334 UTC [2509] LOG:  invalid length of startup packet
2024-10-04 10:36:08.334 UTC [2526] LOG:  invalid length of startup packet
2024-10-04 10:36:23.334 UTC [2535] LOG:  invalid length of startup packet
2024-10-04 10:36:38.335 UTC [2555] LOG:  invalid length of startup packet
2024-10-04 10:36:53.335 UTC [2564] LOG:  invalid length of startup packet
2024-10-04 10:37:08.334 UTC [2583] LOG:  invalid length of startup packet
2024-10-04 10:37:23.333 UTC [2592] LOG:  invalid length of startup packet
2024-10-04 10:37:38.339 UTC [2611] LOG:  invalid length of startup packet
2024-10-04 10:37:53.334 UTC [2620] LOG:  invalid length of startup packet
2024-10-04 10:38:08.336 UTC [2638] LOG:  invalid length of startup packet
2024-10-04 10:38:23.334 UTC [2647] LOG:  invalid length of startup packet
2024-10-04 10:38:38.334 UTC [2665] LOG:  invalid length of startup packet
2024-10-04 10:38:53.335 UTC [2674] LOG:  invalid length of startup packet
2024-10-04 10:39:08.336 UTC [2684] LOG:  invalid length of startup packet
2024-10-04 10:39:23.339 UTC [2701] LOG:  invalid length of startup packet
2024-10-04 10:39:38.335 UTC [2711] LOG:  invalid length of startup packet
2024-10-04 10:39:53.336 UTC [2728] LOG:  invalid length of startup packet
2024-10-04 10:40:08.435 UTC [2738] LOG:  invalid length of startup packet
2024-10-04 10:40:23.436 UTC [2755] LOG:  invalid length of startup packet
2024-10-04 10:40:38.436 UTC [2765] LOG:  invalid length of startup packet
2024-10-04 10:40:53.435 UTC [2782] LOG:  invalid length of startup packet
2024-10-04 10:41:08.436 UTC [2792] LOG:  invalid length of startup packet
2024-10-04 10:41:23.437 UTC [2809] LOG:  invalid length of startup packet
2024-10-04 10:41:38.438 UTC [2819] LOG:  invalid length of startup packet
2024-10-04 10:41:53.439 UTC [2837] LOG:  invalid length of startup packet
2024-10-04 10:42:08.439 UTC [2847] LOG:  invalid length of startup packet
2024-10-04 10:42:23.439 UTC [2864] LOG:  invalid length of startup packet
2024-10-04 10:42:38.440 UTC [2874] LOG:  invalid length of startup packet
2024-10-04 10:42:53.439 UTC [2891] LOG:  invalid length of startup packet
2024-10-04 10:43:08.442 UTC [2901] LOG:  invalid length of startup packet
2024-10-04 10:43:23.441 UTC [2917] LOG:  invalid length of startup packet
2024-10-04 10:43:38.446 UTC [2927] LOG:  invalid length of startup packet
2024-10-04 10:43:53.442 UTC [2944] LOG:  invalid length of startup packet
2024-10-04 10:44:08.442 UTC [2955] LOG:  invalid length of startup packet
2024-10-04 10:44:23.441 UTC [2972] LOG:  invalid length of startup packet
2024-10-04 10:44:38.442 UTC [2982] LOG:  invalid length of startup packet
2024-10-04 10:44:53.444 UTC [3001] LOG:  invalid length of startup packet
2024-10-04 10:45:08.442 UTC [3011] LOG:  invalid length of startup packet
2024-10-04 10:45:23.443 UTC [3028] LOG:  invalid length of startup packet
2024-10-04 10:45:38.444 UTC [3038] LOG:  invalid length of startup packet
2024-10-04 10:45:53.446 UTC [3055] LOG:  invalid length of startup packet
2024-10-04 10:46:08.445 UTC [3065] LOG:  invalid length of startup packet
2024-10-04 10:46:23.445 UTC [3082] LOG:  invalid length of startup packet
2024-10-04 10:46:38.445 UTC [3092] LOG:  invalid length of startup packet
2024-10-04 10:46:53.448 UTC [3109] LOG:  invalid length of startup packet
2024-10-04 10:47:08.448 UTC [3119] LOG:  invalid length of startup packet
2024-10-04 10:47:23.446 UTC [3136] LOG:  invalid length of startup packet
2024-10-04 10:47:38.449 UTC [3146] LOG:  invalid length of startup packet
2024-10-04 10:47:53.448 UTC [3155] LOG:  invalid length of startup packet
2024-10-04 10:48:08.450 UTC [3172] LOG:  invalid length of startup packet
2024-10-04 10:48:23.448 UTC [3181] LOG:  invalid length of startup packet
2024-10-04 10:48:38.450 UTC [3200] LOG:  invalid length of startup packet
2024-10-04 10:48:53.449 UTC [3209] LOG:  invalid length of startup packet
2024-10-04 10:49:08.452 UTC [3228] LOG:  invalid length of startup packet
2024-10-04 10:49:23.449 UTC [3237] LOG:  invalid length of startup packet
2024-10-04 10:49:38.451 UTC [3255] LOG:  invalid length of startup packet
2024-10-04 10:49:53.451 UTC [3264] LOG:  invalid length of startup packet
2024-10-04 10:50:08.452 UTC [3282] LOG:  invalid length of startup packet
2024-10-04 10:50:23.454 UTC [3291] LOG:  invalid length of startup packet
2024-10-04 10:50:38.453 UTC [3309] LOG:  invalid length of startup packet
2024-10-04 10:50:53.456 UTC [3318] LOG:  invalid length of startup packet
2024-10-04 10:51:08.453 UTC [3336] LOG:  invalid length of startup packet
2024-10-04 10:51:23.457 UTC [3345] LOG:  invalid length of startup packet
2024-10-04 10:51:38.455 UTC [3363] LOG:  invalid length of startup packet
2024-10-04 10:51:53.455 UTC [3372] LOG:  invalid length of startup packet
2024-10-04 10:52:08.455 UTC [3390] LOG:  invalid length of startup packet
2024-10-04 10:52:23.455 UTC [3399] LOG:  invalid length of startup packet
2024-10-04 10:52:38.457 UTC [3418] LOG:  invalid length of startup packet
2024-10-04 10:52:53.456 UTC [3427] LOG:  invalid length of startup packet
2024-10-04 10:53:08.457 UTC [3446] LOG:  invalid length of startup packet
2024-10-04 10:53:23.457 UTC [3455] LOG:  invalid length of startup packet
2024-10-04 10:53:38.458 UTC [3474] LOG:  invalid length of startup packet
2024-10-04 10:53:53.458 UTC [3483] LOG:  invalid length of startup packet
2024-10-04 10:54:08.458 UTC [3502] LOG:  invalid length of startup packet
2024-10-04 10:54:23.459 UTC [3511] LOG:  invalid length of startup packet
2024-10-04 10:54:38.460 UTC [3529] LOG:  invalid length of startup packet
2024-10-04 10:54:53.459 UTC [3538] LOG:  invalid length of startup packet
2024-10-04 10:55:08.459 UTC [3556] LOG:  invalid length of startup packet
2024-10-04 10:55:23.472 UTC [3565] LOG:  invalid length of startup packet
2024-10-04 10:55:38.482 UTC [3583] LOG:  invalid length of startup packet
2024-10-04 10:55:53.482 UTC [3592] LOG:  invalid length of startup packet
2024-10-04 11:26:03.179 UTC [3602] LOG:  invalid length of startup packet
2024-10-04 11:26:18.185 UTC [3619] LOG:  invalid length of startup packet
2024-10-04 11:26:33.172 UTC [3629] LOG:  invalid length of startup packet
2024-10-04 11:26:48.180 UTC [3647] LOG:  invalid length of startup packet
2024-10-04 11:43:13.603 UTC [3657] LOG:  invalid length of startup packet
2024-10-04 11:43:28.652 UTC [3674] LOG:  invalid length of startup packet
2024-10-04 11:43:43.590 UTC [3684] LOG:  invalid length of startup packet
2024-10-04 11:43:58.592 UTC [3701] LOG:  invalid length of startup packet
2024-10-04 11:44:13.590 UTC [3711] LOG:  invalid length of startup packet
2024-10-04 11:44:28.590 UTC [3720] LOG:  invalid length of startup packet
2024-10-04 11:44:43.593 UTC [3738] LOG:  invalid length of startup packet
2024-10-04 11:44:58.585 UTC [3747] LOG:  invalid length of startup packet
2024-10-04 11:45:13.587 UTC [3765] LOG:  invalid length of startup packet
2024-10-04 11:45:28.585 UTC [3774] LOG:  invalid length of startup packet
2024-10-04 12:01:09.303 UTC [3792] LOG:  invalid length of startup packet
2024-10-04 12:01:24.301 UTC [3801] LOG:  invalid length of startup packet
2024-10-04 12:01:39.376 UTC [3819] LOG:  invalid length of startup packet
2024-10-04 12:01:54.375 UTC [3828] LOG:  invalid length of startup packet
2024-10-04 12:02:09.377 UTC [3846] LOG:  invalid length of startup packet
2024-10-04 12:02:24.375 UTC [3855] LOG:  invalid length of startup packet
2024-10-04 12:02:39.378 UTC [3865] LOG:  invalid length of startup packet
2024-10-04 12:02:54.375 UTC [3882] LOG:  invalid length of startup packet
2024-10-04 12:03:09.373 UTC [3893] LOG:  invalid length of startup packet
2024-10-04 12:03:24.373 UTC [3911] LOG:  invalid length of startup packet
2024-10-04 12:03:39.373 UTC [3921] LOG:  invalid length of startup packet
2024-10-04 12:03:54.375 UTC [3938] LOG:  invalid length of startup packet
2024-10-04 12:04:09.374 UTC [3948] LOG:  invalid length of startup packet
2024-10-04 12:04:24.373 UTC [3965] LOG:  invalid length of startup packet
2024-10-04 12:04:39.374 UTC [3975] LOG:  invalid length of startup packet
2024-10-04 12:04:54.374 UTC [3992] LOG:  invalid length of startup packet
2024-10-04 12:05:09.375 UTC [4002] LOG:  invalid length of startup packet
2024-10-04 12:05:24.375 UTC [4020] LOG:  invalid length of startup packet
2024-10-04 12:05:39.376 UTC [4030] LOG:  invalid length of startup packet
2024-10-04 12:05:54.375 UTC [4047] LOG:  invalid length of startup packet
2024-10-04 12:06:09.376 UTC [4057] LOG:  invalid length of startup packet
2024-10-04 12:06:24.377 UTC [4074] LOG:  invalid length of startup packet
2024-10-04 12:06:39.378 UTC [4084] LOG:  invalid length of startup packet
2024-10-04 12:06:54.377 UTC [4101] LOG:  invalid length of startup packet
2024-10-04 12:07:09.378 UTC [4111] LOG:  invalid length of startup packet
2024-10-04 12:07:24.379 UTC [4128] LOG:  invalid length of startup packet
2024-10-04 12:07:39.380 UTC [4138] LOG:  invalid length of startup packet
2024-10-04 12:07:54.379 UTC [4155] LOG:  invalid length of startup packet
2024-10-04 12:08:09.380 UTC [4165] LOG:  invalid length of startup packet
2024-10-04 12:08:24.385 UTC [4181] LOG:  invalid length of startup packet
2024-10-04 12:23:57.748 UTC [4191] LOG:  invalid length of startup packet
2024-10-04 12:24:12.748 UTC [4200] LOG:  invalid length of startup packet
2024-10-04 12:24:27.771 UTC [4218] LOG:  invalid length of startup packet
2024-10-04 12:24:42.771 UTC [4227] LOG:  invalid length of startup packet
2024-10-04 12:24:57.775 UTC [4245] LOG:  invalid length of startup packet
2024-10-04 12:25:12.775 UTC [4254] LOG:  invalid length of startup packet
2024-10-04 12:25:27.774 UTC [4271] LOG:  invalid length of startup packet
2024-10-04 12:25:42.771 UTC [4280] LOG:  invalid length of startup packet
2024-10-04 12:41:53.874 UTC [4298] LOG:  invalid length of startup packet
2024-10-04 12:42:08.873 UTC [4308] LOG:  invalid length of startup packet
2024-10-04 12:42:23.845 UTC [4318] LOG:  invalid length of startup packet
2024-10-04 12:42:38.852 UTC [4335] LOG:  invalid length of startup packet
2024-10-04 12:42:53.860 UTC [4346] LOG:  invalid length of startup packet
2024-10-04 12:43:08.847 UTC [4363] LOG:  invalid length of startup packet
2024-10-04 12:43:23.840 UTC [4373] LOG:  invalid length of startup packet
2024-10-04 12:43:38.841 UTC [4390] LOG:  invalid length of startup packet
2024-10-04 12:43:53.839 UTC [4400] LOG:  invalid length of startup packet
2024-10-04 12:44:08.841 UTC [4414] LOG:  invalid length of startup packet
2024-10-04 13:02:06.447 UTC [4426] LOG:  invalid length of startup packet
2024-10-04 13:02:21.448 UTC [4435] LOG:  invalid length of startup packet
2024-10-04 13:02:36.445 UTC [4453] LOG:  invalid length of startup packet
2024-10-04 13:02:51.446 UTC [4462] LOG:  invalid length of startup packet
2024-10-04 13:03:06.447 UTC [4480] LOG:  invalid length of startup packet
2024-10-04 13:03:21.447 UTC [4489] LOG:  invalid length of startup packet
2024-10-04 13:03:36.450 UTC [4505] LOG:  invalid length of startup packet
2024-10-04 13:03:51.443 UTC [4516] LOG:  invalid length of startup packet
2024-10-04 13:19:35.926 UTC [4526] LOG:  invalid length of startup packet
2024-10-04 13:19:50.933 UTC [4543] LOG:  invalid length of startup packet
2024-10-04 13:20:05.961 UTC [4553] LOG:  invalid length of startup packet
2024-10-04 13:20:20.962 UTC [4569] LOG:  invalid length of startup packet
2024-10-04 13:20:35.974 UTC [4579] LOG:  invalid length of startup packet
2024-10-04 13:20:50.974 UTC [4596] LOG:  invalid length of startup packet
2024-10-04 13:21:05.971 UTC [4607] LOG:  invalid length of startup packet
2024-10-04 13:21:20.972 UTC [4616] LOG:  invalid length of startup packet
2024-10-04 13:21:35.974 UTC [4634] LOG:  invalid length of startup packet
2024-10-04 13:21:50.971 UTC [4643] LOG:  invalid length of startup packet
2024-10-04 13:22:05.969 UTC [4661] LOG:  invalid length of startup packet
2024-10-04 13:22:20.970 UTC [4670] LOG:  invalid length of startup packet
2024-10-04 13:22:35.969 UTC [4688] LOG:  invalid length of startup packet
2024-10-04 13:22:50.969 UTC [4697] LOG:  invalid length of startup packet
2024-10-04 13:23:05.969 UTC [4715] LOG:  invalid length of startup packet
2024-10-04 13:23:20.970 UTC [4724] LOG:  invalid length of startup packet
2024-10-04 13:23:35.970 UTC [4742] LOG:  invalid length of startup packet
2024-10-04 13:23:50.970 UTC [4751] LOG:  invalid length of startup packet
2024-10-04 13:24:05.971 UTC [4769] LOG:  invalid length of startup packet
2024-10-04 13:24:20.969 UTC [4778] LOG:  invalid length of startup packet
2024-10-04 13:24:35.973 UTC [4796] LOG:  invalid length of startup packet
2024-10-04 13:24:50.971 UTC [4805] LOG:  invalid length of startup packet
2024-10-04 13:25:05.972 UTC [4823] LOG:  invalid length of startup packet
2024-10-04 13:25:20.971 UTC [4832] LOG:  invalid length of startup packet
2024-10-04 13:25:35.972 UTC [4850] LOG:  invalid length of startup packet
2024-10-04 13:25:50.977 UTC [4859] LOG:  invalid length of startup packet
2024-10-04 13:43:48.014 UTC [4870] LOG:  invalid length of startup packet
2024-10-04 13:44:03.016 UTC [4888] LOG:  invalid length of startup packet
2024-10-04 13:44:17.992 UTC [4898] LOG:  invalid length of startup packet
2024-10-04 13:44:32.992 UTC [4915] LOG:  invalid length of startup packet
2024-10-04 13:44:47.989 UTC [4925] LOG:  invalid length of startup packet
2024-10-04 13:45:02.989 UTC [4942] LOG:  invalid length of startup packet
2024-10-04 13:45:17.987 UTC [4952] LOG:  invalid length of startup packet
2024-10-04 13:45:32.985 UTC [4969] LOG:  invalid length of startup packet
2024-10-04 14:03:04.243 UTC [4979] LOG:  invalid length of startup packet
2024-10-04 14:03:19.242 UTC [4996] LOG:  invalid length of startup packet
2024-10-04 14:03:34.246 UTC [5006] LOG:  invalid length of startup packet
2024-10-04 14:03:49.246 UTC [5015] LOG:  invalid length of startup packet
2024-10-04 14:04:04.246 UTC [5033] LOG:  invalid length of startup packet
2024-10-04 14:04:19.248 UTC [5042] LOG:  invalid length of startup packet
2024-10-04 14:04:34.245 UTC [5060] LOG:  invalid length of startup packet
2024-10-04 14:04:49.244 UTC [5069] LOG:  invalid length of startup packet
2024-10-04 14:20:19.046 UTC [5087] LOG:  invalid length of startup packet
2024-10-04 14:20:34.049 UTC [5096] LOG:  invalid length of startup packet
2024-10-04 14:20:49.046 UTC [5114] LOG:  invalid length of startup packet
2024-10-04 14:21:04.044 UTC [5124] LOG:  invalid length of startup packet
2024-10-04 14:21:19.041 UTC [5142] LOG:  invalid length of startup packet
2024-10-04 14:21:34.041 UTC [5151] LOG:  invalid length of startup packet
2024-10-04 14:21:49.040 UTC [5161] LOG:  invalid length of startup packet
2024-10-04 14:22:04.038 UTC [5178] LOG:  invalid length of startup packet
2024-10-04 14:22:19.038 UTC [5188] LOG:  invalid length of startup packet
2024-10-04 14:22:34.036 UTC [5204] LOG:  invalid length of startup packet
2024-10-04 14:24:16.767 UTC [5214] LOG:  invalid length of startup packet
2024-10-04 14:24:31.768 UTC [5231] LOG:  invalid length of startup packet
2024-10-04 14:54:44.170 UTC [5242] LOG:  invalid length of startup packet
2024-10-04 14:54:59.179 UTC [5259] LOG:  invalid length of startup packet
2024-10-04 14:55:14.198 UTC [5269] LOG:  invalid length of startup packet
2024-10-04 14:55:29.187 UTC [5287] LOG:  invalid length of startup packet
2024-10-04 15:13:23.648 UTC [5297] LOG:  invalid length of startup packet
2024-10-04 15:13:38.649 UTC [5312] LOG:  invalid length of startup packet
2024-10-04 15:13:53.631 UTC [5324] LOG:  invalid length of startup packet
2024-10-04 15:14:08.631 UTC [5333] LOG:  invalid length of startup packet
2024-10-04 15:14:23.627 UTC [5352] LOG:  invalid length of startup packet
2024-10-04 15:14:38.629 UTC [5361] LOG:  invalid length of startup packet
2024-10-04 15:14:53.626 UTC [5380] LOG:  invalid length of startup packet
2024-10-04 15:15:08.637 UTC [5389] LOG:  invalid length of startup packet
2024-10-04 15:33:19.017 UTC [5407] LOG:  invalid length of startup packet
2024-10-04 15:33:34.015 UTC [5416] LOG:  invalid length of startup packet
2024-10-04 15:33:49.057 UTC [5435] LOG:  invalid length of startup packet
2024-10-04 15:34:04.057 UTC [5444] LOG:  invalid length of startup packet
2024-10-04 15:34:19.066 UTC [5454] LOG:  invalid length of startup packet
2024-10-04 15:34:34.066 UTC [5472] LOG:  invalid length of startup packet
2024-10-04 15:34:49.068 UTC [5482] LOG:  invalid length of startup packet
2024-10-04 15:35:04.064 UTC [5498] LOG:  invalid length of startup packet
2024-10-04 15:35:20.088 UTC [5508] LOG:  invalid length of startup packet
2024-10-04 15:35:34.061 UTC [5525] LOG:  invalid length of startup packet
2024-10-04 15:45:41.733 UTC [5535] LOG:  invalid length of startup packet
2024-10-04 15:45:56.714 UTC [5552] LOG:  invalid length of startup packet
2024-10-04 15:46:11.717 UTC [5562] LOG:  invalid length of startup packet
2024-10-04 15:46:26.718 UTC [5579] LOG:  invalid length of startup packet
2024-10-04 15:46:41.719 UTC [5589] LOG:  invalid length of startup packet
2024-10-04 15:46:48.568 UTC [5599] FATAL:  password authentication failed for user "v-root-vault-b8ocKBY3myCOVJYsmyWP-1728035725"
2024-10-04 15:46:48.568 UTC [5599] DETAIL:  User "v-root-vault-b8ocKBY3myCOVJYsmyWP-1728035725" has an expired password.
	Connection matched file "/bitnami/postgresql/data/pg_hba.conf" line 133: "host    all   all   0.0.0.0/0    md5"
2024-10-04 15:46:56.723 UTC [5608] LOG:  invalid length of startup packet
2024-10-04 15:47:11.720 UTC [5618] LOG:  invalid length of startup packet
2024-10-04 15:47:26.719 UTC [5627] LOG:  invalid length of startup packet
2024-10-04 15:47:41.718 UTC [5645] LOG:  invalid length of startup packet
2024-10-04 15:47:56.718 UTC [5654] LOG:  invalid length of startup packet
2024-10-04 15:48:11.720 UTC [5672] LOG:  invalid length of startup packet
2024-10-04 15:48:26.718 UTC [5681] LOG:  invalid length of startup packet
2024-10-04 15:48:41.719 UTC [5699] LOG:  invalid length of startup packet
2024-10-04 15:48:56.720 UTC [5708] LOG:  invalid length of startup packet
2024-10-04 15:49:11.719 UTC [5726] LOG:  invalid length of startup packet
2024-10-04 15:49:26.728 UTC [5735] LOG:  invalid length of startup packet
2024-10-04 15:49:41.720 UTC [5755] LOG:  invalid length of startup packet
2024-10-04 15:49:56.721 UTC [5764] LOG:  invalid length of startup packet
2024-10-04 15:50:11.720 UTC [5782] LOG:  invalid length of startup packet
2024-10-04 15:50:26.719 UTC [5791] LOG:  invalid length of startup packet
2024-10-04 15:50:41.720 UTC [5809] LOG:  invalid length of startup packet
2024-10-04 15:50:56.721 UTC [5818] LOG:  invalid length of startup packet
2024-10-04 15:51:11.720 UTC [5836] LOG:  invalid length of startup packet
2024-10-04 15:51:26.721 UTC [5845] LOG:  invalid length of startup packet
2024-10-04 15:51:41.723 UTC [5863] LOG:  invalid length of startup packet
2024-10-04 15:51:56.721 UTC [5872] LOG:  invalid length of startup packet
2024-10-04 15:52:11.722 UTC [5890] LOG:  invalid length of startup packet
2024-10-04 15:52:26.722 UTC [5899] LOG:  invalid length of startup packet
2024-10-04 15:52:41.722 UTC [5917] LOG:  invalid length of startup packet
2024-10-04 15:52:56.720 UTC [5926] LOG:  invalid length of startup packet
2024-10-04 15:53:11.702 UTC [5944] LOG:  invalid length of startup packet
2024-10-04 15:53:26.702 UTC [5953] LOG:  invalid length of startup packet
2024-10-04 15:53:41.688 UTC [5971] LOG:  invalid length of startup packet
2024-10-04 15:53:56.689 UTC [5980] LOG:  invalid length of startup packet
2024-10-04 15:54:11.686 UTC [5998] LOG:  invalid length of startup packet
2024-10-04 15:54:26.688 UTC [6008] LOG:  invalid length of startup packet
2024-10-04 15:54:41.688 UTC [6026] LOG:  invalid length of startup packet
2024-10-04 15:54:56.688 UTC [6035] LOG:  invalid length of startup packet
2024-10-04 15:55:11.688 UTC [6053] LOG:  invalid length of startup packet
2024-10-04 15:55:26.689 UTC [6062] LOG:  invalid length of startup packet
2024-10-04 15:55:41.687 UTC [6080] LOG:  invalid length of startup packet
2024-10-04 15:55:56.687 UTC [6089] LOG:  invalid length of startup packet
2024-10-04 15:56:11.687 UTC [6099] LOG:  invalid length of startup packet
2024-10-04 15:56:26.687 UTC [6116] LOG:  invalid length of startup packet
2024-10-04 15:56:41.686 UTC [6126] LOG:  invalid length of startup packet
2024-10-04 15:56:56.689 UTC [6143] LOG:  invalid length of startup packet
2024-10-04 15:57:11.686 UTC [6153] LOG:  invalid length of startup packet
2024-10-04 15:57:26.688 UTC [6168] LOG:  invalid length of startup packet
2024-10-04 15:57:41.689 UTC [6179] LOG:  invalid length of startup packet
2024-10-04 15:57:56.688 UTC [6196] LOG:  invalid length of startup packet
2024-10-04 15:58:11.687 UTC [6206] LOG:  invalid length of startup packet
2024-10-04 15:58:26.687 UTC [6223] LOG:  invalid length of startup packet
2024-10-04 15:58:41.689 UTC [6233] LOG:  invalid length of startup packet
2024-10-04 15:58:56.689 UTC [6250] LOG:  invalid length of startup packet
2024-10-04 15:59:11.688 UTC [6261] LOG:  invalid length of startup packet
2024-10-04 15:59:26.688 UTC [6278] LOG:  invalid length of startup packet
2024-10-04 15:59:41.689 UTC [6288] LOG:  invalid length of startup packet
2024-10-04 15:59:56.689 UTC [6305] LOG:  invalid length of startup packet
2024-10-04 16:00:11.688 UTC [6315] LOG:  invalid length of startup packet
2024-10-04 16:00:26.687 UTC [6332] LOG:  invalid length of startup packet
2024-10-04 16:00:41.689 UTC [6342] LOG:  invalid length of startup packet
2024-10-04 16:00:56.689 UTC [6359] LOG:  invalid length of startup packet
2024-10-04 16:01:11.690 UTC [6370] LOG:  invalid length of startup packet
2024-10-04 16:01:26.690 UTC [6387] LOG:  invalid length of startup packet
2024-10-04 16:01:41.689 UTC [6397] LOG:  invalid length of startup packet
2024-10-04 16:01:56.688 UTC [6414] LOG:  invalid length of startup packet
2024-10-04 16:02:11.690 UTC [6424] LOG:  invalid length of startup packet
2024-10-04 16:02:26.688 UTC [6442] LOG:  invalid length of startup packet
2024-10-04 16:02:41.688 UTC [6452] LOG:  invalid length of startup packet
2024-10-04 16:02:56.689 UTC [6469] LOG:  invalid length of startup packet
2024-10-04 16:03:11.690 UTC [6479] LOG:  invalid length of startup packet
2024-10-04 16:03:26.689 UTC [6496] LOG:  invalid length of startup packet
2024-10-04 16:03:41.690 UTC [6507] LOG:  invalid length of startup packet
2024-10-04 16:03:56.688 UTC [6525] LOG:  invalid length of startup packet
2024-10-04 16:04:11.689 UTC [6535] LOG:  invalid length of startup packet
2024-10-04 16:04:26.689 UTC [6552] LOG:  invalid length of startup packet
2024-10-04 16:04:41.689 UTC [6562] LOG:  invalid length of startup packet
2024-10-04 16:04:56.689 UTC [6579] LOG:  invalid length of startup packet
2024-10-04 16:05:11.690 UTC [6589] LOG:  invalid length of startup packet
2024-10-04 16:05:26.690 UTC [6606] LOG:  invalid length of startup packet
2024-10-04 16:05:41.692 UTC [6616] LOG:  invalid length of startup packet
2024-10-04 16:05:56.690 UTC [6631] LOG:  invalid length of startup packet
2024-10-04 16:06:11.690 UTC [6643] LOG:  invalid length of startup packet
2024-10-04 16:06:26.689 UTC [6652] LOG:  invalid length of startup packet
2024-10-04 16:06:41.689 UTC [6669] LOG:  invalid length of startup packet
2024-10-04 16:06:56.694 UTC [6678] LOG:  invalid length of startup packet
2024-10-04 16:07:11.691 UTC [6696] LOG:  invalid length of startup packet
2024-10-04 16:07:26.691 UTC [6705] LOG:  invalid length of startup packet
2024-10-04 16:07:41.691 UTC [6725] LOG:  invalid length of startup packet
2024-10-04 16:07:56.694 UTC [6734] LOG:  invalid length of startup packet
2024-10-04 16:08:11.691 UTC [6751] LOG:  invalid length of startup packet
2024-10-04 16:08:26.689 UTC [6761] LOG:  invalid length of startup packet
2024-10-04 16:08:41.690 UTC [6779] LOG:  invalid length of startup packet
2024-10-04 16:08:56.692 UTC [6788] LOG:  invalid length of startup packet
2024-10-04 16:09:11.712 UTC [6806] LOG:  invalid length of startup packet
2024-10-04 16:09:26.712 UTC [6815] LOG:  invalid length of startup packet
2024-10-04 16:09:41.719 UTC [6833] LOG:  invalid length of startup packet
2024-10-04 16:09:56.719 UTC [6842] LOG:  invalid length of startup packet
2024-10-04 16:10:11.720 UTC [6860] LOG:  invalid length of startup packet
2024-10-04 16:10:26.719 UTC [6869] LOG:  invalid length of startup packet
2024-10-04 16:10:41.719 UTC [6887] LOG:  invalid length of startup packet
2024-10-04 16:10:56.719 UTC [6897] LOG:  invalid length of startup packet
2024-10-04 16:11:11.722 UTC [6915] LOG:  invalid length of startup packet
