2024/10/05 17:44:30 [emerg] 1#1: host not found in upstream "app3:8080" in /etc/nginx/nginx.conf:12
2024/10/05 17:45:00 [emerg] 1#1: host not found in upstream "app3:8080" in /etc/nginx/nginx.conf:12
2024/10/05 17:45:09 [warn] 1#1: the "listen ... http2" directive is deprecated, use the "http2" directive instead in /etc/nginx/nginx.conf:57
2024/10/05 17:45:09 [warn] 1#1: the "listen ... http2" directive is deprecated, use the "http2" directive instead in /etc/nginx/nginx.conf:97
2024/10/05 17:45:09 [warn] 1#1: the "listen ... http2" directive is deprecated, use the "http2" directive instead in /etc/nginx/nginx.conf:120
2024/10/05 17:45:09 [warn] 1#1: the "listen ... http2" directive is deprecated, use the "http2" directive instead in /etc/nginx/nginx.conf:143
2024/10/05 17:45:09 [warn] 1#1: "ssl_stapling" ignored, issuer certificate not found for certificate "/etc/nginx/ssl/local.ritualworks.com.crt"
2024/10/05 17:45:09 [warn] 1#1: "ssl_stapling" ignored, issuer certificate not found for certificate "/etc/nginx/ssl/local.ritualworks.com.crt"
2024/10/05 17:45:09 [warn] 1#1: "ssl_stapling" ignored, issuer certificate not found for certificate "/etc/nginx/ssl/local.ritualworks.com.crt"
2024/10/05 17:45:09 [warn] 1#1: "ssl_stapling" ignored, issuer certificate not found for certificate "/etc/nginx/ssl/local.ritualworks.com.crt"
2024/10/05 17:45:09 [warn] 1#1: "ssl_stapling" ignored, issuer certificate not found for certificate "/etc/nginx/ssl/local.ritualworks.com.crt"
2024/10/05 17:45:09 [warn] 1#1: "ssl_stapling" ignored, issuer certificate not found for certificate "/etc/nginx/ssl/local.ritualworks.com.crt"
2024/10/05 17:45:09 [warn] 1#1: "ssl_stapling" ignored, issuer certificate not found for certificate "/etc/nginx/ssl/local.ritualworks.com.crt"
2024/10/05 17:45:09 [warn] 1#1: "ssl_stapling" ignored, issuer certificate not found for certificate "/etc/nginx/ssl/local.ritualworks.com.crt"
2024/10/05 17:46:14 [error] 22#22: *6 connect() failed (113: No route to host) while connecting to upstream, client: 172.21.0.1, server: api.local.ritualworks.com, request: "GET /api/products/categories HTTP/2.0", upstream: "http://172.21.0.3:8080/api/products/categories", host: "api.local.ritualworks.com", referrer: "http://localhost:3001/"
2024/10/05 17:46:39 [error] 22#22: *6 connect() failed (113: No route to host) while connecting to upstream, client: 172.21.0.1, server: api.local.ritualworks.com, request: "POST /api/assets2/upload-chunk HTTP/2.0", upstream: "http://172.21.0.3:8080/api/assets2/upload-chunk", host: "api.local.ritualworks.com", referrer: "http://localhost:3001/"
2024/10/05 17:49:12 [error] 22#22: *6 connect() failed (113: No route to host) while connecting to upstream, client: 172.21.0.1, server: api.local.ritualworks.com, request: "POST /api/assets2/upload-chunk HTTP/2.0", upstream: "http://172.21.0.4:8080/api/assets2/upload-chunk", host: "api.local.ritualworks.com", referrer: "http://localhost:3001/"
2024/10/05 18:15:19 [error] 22#22: *35 connect() failed (113: No route to host) while connecting to upstream, client: 172.21.0.1, server: api.local.ritualworks.com, request: "GET /api/authentication/verify-token HTTP/2.0", upstream: "http://172.21.0.4:8080/api/authentication/verify-token", host: "api.local.ritualworks.com", referrer: "http://localhost:3001/"
2024/10/05 18:15:38 [error] 22#22: *34 connect() failed (113: No route to host) while connecting to upstream, client: 172.21.0.1, server: api.local.ritualworks.com, request: "GET /api/products HTTP/2.0", upstream: "http://172.21.0.4:8080/api/products", host: "api.local.ritualworks.com", referrer: "http://localhost:3001/"
2024/10/05 18:21:47 [warn] 1#1: the "listen ... http2" directive is deprecated, use the "http2" directive instead in /etc/nginx/nginx.conf:57
2024/10/05 18:21:47 [warn] 1#1: the "listen ... http2" directive is deprecated, use the "http2" directive instead in /etc/nginx/nginx.conf:97
2024/10/05 18:21:47 [warn] 1#1: the "listen ... http2" directive is deprecated, use the "http2" directive instead in /etc/nginx/nginx.conf:120
2024/10/05 18:21:47 [warn] 1#1: the "listen ... http2" directive is deprecated, use the "http2" directive instead in /etc/nginx/nginx.conf:143
2024/10/05 18:21:47 [warn] 1#1: "ssl_stapling" ignored, issuer certificate not found for certificate "/etc/nginx/ssl/local.ritualworks.com.crt"
2024/10/05 18:21:47 [warn] 1#1: "ssl_stapling" ignored, issuer certificate not found for certificate "/etc/nginx/ssl/local.ritualworks.com.crt"
2024/10/05 18:21:47 [warn] 1#1: "ssl_stapling" ignored, issuer certificate not found for certificate "/etc/nginx/ssl/local.ritualworks.com.crt"
2024/10/05 18:21:47 [warn] 1#1: "ssl_stapling" ignored, issuer certificate not found for certificate "/etc/nginx/ssl/local.ritualworks.com.crt"
2024/10/05 18:21:47 [warn] 1#1: "ssl_stapling" ignored, issuer certificate not found for certificate "/etc/nginx/ssl/local.ritualworks.com.crt"
2024/10/05 18:21:47 [warn] 1#1: "ssl_stapling" ignored, issuer certificate not found for certificate "/etc/nginx/ssl/local.ritualworks.com.crt"
2024/10/05 18:21:47 [warn] 1#1: "ssl_stapling" ignored, issuer certificate not found for certificate "/etc/nginx/ssl/local.ritualworks.com.crt"
2024/10/05 18:21:47 [warn] 1#1: "ssl_stapling" ignored, issuer certificate not found for certificate "/etc/nginx/ssl/local.ritualworks.com.crt"
2024/10/06 12:41:05 [warn] 1#1: the "listen ... http2" directive is deprecated, use the "http2" directive instead in /etc/nginx/nginx.conf:57
2024/10/06 12:41:05 [warn] 1#1: the "listen ... http2" directive is deprecated, use the "http2" directive instead in /etc/nginx/nginx.conf:97
2024/10/06 12:41:05 [warn] 1#1: the "listen ... http2" directive is deprecated, use the "http2" directive instead in /etc/nginx/nginx.conf:120
2024/10/06 12:41:05 [warn] 1#1: the "listen ... http2" directive is deprecated, use the "http2" directive instead in /etc/nginx/nginx.conf:143
2024/10/06 12:41:05 [warn] 1#1: "ssl_stapling" ignored, issuer certificate not found for certificate "/etc/nginx/ssl/local.ritualworks.com.crt"
2024/10/06 12:41:05 [warn] 1#1: "ssl_stapling" ignored, issuer certificate not found for certificate "/etc/nginx/ssl/local.ritualworks.com.crt"
2024/10/06 12:41:05 [warn] 1#1: "ssl_stapling" ignored, issuer certificate not found for certificate "/etc/nginx/ssl/local.ritualworks.com.crt"
2024/10/06 12:41:05 [warn] 1#1: "ssl_stapling" ignored, issuer certificate not found for certificate "/etc/nginx/ssl/local.ritualworks.com.crt"
2024/10/06 12:41:05 [warn] 1#1: "ssl_stapling" ignored, issuer certificate not found for certificate "/etc/nginx/ssl/local.ritualworks.com.crt"
2024/10/06 12:41:05 [warn] 1#1: "ssl_stapling" ignored, issuer certificate not found for certificate "/etc/nginx/ssl/local.ritualworks.com.crt"
2024/10/06 12:41:05 [warn] 1#1: "ssl_stapling" ignored, issuer certificate not found for certificate "/etc/nginx/ssl/local.ritualworks.com.crt"
2024/10/06 12:41:05 [warn] 1#1: "ssl_stapling" ignored, issuer certificate not found for certificate "/etc/nginx/ssl/local.ritualworks.com.crt"
2024/10/06 14:19:10 [emerg] 1#1: host not found in upstream "app2:8080" in /etc/nginx/nginx.conf:11
2024/10/06 14:25:19 [emerg] 1#1: host not found in upstream "app2:8080" in /etc/nginx/nginx.conf:11
2024/10/06 14:27:02 [emerg] 1#1: host not found in upstream "app2:8080" in /etc/nginx/nginx.conf:11
2024/10/06 14:27:04 [emerg] 1#1: host not found in upstream "app2:8080" in /etc/nginx/nginx.conf:11
2024/10/06 14:27:08 [emerg] 1#1: host not found in upstream "app2:8080" in /etc/nginx/nginx.conf:11
2024/10/06 14:27:20 [emerg] 1#1: host not found in upstream "app2:8080" in /etc/nginx/nginx.conf:11
2024/10/06 14:27:23 [emerg] 1#1: host not found in upstream "app2:8080" in /etc/nginx/nginx.conf:11
2024/10/06 14:28:19 [emerg] 1#1: host not found in upstream "app2:8080" in /etc/nginx/nginx.conf:11
2024/10/06 14:35:07 [warn] 1#1: the "listen ... http2" directive is deprecated, use the "http2" directive instead in /etc/nginx/nginx.conf:57
2024/10/06 14:35:07 [warn] 1#1: the "listen ... http2" directive is deprecated, use the "http2" directive instead in /etc/nginx/nginx.conf:97
2024/10/06 14:35:07 [warn] 1#1: the "listen ... http2" directive is deprecated, use the "http2" directive instead in /etc/nginx/nginx.conf:120
2024/10/06 14:35:07 [warn] 1#1: the "listen ... http2" directive is deprecated, use the "http2" directive instead in /etc/nginx/nginx.conf:143
2024/10/06 14:35:07 [warn] 1#1: "ssl_stapling" ignored, issuer certificate not found for certificate "/etc/nginx/ssl/local.ritualworks.com.crt"
2024/10/06 14:35:07 [warn] 1#1: "ssl_stapling" ignored, issuer certificate not found for certificate "/etc/nginx/ssl/local.ritualworks.com.crt"
2024/10/06 14:35:07 [warn] 1#1: "ssl_stapling" ignored, issuer certificate not found for certificate "/etc/nginx/ssl/local.ritualworks.com.crt"
2024/10/06 14:35:07 [warn] 1#1: "ssl_stapling" ignored, issuer certificate not found for certificate "/etc/nginx/ssl/local.ritualworks.com.crt"
2024/10/06 14:35:07 [warn] 1#1: "ssl_stapling" ignored, issuer certificate not found for certificate "/etc/nginx/ssl/local.ritualworks.com.crt"
2024/10/06 14:35:07 [warn] 1#1: "ssl_stapling" ignored, issuer certificate not found for certificate "/etc/nginx/ssl/local.ritualworks.com.crt"
2024/10/06 14:35:07 [warn] 1#1: "ssl_stapling" ignored, issuer certificate not found for certificate "/etc/nginx/ssl/local.ritualworks.com.crt"
2024/10/06 14:35:07 [warn] 1#1: "ssl_stapling" ignored, issuer certificate not found for certificate "/etc/nginx/ssl/local.ritualworks.com.crt"
2024/10/06 14:40:06 [error] 28#28: *6 recv() failed (113: No route to host) while reading response header from upstream, client: 172.21.0.1, server: api.local.ritualworks.com, request: "GET /api/products/categories HTTP/2.0", upstream: "http://172.21.0.2:8080/api/products/categories", host: "api.local.ritualworks.com", referrer: "http://localhost:3001/"
2024/10/06 14:43:02 [error] 28#28: *6 connect() failed (113: No route to host) while connecting to upstream, client: 172.21.0.1, server: api.local.ritualworks.com, request: "POST /api/assets2/upload HTTP/2.0", upstream: "http://172.21.0.2:8080/api/assets2/upload", host: "api.local.ritualworks.com", referrer: "http://localhost:3001/"
2024/10/06 14:51:45 [error] 28#28: *20 connect() failed (113: No route to host) while connecting to upstream, client: 172.21.0.1, server: api.local.ritualworks.com, request: "GET /api/products/categories HTTP/2.0", upstream: "http://172.21.0.2:8080/api/products/categories", host: "api.local.ritualworks.com", referrer: "http://localhost:3001/"
2024/10/06 14:59:18 [emerg] 1#1: host not found in upstream "prometheus:9090" in /etc/nginx/nginx.conf:16
2024/10/06 16:15:56 [emerg] 1#1: host not found in upstream "prometheus:9090" in /etc/nginx/nginx.conf:16
2024/10/06 16:16:06 [emerg] 1#1: host not found in upstream "prometheus:9090" in /etc/nginx/nginx.conf:16
2024/10/06 16:16:49 [emerg] 1#1: host not found in upstream "prometheus:9090" in /etc/nginx/nginx.conf:16
2024/10/06 16:17:38 [emerg] 1#1: host not found in upstream "prometheus:9090" in /etc/nginx/nginx.conf:16
2024/10/06 16:17:45 [emerg] 1#1: host not found in upstream "prometheus:9090" in /etc/nginx/nginx.conf:16
2024/10/06 16:17:50 [emerg] 1#1: host not found in upstream "prometheus:9090" in /etc/nginx/nginx.conf:16
2024/10/06 16:27:33 [warn] 1#1: the "listen ... http2" directive is deprecated, use the "http2" directive instead in /etc/nginx/nginx.conf:57
2024/10/06 16:27:33 [warn] 1#1: the "listen ... http2" directive is deprecated, use the "http2" directive instead in /etc/nginx/nginx.conf:97
2024/10/06 16:27:33 [warn] 1#1: the "listen ... http2" directive is deprecated, use the "http2" directive instead in /etc/nginx/nginx.conf:120
2024/10/06 16:27:33 [warn] 1#1: the "listen ... http2" directive is deprecated, use the "http2" directive instead in /etc/nginx/nginx.conf:143
2024/10/06 16:27:33 [warn] 1#1: "ssl_stapling" ignored, issuer certificate not found for certificate "/etc/nginx/ssl/local.ritualworks.com.crt"
2024/10/06 16:27:33 [warn] 1#1: "ssl_stapling" ignored, issuer certificate not found for certificate "/etc/nginx/ssl/local.ritualworks.com.crt"
2024/10/06 16:27:33 [warn] 1#1: "ssl_stapling" ignored, issuer certificate not found for certificate "/etc/nginx/ssl/local.ritualworks.com.crt"
2024/10/06 16:27:33 [warn] 1#1: "ssl_stapling" ignored, issuer certificate not found for certificate "/etc/nginx/ssl/local.ritualworks.com.crt"
2024/10/06 16:27:33 [warn] 1#1: "ssl_stapling" ignored, issuer certificate not found for certificate "/etc/nginx/ssl/local.ritualworks.com.crt"
2024/10/06 16:27:33 [warn] 1#1: "ssl_stapling" ignored, issuer certificate not found for certificate "/etc/nginx/ssl/local.ritualworks.com.crt"
2024/10/06 16:27:33 [warn] 1#1: "ssl_stapling" ignored, issuer certificate not found for certificate "/etc/nginx/ssl/local.ritualworks.com.crt"
2024/10/06 16:27:33 [warn] 1#1: "ssl_stapling" ignored, issuer certificate not found for certificate "/etc/nginx/ssl/local.ritualworks.com.crt"
2024/10/06 17:10:17 [warn] 1#1: the "listen ... http2" directive is deprecated, use the "http2" directive instead in /etc/nginx/nginx.conf:35
2024/10/06 17:10:17 [warn] 1#1: the "listen ... http2" directive is deprecated, use the "http2" directive instead in /etc/nginx/nginx.conf:90
2024/10/06 17:10:17 [warn] 1#1: the "listen ... http2" directive is deprecated, use the "http2" directive instead in /etc/nginx/nginx.conf:134
2024/10/06 17:10:17 [warn] 1#1: the "listen ... http2" directive is deprecated, use the "http2" directive instead in /etc/nginx/nginx.conf:178
2024/10/06 17:10:17 [warn] 1#1: "ssl_stapling" ignored, issuer certificate not found for certificate "/etc/nginx/ssl/local.ritualworks.com.crt"
2024/10/06 17:10:17 [warn] 1#1: "ssl_stapling" ignored, issuer certificate not found for certificate "/etc/nginx/ssl/local.ritualworks.com.crt"
2024/10/06 17:10:17 [warn] 1#1: "ssl_stapling" ignored, issuer certificate not found for certificate "/etc/nginx/ssl/local.ritualworks.com.crt"
2024/10/06 17:10:17 [warn] 1#1: "ssl_stapling" ignored, issuer certificate not found for certificate "/etc/nginx/ssl/local.ritualworks.com.crt"
2024/10/06 17:56:53 [warn] 1#1: the "listen ... http2" directive is deprecated, use the "http2" directive instead in /etc/nginx/nginx.conf:35
2024/10/06 17:56:53 [warn] 1#1: the "listen ... http2" directive is deprecated, use the "http2" directive instead in /etc/nginx/nginx.conf:90
2024/10/06 17:56:53 [warn] 1#1: the "listen ... http2" directive is deprecated, use the "http2" directive instead in /etc/nginx/nginx.conf:134
2024/10/06 17:56:53 [warn] 1#1: the "listen ... http2" directive is deprecated, use the "http2" directive instead in /etc/nginx/nginx.conf:178
2024/10/06 17:56:53 [warn] 1#1: "ssl_stapling" ignored, issuer certificate not found for certificate "/etc/nginx/ssl/local.ritualworks.com.crt"
2024/10/06 17:56:53 [warn] 1#1: "ssl_stapling" ignored, issuer certificate not found for certificate "/etc/nginx/ssl/local.ritualworks.com.crt"
2024/10/06 17:56:53 [warn] 1#1: "ssl_stapling" ignored, issuer certificate not found for certificate "/etc/nginx/ssl/local.ritualworks.com.crt"
2024/10/06 17:56:53 [warn] 1#1: "ssl_stapling" ignored, issuer certificate not found for certificate "/etc/nginx/ssl/local.ritualworks.com.crt"
2024/10/07 09:42:22 [warn] 1#1: the "listen ... http2" directive is deprecated, use the "http2" directive instead in /etc/nginx/nginx.conf:35
2024/10/07 09:42:22 [warn] 1#1: the "listen ... http2" directive is deprecated, use the "http2" directive instead in /etc/nginx/nginx.conf:90
2024/10/07 09:42:22 [warn] 1#1: the "listen ... http2" directive is deprecated, use the "http2" directive instead in /etc/nginx/nginx.conf:134
2024/10/07 09:42:22 [warn] 1#1: the "listen ... http2" directive is deprecated, use the "http2" directive instead in /etc/nginx/nginx.conf:178
2024/10/07 09:42:22 [warn] 1#1: "ssl_stapling" ignored, issuer certificate not found for certificate "/etc/nginx/ssl/local.ritualworks.com.crt"
2024/10/07 09:42:22 [warn] 1#1: "ssl_stapling" ignored, issuer certificate not found for certificate "/etc/nginx/ssl/local.ritualworks.com.crt"
2024/10/07 09:42:22 [warn] 1#1: "ssl_stapling" ignored, issuer certificate not found for certificate "/etc/nginx/ssl/local.ritualworks.com.crt"
2024/10/07 09:42:22 [warn] 1#1: "ssl_stapling" ignored, issuer certificate not found for certificate "/etc/nginx/ssl/local.ritualworks.com.crt"
2024/10/07 11:18:42 [warn] 1#1: the "listen ... http2" directive is deprecated, use the "http2" directive instead in /etc/nginx/nginx.conf:35
2024/10/07 11:18:42 [warn] 1#1: the "listen ... http2" directive is deprecated, use the "http2" directive instead in /etc/nginx/nginx.conf:90
2024/10/07 11:18:42 [warn] 1#1: the "listen ... http2" directive is deprecated, use the "http2" directive instead in /etc/nginx/nginx.conf:134
2024/10/07 11:18:42 [warn] 1#1: the "listen ... http2" directive is deprecated, use the "http2" directive instead in /etc/nginx/nginx.conf:178
2024/10/07 11:18:42 [warn] 1#1: "ssl_stapling" ignored, issuer certificate not found for certificate "/etc/nginx/ssl/local.ritualworks.com.crt"
2024/10/07 11:18:42 [warn] 1#1: "ssl_stapling" ignored, issuer certificate not found for certificate "/etc/nginx/ssl/local.ritualworks.com.crt"
2024/10/07 11:18:42 [warn] 1#1: "ssl_stapling" ignored, issuer certificate not found for certificate "/etc/nginx/ssl/local.ritualworks.com.crt"
2024/10/07 11:18:42 [warn] 1#1: "ssl_stapling" ignored, issuer certificate not found for certificate "/etc/nginx/ssl/local.ritualworks.com.crt"
2024/10/07 11:20:34 [error] 28#28: *5 connect() failed (113: No route to host) while connecting to upstream, client: 172.21.0.1, server: api.local.ritualworks.com, request: "POST /api/authentication/login HTTP/2.0", upstream: "http://172.21.0.2:8080/api/authentication/login", host: "api.local.ritualworks.com", referrer: "http://localhost:3001/"
2024/10/07 11:21:30 [error] 28#28: *2 connect() failed (113: No route to host) while connecting to upstream, client: 172.21.0.1, server: api.local.ritualworks.com, request: "POST /api/assets2/upload HTTP/2.0", upstream: "http://172.21.0.2:8080/api/assets2/upload", host: "api.local.ritualworks.com", referrer: "http://localhost:3001/"
2024/10/07 11:30:18 [warn] 1#1: the "listen ... http2" directive is deprecated, use the "http2" directive instead in /etc/nginx/nginx.conf:35
2024/10/07 11:30:18 [warn] 1#1: the "listen ... http2" directive is deprecated, use the "http2" directive instead in /etc/nginx/nginx.conf:90
2024/10/07 11:30:18 [warn] 1#1: the "listen ... http2" directive is deprecated, use the "http2" directive instead in /etc/nginx/nginx.conf:134
2024/10/07 11:30:18 [warn] 1#1: the "listen ... http2" directive is deprecated, use the "http2" directive instead in /etc/nginx/nginx.conf:178
2024/10/07 11:30:18 [warn] 1#1: "ssl_stapling" ignored, issuer certificate not found for certificate "/etc/nginx/ssl/local.ritualworks.com.crt"
2024/10/07 11:30:18 [warn] 1#1: "ssl_stapling" ignored, issuer certificate not found for certificate "/etc/nginx/ssl/local.ritualworks.com.crt"
2024/10/07 11:30:18 [warn] 1#1: "ssl_stapling" ignored, issuer certificate not found for certificate "/etc/nginx/ssl/local.ritualworks.com.crt"
2024/10/07 11:30:18 [warn] 1#1: "ssl_stapling" ignored, issuer certificate not found for certificate "/etc/nginx/ssl/local.ritualworks.com.crt"
2024/10/07 12:44:22 [error] 29#29: *104 upstream timed out (110: Connection timed out) while reading response header from upstream, client: 172.21.0.1, server: api.local.ritualworks.com, request: "GET /api/products HTTP/2.0", upstream: "http://172.21.0.3:8080/api/products", host: "api.local.ritualworks.com", referrer: "http://localhost:3001/"
2024/10/07 12:44:44 [error] 29#29: *104 upstream timed out (110: Connection timed out) while reading response header from upstream, client: 172.21.0.1, server: api.local.ritualworks.com, request: "GET /api/products HTTP/2.0", upstream: "http://172.21.0.3:8080/api/products", host: "api.local.ritualworks.com", referrer: "http://localhost:3001/"
2024/10/07 17:38:48 [warn] 1#1: the "listen ... http2" directive is deprecated, use the "http2" directive instead in /etc/nginx/nginx.conf:35
2024/10/07 17:38:48 [warn] 1#1: the "listen ... http2" directive is deprecated, use the "http2" directive instead in /etc/nginx/nginx.conf:90
2024/10/07 17:38:48 [warn] 1#1: the "listen ... http2" directive is deprecated, use the "http2" directive instead in /etc/nginx/nginx.conf:134
2024/10/07 17:38:48 [warn] 1#1: the "listen ... http2" directive is deprecated, use the "http2" directive instead in /etc/nginx/nginx.conf:178
2024/10/07 17:38:48 [warn] 1#1: "ssl_stapling" ignored, issuer certificate not found for certificate "/etc/nginx/ssl/local.ritualworks.com.crt"
2024/10/07 17:38:48 [warn] 1#1: "ssl_stapling" ignored, issuer certificate not found for certificate "/etc/nginx/ssl/local.ritualworks.com.crt"
2024/10/07 17:38:48 [warn] 1#1: "ssl_stapling" ignored, issuer certificate not found for certificate "/etc/nginx/ssl/local.ritualworks.com.crt"
2024/10/07 17:38:48 [warn] 1#1: "ssl_stapling" ignored, issuer certificate not found for certificate "/etc/nginx/ssl/local.ritualworks.com.crt"
2024/10/07 17:58:15 [warn] 1#1: the "listen ... http2" directive is deprecated, use the "http2" directive instead in /etc/nginx/nginx.conf:35
2024/10/07 17:58:15 [warn] 1#1: the "listen ... http2" directive is deprecated, use the "http2" directive instead in /etc/nginx/nginx.conf:90
2024/10/07 17:58:15 [warn] 1#1: the "listen ... http2" directive is deprecated, use the "http2" directive instead in /etc/nginx/nginx.conf:134
2024/10/07 17:58:15 [warn] 1#1: the "listen ... http2" directive is deprecated, use the "http2" directive instead in /etc/nginx/nginx.conf:178
2024/10/07 17:58:15 [warn] 1#1: "ssl_stapling" ignored, issuer certificate not found for certificate "/etc/nginx/ssl/local.ritualworks.com.crt"
2024/10/07 17:58:15 [warn] 1#1: "ssl_stapling" ignored, issuer certificate not found for certificate "/etc/nginx/ssl/local.ritualworks.com.crt"
2024/10/07 17:58:15 [warn] 1#1: "ssl_stapling" ignored, issuer certificate not found for certificate "/etc/nginx/ssl/local.ritualworks.com.crt"
2024/10/07 17:58:15 [warn] 1#1: "ssl_stapling" ignored, issuer certificate not found for certificate "/etc/nginx/ssl/local.ritualworks.com.crt"
2024/10/07 18:11:17 [error] 29#29: *3 connect() failed (113: No route to host) while connecting to upstream, client: 172.21.0.1, server: api.local.ritualworks.com, request: "GET /api/products HTTP/2.0", upstream: "http://172.21.0.2:8080/api/products", host: "api.local.ritualworks.com"
