[2024-09-12T11:44:39.576+0000][0.448s] CardTable entry size: 512
[2024-09-12T11:44:39.588+0000][0.460s] Using G1
[2024-09-12T11:44:50.837+0000][11.709s] Version: 18.0.2.1+1-1 (release)
[2024-09-12T11:44:50.842+0000][11.714s] CPUs: 12 total, 12 available
[2024-09-12T11:44:50.846+0000][11.718s] Memory: 7838M
[2024-09-12T11:44:50.847+0000][11.719s] Large Page Support: Disabled
[2024-09-12T11:44:50.847+0000][11.719s] NUMA Support: Disabled
[2024-09-12T11:44:50.848+0000][11.720s] Compressed Oops: Enabled (32-bit)
[2024-09-12T11:44:50.849+0000][11.721s] Heap Region Size: 4M
[2024-09-12T11:44:50.849+0000][11.722s] Heap Min Capacity: 2G
[2024-09-12T11:44:50.851+0000][11.723s] Heap Initial Capacity: 2G
[2024-09-12T11:44:50.852+0000][11.724s] Heap Max Capacity: 2G
[2024-09-12T11:44:50.852+0000][11.724s] Pre-touch: Enabled
[2024-09-12T11:44:50.853+0000][11.725s] Parallel Workers: 10
[2024-09-12T11:44:50.854+0000][11.726s] Concurrent Workers: 3
[2024-09-12T11:44:50.854+0000][11.727s] Concurrent Refinement Workers: 10
[2024-09-12T11:44:50.855+0000][11.727s] Periodic GC: Disabled
[2024-09-12T11:44:50.860+0000][11.732s] CDS archive(s) mapped at: [0x0000000800000000-0x0000000800bae000-0x0000000800bae000), size 12247040, SharedBaseAddress: 0x0000000800000000, ArchiveRelocationMode: 0.
[2024-09-12T11:44:50.860+0000][11.732s] Compressed class space mapped at: 0x0000000800c00000-0x0000000840c00000, reserved size: 1073741824
[2024-09-12T11:44:50.862+0000][11.735s] Narrow klass base: 0x0000000800000000, Narrow klass shift: 0, Narrow klass range: 0x100000000
[2024-09-12T11:45:16.523+0000][37.419s] GC(0) Pause Young (Normal) (G1 Evacuation Pause)
[2024-09-12T11:45:16.536+0000][37.432s] GC(0) Using 10 workers of 10 for evacuation
[2024-09-12T11:45:16.609+0000][37.504s] GC(0)   Pre Evacuate Collection Set: 4.6ms
[2024-09-12T11:45:16.613+0000][37.509s] GC(0)   Merge Heap Roots: 1.1ms
[2024-09-12T11:45:16.615+0000][37.510s] GC(0)   Evacuate Collection Set: 44.2ms
[2024-09-12T11:45:16.616+0000][37.511s] GC(0)   Post Evacuate Collection Set: 12.8ms
[2024-09-12T11:45:16.617+0000][37.513s] GC(0)   Other: 9.5ms
[2024-09-12T11:45:16.621+0000][37.516s] GC(0) Eden regions: 25->0(23)
[2024-09-12T11:45:16.624+0000][37.519s] GC(0) Survivor regions: 0->2(4)
[2024-09-12T11:45:16.624+0000][37.520s] GC(0) Old regions: 0->0
[2024-09-12T11:45:16.625+0000][37.521s] GC(0) Archive regions: 2->2
[2024-09-12T11:45:16.628+0000][37.524s] GC(0) Humongous regions: 0->0
[2024-09-12T11:45:16.631+0000][37.526s] GC(0) Metaspace: 15135K(15552K)->15135K(15552K) NonClass: 13402K(13632K)->13402K(13632K) Class: 1733K(1920K)->1733K(1920K)
[2024-09-12T11:45:16.631+0000][37.527s] GC(0) Pause Young (Normal) (G1 Evacuation Pause) 103M->11M(2048M) 107.916ms
[2024-09-12T11:45:16.632+0000][37.528s] GC(0) User=0.25s Sys=0.00s Real=0.11s
[2024-09-12T11:45:23.374+0000][44.270s] GC(1) Pause Young (Normal) (G1 Evacuation Pause)
[2024-09-12T11:45:23.375+0000][44.271s] GC(1) Using 10 workers of 10 for evacuation
[2024-09-12T11:45:23.425+0000][44.321s] GC(1)   Pre Evacuate Collection Set: 0.9ms
[2024-09-12T11:45:23.426+0000][44.322s] GC(1)   Merge Heap Roots: 1.3ms
[2024-09-12T11:45:23.432+0000][44.327s] GC(1)   Evacuate Collection Set: 15.8ms
[2024-09-12T11:45:23.432+0000][44.328s] GC(1)   Post Evacuate Collection Set: 28.9ms
[2024-09-12T11:45:23.433+0000][44.328s] GC(1)   Other: 2.8ms
[2024-09-12T11:45:23.433+0000][44.329s] GC(1) Eden regions: 23->0(39)
[2024-09-12T11:45:23.434+0000][44.329s] GC(1) Survivor regions: 2->3(4)
[2024-09-12T11:45:23.434+0000][44.330s] GC(1) Old regions: 0->0
[2024-09-12T11:45:23.435+0000][44.330s] GC(1) Archive regions: 2->2
[2024-09-12T11:45:23.435+0000][44.331s] GC(1) Humongous regions: 0->0
[2024-09-12T11:45:23.438+0000][44.334s] GC(1) Metaspace: 17194K(17600K)->17194K(17600K) NonClass: 15245K(15488K)->15245K(15488K) Class: 1949K(2112K)->1949K(2112K)
[2024-09-12T11:45:23.439+0000][44.334s] GC(1) Pause Young (Normal) (G1 Evacuation Pause) 103M->13M(2048M) 64.734ms
[2024-09-12T11:45:23.439+0000][44.335s] GC(1) User=0.15s Sys=0.00s Real=0.06s
[2024-09-12T11:45:25.898+0000][46.794s] GC(2) Pause Young (Concurrent Start) (Metadata GC Threshold)
[2024-09-12T11:45:25.899+0000][46.795s] GC(2) Using 10 workers of 10 for evacuation
[2024-09-12T11:45:25.948+0000][46.844s] GC(2)   Pre Evacuate Collection Set: 4.9ms
[2024-09-12T11:45:25.949+0000][46.845s] GC(2)   Merge Heap Roots: 0.4ms
[2024-09-12T11:45:25.952+0000][46.848s] GC(2)   Evacuate Collection Set: 16.4ms
[2024-09-12T11:45:25.953+0000][46.849s] GC(2)   Post Evacuate Collection Set: 24.3ms
[2024-09-12T11:45:25.956+0000][46.852s] GC(2)   Other: 2.4ms
[2024-09-12T11:45:25.963+0000][46.859s] GC(2) Eden regions: 11->0(65)
[2024-09-12T11:45:25.966+0000][46.861s] GC(2) Survivor regions: 3->3(6)
[2024-09-12T11:45:25.972+0000][46.868s] GC(2) Old regions: 0->0
[2024-09-12T11:45:25.973+0000][46.868s] GC(2) Archive regions: 2->2
[2024-09-12T11:45:25.973+0000][46.869s] GC(2) Humongous regions: 0->0
[2024-09-12T11:45:25.975+0000][46.870s] GC(2) Metaspace: 21046K(21504K)->21046K(21504K) NonClass: 18715K(19008K)->18715K(19008K) Class: 2331K(2496K)->2331K(2496K)
[2024-09-12T11:45:25.976+0000][46.871s] GC(2) Pause Young (Concurrent Start) (Metadata GC Threshold) 54M->14M(2048M) 77.181ms
[2024-09-12T11:45:25.977+0000][46.873s] GC(2) User=0.10s Sys=0.07s Real=0.08s
[2024-09-12T11:45:25.977+0000][46.873s] GC(3) Concurrent Mark Cycle
[2024-09-12T11:45:25.979+0000][46.875s] GC(3) Concurrent Clear Claimed Marks
[2024-09-12T11:45:25.980+0000][46.875s] GC(3) Concurrent Clear Claimed Marks 0.482ms
[2024-09-12T11:45:25.980+0000][46.876s] GC(3) Concurrent Scan Root Regions
[2024-09-12T11:45:25.992+0000][46.888s] GC(3) Concurrent Scan Root Regions 11.719ms
[2024-09-12T11:45:25.993+0000][46.889s] GC(3) Concurrent Mark
[2024-09-12T11:45:25.994+0000][46.889s] GC(3) Concurrent Mark From Roots
[2024-09-12T11:45:25.995+0000][46.891s] GC(3) Using 3 workers of 3 for marking
[2024-09-12T11:45:26.004+0000][46.900s] GC(3) Concurrent Mark From Roots 10.500ms
[2024-09-12T11:45:26.006+0000][46.902s] GC(3) Concurrent Preclean
[2024-09-12T11:45:26.007+0000][46.902s] GC(3) Concurrent Preclean 0.520ms
[2024-09-12T11:45:26.015+0000][46.910s] GC(3) Pause Remark
[2024-09-12T11:45:26.066+0000][46.962s] GC(3) Pause Remark 16M->16M(2048M) 51.464ms
[2024-09-12T11:45:26.068+0000][46.963s] GC(3) User=0.08s Sys=0.03s Real=0.05s
[2024-09-12T11:45:26.072+0000][46.968s] GC(3) Concurrent Mark 79.153ms
[2024-09-12T11:45:26.072+0000][46.968s] GC(3) Concurrent Rebuild Remembered Sets
[2024-09-12T11:45:26.073+0000][46.968s] GC(3) Concurrent Rebuild Remembered Sets 0.331ms
[2024-09-12T11:45:26.077+0000][46.972s] GC(3) Pause Cleanup
[2024-09-12T11:45:26.077+0000][46.973s] GC(3) Pause Cleanup 16M->16M(2048M) 0.607ms
[2024-09-12T11:45:26.078+0000][46.974s] GC(3) User=0.01s Sys=0.00s Real=0.00s
[2024-09-12T11:45:26.081+0000][46.976s] GC(3) Concurrent Cleanup for Next Mark
[2024-09-12T11:45:26.087+0000][46.983s] GC(3) Concurrent Cleanup for Next Mark 6.566ms
[2024-09-12T11:45:26.088+0000][46.983s] GC(3) Concurrent Mark Cycle 110.271ms
[2024-09-12T11:45:31.527+0000][52.423s] GC(4) Pause Young (Normal) (G1 Evacuation Pause)
[2024-09-12T11:45:31.530+0000][52.426s] GC(4) Using 10 workers of 10 for evacuation
[2024-09-12T11:45:31.577+0000][52.473s] GC(4)   Pre Evacuate Collection Set: 4.1ms
[2024-09-12T11:45:31.578+0000][52.474s] GC(4)   Merge Heap Roots: 0.5ms
[2024-09-12T11:45:31.579+0000][52.474s] GC(4)   Evacuate Collection Set: 34.9ms
[2024-09-12T11:45:31.579+0000][52.475s] GC(4)   Post Evacuate Collection Set: 5.3ms
[2024-09-12T11:45:31.580+0000][52.476s] GC(4)   Other: 2.0ms
[2024-09-12T11:45:31.581+0000][52.477s] GC(4) Eden regions: 65->0(92)
[2024-09-12T11:45:31.582+0000][52.477s] GC(4) Survivor regions: 3->5(9)
[2024-09-12T11:45:31.582+0000][52.478s] GC(4) Old regions: 0->0
[2024-09-12T11:45:31.582+0000][52.478s] GC(4) Archive regions: 2->2
[2024-09-12T11:45:31.585+0000][52.480s] GC(4) Humongous regions: 0->0
[2024-09-12T11:45:31.586+0000][52.481s] GC(4) Metaspace: 24266K(24832K)->24266K(24832K) NonClass: 21454K(21760K)->21454K(21760K) Class: 2812K(3072K)->2812K(3072K)
[2024-09-12T11:45:31.586+0000][52.482s] GC(4) Pause Young (Normal) (G1 Evacuation Pause) 274M->22M(2048M) 59.171ms
[2024-09-12T11:45:31.591+0000][52.487s] GC(4) User=0.22s Sys=0.00s Real=0.07s
[2024-09-12T11:45:41.612+0000][62.487s] GC(5) Pause Young (Normal) (G1 Evacuation Pause)
[2024-09-12T11:45:41.615+0000][62.490s] GC(5) Using 10 workers of 10 for evacuation
[2024-09-12T11:45:41.783+0000][62.657s] GC(5)   Pre Evacuate Collection Set: 0.3ms
[2024-09-12T11:45:41.784+0000][62.659s] GC(5)   Merge Heap Roots: 0.1ms
[2024-09-12T11:45:41.785+0000][62.660s] GC(5)   Evacuate Collection Set: 106.6ms
[2024-09-12T11:45:41.786+0000][62.660s] GC(5)   Post Evacuate Collection Set: 52.2ms
[2024-09-12T11:45:41.786+0000][62.661s] GC(5)   Other: 8.1ms
[2024-09-12T11:45:41.788+0000][62.663s] GC(5) Eden regions: 92->0(146)
[2024-09-12T11:45:41.793+0000][62.668s] GC(5) Survivor regions: 5->6(13)
[2024-09-12T11:45:41.794+0000][62.669s] GC(5) Old regions: 0->0
[2024-09-12T11:45:41.794+0000][62.669s] GC(5) Archive regions: 2->2
[2024-09-12T11:45:41.795+0000][62.670s] GC(5) Humongous regions: 0->0
[2024-09-12T11:45:41.795+0000][62.670s] GC(5) Metaspace: 30826K(31616K)->30826K(31616K) NonClass: 27275K(27712K)->27275K(27712K) Class: 3550K(3904K)->3550K(3904K)
[2024-09-12T11:45:41.796+0000][62.671s] GC(5) Pause Young (Normal) (G1 Evacuation Pause) 390M->26M(2048M) 183.605ms
[2024-09-12T11:45:41.796+0000][62.671s] GC(5) User=0.34s Sys=0.00s Real=0.18s
[2024-09-12T11:45:50.211+0000][71.086s] GC(6) Pause Young (Concurrent Start) (Metadata GC Threshold)
[2024-09-12T11:45:50.212+0000][71.087s] GC(6) Using 10 workers of 10 for evacuation
[2024-09-12T11:45:50.259+0000][71.134s] GC(6)   Pre Evacuate Collection Set: 0.7ms
[2024-09-12T11:45:50.261+0000][71.135s] GC(6)   Merge Heap Roots: 1.3ms
[2024-09-12T11:45:50.261+0000][71.136s] GC(6)   Evacuate Collection Set: 28.7ms
[2024-09-12T11:45:50.262+0000][71.137s] GC(6)   Post Evacuate Collection Set: 12.7ms
[2024-09-12T11:45:50.263+0000][71.138s] GC(6)   Other: 3.3ms
[2024-09-12T11:45:50.265+0000][71.140s] GC(6) Eden regions: 88->0(149)
[2024-09-12T11:45:50.266+0000][71.141s] GC(6) Survivor regions: 6->7(19)
[2024-09-12T11:45:50.268+0000][71.142s] GC(6) Old regions: 0->0
[2024-09-12T11:45:50.269+0000][71.144s] GC(6) Archive regions: 2->2
[2024-09-12T11:45:50.271+0000][71.146s] GC(6) Humongous regions: 0->0
[2024-09-12T11:45:50.278+0000][71.153s] GC(6) Metaspace: 35283K(36096K)->35283K(36096K) NonClass: 31150K(31616K)->31150K(31616K) Class: 4133K(4480K)->4133K(4480K)
[2024-09-12T11:45:50.292+0000][71.167s] GC(6) Pause Young (Concurrent Start) (Metadata GC Threshold) 376M->31M(2048M) 81.320ms
[2024-09-12T11:45:50.294+0000][71.169s] GC(6) User=0.24s Sys=0.01s Real=0.08s
[2024-09-12T11:45:50.294+0000][71.169s] GC(7) Concurrent Mark Cycle
[2024-09-12T11:45:50.297+0000][71.172s] GC(7) Concurrent Clear Claimed Marks
[2024-09-12T11:45:50.298+0000][71.173s] GC(7) Concurrent Clear Claimed Marks 0.479ms
[2024-09-12T11:45:50.298+0000][71.173s] GC(7) Concurrent Scan Root Regions
[2024-09-12T11:45:50.322+0000][71.197s] GC(7) Concurrent Scan Root Regions 23.607ms
[2024-09-12T11:45:50.322+0000][71.197s] GC(7) Concurrent Mark
[2024-09-12T11:45:50.323+0000][71.198s] GC(7) Concurrent Mark From Roots
[2024-09-12T11:45:50.323+0000][71.198s] GC(7) Using 3 workers of 3 for marking
[2024-09-12T11:45:50.359+0000][71.234s] GC(7) Concurrent Mark From Roots 36.377ms
[2024-09-12T11:45:50.360+0000][71.235s] GC(7) Concurrent Preclean
[2024-09-12T11:45:50.361+0000][71.235s] GC(7) Concurrent Preclean 0.579ms
[2024-09-12T11:45:50.362+0000][71.237s] GC(7) Pause Remark
[2024-09-12T11:45:50.378+0000][71.253s] GC(7) Pause Remark 33M->33M(2048M) 16.550ms
[2024-09-12T11:45:50.379+0000][71.254s] GC(7) User=0.07s Sys=0.01s Real=0.01s
[2024-09-12T11:45:50.380+0000][71.255s] GC(7) Concurrent Mark 57.664ms
[2024-09-12T11:45:50.381+0000][71.256s] GC(7) Concurrent Rebuild Remembered Sets
[2024-09-12T11:45:50.381+0000][71.256s] GC(7) Concurrent Rebuild Remembered Sets 0.412ms
[2024-09-12T11:45:50.384+0000][71.258s] GC(7) Pause Cleanup
[2024-09-12T11:45:50.385+0000][71.259s] GC(7) Pause Cleanup 33M->33M(2048M) 1.129ms
[2024-09-12T11:45:50.387+0000][71.261s] GC(7) User=0.00s Sys=0.00s Real=0.00s
[2024-09-12T11:45:50.387+0000][71.262s] GC(7) Concurrent Cleanup for Next Mark
[2024-09-12T11:45:50.396+0000][71.270s] GC(7) Concurrent Cleanup for Next Mark 8.163ms
[2024-09-12T11:45:50.396+0000][71.271s] GC(7) Concurrent Mark Cycle 101.869ms
[2024-09-12T11:46:18.787+0000][99.679s] GC(8) Pause Young (Concurrent Start) (Metadata GC Threshold)
[2024-09-12T11:46:18.791+0000][99.682s] GC(8) Using 10 workers of 10 for evacuation
[2024-09-12T11:46:18.926+0000][99.818s] GC(8)   Pre Evacuate Collection Set: 6.7ms
[2024-09-12T11:46:18.929+0000][99.820s] GC(8)   Merge Heap Roots: 1.0ms
[2024-09-12T11:46:18.932+0000][99.824s] GC(8)   Evacuate Collection Set: 102.1ms
[2024-09-12T11:46:18.933+0000][99.824s] GC(8)   Post Evacuate Collection Set: 15.7ms
[2024-09-12T11:46:18.934+0000][99.825s] GC(8)   Other: 10.4ms
[2024-09-12T11:46:18.934+0000][99.825s] GC(8) Eden regions: 110->0(100)
[2024-09-12T11:46:18.935+0000][99.826s] GC(8) Survivor regions: 7->14(20)
[2024-09-12T11:46:18.935+0000][99.826s] GC(8) Old regions: 0->0
[2024-09-12T11:46:18.935+0000][99.827s] GC(8) Archive regions: 2->2
[2024-09-12T11:46:18.936+0000][99.827s] GC(8) Humongous regions: 0->0
[2024-09-12T11:46:18.938+0000][99.830s] GC(8) Metaspace: 59153K(60480K)->59153K(60480K) NonClass: 51633K(52352K)->51633K(52352K) Class: 7519K(8128K)->7519K(8128K)
[2024-09-12T11:46:18.941+0000][99.832s] GC(8) Pause Young (Concurrent Start) (Metadata GC Threshold) 471M->56M(2048M) 153.516ms
[2024-09-12T11:46:18.941+0000][99.833s] GC(8) User=0.56s Sys=0.00s Real=0.15s
[2024-09-12T11:46:18.942+0000][99.833s] GC(9) Concurrent Mark Cycle
[2024-09-12T11:46:18.943+0000][99.834s] GC(9) Concurrent Clear Claimed Marks
[2024-09-12T11:46:18.943+0000][99.834s] GC(9) Concurrent Clear Claimed Marks 0.450ms
[2024-09-12T11:46:18.944+0000][99.835s] GC(9) Concurrent Scan Root Regions
[2024-09-12T11:46:19.009+0000][99.900s] GC(9) Concurrent Scan Root Regions 64.720ms
[2024-09-12T11:46:19.009+0000][99.900s] GC(9) Concurrent Mark
[2024-09-12T11:46:19.009+0000][99.900s] GC(9) Concurrent Mark From Roots
[2024-09-12T11:46:19.010+0000][99.901s] GC(9) Using 3 workers of 3 for marking
[2024-09-12T11:46:19.053+0000][99.944s] GC(9) Concurrent Mark From Roots 43.938ms
[2024-09-12T11:46:19.054+0000][99.945s] GC(9) Concurrent Preclean
[2024-09-12T11:46:19.054+0000][99.945s] GC(9) Concurrent Preclean 0.515ms
[2024-09-12T11:46:19.058+0000][99.949s] GC(9) Pause Remark
[2024-09-12T11:46:19.098+0000][99.989s] GC(9) Pause Remark 58M->58M(2048M) 39.778ms
[2024-09-12T11:46:19.104+0000][99.995s] GC(9) User=0.10s Sys=0.01s Real=0.04s
[2024-09-12T11:46:19.111+0000][100.002s] GC(9) Concurrent Mark 102.330ms
[2024-09-12T11:46:19.112+0000][100.003s] GC(9) Concurrent Rebuild Remembered Sets
[2024-09-12T11:46:19.112+0000][100.003s] GC(9) Concurrent Rebuild Remembered Sets 0.445ms
[2024-09-12T11:46:19.115+0000][100.006s] GC(9) Pause Cleanup
[2024-09-12T11:46:19.136+0000][100.027s] GC(9) Pause Cleanup 58M->58M(2048M) 21.087ms
[2024-09-12T11:46:19.148+0000][100.039s] GC(9) User=0.02s Sys=0.01s Real=0.03s
[2024-09-12T11:46:19.150+0000][100.041s] GC(9) Concurrent Cleanup for Next Mark
[2024-09-12T11:46:19.159+0000][100.050s] GC(9) Concurrent Cleanup for Next Mark 8.875ms
[2024-09-12T11:46:19.159+0000][100.050s] GC(9) Concurrent Mark Cycle 217.504ms
[2024-09-12T11:46:44.072+0000][124.944s] GC(10) Pause Young (Normal) (G1 Evacuation Pause)
[2024-09-12T11:46:44.079+0000][124.951s] GC(10) Using 10 workers of 10 for evacuation
[2024-09-12T11:46:44.200+0000][125.073s] GC(10)   Pre Evacuate Collection Set: 1.1ms
[2024-09-12T11:46:44.201+0000][125.073s] GC(10)   Merge Heap Roots: 0.7ms
[2024-09-12T11:46:44.202+0000][125.074s] GC(10)   Evacuate Collection Set: 84.9ms
[2024-09-12T11:46:44.202+0000][125.074s] GC(10)   Post Evacuate Collection Set: 14.0ms
[2024-09-12T11:46:44.203+0000][125.075s] GC(10)   Other: 20.4ms
[2024-09-12T11:46:44.203+0000][125.075s] GC(10) Eden regions: 100->0(104)
[2024-09-12T11:46:44.204+0000][125.076s] GC(10) Survivor regions: 14->11(15)
[2024-09-12T11:46:44.205+0000][125.077s] GC(10) Old regions: 0->6
[2024-09-12T11:46:44.205+0000][125.077s] GC(10) Archive regions: 2->2
[2024-09-12T11:46:44.208+0000][125.080s] GC(10) Humongous regions: 0->0
[2024-09-12T11:46:44.209+0000][125.081s] GC(10) Metaspace: 76996K(78592K)->76996K(78592K) NonClass: 66897K(67776K)->66897K(67776K) Class: 10099K(10816K)->10099K(10816K)
[2024-09-12T11:46:44.210+0000][125.082s] GC(10) Pause Young (Normal) (G1 Evacuation Pause) 456M->67M(2048M) 137.173ms
[2024-09-12T11:46:44.210+0000][125.082s] GC(10) User=0.62s Sys=0.00s Real=0.14s
[2024-09-12T11:46:50.818+0000][131.690s] GC(11) Pause Young (Concurrent Start) (Metadata GC Threshold)
[2024-09-12T11:46:50.819+0000][131.691s] GC(11) Using 10 workers of 10 for evacuation
[2024-09-12T11:46:50.893+0000][131.765s] GC(11)   Pre Evacuate Collection Set: 1.7ms
[2024-09-12T11:46:50.894+0000][131.766s] GC(11)   Merge Heap Roots: 1.1ms
[2024-09-12T11:46:50.895+0000][131.767s] GC(11)   Evacuate Collection Set: 61.3ms
[2024-09-12T11:46:50.896+0000][131.768s] GC(11)   Post Evacuate Collection Set: 9.1ms
[2024-09-12T11:46:50.896+0000][131.768s] GC(11)   Other: 0.9ms
[2024-09-12T11:46:50.897+0000][131.769s] GC(11) Eden regions: 47->0(214)
[2024-09-12T11:46:50.898+0000][131.770s] GC(11) Survivor regions: 11->6(15)
[2024-09-12T11:46:50.901+0000][131.773s] GC(11) Old regions: 6->13
[2024-09-12T11:46:50.903+0000][131.775s] GC(11) Archive regions: 2->2
[2024-09-12T11:46:50.904+0000][131.776s] GC(11) Humongous regions: 0->0
[2024-09-12T11:46:50.904+0000][131.776s] GC(11) Metaspace: 98417K(101248K)->98417K(101248K) NonClass: 85296K(86784K)->85296K(86784K) Class: 13120K(14464K)->13120K(14464K)
[2024-09-12T11:46:50.905+0000][131.777s] GC(11) Pause Young (Concurrent Start) (Metadata GC Threshold) 253M->75M(2048M) 86.531ms
[2024-09-12T11:46:50.906+0000][131.778s] GC(11) User=0.55s Sys=0.00s Real=0.09s
[2024-09-12T11:46:50.906+0000][131.779s] GC(12) Concurrent Mark Cycle
[2024-09-12T11:46:50.907+0000][131.779s] GC(12) Concurrent Clear Claimed Marks
[2024-09-12T11:46:50.909+0000][131.781s] GC(12) Concurrent Clear Claimed Marks 1.711ms
[2024-09-12T11:46:50.909+0000][131.782s] GC(12) Concurrent Scan Root Regions
[2024-09-12T11:46:50.964+0000][131.836s] GC(12) Concurrent Scan Root Regions 54.554ms
[2024-09-12T11:46:50.964+0000][131.836s] GC(12) Concurrent Mark
[2024-09-12T11:46:50.965+0000][131.837s] GC(12) Concurrent Mark From Roots
[2024-09-12T11:46:50.965+0000][131.837s] GC(12) Using 3 workers of 3 for marking
[2024-09-12T11:46:51.000+0000][131.872s] GC(12) Concurrent Mark From Roots 35.627ms
[2024-09-12T11:46:51.001+0000][131.873s] GC(12) Concurrent Preclean
[2024-09-12T11:46:51.001+0000][131.873s] GC(12) Concurrent Preclean 0.468ms
[2024-09-12T11:46:51.003+0000][131.875s] GC(12) Pause Remark
[2024-09-12T11:46:51.039+0000][131.911s] GC(12) Pause Remark 77M->77M(2048M) 36.506ms
[2024-09-12T11:46:51.040+0000][131.912s] GC(12) User=0.19s Sys=0.00s Real=0.04s
[2024-09-12T11:46:51.041+0000][131.913s] GC(12) Concurrent Mark 76.265ms
[2024-09-12T11:46:51.044+0000][131.916s] GC(12) Concurrent Rebuild Remembered Sets
[2024-09-12T11:46:51.134+0000][132.006s] GC(12) Concurrent Rebuild Remembered Sets 89.364ms
[2024-09-12T11:46:51.137+0000][132.009s] GC(12) Pause Cleanup
[2024-09-12T11:46:51.141+0000][132.013s] GC(12) Pause Cleanup 81M->81M(2048M) 2.625ms
[2024-09-12T11:46:51.141+0000][132.013s] GC(12) User=0.01s Sys=0.00s Real=0.00s
[2024-09-12T11:46:51.142+0000][132.014s] GC(12) Concurrent Cleanup for Next Mark
[2024-09-12T11:46:51.160+0000][132.032s] GC(12) Concurrent Cleanup for Next Mark 18.279ms
[2024-09-12T11:46:51.161+0000][132.033s] GC(12) Concurrent Mark Cycle 254.454ms
[2024-09-12T11:57:11.785+0000][752.654s] Heap
[2024-09-12T11:57:11.786+0000][752.655s]  garbage-first heap   total 2097152K, used 714110K [0x0000000080000000, 0x0000000100000000)
[2024-09-12T11:57:11.787+0000][752.656s]   region size 4096K, 162 young (663552K), 6 survivors (24576K)
[2024-09-12T11:57:11.787+0000][752.656s]  Metaspace       used 119102K, committed 122304K, reserved 1179648K
[2024-09-12T11:57:11.788+0000][752.657s]   class space    used 16090K, committed 17728K, reserved 1048576K
