2024-09-01 17:20:48 - Ensuring correct script directory...
2024-09-01 17:20:48 - Creating networks...
2024-09-01 17:20:48 - Building and starting backend services defined in docker-compose.yml...
2024-09-01 17:20:48 - Error: Failed to start backend services.
2024-09-04 02:05:20 - Ensuring correct script directory...
2024-09-04 02:05:20 - Creating networks...
2024-09-04 02:05:20 - Building and starting backend services defined in docker-compose.yml...
2024-09-04 02:05:21 - Error: Failed to start backend services.
2024-09-04 02:36:54 - Ensuring correct script directory...
2024-09-04 02:36:54 - Creating networks...
2024-09-04 02:36:54 - Starting Vault and Consul...
2024-09-04 02:36:54 - Waiting for Vault to start...
2024-09-04 02:37:04 - Initializing Vault...
2024-09-04 02:37:05 - Error: Vault initialization failed.
2024-09-04 02:38:15 - Ensuring correct script directory...
2024-09-04 02:38:15 - Creating networks...
2024-09-04 02:38:15 - Starting Vault and Consul...
2024-09-04 02:38:17 - Waiting for Vault to start...
2024-09-04 02:38:27 - Initializing Vault...
2024-09-04 02:38:27 - Unseal keys and root token saved to unseal_keys.json.
2024-09-04 02:38:28 - Unsealing Vault...
2024-09-04 02:38:28 - Vault initialized and unsealed successfully.
2024-09-04 02:38:28 - Building and starting backend services defined in ../docker/compose/docker-compose-backend.yml, excluding Vault and Consul...
2024-09-04 02:38:32 - Error: Failed to start backend services, excluding Vault and Consul.
2024-09-04 02:50:54 - Ensuring correct script directory...
2024-09-04 02:50:54 - Creating networks...
2024-09-04 02:50:54 - Starting Vault and Consul...
2024-09-04 02:50:55 - Waiting for Vault to start...
2024-09-04 02:51:05 - Initializing Vault...
2024-09-04 02:51:06 - Unseal keys and root token saved to unseal_keys.json.
2024-09-04 02:51:06 - Unsealing Vault...
2024-09-04 02:51:07 - Vault initialized and unsealed successfully.
2024-09-04 02:51:07 - Building and starting backend services defined in ../docker/compose/docker-compose-backend.yml, excluding Vault and Consul...
2024-09-04 02:51:09 - Error: Failed to start backend services, excluding Vault and Consul.
2024-09-04 03:18:17 - Ensuring correct script directory...
2024-09-04 03:18:17 - Creating networks...
2024-09-04 03:18:17 - Building and starting backend services defined in ../docker/compose/docker-compose-backend.yml...
2024-09-04 03:18:18 - Error: Failed to start backend services.
2024-09-04 03:19:45 - Ensuring correct script directory...
2024-09-04 03:19:45 - Creating networks...
2024-09-04 03:19:45 - Building and starting backend services defined in ../docker/compose/docker-compose-backend.yml...
2024-09-04 03:19:45 - Error: Failed to start backend services.
2024-09-04 03:21:43 - Ensuring correct script directory...
2024-09-04 03:21:43 - Creating networks...
2024-09-04 03:21:43 - Building and starting backend services defined in ../docker/compose/docker-compose-backend.yml...
2024-09-04 03:21:44 - Error: Failed to start backend services.
2024-09-04 03:22:12 - Ensuring correct script directory...
2024-09-04 03:22:12 - Creating networks...
2024-09-04 03:22:12 - Building and starting backend services defined in ../docker/compose/docker-compose-backend.yml...
2024-09-04 03:22:16 - Waiting for all backend services to be fully up and running...
2024-09-04 03:22:16 - Checking health status of service: ritualworks_postgres_primary_1
2024-09-04 03:22:17 - Waiting for ritualworks_postgres_primary_1 to be healthy... (attempt 1/30)
2024-09-04 03:22:27 - Waiting for ritualworks_postgres_primary_1 to be healthy... (attempt 2/30)
2024-09-04 03:22:37 - Waiting for ritualworks_postgres_primary_1 to be healthy... (attempt 3/30)
2024-09-04 03:22:47 - Waiting for ritualworks_postgres_primary_1 to be healthy... (attempt 4/30)
2024-09-04 03:22:57 - Waiting for ritualworks_postgres_primary_1 to be healthy... (attempt 5/30)
2024-09-04 03:23:07 - Waiting for ritualworks_postgres_primary_1 to be healthy... (attempt 6/30)
2024-09-04 03:23:17 - Waiting for ritualworks_postgres_primary_1 to be healthy... (attempt 7/30)
2024-09-04 03:23:27 - Waiting for ritualworks_postgres_primary_1 to be healthy... (attempt 8/30)
2024-09-04 03:23:37 - Waiting for ritualworks_postgres_primary_1 to be healthy... (attempt 9/30)
2024-09-04 03:23:47 - Waiting for ritualworks_postgres_primary_1 to be healthy... (attempt 10/30)
2024-09-04 03:23:57 - Waiting for ritualworks_postgres_primary_1 to be healthy... (attempt 11/30)
2024-09-04 03:24:07 - Waiting for ritualworks_postgres_primary_1 to be healthy... (attempt 12/30)
2024-09-04 03:24:18 - Waiting for ritualworks_postgres_primary_1 to be healthy... (attempt 13/30)
2024-09-04 03:24:28 - Waiting for ritualworks_postgres_primary_1 to be healthy... (attempt 14/30)
2024-09-04 03:24:38 - Waiting for ritualworks_postgres_primary_1 to be healthy... (attempt 15/30)
2024-09-04 03:24:48 - Waiting for ritualworks_postgres_primary_1 to be healthy... (attempt 16/30)
2024-09-04 03:24:58 - Waiting for ritualworks_postgres_primary_1 to be healthy... (attempt 17/30)
2024-09-04 03:25:08 - Waiting for ritualworks_postgres_primary_1 to be healthy... (attempt 18/30)
2024-09-04 03:25:18 - Waiting for ritualworks_postgres_primary_1 to be healthy... (attempt 19/30)
2024-09-04 03:25:28 - Waiting for ritualworks_postgres_primary_1 to be healthy... (attempt 20/30)
2024-09-04 03:25:38 - Waiting for ritualworks_postgres_primary_1 to be healthy... (attempt 21/30)
2024-09-04 03:25:48 - Waiting for ritualworks_postgres_primary_1 to be healthy... (attempt 22/30)
2024-09-04 03:25:58 - Waiting for ritualworks_postgres_primary_1 to be healthy... (attempt 23/30)
2024-09-04 03:26:08 - Waiting for ritualworks_postgres_primary_1 to be healthy... (attempt 24/30)
2024-09-04 03:26:18 - Waiting for ritualworks_postgres_primary_1 to be healthy... (attempt 25/30)
2024-09-04 03:26:29 - Waiting for ritualworks_postgres_primary_1 to be healthy... (attempt 26/30)
2024-09-04 03:26:39 - Waiting for ritualworks_postgres_primary_1 to be healthy... (attempt 27/30)
2024-09-04 03:26:49 - Waiting for ritualworks_postgres_primary_1 to be healthy... (attempt 28/30)
2024-09-04 03:26:59 - Waiting for ritualworks_postgres_primary_1 to be healthy... (attempt 29/30)
2024-09-04 03:27:09 - Waiting for ritualworks_postgres_primary_1 to be healthy... (attempt 30/30)
2024-09-04 03:27:19 - ritualworks_postgres_primary_1 did not become healthy after 30 attempts.
2024-09-04 03:27:19 - ritualworks_postgres_primary_1 is not healthy.
2024-09-04 03:27:19 - Checking health status of service: ritualworks_postgres_standby_1
2024-09-04 03:27:19 - Waiting for ritualworks_postgres_standby_1 to be healthy... (attempt 1/30)
2024-09-04 03:27:29 - Waiting for ritualworks_postgres_standby_1 to be healthy... (attempt 2/30)
2024-09-04 03:27:39 - Waiting for ritualworks_postgres_standby_1 to be healthy... (attempt 3/30)
2024-09-04 03:27:49 - Waiting for ritualworks_postgres_standby_1 to be healthy... (attempt 4/30)
2024-09-04 03:27:59 - Waiting for ritualworks_postgres_standby_1 to be healthy... (attempt 5/30)
2024-09-04 03:28:09 - Waiting for ritualworks_postgres_standby_1 to be healthy... (attempt 6/30)
2024-09-04 03:28:19 - Waiting for ritualworks_postgres_standby_1 to be healthy... (attempt 7/30)
2024-09-04 03:28:29 - Waiting for ritualworks_postgres_standby_1 to be healthy... (attempt 8/30)
2024-09-04 03:28:39 - Waiting for ritualworks_postgres_standby_1 to be healthy... (attempt 9/30)
2024-09-04 03:28:50 - Waiting for ritualworks_postgres_standby_1 to be healthy... (attempt 10/30)
2024-09-04 03:29:00 - Waiting for ritualworks_postgres_standby_1 to be healthy... (attempt 11/30)
2024-09-04 03:29:10 - Waiting for ritualworks_postgres_standby_1 to be healthy... (attempt 12/30)
2024-09-04 03:29:20 - Waiting for ritualworks_postgres_standby_1 to be healthy... (attempt 13/30)
2024-09-04 03:29:30 - Waiting for ritualworks_postgres_standby_1 to be healthy... (attempt 14/30)
2024-09-04 03:29:40 - Waiting for ritualworks_postgres_standby_1 to be healthy... (attempt 15/30)
2024-09-04 03:29:50 - Waiting for ritualworks_postgres_standby_1 to be healthy... (attempt 16/30)
2024-09-04 03:30:00 - Waiting for ritualworks_postgres_standby_1 to be healthy... (attempt 17/30)
2024-09-04 03:30:10 - Waiting for ritualworks_postgres_standby_1 to be healthy... (attempt 18/30)
2024-09-04 03:30:20 - Waiting for ritualworks_postgres_standby_1 to be healthy... (attempt 19/30)
2024-09-04 03:30:30 - Waiting for ritualworks_postgres_standby_1 to be healthy... (attempt 20/30)
2024-09-04 03:30:40 - Waiting for ritualworks_postgres_standby_1 to be healthy... (attempt 21/30)
2024-09-04 03:30:50 - Waiting for ritualworks_postgres_standby_1 to be healthy... (attempt 22/30)
2024-09-04 03:31:01 - Waiting for ritualworks_postgres_standby_1 to be healthy... (attempt 23/30)
2024-09-04 03:31:11 - Waiting for ritualworks_postgres_standby_1 to be healthy... (attempt 24/30)
2024-09-04 03:31:21 - Waiting for ritualworks_postgres_standby_1 to be healthy... (attempt 25/30)
2024-09-04 03:31:31 - Waiting for ritualworks_postgres_standby_1 to be healthy... (attempt 26/30)
2024-09-04 03:31:41 - Waiting for ritualworks_postgres_standby_1 to be healthy... (attempt 27/30)
2024-09-04 03:31:51 - Waiting for ritualworks_postgres_standby_1 to be healthy... (attempt 28/30)
2024-09-04 03:32:01 - Waiting for ritualworks_postgres_standby_1 to be healthy... (attempt 29/30)
2024-09-04 03:32:11 - Waiting for ritualworks_postgres_standby_1 to be healthy... (attempt 30/30)
2024-09-04 03:32:21 - ritualworks_postgres_standby_1 did not become healthy after 30 attempts.
2024-09-04 03:32:21 - ritualworks_postgres_standby_1 is not healthy.
2024-09-04 03:32:21 - Checking health status of service: ritualworks_elasticsearch-node1_1
2024-09-04 03:32:21 - Waiting for ritualworks_elasticsearch-node1_1 to be healthy... (attempt 1/30)
2024-09-04 03:32:31 - Waiting for ritualworks_elasticsearch-node1_1 to be healthy... (attempt 2/30)
2024-09-04 03:32:41 - Waiting for ritualworks_elasticsearch-node1_1 to be healthy... (attempt 3/30)
2024-09-04 03:32:51 - Waiting for ritualworks_elasticsearch-node1_1 to be healthy... (attempt 4/30)
2024-09-04 03:33:01 - Waiting for ritualworks_elasticsearch-node1_1 to be healthy... (attempt 5/30)
2024-09-04 03:33:12 - Waiting for ritualworks_elasticsearch-node1_1 to be healthy... (attempt 6/30)
2024-09-04 03:33:22 - Waiting for ritualworks_elasticsearch-node1_1 to be healthy... (attempt 7/30)
2024-09-04 03:33:32 - Waiting for ritualworks_elasticsearch-node1_1 to be healthy... (attempt 8/30)
2024-09-04 03:33:42 - Waiting for ritualworks_elasticsearch-node1_1 to be healthy... (attempt 9/30)
2024-09-04 03:33:52 - Waiting for ritualworks_elasticsearch-node1_1 to be healthy... (attempt 10/30)
2024-09-04 03:34:02 - Waiting for ritualworks_elasticsearch-node1_1 to be healthy... (attempt 11/30)
2024-09-04 03:34:12 - Waiting for ritualworks_elasticsearch-node1_1 to be healthy... (attempt 12/30)
2024-09-04 03:34:22 - Waiting for ritualworks_elasticsearch-node1_1 to be healthy... (attempt 13/30)
2024-09-04 03:34:32 - Waiting for ritualworks_elasticsearch-node1_1 to be healthy... (attempt 14/30)
2024-09-04 03:34:42 - Waiting for ritualworks_elasticsearch-node1_1 to be healthy... (attempt 15/30)
2024-09-04 03:34:52 - Waiting for ritualworks_elasticsearch-node1_1 to be healthy... (attempt 16/30)
2024-09-04 03:35:02 - Waiting for ritualworks_elasticsearch-node1_1 to be healthy... (attempt 17/30)
2024-09-04 03:35:12 - Waiting for ritualworks_elasticsearch-node1_1 to be healthy... (attempt 18/30)
2024-09-04 03:35:22 - Waiting for ritualworks_elasticsearch-node1_1 to be healthy... (attempt 19/30)
2024-09-04 03:35:33 - Waiting for ritualworks_elasticsearch-node1_1 to be healthy... (attempt 20/30)
2024-09-04 03:35:43 - Waiting for ritualworks_elasticsearch-node1_1 to be healthy... (attempt 21/30)
2024-09-04 03:35:53 - Waiting for ritualworks_elasticsearch-node1_1 to be healthy... (attempt 22/30)
2024-09-04 03:36:03 - Waiting for ritualworks_elasticsearch-node1_1 to be healthy... (attempt 23/30)
2024-09-04 03:36:13 - Waiting for ritualworks_elasticsearch-node1_1 to be healthy... (attempt 24/30)
2024-09-04 03:36:23 - Waiting for ritualworks_elasticsearch-node1_1 to be healthy... (attempt 25/30)
2024-09-04 03:36:33 - Waiting for ritualworks_elasticsearch-node1_1 to be healthy... (attempt 26/30)
2024-09-04 03:36:43 - Waiting for ritualworks_elasticsearch-node1_1 to be healthy... (attempt 27/30)
2024-09-04 03:36:53 - Waiting for ritualworks_elasticsearch-node1_1 to be healthy... (attempt 28/30)
2024-09-04 03:37:03 - Waiting for ritualworks_elasticsearch-node1_1 to be healthy... (attempt 29/30)
2024-09-04 03:37:13 - Waiting for ritualworks_elasticsearch-node1_1 to be healthy... (attempt 30/30)
2024-09-04 03:37:23 - ritualworks_elasticsearch-node1_1 did not become healthy after 30 attempts.
2024-09-04 03:37:23 - ritualworks_elasticsearch-node1_1 is not healthy.
2024-09-04 03:37:23 - Checking health status of service: ritualworks_elasticsearch-node2_1
2024-09-04 03:37:23 - Waiting for ritualworks_elasticsearch-node2_1 to be healthy... (attempt 1/30)
2024-09-04 03:37:33 - Waiting for ritualworks_elasticsearch-node2_1 to be healthy... (attempt 2/30)
2024-09-04 03:37:43 - Waiting for ritualworks_elasticsearch-node2_1 to be healthy... (attempt 3/30)
2024-09-04 03:37:54 - Waiting for ritualworks_elasticsearch-node2_1 to be healthy... (attempt 4/30)
2024-09-04 03:38:04 - Waiting for ritualworks_elasticsearch-node2_1 to be healthy... (attempt 5/30)
2024-09-04 03:38:14 - Waiting for ritualworks_elasticsearch-node2_1 to be healthy... (attempt 6/30)
2024-09-04 03:38:24 - Waiting for ritualworks_elasticsearch-node2_1 to be healthy... (attempt 7/30)
2024-09-04 03:38:34 - Waiting for ritualworks_elasticsearch-node2_1 to be healthy... (attempt 8/30)
2024-09-04 03:38:44 - Waiting for ritualworks_elasticsearch-node2_1 to be healthy... (attempt 9/30)
2024-09-04 03:38:54 - Waiting for ritualworks_elasticsearch-node2_1 to be healthy... (attempt 10/30)
2024-09-04 03:39:04 - Waiting for ritualworks_elasticsearch-node2_1 to be healthy... (attempt 11/30)
2024-09-04 03:39:14 - Waiting for ritualworks_elasticsearch-node2_1 to be healthy... (attempt 12/30)
2024-09-04 03:39:24 - Waiting for ritualworks_elasticsearch-node2_1 to be healthy... (attempt 13/30)
2024-09-04 03:39:34 - Waiting for ritualworks_elasticsearch-node2_1 to be healthy... (attempt 14/30)
2024-09-04 03:39:44 - Waiting for ritualworks_elasticsearch-node2_1 to be healthy... (attempt 15/30)
2024-09-04 03:39:54 - Waiting for ritualworks_elasticsearch-node2_1 to be healthy... (attempt 16/30)
2024-09-04 03:40:05 - Waiting for ritualworks_elasticsearch-node2_1 to be healthy... (attempt 17/30)
2024-09-04 03:40:15 - Waiting for ritualworks_elasticsearch-node2_1 to be healthy... (attempt 18/30)
2024-09-04 03:40:25 - Waiting for ritualworks_elasticsearch-node2_1 to be healthy... (attempt 19/30)
2024-09-04 03:40:35 - Waiting for ritualworks_elasticsearch-node2_1 to be healthy... (attempt 20/30)
2024-09-04 03:40:45 - Waiting for ritualworks_elasticsearch-node2_1 to be healthy... (attempt 21/30)
2024-09-04 03:40:55 - Waiting for ritualworks_elasticsearch-node2_1 to be healthy... (attempt 22/30)
2024-09-04 03:41:05 - Waiting for ritualworks_elasticsearch-node2_1 to be healthy... (attempt 23/30)
2024-09-04 03:41:15 - Waiting for ritualworks_elasticsearch-node2_1 to be healthy... (attempt 24/30)
2024-09-04 03:41:25 - Waiting for ritualworks_elasticsearch-node2_1 to be healthy... (attempt 25/30)
2024-09-04 03:41:35 - Waiting for ritualworks_elasticsearch-node2_1 to be healthy... (attempt 26/30)
2024-09-04 03:41:45 - Waiting for ritualworks_elasticsearch-node2_1 to be healthy... (attempt 27/30)
2024-09-04 03:41:55 - Waiting for ritualworks_elasticsearch-node2_1 to be healthy... (attempt 28/30)
2024-09-04 03:42:05 - Waiting for ritualworks_elasticsearch-node2_1 to be healthy... (attempt 29/30)
2024-09-04 03:42:15 - Waiting for ritualworks_elasticsearch-node2_1 to be healthy... (attempt 30/30)
2024-09-04 03:42:25 - ritualworks_elasticsearch-node2_1 did not become healthy after 30 attempts.
2024-09-04 03:42:25 - ritualworks_elasticsearch-node2_1 is not healthy.
2024-09-04 03:42:25 - Checking health status of service: ritualworks_redis-master_1
2024-09-04 03:42:26 - Waiting for ritualworks_redis-master_1 to be healthy... (attempt 1/30)
2024-09-04 03:42:36 - Waiting for ritualworks_redis-master_1 to be healthy... (attempt 2/30)
2024-09-04 03:42:46 - Waiting for ritualworks_redis-master_1 to be healthy... (attempt 3/30)
2024-09-04 03:42:56 - Waiting for ritualworks_redis-master_1 to be healthy... (attempt 4/30)
2024-09-04 03:43:06 - Waiting for ritualworks_redis-master_1 to be healthy... (attempt 5/30)
2024-09-04 03:43:16 - Waiting for ritualworks_redis-master_1 to be healthy... (attempt 6/30)
2024-09-04 03:43:26 - Waiting for ritualworks_redis-master_1 to be healthy... (attempt 7/30)
2024-09-04 03:43:36 - Waiting for ritualworks_redis-master_1 to be healthy... (attempt 8/30)
2024-09-04 03:43:46 - Waiting for ritualworks_redis-master_1 to be healthy... (attempt 9/30)
2024-09-04 03:43:56 - Waiting for ritualworks_redis-master_1 to be healthy... (attempt 10/30)
2024-09-04 03:44:06 - Waiting for ritualworks_redis-master_1 to be healthy... (attempt 11/30)
2024-09-04 03:44:16 - Waiting for ritualworks_redis-master_1 to be healthy... (attempt 12/30)
2024-09-04 03:44:26 - Waiting for ritualworks_redis-master_1 to be healthy... (attempt 13/30)
2024-09-04 03:44:36 - Waiting for ritualworks_redis-master_1 to be healthy... (attempt 14/30)
2024-09-04 03:44:46 - Waiting for ritualworks_redis-master_1 to be healthy... (attempt 15/30)
2024-09-04 03:44:57 - Waiting for ritualworks_redis-master_1 to be healthy... (attempt 16/30)
2024-09-04 03:45:07 - Waiting for ritualworks_redis-master_1 to be healthy... (attempt 17/30)
2024-09-04 03:45:17 - Waiting for ritualworks_redis-master_1 to be healthy... (attempt 18/30)
2024-09-04 03:45:27 - Waiting for ritualworks_redis-master_1 to be healthy... (attempt 19/30)
2024-09-04 03:45:37 - Waiting for ritualworks_redis-master_1 to be healthy... (attempt 20/30)
2024-09-04 03:45:47 - Waiting for ritualworks_redis-master_1 to be healthy... (attempt 21/30)
2024-09-04 03:45:57 - Waiting for ritualworks_redis-master_1 to be healthy... (attempt 22/30)
2024-09-04 03:46:07 - Waiting for ritualworks_redis-master_1 to be healthy... (attempt 23/30)
2024-09-04 03:46:17 - Waiting for ritualworks_redis-master_1 to be healthy... (attempt 24/30)
2024-09-04 03:46:27 - Waiting for ritualworks_redis-master_1 to be healthy... (attempt 25/30)
2024-09-04 03:46:37 - Waiting for ritualworks_redis-master_1 to be healthy... (attempt 26/30)
2024-09-04 03:46:47 - Waiting for ritualworks_redis-master_1 to be healthy... (attempt 27/30)
2024-09-04 03:46:57 - Waiting for ritualworks_redis-master_1 to be healthy... (attempt 28/30)
2024-09-04 03:47:07 - Waiting for ritualworks_redis-master_1 to be healthy... (attempt 29/30)
2024-09-04 03:47:18 - Waiting for ritualworks_redis-master_1 to be healthy... (attempt 30/30)
2024-09-04 03:47:28 - ritualworks_redis-master_1 did not become healthy after 30 attempts.
2024-09-04 03:47:28 - ritualworks_redis-master_1 is not healthy.
2024-09-04 03:47:28 - Checking health status of service: ritualworks_redis-replica_1
2024-09-04 03:47:28 - Waiting for ritualworks_redis-replica_1 to be healthy... (attempt 1/30)
2024-09-04 03:47:38 - Waiting for ritualworks_redis-replica_1 to be healthy... (attempt 2/30)
2024-09-04 03:47:48 - Waiting for ritualworks_redis-replica_1 to be healthy... (attempt 3/30)
2024-09-04 03:47:58 - Waiting for ritualworks_redis-replica_1 to be healthy... (attempt 4/30)
2024-09-04 03:48:08 - Waiting for ritualworks_redis-replica_1 to be healthy... (attempt 5/30)
2024-09-04 03:48:18 - Waiting for ritualworks_redis-replica_1 to be healthy... (attempt 6/30)
2024-09-04 03:48:28 - Waiting for ritualworks_redis-replica_1 to be healthy... (attempt 7/30)
2024-09-04 03:48:38 - Waiting for ritualworks_redis-replica_1 to be healthy... (attempt 8/30)
2024-09-04 03:48:48 - Waiting for ritualworks_redis-replica_1 to be healthy... (attempt 9/30)
2024-09-04 03:48:58 - Waiting for ritualworks_redis-replica_1 to be healthy... (attempt 10/30)
2024-09-04 03:49:08 - Waiting for ritualworks_redis-replica_1 to be healthy... (attempt 11/30)
2024-09-04 03:49:18 - Waiting for ritualworks_redis-replica_1 to be healthy... (attempt 12/30)
2024-09-04 03:49:28 - Waiting for ritualworks_redis-replica_1 to be healthy... (attempt 13/30)
2024-09-04 03:49:39 - Waiting for ritualworks_redis-replica_1 to be healthy... (attempt 14/30)
2024-09-04 03:49:49 - Waiting for ritualworks_redis-replica_1 to be healthy... (attempt 15/30)
2024-09-04 03:49:59 - Waiting for ritualworks_redis-replica_1 to be healthy... (attempt 16/30)
2024-09-04 03:50:09 - Waiting for ritualworks_redis-replica_1 to be healthy... (attempt 17/30)
2024-09-04 03:50:19 - Waiting for ritualworks_redis-replica_1 to be healthy... (attempt 18/30)
2024-09-04 03:50:29 - Waiting for ritualworks_redis-replica_1 to be healthy... (attempt 19/30)
2024-09-04 03:50:39 - Waiting for ritualworks_redis-replica_1 to be healthy... (attempt 20/30)
2024-09-04 03:50:49 - Waiting for ritualworks_redis-replica_1 to be healthy... (attempt 21/30)
2024-09-04 03:50:59 - Waiting for ritualworks_redis-replica_1 to be healthy... (attempt 22/30)
2024-09-04 03:51:09 - Waiting for ritualworks_redis-replica_1 to be healthy... (attempt 23/30)
2024-09-04 03:51:19 - Waiting for ritualworks_redis-replica_1 to be healthy... (attempt 24/30)
2024-09-04 03:51:29 - Waiting for ritualworks_redis-replica_1 to be healthy... (attempt 25/30)
2024-09-04 03:51:39 - Waiting for ritualworks_redis-replica_1 to be healthy... (attempt 26/30)
2024-09-04 03:51:49 - Waiting for ritualworks_redis-replica_1 to be healthy... (attempt 27/30)
2024-09-04 03:51:59 - Waiting for ritualworks_redis-replica_1 to be healthy... (attempt 28/30)
2024-09-04 03:52:10 - Waiting for ritualworks_redis-replica_1 to be healthy... (attempt 29/30)
2024-09-04 03:52:20 - Waiting for ritualworks_redis-replica_1 to be healthy... (attempt 30/30)
2024-09-04 03:52:30 - ritualworks_redis-replica_1 did not become healthy after 30 attempts.
2024-09-04 03:52:30 - ritualworks_redis-replica_1 is not healthy.
2024-09-04 03:52:30 - Checking health status of service: ritualworks_rabbitmq-node1_1
2024-09-04 03:52:30 - Waiting for ritualworks_rabbitmq-node1_1 to be healthy... (attempt 1/30)
2024-09-04 03:52:40 - Waiting for ritualworks_rabbitmq-node1_1 to be healthy... (attempt 2/30)
2024-09-04 03:52:50 - Waiting for ritualworks_rabbitmq-node1_1 to be healthy... (attempt 3/30)
2024-09-04 03:53:00 - Waiting for ritualworks_rabbitmq-node1_1 to be healthy... (attempt 4/30)
2024-09-04 03:53:10 - Waiting for ritualworks_rabbitmq-node1_1 to be healthy... (attempt 5/30)
2024-09-04 03:53:20 - Waiting for ritualworks_rabbitmq-node1_1 to be healthy... (attempt 6/30)
2024-09-04 03:53:30 - Waiting for ritualworks_rabbitmq-node1_1 to be healthy... (attempt 7/30)
2024-09-04 03:53:40 - Waiting for ritualworks_rabbitmq-node1_1 to be healthy... (attempt 8/30)
2024-09-04 03:53:50 - Waiting for ritualworks_rabbitmq-node1_1 to be healthy... (attempt 9/30)
2024-09-04 03:54:00 - Waiting for ritualworks_rabbitmq-node1_1 to be healthy... (attempt 10/30)
2024-09-04 03:54:10 - Waiting for ritualworks_rabbitmq-node1_1 to be healthy... (attempt 11/30)
2024-09-04 03:54:20 - Waiting for ritualworks_rabbitmq-node1_1 to be healthy... (attempt 12/30)
2024-09-04 03:54:31 - Waiting for ritualworks_rabbitmq-node1_1 to be healthy... (attempt 13/30)
2024-09-04 03:54:41 - Waiting for ritualworks_rabbitmq-node1_1 to be healthy... (attempt 14/30)
2024-09-04 03:54:51 - Waiting for ritualworks_rabbitmq-node1_1 to be healthy... (attempt 15/30)
2024-09-04 03:55:01 - Waiting for ritualworks_rabbitmq-node1_1 to be healthy... (attempt 16/30)
2024-09-04 03:55:11 - Waiting for ritualworks_rabbitmq-node1_1 to be healthy... (attempt 17/30)
2024-09-04 03:55:21 - Waiting for ritualworks_rabbitmq-node1_1 to be healthy... (attempt 18/30)
2024-09-04 03:55:31 - Waiting for ritualworks_rabbitmq-node1_1 to be healthy... (attempt 19/30)
2024-09-04 03:55:41 - Waiting for ritualworks_rabbitmq-node1_1 to be healthy... (attempt 20/30)
2024-09-04 03:55:51 - Waiting for ritualworks_rabbitmq-node1_1 to be healthy... (attempt 21/30)
2024-09-04 03:56:01 - Waiting for ritualworks_rabbitmq-node1_1 to be healthy... (attempt 22/30)
2024-09-04 03:56:11 - Waiting for ritualworks_rabbitmq-node1_1 to be healthy... (attempt 23/30)
2024-09-04 03:56:21 - Waiting for ritualworks_rabbitmq-node1_1 to be healthy... (attempt 24/30)
2024-09-04 03:56:31 - Waiting for ritualworks_rabbitmq-node1_1 to be healthy... (attempt 25/30)
2024-09-04 03:56:41 - Waiting for ritualworks_rabbitmq-node1_1 to be healthy... (attempt 26/30)
2024-09-04 03:56:52 - Waiting for ritualworks_rabbitmq-node1_1 to be healthy... (attempt 27/30)
2024-09-04 03:57:02 - Waiting for ritualworks_rabbitmq-node1_1 to be healthy... (attempt 28/30)
2024-09-04 03:57:12 - Waiting for ritualworks_rabbitmq-node1_1 to be healthy... (attempt 29/30)
2024-09-04 03:57:22 - Waiting for ritualworks_rabbitmq-node1_1 to be healthy... (attempt 30/30)
2024-09-04 03:57:32 - ritualworks_rabbitmq-node1_1 did not become healthy after 30 attempts.
2024-09-04 03:57:32 - ritualworks_rabbitmq-node1_1 is not healthy.
2024-09-04 03:57:32 - Checking health status of service: ritualworks_rabbitmq-node2_1
2024-09-04 03:57:32 - Waiting for ritualworks_rabbitmq-node2_1 to be healthy... (attempt 1/30)
2024-09-04 03:57:42 - Waiting for ritualworks_rabbitmq-node2_1 to be healthy... (attempt 2/30)
2024-09-04 03:57:52 - Waiting for ritualworks_rabbitmq-node2_1 to be healthy... (attempt 3/30)
2024-09-04 03:58:02 - Waiting for ritualworks_rabbitmq-node2_1 to be healthy... (attempt 4/30)
2024-09-04 03:58:12 - Waiting for ritualworks_rabbitmq-node2_1 to be healthy... (attempt 5/30)
2024-09-04 03:58:22 - Waiting for ritualworks_rabbitmq-node2_1 to be healthy... (attempt 6/30)
2024-09-04 03:58:32 - Waiting for ritualworks_rabbitmq-node2_1 to be healthy... (attempt 7/30)
2024-09-04 03:58:42 - Waiting for ritualworks_rabbitmq-node2_1 to be healthy... (attempt 8/30)
2024-09-04 03:58:52 - Waiting for ritualworks_rabbitmq-node2_1 to be healthy... (attempt 9/30)
2024-09-04 03:59:02 - Waiting for ritualworks_rabbitmq-node2_1 to be healthy... (attempt 10/30)
2024-09-04 03:59:13 - Waiting for ritualworks_rabbitmq-node2_1 to be healthy... (attempt 11/30)
2024-09-04 03:59:23 - Waiting for ritualworks_rabbitmq-node2_1 to be healthy... (attempt 12/30)
2024-09-04 03:59:33 - Waiting for ritualworks_rabbitmq-node2_1 to be healthy... (attempt 13/30)
2024-09-04 03:59:43 - Waiting for ritualworks_rabbitmq-node2_1 to be healthy... (attempt 14/30)
2024-09-04 03:59:53 - Waiting for ritualworks_rabbitmq-node2_1 to be healthy... (attempt 15/30)
2024-09-04 04:00:03 - Waiting for ritualworks_rabbitmq-node2_1 to be healthy... (attempt 16/30)
2024-09-04 04:00:13 - Waiting for ritualworks_rabbitmq-node2_1 to be healthy... (attempt 17/30)
2024-09-04 04:00:23 - Waiting for ritualworks_rabbitmq-node2_1 to be healthy... (attempt 18/30)
2024-09-04 04:00:33 - Waiting for ritualworks_rabbitmq-node2_1 to be healthy... (attempt 19/30)
2024-09-04 04:00:43 - Waiting for ritualworks_rabbitmq-node2_1 to be healthy... (attempt 20/30)
2024-09-04 04:00:53 - Waiting for ritualworks_rabbitmq-node2_1 to be healthy... (attempt 21/30)
2024-09-04 04:01:03 - Waiting for ritualworks_rabbitmq-node2_1 to be healthy... (attempt 22/30)
2024-09-04 04:01:13 - Waiting for ritualworks_rabbitmq-node2_1 to be healthy... (attempt 23/30)
2024-09-04 04:01:23 - Waiting for ritualworks_rabbitmq-node2_1 to be healthy... (attempt 24/30)
2024-09-04 04:01:34 - Waiting for ritualworks_rabbitmq-node2_1 to be healthy... (attempt 25/30)
2024-09-04 04:01:44 - Waiting for ritualworks_rabbitmq-node2_1 to be healthy... (attempt 26/30)
2024-09-04 04:01:54 - Waiting for ritualworks_rabbitmq-node2_1 to be healthy... (attempt 27/30)
2024-09-04 04:02:04 - Waiting for ritualworks_rabbitmq-node2_1 to be healthy... (attempt 28/30)
2024-09-04 04:02:14 - Waiting for ritualworks_rabbitmq-node2_1 to be healthy... (attempt 29/30)
2024-09-04 04:02:24 - Waiting for ritualworks_rabbitmq-node2_1 to be healthy... (attempt 30/30)
2024-09-04 04:02:34 - ritualworks_rabbitmq-node2_1 did not become healthy after 30 attempts.
2024-09-04 04:02:34 - ritualworks_rabbitmq-node2_1 is not healthy.
2024-09-04 04:02:34 - Checking health status of service: ritualworks_minio1_1
2024-09-04 04:02:34 - Waiting for ritualworks_minio1_1 to be healthy... (attempt 1/30)
2024-09-04 04:02:44 - Waiting for ritualworks_minio1_1 to be healthy... (attempt 2/30)
2024-09-04 04:02:54 - Waiting for ritualworks_minio1_1 to be healthy... (attempt 3/30)
2024-09-04 04:03:04 - Waiting for ritualworks_minio1_1 to be healthy... (attempt 4/30)
2024-09-04 04:03:14 - Waiting for ritualworks_minio1_1 to be healthy... (attempt 5/30)
2024-09-04 04:03:24 - Waiting for ritualworks_minio1_1 to be healthy... (attempt 6/30)
2024-09-04 04:03:34 - Waiting for ritualworks_minio1_1 to be healthy... (attempt 7/30)
2024-09-04 04:03:44 - Waiting for ritualworks_minio1_1 to be healthy... (attempt 8/30)
2024-09-04 04:03:55 - Waiting for ritualworks_minio1_1 to be healthy... (attempt 9/30)
2024-09-04 04:04:05 - Waiting for ritualworks_minio1_1 to be healthy... (attempt 10/30)
2024-09-04 04:04:15 - Waiting for ritualworks_minio1_1 to be healthy... (attempt 11/30)
2024-09-04 04:04:25 - Waiting for ritualworks_minio1_1 to be healthy... (attempt 12/30)
2024-09-04 04:04:35 - Waiting for ritualworks_minio1_1 to be healthy... (attempt 13/30)
2024-09-04 04:04:45 - Waiting for ritualworks_minio1_1 to be healthy... (attempt 14/30)
2024-09-04 04:04:55 - Waiting for ritualworks_minio1_1 to be healthy... (attempt 15/30)
2024-09-04 04:05:05 - Waiting for ritualworks_minio1_1 to be healthy... (attempt 16/30)
2024-09-04 04:05:15 - Waiting for ritualworks_minio1_1 to be healthy... (attempt 17/30)
2024-09-04 04:05:25 - Waiting for ritualworks_minio1_1 to be healthy... (attempt 18/30)
2024-09-04 04:05:35 - Waiting for ritualworks_minio1_1 to be healthy... (attempt 19/30)
2024-09-04 04:05:45 - Waiting for ritualworks_minio1_1 to be healthy... (attempt 20/30)
2024-09-04 04:05:55 - Waiting for ritualworks_minio1_1 to be healthy... (attempt 21/30)
2024-09-04 04:06:05 - Waiting for ritualworks_minio1_1 to be healthy... (attempt 22/30)
2024-09-04 04:06:16 - Waiting for ritualworks_minio1_1 to be healthy... (attempt 23/30)
2024-09-04 04:06:26 - Waiting for ritualworks_minio1_1 to be healthy... (attempt 24/30)
2024-09-04 04:06:36 - Waiting for ritualworks_minio1_1 to be healthy... (attempt 25/30)
2024-09-04 04:06:46 - Waiting for ritualworks_minio1_1 to be healthy... (attempt 26/30)
2024-09-04 04:06:56 - Waiting for ritualworks_minio1_1 to be healthy... (attempt 27/30)
2024-09-04 04:07:06 - Waiting for ritualworks_minio1_1 to be healthy... (attempt 28/30)
2024-09-04 04:07:16 - Waiting for ritualworks_minio1_1 to be healthy... (attempt 29/30)
2024-09-04 04:07:26 - Waiting for ritualworks_minio1_1 to be healthy... (attempt 30/30)
2024-09-04 04:07:36 - ritualworks_minio1_1 did not become healthy after 30 attempts.
2024-09-04 04:07:36 - ritualworks_minio1_1 is not healthy.
2024-09-04 04:07:36 - Checking health status of service: ritualworks_minio2_1
2024-09-04 04:07:36 - Waiting for ritualworks_minio2_1 to be healthy... (attempt 1/30)
2024-09-04 04:07:46 - Waiting for ritualworks_minio2_1 to be healthy... (attempt 2/30)
2024-09-04 04:07:56 - Waiting for ritualworks_minio2_1 to be healthy... (attempt 3/30)
2024-09-04 04:08:06 - Waiting for ritualworks_minio2_1 to be healthy... (attempt 4/30)
2024-09-04 04:08:16 - Waiting for ritualworks_minio2_1 to be healthy... (attempt 5/30)
2024-09-04 04:08:26 - Waiting for ritualworks_minio2_1 to be healthy... (attempt 6/30)
2024-09-04 04:08:36 - Waiting for ritualworks_minio2_1 to be healthy... (attempt 7/30)
2024-09-04 04:08:47 - Waiting for ritualworks_minio2_1 to be healthy... (attempt 8/30)
2024-09-04 04:08:57 - Waiting for ritualworks_minio2_1 to be healthy... (attempt 9/30)
2024-09-04 04:09:07 - Waiting for ritualworks_minio2_1 to be healthy... (attempt 10/30)
2024-09-04 04:09:17 - Waiting for ritualworks_minio2_1 to be healthy... (attempt 11/30)
2024-09-04 04:09:27 - Waiting for ritualworks_minio2_1 to be healthy... (attempt 12/30)
2024-09-04 04:09:37 - Waiting for ritualworks_minio2_1 to be healthy... (attempt 13/30)
2024-09-04 04:09:47 - Waiting for ritualworks_minio2_1 to be healthy... (attempt 14/30)
2024-09-04 04:09:57 - Waiting for ritualworks_minio2_1 to be healthy... (attempt 15/30)
2024-09-04 04:10:07 - Waiting for ritualworks_minio2_1 to be healthy... (attempt 16/30)
2024-09-04 04:10:17 - Waiting for ritualworks_minio2_1 to be healthy... (attempt 17/30)
2024-09-04 04:10:27 - Waiting for ritualworks_minio2_1 to be healthy... (attempt 18/30)
2024-09-04 04:10:37 - Waiting for ritualworks_minio2_1 to be healthy... (attempt 19/30)
2024-09-04 04:10:47 - Waiting for ritualworks_minio2_1 to be healthy... (attempt 20/30)
2024-09-04 04:10:57 - Waiting for ritualworks_minio2_1 to be healthy... (attempt 21/30)
2024-09-04 04:11:08 - Waiting for ritualworks_minio2_1 to be healthy... (attempt 22/30)
2024-09-04 04:11:18 - Waiting for ritualworks_minio2_1 to be healthy... (attempt 23/30)
2024-09-04 04:11:28 - Waiting for ritualworks_minio2_1 to be healthy... (attempt 24/30)
2024-09-04 04:11:38 - Waiting for ritualworks_minio2_1 to be healthy... (attempt 25/30)
2024-09-04 04:11:48 - Waiting for ritualworks_minio2_1 to be healthy... (attempt 26/30)
2024-09-04 04:11:58 - Waiting for ritualworks_minio2_1 to be healthy... (attempt 27/30)
2024-09-04 04:12:08 - Waiting for ritualworks_minio2_1 to be healthy... (attempt 28/30)
2024-09-04 04:12:18 - Waiting for ritualworks_minio2_1 to be healthy... (attempt 29/30)
2024-09-04 04:12:28 - Waiting for ritualworks_minio2_1 to be healthy... (attempt 30/30)
2024-09-04 04:12:38 - ritualworks_minio2_1 did not become healthy after 30 attempts.
2024-09-04 04:12:38 - ritualworks_minio2_1 is not healthy.
2024-09-04 04:12:38 - Checking health status of service: ritualworks_minio3_1
2024-09-04 04:12:38 - Waiting for ritualworks_minio3_1 to be healthy... (attempt 1/30)
2024-09-04 04:12:48 - Waiting for ritualworks_minio3_1 to be healthy... (attempt 2/30)
2024-09-04 04:12:58 - Waiting for ritualworks_minio3_1 to be healthy... (attempt 3/30)
2024-09-04 04:13:08 - Waiting for ritualworks_minio3_1 to be healthy... (attempt 4/30)
2024-09-04 04:13:18 - Waiting for ritualworks_minio3_1 to be healthy... (attempt 5/30)
2024-09-04 04:13:29 - Waiting for ritualworks_minio3_1 to be healthy... (attempt 6/30)
2024-09-04 04:13:39 - Waiting for ritualworks_minio3_1 to be healthy... (attempt 7/30)
2024-09-04 04:13:49 - Waiting for ritualworks_minio3_1 to be healthy... (attempt 8/30)
2024-09-04 04:13:59 - Waiting for ritualworks_minio3_1 to be healthy... (attempt 9/30)
2024-09-04 04:14:09 - Waiting for ritualworks_minio3_1 to be healthy... (attempt 10/30)
2024-09-04 04:14:19 - Waiting for ritualworks_minio3_1 to be healthy... (attempt 11/30)
2024-09-04 04:14:29 - Waiting for ritualworks_minio3_1 to be healthy... (attempt 12/30)
2024-09-04 04:14:39 - Waiting for ritualworks_minio3_1 to be healthy... (attempt 13/30)
2024-09-04 04:14:49 - Waiting for ritualworks_minio3_1 to be healthy... (attempt 14/30)
2024-09-04 04:14:59 - Waiting for ritualworks_minio3_1 to be healthy... (attempt 15/30)
2024-09-04 04:15:09 - Waiting for ritualworks_minio3_1 to be healthy... (attempt 16/30)
2024-09-04 04:15:19 - Waiting for ritualworks_minio3_1 to be healthy... (attempt 17/30)
2024-09-04 04:15:29 - Waiting for ritualworks_minio3_1 to be healthy... (attempt 18/30)
2024-09-04 04:15:39 - Waiting for ritualworks_minio3_1 to be healthy... (attempt 19/30)
2024-09-04 04:15:50 - Waiting for ritualworks_minio3_1 to be healthy... (attempt 20/30)
2024-09-04 04:16:00 - Waiting for ritualworks_minio3_1 to be healthy... (attempt 21/30)
2024-09-04 04:16:10 - Waiting for ritualworks_minio3_1 to be healthy... (attempt 22/30)
2024-09-04 04:16:20 - Waiting for ritualworks_minio3_1 to be healthy... (attempt 23/30)
2024-09-04 04:16:30 - Waiting for ritualworks_minio3_1 to be healthy... (attempt 24/30)
2024-09-04 04:16:40 - Waiting for ritualworks_minio3_1 to be healthy... (attempt 25/30)
2024-09-04 04:16:50 - Waiting for ritualworks_minio3_1 to be healthy... (attempt 26/30)
2024-09-04 04:17:00 - Waiting for ritualworks_minio3_1 to be healthy... (attempt 27/30)
2024-09-04 04:17:10 - Waiting for ritualworks_minio3_1 to be healthy... (attempt 28/30)
2024-09-04 04:17:20 - Waiting for ritualworks_minio3_1 to be healthy... (attempt 29/30)
2024-09-04 04:17:30 - Waiting for ritualworks_minio3_1 to be healthy... (attempt 30/30)
2024-09-04 04:17:40 - ritualworks_minio3_1 did not become healthy after 30 attempts.
2024-09-04 04:17:40 - ritualworks_minio3_1 is not healthy.
2024-09-04 04:17:40 - Checking health status of service: ritualworks_minio4_1
2024-09-04 04:17:40 - Waiting for ritualworks_minio4_1 to be healthy... (attempt 1/30)
2024-09-04 04:17:50 - Waiting for ritualworks_minio4_1 to be healthy... (attempt 2/30)
2024-09-04 04:18:01 - Waiting for ritualworks_minio4_1 to be healthy... (attempt 3/30)
2024-09-04 04:18:11 - Waiting for ritualworks_minio4_1 to be healthy... (attempt 4/30)
2024-09-04 04:18:21 - Waiting for ritualworks_minio4_1 to be healthy... (attempt 5/30)
2024-09-04 04:18:31 - Waiting for ritualworks_minio4_1 to be healthy... (attempt 6/30)
2024-09-04 04:18:41 - Waiting for ritualworks_minio4_1 to be healthy... (attempt 7/30)
2024-09-04 04:18:51 - Waiting for ritualworks_minio4_1 to be healthy... (attempt 8/30)
2024-09-04 04:19:01 - Waiting for ritualworks_minio4_1 to be healthy... (attempt 9/30)
2024-09-04 04:19:11 - Waiting for ritualworks_minio4_1 to be healthy... (attempt 10/30)
2024-09-04 04:19:21 - Waiting for ritualworks_minio4_1 to be healthy... (attempt 11/30)
2024-09-04 04:19:31 - Waiting for ritualworks_minio4_1 to be healthy... (attempt 12/30)
2024-09-04 04:19:41 - Waiting for ritualworks_minio4_1 to be healthy... (attempt 13/30)
2024-09-04 04:19:51 - Waiting for ritualworks_minio4_1 to be healthy... (attempt 14/30)
2024-09-04 04:20:01 - Waiting for ritualworks_minio4_1 to be healthy... (attempt 15/30)
2024-09-04 04:20:11 - Waiting for ritualworks_minio4_1 to be healthy... (attempt 16/30)
2024-09-04 04:20:22 - Waiting for ritualworks_minio4_1 to be healthy... (attempt 17/30)
2024-09-04 04:20:32 - Waiting for ritualworks_minio4_1 to be healthy... (attempt 18/30)
2024-09-04 04:20:42 - Waiting for ritualworks_minio4_1 to be healthy... (attempt 19/30)
2024-09-04 04:20:52 - Waiting for ritualworks_minio4_1 to be healthy... (attempt 20/30)
2024-09-04 04:21:02 - Waiting for ritualworks_minio4_1 to be healthy... (attempt 21/30)
2024-09-04 04:21:12 - Waiting for ritualworks_minio4_1 to be healthy... (attempt 22/30)
2024-09-04 04:21:22 - Waiting for ritualworks_minio4_1 to be healthy... (attempt 23/30)
2024-09-04 04:21:32 - Waiting for ritualworks_minio4_1 to be healthy... (attempt 24/30)
2024-09-04 04:21:42 - Waiting for ritualworks_minio4_1 to be healthy... (attempt 25/30)
2024-09-04 04:21:52 - Waiting for ritualworks_minio4_1 to be healthy... (attempt 26/30)
2024-09-04 04:22:02 - Waiting for ritualworks_minio4_1 to be healthy... (attempt 27/30)
2024-09-04 04:22:12 - Waiting for ritualworks_minio4_1 to be healthy... (attempt 28/30)
2024-09-04 04:22:22 - Waiting for ritualworks_minio4_1 to be healthy... (attempt 29/30)
2024-09-04 04:22:32 - Waiting for ritualworks_minio4_1 to be healthy... (attempt 30/30)
2024-09-04 04:22:43 - ritualworks_minio4_1 did not become healthy after 30 attempts.
2024-09-04 04:22:43 - ritualworks_minio4_1 is not healthy.
2024-09-04 04:22:43 - Error: Some backend services failed to reach a healthy state. Please check the logs for details.
2024-09-05 04:57:07 - Ensuring correct script directory...
2024-09-05 04:57:07 - Creating networks...
2024-09-05 04:57:07 - Building and starting backend services defined in ../docker/compose/docker-compose-backend.yml...
2024-09-05 04:57:11 - Waiting for all backend services to be fully up and running...
2024-09-05 04:57:11 - Checking health status of service: ritualworks_postgres_primary_1
2024-09-05 04:57:11 - Waiting for ritualworks_postgres_primary_1 to be healthy... (attempt 1/30)
2024-09-05 04:57:21 - Waiting for ritualworks_postgres_primary_1 to be healthy... (attempt 2/30)
2024-09-05 04:57:31 - Waiting for ritualworks_postgres_primary_1 to be healthy... (attempt 3/30)
2024-09-05 04:57:41 - Waiting for ritualworks_postgres_primary_1 to be healthy... (attempt 4/30)
2024-09-05 04:57:51 - Waiting for ritualworks_postgres_primary_1 to be healthy... (attempt 5/30)
2024-09-05 04:58:01 - Waiting for ritualworks_postgres_primary_1 to be healthy... (attempt 6/30)
2024-09-05 04:58:11 - Waiting for ritualworks_postgres_primary_1 to be healthy... (attempt 7/30)
2024-09-05 04:58:21 - Waiting for ritualworks_postgres_primary_1 to be healthy... (attempt 8/30)
2024-09-05 04:58:31 - Waiting for ritualworks_postgres_primary_1 to be healthy... (attempt 9/30)
2024-09-05 04:58:42 - Waiting for ritualworks_postgres_primary_1 to be healthy... (attempt 10/30)
2024-09-05 04:58:52 - Waiting for ritualworks_postgres_primary_1 to be healthy... (attempt 11/30)
2024-09-05 04:59:02 - Waiting for ritualworks_postgres_primary_1 to be healthy... (attempt 12/30)
2024-09-05 04:59:12 - Waiting for ritualworks_postgres_primary_1 to be healthy... (attempt 13/30)
2024-09-05 04:59:22 - Waiting for ritualworks_postgres_primary_1 to be healthy... (attempt 14/30)
2024-09-05 04:59:32 - Waiting for ritualworks_postgres_primary_1 to be healthy... (attempt 15/30)
2024-09-05 04:59:42 - Waiting for ritualworks_postgres_primary_1 to be healthy... (attempt 16/30)
2024-09-05 04:59:52 - Waiting for ritualworks_postgres_primary_1 to be healthy... (attempt 17/30)
2024-09-05 05:00:02 - Waiting for ritualworks_postgres_primary_1 to be healthy... (attempt 18/30)
2024-09-05 05:00:12 - Waiting for ritualworks_postgres_primary_1 to be healthy... (attempt 19/30)
2024-09-05 05:00:22 - Waiting for ritualworks_postgres_primary_1 to be healthy... (attempt 20/30)
2024-09-05 05:00:32 - Waiting for ritualworks_postgres_primary_1 to be healthy... (attempt 21/30)
2024-09-05 05:00:42 - Waiting for ritualworks_postgres_primary_1 to be healthy... (attempt 22/30)
2024-09-05 05:00:52 - Waiting for ritualworks_postgres_primary_1 to be healthy... (attempt 23/30)
2024-09-05 05:01:03 - Waiting for ritualworks_postgres_primary_1 to be healthy... (attempt 24/30)
2024-09-05 05:01:13 - Waiting for ritualworks_postgres_primary_1 to be healthy... (attempt 25/30)
2024-09-05 05:01:23 - Waiting for ritualworks_postgres_primary_1 to be healthy... (attempt 26/30)
2024-09-05 05:01:33 - Waiting for ritualworks_postgres_primary_1 to be healthy... (attempt 27/30)
2024-09-05 05:01:43 - Waiting for ritualworks_postgres_primary_1 to be healthy... (attempt 28/30)
2024-09-05 05:01:53 - Waiting for ritualworks_postgres_primary_1 to be healthy... (attempt 29/30)
2024-09-05 05:02:03 - Waiting for ritualworks_postgres_primary_1 to be healthy... (attempt 30/30)
2024-09-05 05:02:13 - ritualworks_postgres_primary_1 did not become healthy after 30 attempts.
2024-09-05 05:02:13 - ritualworks_postgres_primary_1 is not healthy.
2024-09-05 05:02:13 - Checking health status of service: ritualworks_postgres_standby_1
2024-09-05 05:02:13 - Waiting for ritualworks_postgres_standby_1 to be healthy... (attempt 1/30)
2024-09-05 05:02:23 - Waiting for ritualworks_postgres_standby_1 to be healthy... (attempt 2/30)
2024-09-05 05:02:33 - Waiting for ritualworks_postgres_standby_1 to be healthy... (attempt 3/30)
2024-09-05 05:02:43 - Waiting for ritualworks_postgres_standby_1 to be healthy... (attempt 4/30)
2024-09-05 05:02:53 - Waiting for ritualworks_postgres_standby_1 to be healthy... (attempt 5/30)
2024-09-05 05:03:03 - Waiting for ritualworks_postgres_standby_1 to be healthy... (attempt 6/30)
2024-09-05 05:03:14 - Waiting for ritualworks_postgres_standby_1 to be healthy... (attempt 7/30)
2024-09-05 05:03:24 - Waiting for ritualworks_postgres_standby_1 to be healthy... (attempt 8/30)
2024-09-05 05:03:34 - Waiting for ritualworks_postgres_standby_1 to be healthy... (attempt 9/30)
2024-09-05 05:03:44 - Waiting for ritualworks_postgres_standby_1 to be healthy... (attempt 10/30)
2024-09-05 05:03:54 - Waiting for ritualworks_postgres_standby_1 to be healthy... (attempt 11/30)
2024-09-05 05:04:04 - Waiting for ritualworks_postgres_standby_1 to be healthy... (attempt 12/30)
2024-09-05 05:04:14 - Waiting for ritualworks_postgres_standby_1 to be healthy... (attempt 13/30)
2024-09-05 05:04:24 - Waiting for ritualworks_postgres_standby_1 to be healthy... (attempt 14/30)
2024-09-05 05:04:34 - Waiting for ritualworks_postgres_standby_1 to be healthy... (attempt 15/30)
2024-09-05 05:04:44 - Waiting for ritualworks_postgres_standby_1 to be healthy... (attempt 16/30)
2024-09-05 05:04:54 - Waiting for ritualworks_postgres_standby_1 to be healthy... (attempt 17/30)
2024-09-05 05:05:04 - Waiting for ritualworks_postgres_standby_1 to be healthy... (attempt 18/30)
2024-09-05 05:05:14 - Waiting for ritualworks_postgres_standby_1 to be healthy... (attempt 19/30)
2024-09-05 05:05:24 - Waiting for ritualworks_postgres_standby_1 to be healthy... (attempt 20/30)
2024-09-05 05:05:34 - Waiting for ritualworks_postgres_standby_1 to be healthy... (attempt 21/30)
2024-09-05 05:05:44 - Waiting for ritualworks_postgres_standby_1 to be healthy... (attempt 22/30)
2024-09-05 05:05:55 - Waiting for ritualworks_postgres_standby_1 to be healthy... (attempt 23/30)
2024-09-05 05:06:05 - Waiting for ritualworks_postgres_standby_1 to be healthy... (attempt 24/30)
2024-09-05 05:06:15 - Waiting for ritualworks_postgres_standby_1 to be healthy... (attempt 25/30)
2024-09-05 05:06:25 - Waiting for ritualworks_postgres_standby_1 to be healthy... (attempt 26/30)
2024-09-05 05:06:35 - Waiting for ritualworks_postgres_standby_1 to be healthy... (attempt 27/30)
2024-09-05 05:06:45 - Waiting for ritualworks_postgres_standby_1 to be healthy... (attempt 28/30)
2024-09-05 05:06:55 - Waiting for ritualworks_postgres_standby_1 to be healthy... (attempt 29/30)
2024-09-05 05:07:05 - Waiting for ritualworks_postgres_standby_1 to be healthy... (attempt 30/30)
2024-09-05 05:07:15 - ritualworks_postgres_standby_1 did not become healthy after 30 attempts.
2024-09-05 05:07:15 - ritualworks_postgres_standby_1 is not healthy.
2024-09-05 05:07:15 - Checking health status of service: ritualworks_elasticsearch-node1_1
2024-09-05 05:07:15 - Waiting for ritualworks_elasticsearch-node1_1 to be healthy... (attempt 1/30)
2024-09-05 05:07:25 - Waiting for ritualworks_elasticsearch-node1_1 to be healthy... (attempt 2/30)
2024-09-05 05:07:35 - Waiting for ritualworks_elasticsearch-node1_1 to be healthy... (attempt 3/30)
2024-09-05 05:07:46 - Waiting for ritualworks_elasticsearch-node1_1 to be healthy... (attempt 4/30)
2024-09-05 05:07:56 - Waiting for ritualworks_elasticsearch-node1_1 to be healthy... (attempt 5/30)
2024-09-05 05:08:06 - Waiting for ritualworks_elasticsearch-node1_1 to be healthy... (attempt 6/30)
2024-09-05 05:08:16 - Waiting for ritualworks_elasticsearch-node1_1 to be healthy... (attempt 7/30)
2024-09-05 05:08:54 - Ensuring correct script directory...
2024-09-05 05:08:54 - Creating networks...
2024-09-05 05:08:54 - Building and starting backend services defined in ../docker/compose/docker-compose-backend.yml...
2024-09-05 05:08:58 - Waiting for all backend services to be fully up and running...
2024-09-05 05:08:58 - Checking health status of service: ritualworks_postgres_primary_1
2024-09-05 05:08:58 - Waiting for ritualworks_postgres_primary_1 to be healthy... (attempt 1/30)
2024-09-05 05:09:08 - Waiting for ritualworks_postgres_primary_1 to be healthy... (attempt 2/30)
2024-09-05 05:09:18 - Waiting for ritualworks_postgres_primary_1 to be healthy... (attempt 3/30)
2024-09-05 05:09:28 - Waiting for ritualworks_postgres_primary_1 to be healthy... (attempt 4/30)
2024-09-05 05:09:39 - Waiting for ritualworks_postgres_primary_1 to be healthy... (attempt 5/30)
2024-09-05 05:09:49 - Waiting for ritualworks_postgres_primary_1 to be healthy... (attempt 6/30)
