2024/12/23 08:11:26 [warn] 1#1: the "listen ... http2" directive is deprecated, use the "http2" directive instead in /etc/nginx/conf.d/api.conf:12
2024/12/23 08:11:26 [warn] 1#1: the "listen ... http2" directive is deprecated, use the "http2" directive instead in /etc/nginx/conf.d/grafana.conf:12
2024/12/23 08:11:26 [warn] 1#1: the "listen ... http2" directive is deprecated, use the "http2" directive instead in /etc/nginx/conf.d/minio.conf:12
2024/12/23 08:11:26 [warn] 1#1: the "listen ... http2" directive is deprecated, use the "http2" directive instead in /etc/nginx/conf.d/prometheus.conf:12
2024/12/23 08:11:26 [warn] 1#1: "ssl_stapling" ignored, issuer certificate not found for certificate "/certs-volume/local.haworks.com.crt"
2024/12/23 08:11:26 [warn] 1#1: "ssl_stapling" ignored, issuer certificate not found for certificate "/certs-volume/local.haworks.com.crt"
2024/12/23 08:11:26 [warn] 1#1: "ssl_stapling" ignored, issuer certificate not found for certificate "/certs-volume/public.crt"
2024/12/23 08:11:26 [warn] 1#1: "ssl_stapling" ignored, issuer certificate not found for certificate "/certs-volume/local.haworks.com.crt"
2024/12/23 08:29:52 [warn] 1#1: the "listen ... http2" directive is deprecated, use the "http2" directive instead in /etc/nginx/conf.d/api.conf:12
2024/12/23 08:29:52 [warn] 1#1: the "listen ... http2" directive is deprecated, use the "http2" directive instead in /etc/nginx/conf.d/grafana.conf:12
2024/12/23 08:29:52 [warn] 1#1: the "listen ... http2" directive is deprecated, use the "http2" directive instead in /etc/nginx/conf.d/minio.conf:12
2024/12/23 08:29:52 [warn] 1#1: the "listen ... http2" directive is deprecated, use the "http2" directive instead in /etc/nginx/conf.d/prometheus.conf:12
2024/12/23 08:29:52 [warn] 1#1: "ssl_stapling" ignored, issuer certificate not found for certificate "/certs-volume/local.haworks.com.crt"
2024/12/23 08:29:52 [warn] 1#1: "ssl_stapling" ignored, issuer certificate not found for certificate "/certs-volume/local.haworks.com.crt"
2024/12/23 08:29:52 [warn] 1#1: "ssl_stapling" ignored, issuer certificate not found for certificate "/certs-volume/public.crt"
2024/12/23 08:29:52 [warn] 1#1: "ssl_stapling" ignored, issuer certificate not found for certificate "/certs-volume/local.haworks.com.crt"
2024/12/23 08:35:07 [warn] 1#1: the "listen ... http2" directive is deprecated, use the "http2" directive instead in /etc/nginx/conf.d/api.conf:12
2024/12/23 08:35:07 [warn] 1#1: the "listen ... http2" directive is deprecated, use the "http2" directive instead in /etc/nginx/conf.d/grafana.conf:12
2024/12/23 08:35:07 [warn] 1#1: the "listen ... http2" directive is deprecated, use the "http2" directive instead in /etc/nginx/conf.d/minio.conf:12
2024/12/23 08:35:07 [warn] 1#1: the "listen ... http2" directive is deprecated, use the "http2" directive instead in /etc/nginx/conf.d/prometheus.conf:12
2024/12/23 08:35:07 [warn] 1#1: "ssl_stapling" ignored, issuer certificate not found for certificate "/certs-volume/local.haworks.com.crt"
2024/12/23 08:35:07 [warn] 1#1: "ssl_stapling" ignored, issuer certificate not found for certificate "/certs-volume/local.haworks.com.crt"
2024/12/23 08:35:07 [warn] 1#1: "ssl_stapling" ignored, issuer certificate not found for certificate "/certs-volume/public.crt"
2024/12/23 08:35:07 [warn] 1#1: "ssl_stapling" ignored, issuer certificate not found for certificate "/certs-volume/local.haworks.com.crt"
2024/12/23 08:47:26 [warn] 1#1: the "listen ... http2" directive is deprecated, use the "http2" directive instead in /etc/nginx/conf.d/api.conf:12
2024/12/23 08:47:26 [warn] 1#1: the "listen ... http2" directive is deprecated, use the "http2" directive instead in /etc/nginx/conf.d/grafana.conf:12
2024/12/23 08:47:26 [warn] 1#1: the "listen ... http2" directive is deprecated, use the "http2" directive instead in /etc/nginx/conf.d/minio.conf:12
2024/12/23 08:47:26 [warn] 1#1: the "listen ... http2" directive is deprecated, use the "http2" directive instead in /etc/nginx/conf.d/prometheus.conf:12
2024/12/23 08:47:26 [warn] 1#1: "ssl_stapling" ignored, issuer certificate not found for certificate "/certs-volume/local.haworks.com.crt"
2024/12/23 08:47:26 [warn] 1#1: "ssl_stapling" ignored, issuer certificate not found for certificate "/certs-volume/local.haworks.com.crt"
2024/12/23 08:47:26 [warn] 1#1: "ssl_stapling" ignored, issuer certificate not found for certificate "/certs-volume/public.crt"
2024/12/23 08:47:26 [warn] 1#1: "ssl_stapling" ignored, issuer certificate not found for certificate "/certs-volume/local.haworks.com.crt"
2024/12/23 08:55:38 [warn] 1#1: the "listen ... http2" directive is deprecated, use the "http2" directive instead in /etc/nginx/conf.d/api.conf:12
2024/12/23 08:55:38 [warn] 1#1: the "listen ... http2" directive is deprecated, use the "http2" directive instead in /etc/nginx/conf.d/grafana.conf:12
2024/12/23 08:55:38 [warn] 1#1: the "listen ... http2" directive is deprecated, use the "http2" directive instead in /etc/nginx/conf.d/minio.conf:12
2024/12/23 08:55:38 [warn] 1#1: the "listen ... http2" directive is deprecated, use the "http2" directive instead in /etc/nginx/conf.d/prometheus.conf:12
2024/12/23 08:55:38 [warn] 1#1: "ssl_stapling" ignored, issuer certificate not found for certificate "/certs-volume/local.haworks.com.crt"
2024/12/23 08:55:38 [warn] 1#1: "ssl_stapling" ignored, issuer certificate not found for certificate "/certs-volume/local.haworks.com.crt"
2024/12/23 08:55:38 [warn] 1#1: "ssl_stapling" ignored, issuer certificate not found for certificate "/certs-volume/public.crt"
2024/12/23 08:55:38 [warn] 1#1: "ssl_stapling" ignored, issuer certificate not found for certificate "/certs-volume/local.haworks.com.crt"
2024/12/23 09:00:03 [warn] 1#1: the "listen ... http2" directive is deprecated, use the "http2" directive instead in /etc/nginx/conf.d/api.conf:12
2024/12/23 09:00:03 [warn] 1#1: the "listen ... http2" directive is deprecated, use the "http2" directive instead in /etc/nginx/conf.d/grafana.conf:12
2024/12/23 09:00:03 [warn] 1#1: the "listen ... http2" directive is deprecated, use the "http2" directive instead in /etc/nginx/conf.d/minio.conf:12
2024/12/23 09:00:03 [warn] 1#1: the "listen ... http2" directive is deprecated, use the "http2" directive instead in /etc/nginx/conf.d/prometheus.conf:12
2024/12/23 09:00:03 [emerg] 1#1: host not found in upstream "prometheus:9090" in /etc/nginx/conf.d/upstreams.conf:12
2024/12/23 09:04:28 [warn] 1#1: the "listen ... http2" directive is deprecated, use the "http2" directive instead in /etc/nginx/conf.d/api.conf:12
2024/12/23 09:04:28 [warn] 1#1: the "listen ... http2" directive is deprecated, use the "http2" directive instead in /etc/nginx/conf.d/grafana.conf:12
2024/12/23 09:04:28 [warn] 1#1: the "listen ... http2" directive is deprecated, use the "http2" directive instead in /etc/nginx/conf.d/minio.conf:12
2024/12/23 09:04:28 [warn] 1#1: the "listen ... http2" directive is deprecated, use the "http2" directive instead in /etc/nginx/conf.d/prometheus.conf:12
2024/12/23 09:04:28 [warn] 1#1: "ssl_stapling" ignored, issuer certificate not found for certificate "/certs-volume/local.haworks.com.crt"
2024/12/23 09:04:28 [warn] 1#1: "ssl_stapling" ignored, issuer certificate not found for certificate "/certs-volume/local.haworks.com.crt"
2024/12/23 09:04:28 [warn] 1#1: "ssl_stapling" ignored, issuer certificate not found for certificate "/certs-volume/public.crt"
2024/12/23 09:04:28 [warn] 1#1: "ssl_stapling" ignored, issuer certificate not found for certificate "/certs-volume/local.haworks.com.crt"
2024/12/23 09:32:15 [warn] 1#1: the "listen ... http2" directive is deprecated, use the "http2" directive instead in /etc/nginx/conf.d/api.conf:12
2024/12/23 09:32:15 [warn] 1#1: the "listen ... http2" directive is deprecated, use the "http2" directive instead in /etc/nginx/conf.d/grafana.conf:12
2024/12/23 09:32:15 [warn] 1#1: the "listen ... http2" directive is deprecated, use the "http2" directive instead in /etc/nginx/conf.d/minio.conf:12
2024/12/23 09:32:15 [warn] 1#1: the "listen ... http2" directive is deprecated, use the "http2" directive instead in /etc/nginx/conf.d/prometheus.conf:12
2024/12/23 09:32:15 [warn] 1#1: "ssl_stapling" ignored, issuer certificate not found for certificate "/certs-volume/local.haworks.com.crt"
2024/12/23 09:32:15 [warn] 1#1: "ssl_stapling" ignored, issuer certificate not found for certificate "/certs-volume/local.haworks.com.crt"
2024/12/23 09:32:15 [warn] 1#1: "ssl_stapling" ignored, issuer certificate not found for certificate "/certs-volume/public.crt"
2024/12/23 09:32:15 [warn] 1#1: "ssl_stapling" ignored, issuer certificate not found for certificate "/certs-volume/local.haworks.com.crt"
2024/12/23 10:14:03 [warn] 1#1: the "listen ... http2" directive is deprecated, use the "http2" directive instead in /etc/nginx/conf.d/api.conf:12
2024/12/23 10:14:03 [warn] 1#1: the "listen ... http2" directive is deprecated, use the "http2" directive instead in /etc/nginx/conf.d/grafana.conf:12
2024/12/23 10:14:03 [warn] 1#1: the "listen ... http2" directive is deprecated, use the "http2" directive instead in /etc/nginx/conf.d/minio.conf:12
2024/12/23 10:14:03 [warn] 1#1: the "listen ... http2" directive is deprecated, use the "http2" directive instead in /etc/nginx/conf.d/prometheus.conf:12
2024/12/23 10:14:03 [warn] 1#1: "ssl_stapling" ignored, issuer certificate not found for certificate "/certs-volume/local.haworks.com.crt"
2024/12/23 10:14:03 [warn] 1#1: "ssl_stapling" ignored, issuer certificate not found for certificate "/certs-volume/local.haworks.com.crt"
2024/12/23 10:14:03 [warn] 1#1: "ssl_stapling" ignored, issuer certificate not found for certificate "/certs-volume/public.crt"
2024/12/23 10:14:03 [warn] 1#1: "ssl_stapling" ignored, issuer certificate not found for certificate "/certs-volume/local.haworks.com.crt"
2024/12/23 10:40:53 [warn] 1#1: the "listen ... http2" directive is deprecated, use the "http2" directive instead in /etc/nginx/conf.d/api.conf:12
2024/12/23 10:40:53 [warn] 1#1: the "listen ... http2" directive is deprecated, use the "http2" directive instead in /etc/nginx/conf.d/grafana.conf:12
2024/12/23 10:40:53 [warn] 1#1: the "listen ... http2" directive is deprecated, use the "http2" directive instead in /etc/nginx/conf.d/minio.conf:12
2024/12/23 10:40:53 [warn] 1#1: the "listen ... http2" directive is deprecated, use the "http2" directive instead in /etc/nginx/conf.d/prometheus.conf:12
2024/12/23 10:40:53 [warn] 1#1: "ssl_stapling" ignored, issuer certificate not found for certificate "/certs-volume/local.haworks.com.crt"
2024/12/23 10:40:53 [warn] 1#1: "ssl_stapling" ignored, issuer certificate not found for certificate "/certs-volume/local.haworks.com.crt"
2024/12/23 10:40:53 [warn] 1#1: "ssl_stapling" ignored, issuer certificate not found for certificate "/certs-volume/public.crt"
2024/12/23 10:40:53 [warn] 1#1: "ssl_stapling" ignored, issuer certificate not found for certificate "/certs-volume/local.haworks.com.crt"
2024/12/23 10:44:40 [warn] 1#1: the "listen ... http2" directive is deprecated, use the "http2" directive instead in /etc/nginx/conf.d/api.conf:12
2024/12/23 10:44:40 [warn] 1#1: the "listen ... http2" directive is deprecated, use the "http2" directive instead in /etc/nginx/conf.d/grafana.conf:12
2024/12/23 10:44:40 [warn] 1#1: the "listen ... http2" directive is deprecated, use the "http2" directive instead in /etc/nginx/conf.d/minio.conf:12
2024/12/23 10:44:40 [warn] 1#1: the "listen ... http2" directive is deprecated, use the "http2" directive instead in /etc/nginx/conf.d/prometheus.conf:12
2024/12/23 10:44:40 [warn] 1#1: "ssl_stapling" ignored, issuer certificate not found for certificate "/certs-volume/local.haworks.com.crt"
2024/12/23 10:44:40 [warn] 1#1: "ssl_stapling" ignored, issuer certificate not found for certificate "/certs-volume/local.haworks.com.crt"
2024/12/23 10:44:40 [warn] 1#1: "ssl_stapling" ignored, issuer certificate not found for certificate "/certs-volume/public.crt"
2024/12/23 10:44:40 [warn] 1#1: "ssl_stapling" ignored, issuer certificate not found for certificate "/certs-volume/local.haworks.com.crt"
2024/12/23 10:49:36 [warn] 1#1: the "listen ... http2" directive is deprecated, use the "http2" directive instead in /etc/nginx/conf.d/api.conf:12
2024/12/23 10:49:36 [warn] 1#1: the "listen ... http2" directive is deprecated, use the "http2" directive instead in /etc/nginx/conf.d/grafana.conf:12
2024/12/23 10:49:36 [warn] 1#1: the "listen ... http2" directive is deprecated, use the "http2" directive instead in /etc/nginx/conf.d/minio.conf:12
2024/12/23 10:49:36 [warn] 1#1: the "listen ... http2" directive is deprecated, use the "http2" directive instead in /etc/nginx/conf.d/prometheus.conf:12
2024/12/23 10:49:36 [warn] 1#1: "ssl_stapling" ignored, issuer certificate not found for certificate "/certs-volume/local.haworks.com.crt"
2024/12/23 10:49:36 [warn] 1#1: "ssl_stapling" ignored, issuer certificate not found for certificate "/certs-volume/local.haworks.com.crt"
2024/12/23 10:49:36 [warn] 1#1: "ssl_stapling" ignored, issuer certificate not found for certificate "/certs-volume/public.crt"
2024/12/23 10:49:36 [warn] 1#1: "ssl_stapling" ignored, issuer certificate not found for certificate "/certs-volume/local.haworks.com.crt"
2024/12/23 10:54:26 [warn] 1#1: the "listen ... http2" directive is deprecated, use the "http2" directive instead in /etc/nginx/conf.d/api.conf:12
2024/12/23 10:54:26 [warn] 1#1: the "listen ... http2" directive is deprecated, use the "http2" directive instead in /etc/nginx/conf.d/grafana.conf:12
2024/12/23 10:54:26 [warn] 1#1: the "listen ... http2" directive is deprecated, use the "http2" directive instead in /etc/nginx/conf.d/minio.conf:12
2024/12/23 10:54:26 [warn] 1#1: the "listen ... http2" directive is deprecated, use the "http2" directive instead in /etc/nginx/conf.d/prometheus.conf:12
2024/12/23 10:54:26 [warn] 1#1: "ssl_stapling" ignored, issuer certificate not found for certificate "/certs-volume/local.haworks.com.crt"
2024/12/23 10:54:26 [warn] 1#1: "ssl_stapling" ignored, issuer certificate not found for certificate "/certs-volume/local.haworks.com.crt"
2024/12/23 10:54:26 [warn] 1#1: "ssl_stapling" ignored, issuer certificate not found for certificate "/certs-volume/public.crt"
2024/12/23 10:54:26 [warn] 1#1: "ssl_stapling" ignored, issuer certificate not found for certificate "/certs-volume/local.haworks.com.crt"
2024/12/23 11:04:07 [warn] 1#1: the "listen ... http2" directive is deprecated, use the "http2" directive instead in /etc/nginx/conf.d/api.conf:12
2024/12/23 11:04:07 [warn] 1#1: the "listen ... http2" directive is deprecated, use the "http2" directive instead in /etc/nginx/conf.d/grafana.conf:12
2024/12/23 11:04:07 [warn] 1#1: the "listen ... http2" directive is deprecated, use the "http2" directive instead in /etc/nginx/conf.d/minio.conf:12
2024/12/23 11:04:07 [warn] 1#1: the "listen ... http2" directive is deprecated, use the "http2" directive instead in /etc/nginx/conf.d/prometheus.conf:12
2024/12/23 11:04:07 [emerg] 1#1: host not found in upstream "prometheus:9090" in /etc/nginx/conf.d/upstreams.conf:12
2024/12/23 11:09:26 [warn] 1#1: the "listen ... http2" directive is deprecated, use the "http2" directive instead in /etc/nginx/conf.d/api.conf:12
2024/12/23 11:09:26 [warn] 1#1: the "listen ... http2" directive is deprecated, use the "http2" directive instead in /etc/nginx/conf.d/grafana.conf:12
2024/12/23 11:09:26 [warn] 1#1: the "listen ... http2" directive is deprecated, use the "http2" directive instead in /etc/nginx/conf.d/minio.conf:12
2024/12/23 11:09:26 [warn] 1#1: the "listen ... http2" directive is deprecated, use the "http2" directive instead in /etc/nginx/conf.d/prometheus.conf:12
2024/12/23 11:09:26 [warn] 1#1: "ssl_stapling" ignored, issuer certificate not found for certificate "/certs-volume/local.haworks.com.crt"
2024/12/23 11:09:26 [warn] 1#1: "ssl_stapling" ignored, issuer certificate not found for certificate "/certs-volume/local.haworks.com.crt"
2024/12/23 11:09:26 [warn] 1#1: "ssl_stapling" ignored, issuer certificate not found for certificate "/certs-volume/public.crt"
2024/12/23 11:09:26 [warn] 1#1: "ssl_stapling" ignored, issuer certificate not found for certificate "/certs-volume/local.haworks.com.crt"
2024/12/23 11:29:16 [warn] 1#1: the "listen ... http2" directive is deprecated, use the "http2" directive instead in /etc/nginx/conf.d/api.conf:12
2024/12/23 11:29:16 [warn] 1#1: the "listen ... http2" directive is deprecated, use the "http2" directive instead in /etc/nginx/conf.d/grafana.conf:12
2024/12/23 11:29:16 [warn] 1#1: the "listen ... http2" directive is deprecated, use the "http2" directive instead in /etc/nginx/conf.d/minio.conf:12
2024/12/23 11:29:16 [warn] 1#1: the "listen ... http2" directive is deprecated, use the "http2" directive instead in /etc/nginx/conf.d/prometheus.conf:12
2024/12/23 11:29:16 [warn] 1#1: "ssl_stapling" ignored, issuer certificate not found for certificate "/certs-volume/local.haworks.com.crt"
2024/12/23 11:29:16 [warn] 1#1: "ssl_stapling" ignored, issuer certificate not found for certificate "/certs-volume/local.haworks.com.crt"
2024/12/23 11:29:16 [warn] 1#1: "ssl_stapling" ignored, issuer certificate not found for certificate "/certs-volume/public.crt"
2024/12/23 11:29:16 [warn] 1#1: "ssl_stapling" ignored, issuer certificate not found for certificate "/certs-volume/local.haworks.com.crt"
2024/12/23 11:41:01 [warn] 1#1: the "listen ... http2" directive is deprecated, use the "http2" directive instead in /etc/nginx/conf.d/api.conf:12
2024/12/23 11:41:01 [warn] 1#1: the "listen ... http2" directive is deprecated, use the "http2" directive instead in /etc/nginx/conf.d/grafana.conf:12
2024/12/23 11:41:01 [warn] 1#1: the "listen ... http2" directive is deprecated, use the "http2" directive instead in /etc/nginx/conf.d/minio.conf:12
2024/12/23 11:41:01 [warn] 1#1: the "listen ... http2" directive is deprecated, use the "http2" directive instead in /etc/nginx/conf.d/prometheus.conf:12
2024/12/23 11:41:01 [warn] 1#1: "ssl_stapling" ignored, issuer certificate not found for certificate "/certs-volume/local.haworks.com.crt"
2024/12/23 11:41:01 [warn] 1#1: "ssl_stapling" ignored, issuer certificate not found for certificate "/certs-volume/local.haworks.com.crt"
2024/12/23 11:41:01 [warn] 1#1: "ssl_stapling" ignored, issuer certificate not found for certificate "/certs-volume/public.crt"
2024/12/23 11:41:01 [warn] 1#1: "ssl_stapling" ignored, issuer certificate not found for certificate "/certs-volume/local.haworks.com.crt"
2024/12/23 12:03:55 [warn] 1#1: the "listen ... http2" directive is deprecated, use the "http2" directive instead in /etc/nginx/conf.d/api.conf:12
2024/12/23 12:03:55 [warn] 1#1: the "listen ... http2" directive is deprecated, use the "http2" directive instead in /etc/nginx/conf.d/grafana.conf:12
2024/12/23 12:03:55 [warn] 1#1: the "listen ... http2" directive is deprecated, use the "http2" directive instead in /etc/nginx/conf.d/minio.conf:12
2024/12/23 12:03:55 [warn] 1#1: the "listen ... http2" directive is deprecated, use the "http2" directive instead in /etc/nginx/conf.d/prometheus.conf:12
2024/12/23 12:03:55 [warn] 1#1: "ssl_stapling" ignored, issuer certificate not found for certificate "/certs-volume/local.haworks.com.crt"
2024/12/23 12:03:55 [warn] 1#1: "ssl_stapling" ignored, issuer certificate not found for certificate "/certs-volume/local.haworks.com.crt"
2024/12/23 12:03:55 [warn] 1#1: "ssl_stapling" ignored, issuer certificate not found for certificate "/certs-volume/public.crt"
2024/12/23 12:03:55 [warn] 1#1: "ssl_stapling" ignored, issuer certificate not found for certificate "/certs-volume/local.haworks.com.crt"
2024/12/23 12:08:11 [warn] 1#1: the "listen ... http2" directive is deprecated, use the "http2" directive instead in /etc/nginx/conf.d/api.conf:12
2024/12/23 12:08:11 [warn] 1#1: the "listen ... http2" directive is deprecated, use the "http2" directive instead in /etc/nginx/conf.d/grafana.conf:12
2024/12/23 12:08:11 [warn] 1#1: the "listen ... http2" directive is deprecated, use the "http2" directive instead in /etc/nginx/conf.d/minio.conf:12
2024/12/23 12:08:11 [warn] 1#1: the "listen ... http2" directive is deprecated, use the "http2" directive instead in /etc/nginx/conf.d/prometheus.conf:12
2024/12/23 12:08:11 [warn] 1#1: "ssl_stapling" ignored, issuer certificate not found for certificate "/certs-volume/local.haworks.com.crt"
2024/12/23 12:08:11 [warn] 1#1: "ssl_stapling" ignored, issuer certificate not found for certificate "/certs-volume/local.haworks.com.crt"
2024/12/23 12:08:11 [warn] 1#1: "ssl_stapling" ignored, issuer certificate not found for certificate "/certs-volume/public.crt"
2024/12/23 12:08:11 [warn] 1#1: "ssl_stapling" ignored, issuer certificate not found for certificate "/certs-volume/local.haworks.com.crt"
2024/12/23 12:10:30 [warn] 1#1: the "listen ... http2" directive is deprecated, use the "http2" directive instead in /etc/nginx/conf.d/api.conf:12
2024/12/23 12:10:30 [warn] 1#1: the "listen ... http2" directive is deprecated, use the "http2" directive instead in /etc/nginx/conf.d/grafana.conf:12
2024/12/23 12:10:30 [warn] 1#1: the "listen ... http2" directive is deprecated, use the "http2" directive instead in /etc/nginx/conf.d/minio.conf:12
2024/12/23 12:10:30 [warn] 1#1: the "listen ... http2" directive is deprecated, use the "http2" directive instead in /etc/nginx/conf.d/prometheus.conf:12
2024/12/23 12:10:30 [warn] 1#1: "ssl_stapling" ignored, issuer certificate not found for certificate "/certs-volume/local.haworks.com.crt"
2024/12/23 12:10:30 [warn] 1#1: "ssl_stapling" ignored, issuer certificate not found for certificate "/certs-volume/local.haworks.com.crt"
2024/12/23 12:10:30 [warn] 1#1: "ssl_stapling" ignored, issuer certificate not found for certificate "/certs-volume/public.crt"
2024/12/23 12:10:30 [warn] 1#1: "ssl_stapling" ignored, issuer certificate not found for certificate "/certs-volume/local.haworks.com.crt"
2024/12/23 12:13:31 [warn] 1#1: the "listen ... http2" directive is deprecated, use the "http2" directive instead in /etc/nginx/conf.d/api.conf:12
2024/12/23 12:13:31 [warn] 1#1: the "listen ... http2" directive is deprecated, use the "http2" directive instead in /etc/nginx/conf.d/grafana.conf:12
2024/12/23 12:13:31 [warn] 1#1: the "listen ... http2" directive is deprecated, use the "http2" directive instead in /etc/nginx/conf.d/minio.conf:12
2024/12/23 12:13:31 [warn] 1#1: the "listen ... http2" directive is deprecated, use the "http2" directive instead in /etc/nginx/conf.d/prometheus.conf:12
2024/12/23 12:13:31 [warn] 1#1: "ssl_stapling" ignored, issuer certificate not found for certificate "/certs-volume/local.haworks.com.crt"
2024/12/23 12:13:31 [warn] 1#1: "ssl_stapling" ignored, issuer certificate not found for certificate "/certs-volume/local.haworks.com.crt"
2024/12/23 12:13:31 [warn] 1#1: "ssl_stapling" ignored, issuer certificate not found for certificate "/certs-volume/public.crt"
2024/12/23 12:13:31 [warn] 1#1: "ssl_stapling" ignored, issuer certificate not found for certificate "/certs-volume/local.haworks.com.crt"
2024/12/23 12:17:52 [warn] 1#1: the "listen ... http2" directive is deprecated, use the "http2" directive instead in /etc/nginx/conf.d/api.conf:12
2024/12/23 12:17:52 [warn] 1#1: the "listen ... http2" directive is deprecated, use the "http2" directive instead in /etc/nginx/conf.d/grafana.conf:12
2024/12/23 12:17:52 [warn] 1#1: the "listen ... http2" directive is deprecated, use the "http2" directive instead in /etc/nginx/conf.d/minio.conf:12
2024/12/23 12:17:52 [warn] 1#1: the "listen ... http2" directive is deprecated, use the "http2" directive instead in /etc/nginx/conf.d/prometheus.conf:12
2024/12/23 12:17:52 [warn] 1#1: "ssl_stapling" ignored, issuer certificate not found for certificate "/certs-volume/local.haworks.com.crt"
2024/12/23 12:17:52 [warn] 1#1: "ssl_stapling" ignored, issuer certificate not found for certificate "/certs-volume/local.haworks.com.crt"
2024/12/23 12:17:52 [warn] 1#1: "ssl_stapling" ignored, issuer certificate not found for certificate "/certs-volume/public.crt"
2024/12/23 12:17:52 [warn] 1#1: "ssl_stapling" ignored, issuer certificate not found for certificate "/certs-volume/local.haworks.com.crt"
2024/12/23 13:21:55 [warn] 1#1: the "listen ... http2" directive is deprecated, use the "http2" directive instead in /etc/nginx/conf.d/api.conf:12
2024/12/23 13:21:55 [warn] 1#1: the "listen ... http2" directive is deprecated, use the "http2" directive instead in /etc/nginx/conf.d/grafana.conf:12
2024/12/23 13:21:55 [warn] 1#1: the "listen ... http2" directive is deprecated, use the "http2" directive instead in /etc/nginx/conf.d/minio.conf:12
2024/12/23 13:21:55 [warn] 1#1: the "listen ... http2" directive is deprecated, use the "http2" directive instead in /etc/nginx/conf.d/prometheus.conf:12
2024/12/23 13:21:55 [warn] 1#1: "ssl_stapling" ignored, issuer certificate not found for certificate "/certs-volume/local.haworks.com.crt"
2024/12/23 13:21:55 [warn] 1#1: "ssl_stapling" ignored, issuer certificate not found for certificate "/certs-volume/local.haworks.com.crt"
2024/12/23 13:21:55 [warn] 1#1: "ssl_stapling" ignored, issuer certificate not found for certificate "/certs-volume/public.crt"
2024/12/23 13:21:55 [warn] 1#1: "ssl_stapling" ignored, issuer certificate not found for certificate "/certs-volume/local.haworks.com.crt"
2024/12/23 13:26:40 [warn] 1#1: the "listen ... http2" directive is deprecated, use the "http2" directive instead in /etc/nginx/conf.d/api.conf:12
2024/12/23 13:26:40 [warn] 1#1: the "listen ... http2" directive is deprecated, use the "http2" directive instead in /etc/nginx/conf.d/grafana.conf:12
2024/12/23 13:26:40 [warn] 1#1: the "listen ... http2" directive is deprecated, use the "http2" directive instead in /etc/nginx/conf.d/minio.conf:12
2024/12/23 13:26:40 [warn] 1#1: the "listen ... http2" directive is deprecated, use the "http2" directive instead in /etc/nginx/conf.d/prometheus.conf:12
2024/12/23 13:26:40 [warn] 1#1: "ssl_stapling" ignored, issuer certificate not found for certificate "/certs-volume/local.haworks.com.crt"
2024/12/23 13:26:40 [warn] 1#1: "ssl_stapling" ignored, issuer certificate not found for certificate "/certs-volume/local.haworks.com.crt"
2024/12/23 13:26:40 [warn] 1#1: "ssl_stapling" ignored, issuer certificate not found for certificate "/certs-volume/public.crt"
2024/12/23 13:26:40 [warn] 1#1: "ssl_stapling" ignored, issuer certificate not found for certificate "/certs-volume/local.haworks.com.crt"
2024/12/23 13:30:35 [warn] 1#1: the "listen ... http2" directive is deprecated, use the "http2" directive instead in /etc/nginx/conf.d/api.conf:12
2024/12/23 13:30:35 [warn] 1#1: the "listen ... http2" directive is deprecated, use the "http2" directive instead in /etc/nginx/conf.d/grafana.conf:12
2024/12/23 13:30:35 [warn] 1#1: the "listen ... http2" directive is deprecated, use the "http2" directive instead in /etc/nginx/conf.d/minio.conf:12
2024/12/23 13:30:35 [warn] 1#1: the "listen ... http2" directive is deprecated, use the "http2" directive instead in /etc/nginx/conf.d/prometheus.conf:12
2024/12/23 13:30:35 [emerg] 1#1: host not found in upstream "prometheus:9090" in /etc/nginx/conf.d/upstreams.conf:12
2024/12/23 13:51:06 [warn] 1#1: the "listen ... http2" directive is deprecated, use the "http2" directive instead in /etc/nginx/conf.d/api.conf:12
2024/12/23 13:51:06 [warn] 1#1: the "listen ... http2" directive is deprecated, use the "http2" directive instead in /etc/nginx/conf.d/grafana.conf:12
2024/12/23 13:51:06 [warn] 1#1: the "listen ... http2" directive is deprecated, use the "http2" directive instead in /etc/nginx/conf.d/minio.conf:12
2024/12/23 13:51:06 [warn] 1#1: the "listen ... http2" directive is deprecated, use the "http2" directive instead in /etc/nginx/conf.d/prometheus.conf:12
2024/12/23 13:51:06 [warn] 1#1: "ssl_stapling" ignored, issuer certificate not found for certificate "/certs-volume/local.haworks.com.crt"
2024/12/23 13:51:06 [warn] 1#1: "ssl_stapling" ignored, issuer certificate not found for certificate "/certs-volume/local.haworks.com.crt"
2024/12/23 13:51:06 [warn] 1#1: "ssl_stapling" ignored, issuer certificate not found for certificate "/certs-volume/public.crt"
2024/12/23 13:51:06 [warn] 1#1: "ssl_stapling" ignored, issuer certificate not found for certificate "/certs-volume/local.haworks.com.crt"
2024/12/23 13:59:37 [warn] 1#1: the "listen ... http2" directive is deprecated, use the "http2" directive instead in /etc/nginx/conf.d/api.conf:12
2024/12/23 13:59:37 [warn] 1#1: the "listen ... http2" directive is deprecated, use the "http2" directive instead in /etc/nginx/conf.d/grafana.conf:12
2024/12/23 13:59:37 [warn] 1#1: the "listen ... http2" directive is deprecated, use the "http2" directive instead in /etc/nginx/conf.d/minio.conf:12
2024/12/23 13:59:37 [warn] 1#1: the "listen ... http2" directive is deprecated, use the "http2" directive instead in /etc/nginx/conf.d/prometheus.conf:12
2024/12/23 13:59:37 [emerg] 1#1: host not found in upstream "prometheus:9090" in /etc/nginx/conf.d/upstreams.conf:12
2024/12/23 14:15:23 [warn] 1#1: the "listen ... http2" directive is deprecated, use the "http2" directive instead in /etc/nginx/conf.d/api.conf:12
2024/12/23 14:15:23 [warn] 1#1: the "listen ... http2" directive is deprecated, use the "http2" directive instead in /etc/nginx/conf.d/grafana.conf:12
2024/12/23 14:15:23 [warn] 1#1: the "listen ... http2" directive is deprecated, use the "http2" directive instead in /etc/nginx/conf.d/minio.conf:12
2024/12/23 14:15:23 [warn] 1#1: the "listen ... http2" directive is deprecated, use the "http2" directive instead in /etc/nginx/conf.d/prometheus.conf:12
2024/12/23 14:15:23 [emerg] 1#1: host not found in upstream "prometheus:9090" in /etc/nginx/conf.d/upstreams.conf:12
2024/12/23 14:44:41 [warn] 1#1: the "listen ... http2" directive is deprecated, use the "http2" directive instead in /etc/nginx/conf.d/api.conf:12
2024/12/23 14:44:41 [warn] 1#1: the "listen ... http2" directive is deprecated, use the "http2" directive instead in /etc/nginx/conf.d/grafana.conf:12
2024/12/23 14:44:41 [warn] 1#1: the "listen ... http2" directive is deprecated, use the "http2" directive instead in /etc/nginx/conf.d/minio.conf:12
2024/12/23 14:44:41 [warn] 1#1: the "listen ... http2" directive is deprecated, use the "http2" directive instead in /etc/nginx/conf.d/prometheus.conf:12
2024/12/23 14:44:41 [warn] 1#1: "ssl_stapling" ignored, issuer certificate not found for certificate "/certs-volume/local.haworks.com.crt"
2024/12/23 14:44:41 [warn] 1#1: "ssl_stapling" ignored, issuer certificate not found for certificate "/certs-volume/local.haworks.com.crt"
2024/12/23 14:44:41 [warn] 1#1: "ssl_stapling" ignored, issuer certificate not found for certificate "/certs-volume/public.crt"
2024/12/23 14:44:41 [warn] 1#1: "ssl_stapling" ignored, issuer certificate not found for certificate "/certs-volume/local.haworks.com.crt"
2024/12/23 15:08:18 [warn] 1#1: the "listen ... http2" directive is deprecated, use the "http2" directive instead in /etc/nginx/conf.d/api.conf:12
2024/12/23 15:08:18 [warn] 1#1: the "listen ... http2" directive is deprecated, use the "http2" directive instead in /etc/nginx/conf.d/grafana.conf:12
2024/12/23 15:08:18 [warn] 1#1: the "listen ... http2" directive is deprecated, use the "http2" directive instead in /etc/nginx/conf.d/minio.conf:12
2024/12/23 15:08:18 [warn] 1#1: the "listen ... http2" directive is deprecated, use the "http2" directive instead in /etc/nginx/conf.d/prometheus.conf:12
2024/12/23 15:08:18 [warn] 1#1: "ssl_stapling" ignored, issuer certificate not found for certificate "/certs-volume/local.haworks.com.crt"
2024/12/23 15:08:18 [warn] 1#1: "ssl_stapling" ignored, issuer certificate not found for certificate "/certs-volume/local.haworks.com.crt"
2024/12/23 15:08:18 [warn] 1#1: "ssl_stapling" ignored, issuer certificate not found for certificate "/certs-volume/public.crt"
2024/12/23 15:08:18 [warn] 1#1: "ssl_stapling" ignored, issuer certificate not found for certificate "/certs-volume/local.haworks.com.crt"
2024/12/23 15:10:27 [warn] 1#1: the "listen ... http2" directive is deprecated, use the "http2" directive instead in /etc/nginx/conf.d/api.conf:12
2024/12/23 15:10:27 [warn] 1#1: the "listen ... http2" directive is deprecated, use the "http2" directive instead in /etc/nginx/conf.d/grafana.conf:12
2024/12/23 15:10:27 [warn] 1#1: the "listen ... http2" directive is deprecated, use the "http2" directive instead in /etc/nginx/conf.d/minio.conf:12
2024/12/23 15:10:27 [warn] 1#1: the "listen ... http2" directive is deprecated, use the "http2" directive instead in /etc/nginx/conf.d/prometheus.conf:12
2024/12/23 15:10:27 [warn] 1#1: "ssl_stapling" ignored, issuer certificate not found for certificate "/certs-volume/local.haworks.com.crt"
2024/12/23 15:10:27 [warn] 1#1: "ssl_stapling" ignored, issuer certificate not found for certificate "/certs-volume/local.haworks.com.crt"
2024/12/23 15:10:27 [warn] 1#1: "ssl_stapling" ignored, issuer certificate not found for certificate "/certs-volume/public.crt"
2024/12/23 15:10:27 [warn] 1#1: "ssl_stapling" ignored, issuer certificate not found for certificate "/certs-volume/local.haworks.com.crt"
2024/12/23 15:12:59 [warn] 1#1: the "listen ... http2" directive is deprecated, use the "http2" directive instead in /etc/nginx/conf.d/api.conf:12
2024/12/23 15:12:59 [warn] 1#1: the "listen ... http2" directive is deprecated, use the "http2" directive instead in /etc/nginx/conf.d/grafana.conf:12
2024/12/23 15:12:59 [warn] 1#1: the "listen ... http2" directive is deprecated, use the "http2" directive instead in /etc/nginx/conf.d/minio.conf:12
2024/12/23 15:12:59 [warn] 1#1: the "listen ... http2" directive is deprecated, use the "http2" directive instead in /etc/nginx/conf.d/prometheus.conf:12
2024/12/23 15:12:59 [warn] 1#1: "ssl_stapling" ignored, issuer certificate not found for certificate "/certs-volume/local.haworks.com.crt"
2024/12/23 15:12:59 [warn] 1#1: "ssl_stapling" ignored, issuer certificate not found for certificate "/certs-volume/local.haworks.com.crt"
2024/12/23 15:12:59 [warn] 1#1: "ssl_stapling" ignored, issuer certificate not found for certificate "/certs-volume/public.crt"
2024/12/23 15:12:59 [warn] 1#1: "ssl_stapling" ignored, issuer certificate not found for certificate "/certs-volume/local.haworks.com.crt"
2024/12/23 15:17:15 [warn] 1#1: the "listen ... http2" directive is deprecated, use the "http2" directive instead in /etc/nginx/conf.d/api.conf:12
2024/12/23 15:17:15 [warn] 1#1: the "listen ... http2" directive is deprecated, use the "http2" directive instead in /etc/nginx/conf.d/grafana.conf:12
2024/12/23 15:17:15 [warn] 1#1: the "listen ... http2" directive is deprecated, use the "http2" directive instead in /etc/nginx/conf.d/minio.conf:12
2024/12/23 15:17:15 [warn] 1#1: the "listen ... http2" directive is deprecated, use the "http2" directive instead in /etc/nginx/conf.d/prometheus.conf:12
2024/12/23 15:17:15 [warn] 1#1: "ssl_stapling" ignored, issuer certificate not found for certificate "/certs-volume/local.haworks.com.crt"
2024/12/23 15:17:15 [warn] 1#1: "ssl_stapling" ignored, issuer certificate not found for certificate "/certs-volume/local.haworks.com.crt"
2024/12/23 15:17:15 [warn] 1#1: "ssl_stapling" ignored, issuer certificate not found for certificate "/certs-volume/public.crt"
2024/12/23 15:17:15 [warn] 1#1: "ssl_stapling" ignored, issuer certificate not found for certificate "/certs-volume/local.haworks.com.crt"
2024/12/23 15:21:56 [warn] 1#1: the "listen ... http2" directive is deprecated, use the "http2" directive instead in /etc/nginx/conf.d/api.conf:12
2024/12/23 15:21:56 [warn] 1#1: the "listen ... http2" directive is deprecated, use the "http2" directive instead in /etc/nginx/conf.d/grafana.conf:12
2024/12/23 15:21:56 [warn] 1#1: the "listen ... http2" directive is deprecated, use the "http2" directive instead in /etc/nginx/conf.d/minio.conf:12
2024/12/23 15:21:56 [warn] 1#1: the "listen ... http2" directive is deprecated, use the "http2" directive instead in /etc/nginx/conf.d/prometheus.conf:12
2024/12/23 15:21:56 [warn] 1#1: "ssl_stapling" ignored, issuer certificate not found for certificate "/certs-volume/local.haworks.com.crt"
2024/12/23 15:21:56 [warn] 1#1: "ssl_stapling" ignored, issuer certificate not found for certificate "/certs-volume/local.haworks.com.crt"
2024/12/23 15:21:56 [warn] 1#1: "ssl_stapling" ignored, issuer certificate not found for certificate "/certs-volume/public.crt"
2024/12/23 15:21:56 [warn] 1#1: "ssl_stapling" ignored, issuer certificate not found for certificate "/certs-volume/local.haworks.com.crt"
2024/12/23 15:31:08 [warn] 1#1: the "listen ... http2" directive is deprecated, use the "http2" directive instead in /etc/nginx/conf.d/api.conf:12
2024/12/23 15:31:08 [warn] 1#1: the "listen ... http2" directive is deprecated, use the "http2" directive instead in /etc/nginx/conf.d/grafana.conf:12
2024/12/23 15:31:08 [warn] 1#1: the "listen ... http2" directive is deprecated, use the "http2" directive instead in /etc/nginx/conf.d/minio.conf:12
2024/12/23 15:31:08 [warn] 1#1: the "listen ... http2" directive is deprecated, use the "http2" directive instead in /etc/nginx/conf.d/prometheus.conf:12
2024/12/23 15:31:08 [warn] 1#1: "ssl_stapling" ignored, issuer certificate not found for certificate "/certs-volume/local.haworks.com.crt"
2024/12/23 15:31:08 [warn] 1#1: "ssl_stapling" ignored, issuer certificate not found for certificate "/certs-volume/local.haworks.com.crt"
2024/12/23 15:31:08 [warn] 1#1: "ssl_stapling" ignored, issuer certificate not found for certificate "/certs-volume/public.crt"
2024/12/23 15:31:08 [warn] 1#1: "ssl_stapling" ignored, issuer certificate not found for certificate "/certs-volume/local.haworks.com.crt"
2024/12/23 15:36:06 [warn] 1#1: the "listen ... http2" directive is deprecated, use the "http2" directive instead in /etc/nginx/conf.d/api.conf:12
2024/12/23 15:36:06 [warn] 1#1: the "listen ... http2" directive is deprecated, use the "http2" directive instead in /etc/nginx/conf.d/grafana.conf:12
2024/12/23 15:36:06 [warn] 1#1: the "listen ... http2" directive is deprecated, use the "http2" directive instead in /etc/nginx/conf.d/minio.conf:12
2024/12/23 15:36:06 [warn] 1#1: the "listen ... http2" directive is deprecated, use the "http2" directive instead in /etc/nginx/conf.d/prometheus.conf:12
2024/12/23 15:36:06 [warn] 1#1: "ssl_stapling" ignored, issuer certificate not found for certificate "/certs-volume/local.haworks.com.crt"
2024/12/23 15:36:06 [warn] 1#1: "ssl_stapling" ignored, issuer certificate not found for certificate "/certs-volume/local.haworks.com.crt"
2024/12/23 15:36:06 [warn] 1#1: "ssl_stapling" ignored, issuer certificate not found for certificate "/certs-volume/public.crt"
2024/12/23 15:36:06 [warn] 1#1: "ssl_stapling" ignored, issuer certificate not found for certificate "/certs-volume/local.haworks.com.crt"
2024/12/23 15:48:19 [warn] 1#1: the "listen ... http2" directive is deprecated, use the "http2" directive instead in /etc/nginx/conf.d/api.conf:12
2024/12/23 15:48:19 [warn] 1#1: the "listen ... http2" directive is deprecated, use the "http2" directive instead in /etc/nginx/conf.d/grafana.conf:12
2024/12/23 15:48:19 [warn] 1#1: the "listen ... http2" directive is deprecated, use the "http2" directive instead in /etc/nginx/conf.d/minio.conf:12
2024/12/23 15:48:19 [warn] 1#1: the "listen ... http2" directive is deprecated, use the "http2" directive instead in /etc/nginx/conf.d/prometheus.conf:12
2024/12/23 15:48:19 [warn] 1#1: "ssl_stapling" ignored, issuer certificate not found for certificate "/certs-volume/local.haworks.com.crt"
2024/12/23 15:48:19 [warn] 1#1: "ssl_stapling" ignored, issuer certificate not found for certificate "/certs-volume/local.haworks.com.crt"
2024/12/23 15:48:19 [warn] 1#1: "ssl_stapling" ignored, issuer certificate not found for certificate "/certs-volume/public.crt"
2024/12/23 15:48:19 [warn] 1#1: "ssl_stapling" ignored, issuer certificate not found for certificate "/certs-volume/local.haworks.com.crt"
2024/12/23 15:56:18 [warn] 1#1: the "listen ... http2" directive is deprecated, use the "http2" directive instead in /etc/nginx/conf.d/api.conf:12
2024/12/23 15:56:18 [warn] 1#1: the "listen ... http2" directive is deprecated, use the "http2" directive instead in /etc/nginx/conf.d/grafana.conf:12
2024/12/23 15:56:18 [warn] 1#1: the "listen ... http2" directive is deprecated, use the "http2" directive instead in /etc/nginx/conf.d/minio.conf:12
2024/12/23 15:56:18 [warn] 1#1: the "listen ... http2" directive is deprecated, use the "http2" directive instead in /etc/nginx/conf.d/prometheus.conf:12
2024/12/23 15:56:18 [warn] 1#1: "ssl_stapling" ignored, issuer certificate not found for certificate "/certs-volume/local.haworks.com.crt"
2024/12/23 15:56:18 [warn] 1#1: "ssl_stapling" ignored, issuer certificate not found for certificate "/certs-volume/local.haworks.com.crt"
2024/12/23 15:56:18 [warn] 1#1: "ssl_stapling" ignored, issuer certificate not found for certificate "/certs-volume/public.crt"
2024/12/23 15:56:18 [warn] 1#1: "ssl_stapling" ignored, issuer certificate not found for certificate "/certs-volume/local.haworks.com.crt"
2024/12/23 16:03:30 [warn] 1#1: the "listen ... http2" directive is deprecated, use the "http2" directive instead in /etc/nginx/conf.d/api.conf:12
2024/12/23 16:03:30 [warn] 1#1: the "listen ... http2" directive is deprecated, use the "http2" directive instead in /etc/nginx/conf.d/grafana.conf:12
2024/12/23 16:03:30 [warn] 1#1: the "listen ... http2" directive is deprecated, use the "http2" directive instead in /etc/nginx/conf.d/minio.conf:12
2024/12/23 16:03:30 [warn] 1#1: the "listen ... http2" directive is deprecated, use the "http2" directive instead in /etc/nginx/conf.d/prometheus.conf:12
2024/12/23 16:03:30 [warn] 1#1: "ssl_stapling" ignored, issuer certificate not found for certificate "/certs-volume/local.haworks.com.crt"
2024/12/23 16:03:30 [warn] 1#1: "ssl_stapling" ignored, issuer certificate not found for certificate "/certs-volume/local.haworks.com.crt"
2024/12/23 16:03:30 [warn] 1#1: "ssl_stapling" ignored, issuer certificate not found for certificate "/certs-volume/public.crt"
2024/12/23 16:03:30 [warn] 1#1: "ssl_stapling" ignored, issuer certificate not found for certificate "/certs-volume/local.haworks.com.crt"
2024/12/23 16:43:29 [warn] 1#1: the "listen ... http2" directive is deprecated, use the "http2" directive instead in /etc/nginx/conf.d/api.conf:12
2024/12/23 16:43:29 [warn] 1#1: the "listen ... http2" directive is deprecated, use the "http2" directive instead in /etc/nginx/conf.d/grafana.conf:12
2024/12/23 16:43:29 [warn] 1#1: the "listen ... http2" directive is deprecated, use the "http2" directive instead in /etc/nginx/conf.d/minio.conf:12
2024/12/23 16:43:29 [warn] 1#1: the "listen ... http2" directive is deprecated, use the "http2" directive instead in /etc/nginx/conf.d/prometheus.conf:12
2024/12/23 16:43:29 [warn] 1#1: "ssl_stapling" ignored, issuer certificate not found for certificate "/certs-volume/local.haworks.com.crt"
2024/12/23 16:43:29 [warn] 1#1: "ssl_stapling" ignored, issuer certificate not found for certificate "/certs-volume/local.haworks.com.crt"
2024/12/23 16:43:29 [warn] 1#1: "ssl_stapling" ignored, issuer certificate not found for certificate "/certs-volume/public.crt"
2024/12/23 16:43:29 [warn] 1#1: "ssl_stapling" ignored, issuer certificate not found for certificate "/certs-volume/local.haworks.com.crt"
2024/12/23 16:54:53 [warn] 1#1: the "listen ... http2" directive is deprecated, use the "http2" directive instead in /etc/nginx/conf.d/api.conf:12
2024/12/23 16:54:53 [warn] 1#1: the "listen ... http2" directive is deprecated, use the "http2" directive instead in /etc/nginx/conf.d/grafana.conf:12
2024/12/23 16:54:53 [warn] 1#1: the "listen ... http2" directive is deprecated, use the "http2" directive instead in /etc/nginx/conf.d/minio.conf:12
2024/12/23 16:54:53 [warn] 1#1: the "listen ... http2" directive is deprecated, use the "http2" directive instead in /etc/nginx/conf.d/prometheus.conf:12
2024/12/23 16:54:53 [warn] 1#1: "ssl_stapling" ignored, issuer certificate not found for certificate "/certs-volume/local.haworks.com.crt"
2024/12/23 16:54:53 [warn] 1#1: "ssl_stapling" ignored, issuer certificate not found for certificate "/certs-volume/local.haworks.com.crt"
2024/12/23 16:54:53 [warn] 1#1: "ssl_stapling" ignored, issuer certificate not found for certificate "/certs-volume/public.crt"
2024/12/23 16:54:53 [warn] 1#1: "ssl_stapling" ignored, issuer certificate not found for certificate "/certs-volume/local.haworks.com.crt"
2024/12/23 18:52:46 [warn] 1#1: the "listen ... http2" directive is deprecated, use the "http2" directive instead in /etc/nginx/conf.d/api.conf:12
2024/12/23 18:52:46 [warn] 1#1: the "listen ... http2" directive is deprecated, use the "http2" directive instead in /etc/nginx/conf.d/grafana.conf:12
2024/12/23 18:52:46 [warn] 1#1: the "listen ... http2" directive is deprecated, use the "http2" directive instead in /etc/nginx/conf.d/minio.conf:12
2024/12/23 18:52:46 [warn] 1#1: the "listen ... http2" directive is deprecated, use the "http2" directive instead in /etc/nginx/conf.d/prometheus.conf:12
2024/12/23 18:52:46 [warn] 1#1: "ssl_stapling" ignored, issuer certificate not found for certificate "/certs-volume/local.haworks.com.crt"
2024/12/23 18:52:46 [warn] 1#1: "ssl_stapling" ignored, issuer certificate not found for certificate "/certs-volume/local.haworks.com.crt"
2024/12/23 18:52:46 [warn] 1#1: "ssl_stapling" ignored, issuer certificate not found for certificate "/certs-volume/public.crt"
2024/12/23 18:52:46 [warn] 1#1: "ssl_stapling" ignored, issuer certificate not found for certificate "/certs-volume/local.haworks.com.crt"
2024/12/23 19:08:45 [warn] 1#1: the "listen ... http2" directive is deprecated, use the "http2" directive instead in /etc/nginx/conf.d/api.conf:12
2024/12/23 19:08:45 [warn] 1#1: the "listen ... http2" directive is deprecated, use the "http2" directive instead in /etc/nginx/conf.d/grafana.conf:12
2024/12/23 19:08:45 [warn] 1#1: the "listen ... http2" directive is deprecated, use the "http2" directive instead in /etc/nginx/conf.d/minio.conf:12
2024/12/23 19:08:45 [warn] 1#1: the "listen ... http2" directive is deprecated, use the "http2" directive instead in /etc/nginx/conf.d/prometheus.conf:12
2024/12/23 19:08:45 [emerg] 1#1: host not found in upstream "prometheus:9090" in /etc/nginx/conf.d/upstreams.conf:12
2024/12/23 19:28:13 [warn] 1#1: the "listen ... http2" directive is deprecated, use the "http2" directive instead in /etc/nginx/conf.d/api.conf:12
2024/12/23 19:28:13 [warn] 1#1: the "listen ... http2" directive is deprecated, use the "http2" directive instead in /etc/nginx/conf.d/grafana.conf:12
2024/12/23 19:28:13 [warn] 1#1: the "listen ... http2" directive is deprecated, use the "http2" directive instead in /etc/nginx/conf.d/minio.conf:12
2024/12/23 19:28:13 [warn] 1#1: the "listen ... http2" directive is deprecated, use the "http2" directive instead in /etc/nginx/conf.d/prometheus.conf:12
2024/12/23 19:28:13 [warn] 1#1: "ssl_stapling" ignored, issuer certificate not found for certificate "/certs-volume/local.haworks.com.crt"
2024/12/23 19:28:13 [warn] 1#1: "ssl_stapling" ignored, issuer certificate not found for certificate "/certs-volume/local.haworks.com.crt"
2024/12/23 19:28:13 [warn] 1#1: "ssl_stapling" ignored, issuer certificate not found for certificate "/certs-volume/public.crt"
2024/12/23 19:28:13 [warn] 1#1: "ssl_stapling" ignored, issuer certificate not found for certificate "/certs-volume/local.haworks.com.crt"
2024/12/23 19:34:24 [warn] 1#1: the "listen ... http2" directive is deprecated, use the "http2" directive instead in /etc/nginx/conf.d/api.conf:12
2024/12/23 19:34:24 [warn] 1#1: the "listen ... http2" directive is deprecated, use the "http2" directive instead in /etc/nginx/conf.d/grafana.conf:12
2024/12/23 19:34:24 [warn] 1#1: the "listen ... http2" directive is deprecated, use the "http2" directive instead in /etc/nginx/conf.d/minio.conf:12
2024/12/23 19:34:24 [warn] 1#1: the "listen ... http2" directive is deprecated, use the "http2" directive instead in /etc/nginx/conf.d/prometheus.conf:12
2024/12/23 19:34:24 [warn] 1#1: "ssl_stapling" ignored, issuer certificate not found for certificate "/certs-volume/local.haworks.com.crt"
2024/12/23 19:34:24 [warn] 1#1: "ssl_stapling" ignored, issuer certificate not found for certificate "/certs-volume/local.haworks.com.crt"
2024/12/23 19:34:24 [warn] 1#1: "ssl_stapling" ignored, issuer certificate not found for certificate "/certs-volume/public.crt"
2024/12/23 19:34:24 [warn] 1#1: "ssl_stapling" ignored, issuer certificate not found for certificate "/certs-volume/local.haworks.com.crt"
2024/12/23 19:49:42 [warn] 1#1: the "listen ... http2" directive is deprecated, use the "http2" directive instead in /etc/nginx/conf.d/api.conf:12
2024/12/23 19:49:42 [warn] 1#1: the "listen ... http2" directive is deprecated, use the "http2" directive instead in /etc/nginx/conf.d/grafana.conf:12
2024/12/23 19:49:42 [warn] 1#1: the "listen ... http2" directive is deprecated, use the "http2" directive instead in /etc/nginx/conf.d/minio.conf:12
2024/12/23 19:49:42 [warn] 1#1: the "listen ... http2" directive is deprecated, use the "http2" directive instead in /etc/nginx/conf.d/prometheus.conf:12
2024/12/23 19:49:42 [warn] 1#1: "ssl_stapling" ignored, issuer certificate not found for certificate "/certs-volume/local.haworks.com.crt"
2024/12/23 19:49:42 [warn] 1#1: "ssl_stapling" ignored, issuer certificate not found for certificate "/certs-volume/local.haworks.com.crt"
2024/12/23 19:49:42 [warn] 1#1: "ssl_stapling" ignored, issuer certificate not found for certificate "/certs-volume/public.crt"
2024/12/23 19:49:42 [warn] 1#1: "ssl_stapling" ignored, issuer certificate not found for certificate "/certs-volume/local.haworks.com.crt"
2024/12/23 19:54:31 [warn] 1#1: the "listen ... http2" directive is deprecated, use the "http2" directive instead in /etc/nginx/conf.d/api.conf:12
2024/12/23 19:54:31 [warn] 1#1: the "listen ... http2" directive is deprecated, use the "http2" directive instead in /etc/nginx/conf.d/grafana.conf:12
2024/12/23 19:54:31 [warn] 1#1: the "listen ... http2" directive is deprecated, use the "http2" directive instead in /etc/nginx/conf.d/minio.conf:12
2024/12/23 19:54:31 [warn] 1#1: the "listen ... http2" directive is deprecated, use the "http2" directive instead in /etc/nginx/conf.d/prometheus.conf:12
2024/12/23 19:54:31 [emerg] 1#1: host not found in upstream "prometheus:9090" in /etc/nginx/conf.d/upstreams.conf:12
2024/12/23 19:59:32 [warn] 1#1: the "listen ... http2" directive is deprecated, use the "http2" directive instead in /etc/nginx/conf.d/api.conf:12
2024/12/23 19:59:32 [warn] 1#1: the "listen ... http2" directive is deprecated, use the "http2" directive instead in /etc/nginx/conf.d/grafana.conf:12
2024/12/23 19:59:32 [warn] 1#1: the "listen ... http2" directive is deprecated, use the "http2" directive instead in /etc/nginx/conf.d/minio.conf:12
2024/12/23 19:59:32 [warn] 1#1: the "listen ... http2" directive is deprecated, use the "http2" directive instead in /etc/nginx/conf.d/prometheus.conf:12
2024/12/23 19:59:32 [warn] 1#1: "ssl_stapling" ignored, issuer certificate not found for certificate "/certs-volume/local.haworks.com.crt"
2024/12/23 19:59:32 [warn] 1#1: "ssl_stapling" ignored, issuer certificate not found for certificate "/certs-volume/local.haworks.com.crt"
2024/12/23 19:59:32 [warn] 1#1: "ssl_stapling" ignored, issuer certificate not found for certificate "/certs-volume/public.crt"
2024/12/23 19:59:32 [warn] 1#1: "ssl_stapling" ignored, issuer certificate not found for certificate "/certs-volume/local.haworks.com.crt"
2024/12/23 20:06:10 [warn] 1#1: the "listen ... http2" directive is deprecated, use the "http2" directive instead in /etc/nginx/conf.d/api.conf:12
2024/12/23 20:06:10 [warn] 1#1: the "listen ... http2" directive is deprecated, use the "http2" directive instead in /etc/nginx/conf.d/grafana.conf:12
2024/12/23 20:06:10 [warn] 1#1: the "listen ... http2" directive is deprecated, use the "http2" directive instead in /etc/nginx/conf.d/minio.conf:12
2024/12/23 20:06:10 [warn] 1#1: the "listen ... http2" directive is deprecated, use the "http2" directive instead in /etc/nginx/conf.d/prometheus.conf:12
2024/12/23 20:06:10 [warn] 1#1: "ssl_stapling" ignored, issuer certificate not found for certificate "/certs-volume/local.haworks.com.crt"
2024/12/23 20:06:10 [warn] 1#1: "ssl_stapling" ignored, issuer certificate not found for certificate "/certs-volume/local.haworks.com.crt"
2024/12/23 20:06:10 [warn] 1#1: "ssl_stapling" ignored, issuer certificate not found for certificate "/certs-volume/public.crt"
2024/12/23 20:06:10 [warn] 1#1: "ssl_stapling" ignored, issuer certificate not found for certificate "/certs-volume/local.haworks.com.crt"
2024/12/23 20:23:00 [warn] 1#1: the "listen ... http2" directive is deprecated, use the "http2" directive instead in /etc/nginx/conf.d/api.conf:12
2024/12/23 20:23:00 [warn] 1#1: the "listen ... http2" directive is deprecated, use the "http2" directive instead in /etc/nginx/conf.d/grafana.conf:12
2024/12/23 20:23:00 [warn] 1#1: the "listen ... http2" directive is deprecated, use the "http2" directive instead in /etc/nginx/conf.d/minio.conf:12
2024/12/23 20:23:00 [warn] 1#1: the "listen ... http2" directive is deprecated, use the "http2" directive instead in /etc/nginx/conf.d/prometheus.conf:12
2024/12/23 20:23:00 [warn] 1#1: "ssl_stapling" ignored, issuer certificate not found for certificate "/certs-volume/local.haworks.com.crt"
2024/12/23 20:23:00 [warn] 1#1: "ssl_stapling" ignored, issuer certificate not found for certificate "/certs-volume/local.haworks.com.crt"
2024/12/23 20:23:00 [warn] 1#1: "ssl_stapling" ignored, issuer certificate not found for certificate "/certs-volume/public.crt"
2024/12/23 20:23:00 [warn] 1#1: "ssl_stapling" ignored, issuer certificate not found for certificate "/certs-volume/local.haworks.com.crt"
2024/12/23 20:44:00 [warn] 1#1: the "listen ... http2" directive is deprecated, use the "http2" directive instead in /etc/nginx/conf.d/api.conf:12
2024/12/23 20:44:00 [warn] 1#1: the "listen ... http2" directive is deprecated, use the "http2" directive instead in /etc/nginx/conf.d/grafana.conf:12
2024/12/23 20:44:00 [warn] 1#1: the "listen ... http2" directive is deprecated, use the "http2" directive instead in /etc/nginx/conf.d/minio.conf:12
2024/12/23 20:44:00 [warn] 1#1: the "listen ... http2" directive is deprecated, use the "http2" directive instead in /etc/nginx/conf.d/prometheus.conf:12
2024/12/23 20:44:00 [warn] 1#1: "ssl_stapling" ignored, issuer certificate not found for certificate "/certs-volume/local.haworks.com.crt"
2024/12/23 20:44:00 [warn] 1#1: "ssl_stapling" ignored, issuer certificate not found for certificate "/certs-volume/local.haworks.com.crt"
2024/12/23 20:44:00 [warn] 1#1: "ssl_stapling" ignored, issuer certificate not found for certificate "/certs-volume/public.crt"
2024/12/23 20:44:00 [warn] 1#1: "ssl_stapling" ignored, issuer certificate not found for certificate "/certs-volume/local.haworks.com.crt"
2024/12/23 20:53:15 [warn] 1#1: the "listen ... http2" directive is deprecated, use the "http2" directive instead in /etc/nginx/conf.d/api.conf:12
2024/12/23 20:53:15 [warn] 1#1: the "listen ... http2" directive is deprecated, use the "http2" directive instead in /etc/nginx/conf.d/grafana.conf:12
2024/12/23 20:53:15 [warn] 1#1: the "listen ... http2" directive is deprecated, use the "http2" directive instead in /etc/nginx/conf.d/minio.conf:12
2024/12/23 20:53:15 [warn] 1#1: the "listen ... http2" directive is deprecated, use the "http2" directive instead in /etc/nginx/conf.d/prometheus.conf:12
2024/12/23 20:53:15 [warn] 1#1: "ssl_stapling" ignored, issuer certificate not found for certificate "/certs-volume/local.haworks.com.crt"
2024/12/23 20:53:15 [warn] 1#1: "ssl_stapling" ignored, issuer certificate not found for certificate "/certs-volume/local.haworks.com.crt"
2024/12/23 20:53:15 [warn] 1#1: "ssl_stapling" ignored, issuer certificate not found for certificate "/certs-volume/public.crt"
2024/12/23 20:53:15 [warn] 1#1: "ssl_stapling" ignored, issuer certificate not found for certificate "/certs-volume/local.haworks.com.crt"
2024/12/23 21:00:06 [warn] 1#1: the "listen ... http2" directive is deprecated, use the "http2" directive instead in /etc/nginx/conf.d/api.conf:12
2024/12/23 21:00:06 [warn] 1#1: the "listen ... http2" directive is deprecated, use the "http2" directive instead in /etc/nginx/conf.d/grafana.conf:12
2024/12/23 21:00:06 [warn] 1#1: the "listen ... http2" directive is deprecated, use the "http2" directive instead in /etc/nginx/conf.d/minio.conf:12
2024/12/23 21:00:06 [warn] 1#1: the "listen ... http2" directive is deprecated, use the "http2" directive instead in /etc/nginx/conf.d/prometheus.conf:12
2024/12/23 21:00:06 [warn] 1#1: "ssl_stapling" ignored, issuer certificate not found for certificate "/certs-volume/local.haworks.com.crt"
2024/12/23 21:00:06 [warn] 1#1: "ssl_stapling" ignored, issuer certificate not found for certificate "/certs-volume/local.haworks.com.crt"
2024/12/23 21:00:06 [warn] 1#1: "ssl_stapling" ignored, issuer certificate not found for certificate "/certs-volume/public.crt"
2024/12/23 21:00:06 [warn] 1#1: "ssl_stapling" ignored, issuer certificate not found for certificate "/certs-volume/local.haworks.com.crt"
2024/12/23 21:05:54 [warn] 1#1: the "listen ... http2" directive is deprecated, use the "http2" directive instead in /etc/nginx/conf.d/api.conf:12
2024/12/23 21:05:54 [warn] 1#1: the "listen ... http2" directive is deprecated, use the "http2" directive instead in /etc/nginx/conf.d/grafana.conf:12
2024/12/23 21:05:54 [warn] 1#1: the "listen ... http2" directive is deprecated, use the "http2" directive instead in /etc/nginx/conf.d/minio.conf:12
2024/12/23 21:05:54 [warn] 1#1: the "listen ... http2" directive is deprecated, use the "http2" directive instead in /etc/nginx/conf.d/prometheus.conf:12
2024/12/23 21:05:54 [emerg] 1#1: host not found in upstream "prometheus:9090" in /etc/nginx/conf.d/upstreams.conf:12
2024/12/23 21:17:47 [warn] 1#1: the "listen ... http2" directive is deprecated, use the "http2" directive instead in /etc/nginx/conf.d/api.conf:12
2024/12/23 21:17:47 [warn] 1#1: the "listen ... http2" directive is deprecated, use the "http2" directive instead in /etc/nginx/conf.d/grafana.conf:12
2024/12/23 21:17:47 [warn] 1#1: the "listen ... http2" directive is deprecated, use the "http2" directive instead in /etc/nginx/conf.d/minio.conf:12
2024/12/23 21:17:47 [warn] 1#1: the "listen ... http2" directive is deprecated, use the "http2" directive instead in /etc/nginx/conf.d/prometheus.conf:12
2024/12/23 21:17:47 [warn] 1#1: "ssl_stapling" ignored, issuer certificate not found for certificate "/certs-volume/local.haworks.com.crt"
2024/12/23 21:17:47 [warn] 1#1: "ssl_stapling" ignored, issuer certificate not found for certificate "/certs-volume/local.haworks.com.crt"
2024/12/23 21:17:47 [warn] 1#1: "ssl_stapling" ignored, issuer certificate not found for certificate "/certs-volume/public.crt"
2024/12/23 21:17:47 [warn] 1#1: "ssl_stapling" ignored, issuer certificate not found for certificate "/certs-volume/local.haworks.com.crt"
2024/12/23 21:21:12 [warn] 1#1: the "listen ... http2" directive is deprecated, use the "http2" directive instead in /etc/nginx/conf.d/api.conf:12
2024/12/23 21:21:12 [warn] 1#1: the "listen ... http2" directive is deprecated, use the "http2" directive instead in /etc/nginx/conf.d/grafana.conf:12
2024/12/23 21:21:12 [warn] 1#1: the "listen ... http2" directive is deprecated, use the "http2" directive instead in /etc/nginx/conf.d/minio.conf:12
2024/12/23 21:21:12 [warn] 1#1: the "listen ... http2" directive is deprecated, use the "http2" directive instead in /etc/nginx/conf.d/prometheus.conf:12
2024/12/23 21:21:12 [warn] 1#1: "ssl_stapling" ignored, issuer certificate not found for certificate "/certs-volume/local.haworks.com.crt"
2024/12/23 21:21:12 [warn] 1#1: "ssl_stapling" ignored, issuer certificate not found for certificate "/certs-volume/local.haworks.com.crt"
2024/12/23 21:21:12 [warn] 1#1: "ssl_stapling" ignored, issuer certificate not found for certificate "/certs-volume/public.crt"
2024/12/23 21:21:12 [warn] 1#1: "ssl_stapling" ignored, issuer certificate not found for certificate "/certs-volume/local.haworks.com.crt"
2024/12/23 21:29:31 [warn] 1#1: the "listen ... http2" directive is deprecated, use the "http2" directive instead in /etc/nginx/conf.d/api.conf:12
2024/12/23 21:29:31 [warn] 1#1: the "listen ... http2" directive is deprecated, use the "http2" directive instead in /etc/nginx/conf.d/grafana.conf:12
2024/12/23 21:29:31 [warn] 1#1: the "listen ... http2" directive is deprecated, use the "http2" directive instead in /etc/nginx/conf.d/minio.conf:12
2024/12/23 21:29:31 [warn] 1#1: the "listen ... http2" directive is deprecated, use the "http2" directive instead in /etc/nginx/conf.d/prometheus.conf:12
2024/12/23 21:29:31 [warn] 1#1: "ssl_stapling" ignored, issuer certificate not found for certificate "/certs-volume/local.haworks.com.crt"
2024/12/23 21:29:31 [warn] 1#1: "ssl_stapling" ignored, issuer certificate not found for certificate "/certs-volume/local.haworks.com.crt"
2024/12/23 21:29:31 [warn] 1#1: "ssl_stapling" ignored, issuer certificate not found for certificate "/certs-volume/public.crt"
2024/12/23 21:29:31 [warn] 1#1: "ssl_stapling" ignored, issuer certificate not found for certificate "/certs-volume/local.haworks.com.crt"
2024/12/23 22:13:04 [warn] 1#1: the "listen ... http2" directive is deprecated, use the "http2" directive instead in /etc/nginx/conf.d/api.conf:12
2024/12/23 22:13:04 [warn] 1#1: the "listen ... http2" directive is deprecated, use the "http2" directive instead in /etc/nginx/conf.d/grafana.conf:12
2024/12/23 22:13:04 [warn] 1#1: the "listen ... http2" directive is deprecated, use the "http2" directive instead in /etc/nginx/conf.d/minio.conf:12
2024/12/23 22:13:04 [warn] 1#1: the "listen ... http2" directive is deprecated, use the "http2" directive instead in /etc/nginx/conf.d/prometheus.conf:12
2024/12/23 22:13:04 [warn] 1#1: "ssl_stapling" ignored, issuer certificate not found for certificate "/certs-volume/local.haworks.com.crt"
2024/12/23 22:13:04 [warn] 1#1: "ssl_stapling" ignored, issuer certificate not found for certificate "/certs-volume/local.haworks.com.crt"
2024/12/23 22:13:04 [warn] 1#1: "ssl_stapling" ignored, issuer certificate not found for certificate "/certs-volume/public.crt"
2024/12/23 22:13:04 [warn] 1#1: "ssl_stapling" ignored, issuer certificate not found for certificate "/certs-volume/local.haworks.com.crt"
2024/12/23 23:02:04 [warn] 1#1: the "listen ... http2" directive is deprecated, use the "http2" directive instead in /etc/nginx/conf.d/api.conf:12
2024/12/23 23:02:04 [warn] 1#1: the "listen ... http2" directive is deprecated, use the "http2" directive instead in /etc/nginx/conf.d/grafana.conf:12
2024/12/23 23:02:04 [warn] 1#1: the "listen ... http2" directive is deprecated, use the "http2" directive instead in /etc/nginx/conf.d/minio.conf:12
2024/12/23 23:02:04 [warn] 1#1: the "listen ... http2" directive is deprecated, use the "http2" directive instead in /etc/nginx/conf.d/prometheus.conf:12
2024/12/23 23:02:04 [warn] 1#1: "ssl_stapling" ignored, issuer certificate not found for certificate "/certs-volume/local.haworks.com.crt"
2024/12/23 23:02:04 [warn] 1#1: "ssl_stapling" ignored, issuer certificate not found for certificate "/certs-volume/local.haworks.com.crt"
2024/12/23 23:02:04 [warn] 1#1: "ssl_stapling" ignored, issuer certificate not found for certificate "/certs-volume/public.crt"
2024/12/23 23:02:04 [warn] 1#1: "ssl_stapling" ignored, issuer certificate not found for certificate "/certs-volume/local.haworks.com.crt"
2024/12/23 23:08:06 [warn] 1#1: the "listen ... http2" directive is deprecated, use the "http2" directive instead in /etc/nginx/conf.d/api.conf:12
2024/12/23 23:08:06 [warn] 1#1: the "listen ... http2" directive is deprecated, use the "http2" directive instead in /etc/nginx/conf.d/grafana.conf:12
2024/12/23 23:08:06 [warn] 1#1: the "listen ... http2" directive is deprecated, use the "http2" directive instead in /etc/nginx/conf.d/minio.conf:12
2024/12/23 23:08:06 [warn] 1#1: the "listen ... http2" directive is deprecated, use the "http2" directive instead in /etc/nginx/conf.d/prometheus.conf:12
2024/12/23 23:08:06 [warn] 1#1: "ssl_stapling" ignored, issuer certificate not found for certificate "/certs-volume/local.haworks.com.crt"
2024/12/23 23:08:06 [warn] 1#1: "ssl_stapling" ignored, issuer certificate not found for certificate "/certs-volume/local.haworks.com.crt"
2024/12/23 23:08:06 [warn] 1#1: "ssl_stapling" ignored, issuer certificate not found for certificate "/certs-volume/public.crt"
2024/12/23 23:08:06 [warn] 1#1: "ssl_stapling" ignored, issuer certificate not found for certificate "/certs-volume/local.haworks.com.crt"
2024/12/23 23:14:56 [warn] 1#1: the "listen ... http2" directive is deprecated, use the "http2" directive instead in /etc/nginx/conf.d/api.conf:12
2024/12/23 23:14:56 [warn] 1#1: the "listen ... http2" directive is deprecated, use the "http2" directive instead in /etc/nginx/conf.d/grafana.conf:12
2024/12/23 23:14:56 [warn] 1#1: the "listen ... http2" directive is deprecated, use the "http2" directive instead in /etc/nginx/conf.d/minio.conf:12
2024/12/23 23:14:56 [warn] 1#1: the "listen ... http2" directive is deprecated, use the "http2" directive instead in /etc/nginx/conf.d/prometheus.conf:12
2024/12/23 23:14:56 [warn] 1#1: "ssl_stapling" ignored, issuer certificate not found for certificate "/certs-volume/local.haworks.com.crt"
2024/12/23 23:14:56 [warn] 1#1: "ssl_stapling" ignored, issuer certificate not found for certificate "/certs-volume/local.haworks.com.crt"
2024/12/23 23:14:56 [warn] 1#1: "ssl_stapling" ignored, issuer certificate not found for certificate "/certs-volume/public.crt"
2024/12/23 23:14:56 [warn] 1#1: "ssl_stapling" ignored, issuer certificate not found for certificate "/certs-volume/local.haworks.com.crt"
2024/12/23 23:31:39 [warn] 1#1: the "listen ... http2" directive is deprecated, use the "http2" directive instead in /etc/nginx/conf.d/api.conf:12
2024/12/23 23:31:39 [warn] 1#1: the "listen ... http2" directive is deprecated, use the "http2" directive instead in /etc/nginx/conf.d/grafana.conf:12
2024/12/23 23:31:39 [warn] 1#1: the "listen ... http2" directive is deprecated, use the "http2" directive instead in /etc/nginx/conf.d/minio.conf:12
2024/12/23 23:31:39 [warn] 1#1: the "listen ... http2" directive is deprecated, use the "http2" directive instead in /etc/nginx/conf.d/prometheus.conf:12
2024/12/23 23:31:39 [warn] 1#1: "ssl_stapling" ignored, issuer certificate not found for certificate "/certs-volume/local.haworks.com.crt"
2024/12/23 23:31:39 [warn] 1#1: "ssl_stapling" ignored, issuer certificate not found for certificate "/certs-volume/local.haworks.com.crt"
2024/12/23 23:31:39 [warn] 1#1: "ssl_stapling" ignored, issuer certificate not found for certificate "/certs-volume/public.crt"
2024/12/23 23:31:39 [warn] 1#1: "ssl_stapling" ignored, issuer certificate not found for certificate "/certs-volume/local.haworks.com.crt"
2024/12/24 00:06:57 [warn] 1#1: the "listen ... http2" directive is deprecated, use the "http2" directive instead in /etc/nginx/conf.d/api.conf:12
2024/12/24 00:06:57 [warn] 1#1: the "listen ... http2" directive is deprecated, use the "http2" directive instead in /etc/nginx/conf.d/grafana.conf:12
2024/12/24 00:06:57 [warn] 1#1: the "listen ... http2" directive is deprecated, use the "http2" directive instead in /etc/nginx/conf.d/minio.conf:12
2024/12/24 00:06:57 [warn] 1#1: the "listen ... http2" directive is deprecated, use the "http2" directive instead in /etc/nginx/conf.d/prometheus.conf:12
2024/12/24 00:06:57 [emerg] 1#1: host not found in upstream "prometheus:9090" in /etc/nginx/conf.d/upstreams.conf:12
2024/12/24 00:22:41 [warn] 1#1: the "listen ... http2" directive is deprecated, use the "http2" directive instead in /etc/nginx/conf.d/api.conf:12
2024/12/24 00:22:41 [warn] 1#1: the "listen ... http2" directive is deprecated, use the "http2" directive instead in /etc/nginx/conf.d/grafana.conf:12
2024/12/24 00:22:41 [warn] 1#1: the "listen ... http2" directive is deprecated, use the "http2" directive instead in /etc/nginx/conf.d/minio.conf:12
2024/12/24 00:22:41 [warn] 1#1: the "listen ... http2" directive is deprecated, use the "http2" directive instead in /etc/nginx/conf.d/prometheus.conf:12
2024/12/24 00:22:41 [warn] 1#1: "ssl_stapling" ignored, issuer certificate not found for certificate "/certs-volume/local.haworks.com.crt"
2024/12/24 00:22:41 [warn] 1#1: "ssl_stapling" ignored, issuer certificate not found for certificate "/certs-volume/local.haworks.com.crt"
2024/12/24 00:22:41 [warn] 1#1: "ssl_stapling" ignored, issuer certificate not found for certificate "/certs-volume/public.crt"
2024/12/24 00:22:41 [warn] 1#1: "ssl_stapling" ignored, issuer certificate not found for certificate "/certs-volume/local.haworks.com.crt"
